[0.027s] Invoking command in '/home/dky/Projects/dky_robot/build/robot_description': CMAKE_PREFIX_PATH=${CMAKE_PREFIX_PATH}:/opt/ros/humble /usr/bin/cmake --build /home/dky/Projects/dky_robot/build/robot_description -- -j20 -l20
[0.081s] Invoked command in '/home/dky/Projects/dky_robot/build/robot_description' returned '0': CMAKE_PREFIX_PATH=${CMAKE_PREFIX_PATH}:/opt/ros/humble /usr/bin/cmake --build /home/dky/Projects/dky_robot/build/robot_description -- -j20 -l20
[0.128s] Invoking command in '/home/dky/Projects/dky_robot/build/robot_description': CMAKE_PREFIX_PATH=${CMAKE_PREFIX_PATH}:/opt/ros/humble /usr/bin/cmake --install /home/dky/Projects/dky_robot/build/robot_description
[0.133s] -- Install configuration: ""
[0.134s] -- Up-to-date: /home/dky/Projects/dky_robot/install/robot_description/share/robot_description/launch
[0.138s] -- Up-to-date: /home/dky/Projects/dky_robot/install/robot_description/share/robot_description/launch/robot_display.launch.py
[0.139s] -- Up-to-date: /home/dky/Projects/dky_robot/install/robot_description/share/robot_description/urdf
[0.141s] -- Up-to-date: /home/dky/Projects/dky_robot/install/robot_description/share/robot_description/urdf/robot_gazebo.urdf
[0.142s] -- Up-to-date: /home/dky/Projects/dky_robot/install/robot_description/share/robot_description/urdf/robot.urdf
[0.142s] -- Up-to-date: /home/dky/Projects/dky_robot/install/robot_description/share/robot_description/meshes
[0.142s] -- Up-to-date: /home/dky/Projects/dky_robot/install/robot_description/share/robot_description/meshes/link1.STL
[0.142s] -- Up-to-date: /home/dky/Projects/dky_robot/install/robot_description/share/robot_description/meshes/link2.STL
[0.143s] -- Up-to-date: /home/dky/Projects/dky_robot/install/robot_description/share/robot_description/meshes/link5.STL
[0.143s] -- Up-to-date: /home/dky/Projects/dky_robot/install/robot_description/share/robot_description/meshes/link4.STL
[0.143s] -- Up-to-date: /home/dky/Projects/dky_robot/install/robot_description/share/robot_description/meshes/link6.STL
[0.143s] -- Up-to-date: /home/dky/Projects/dky_robot/install/robot_description/share/robot_description/meshes/base_link.STL
[0.143s] -- Up-to-date: /home/dky/Projects/dky_robot/install/robot_description/share/robot_description/meshes/link3.STL
[0.143s] -- Up-to-date: /home/dky/Projects/dky_robot/install/robot_description/share/ament_index/resource_index/package_run_dependencies/robot_description
[0.143s] -- Up-to-date: /home/dky/Projects/dky_robot/install/robot_description/share/ament_index/resource_index/parent_prefix_path/robot_description
[0.144s] -- Up-to-date: /home/dky/Projects/dky_robot/install/robot_description/share/robot_description/environment/ament_prefix_path.sh
[0.144s] -- Up-to-date: /home/dky/Projects/dky_robot/install/robot_description/share/robot_description/environment/ament_prefix_path.dsv
[0.144s] -- Up-to-date: /home/dky/Projects/dky_robot/install/robot_description/share/robot_description/environment/path.sh
[0.144s] -- Up-to-date: /home/dky/Projects/dky_robot/install/robot_description/share/robot_description/environment/path.dsv
[0.144s] -- Up-to-date: /home/dky/Projects/dky_robot/install/robot_description/share/robot_description/local_setup.bash
[0.144s] -- Up-to-date: /home/dky/Projects/dky_robot/install/robot_description/share/robot_description/local_setup.sh
[0.144s] -- Up-to-date: /home/dky/Projects/dky_robot/install/robot_description/share/robot_description/local_setup.zsh
[0.144s] -- Up-to-date: /home/dky/Projects/dky_robot/install/robot_description/share/robot_description/local_setup.dsv
[0.144s] -- Installing: /home/dky/Projects/dky_robot/install/robot_description/share/robot_description/package.dsv
[0.144s] -- Up-to-date: /home/dky/Projects/dky_robot/install/robot_description/share/ament_index/resource_index/packages/robot_description
[0.144s] -- Up-to-date: /home/dky/Projects/dky_robot/install/robot_description/share/robot_description/cmake/robot_descriptionConfig.cmake
[0.144s] -- Up-to-date: /home/dky/Projects/dky_robot/install/robot_description/share/robot_description/cmake/robot_descriptionConfig-version.cmake
[0.145s] -- Up-to-date: /home/dky/Projects/dky_robot/install/robot_description/share/robot_description/package.xml
[0.150s] Invoked command in '/home/dky/Projects/dky_robot/build/robot_description' returned '0': CMAKE_PREFIX_PATH=${CMAKE_PREFIX_PATH}:/opt/ros/humble /usr/bin/cmake --install /home/dky/Projects/dky_robot/build/robot_description
