[0.008s] Invoking command in '/home/dky/Projects/dky_robot/build/robot_interfaces': CMAKE_PREFIX_PATH=/opt/ros/humble /usr/bin/cmake --build /home/dky/Projects/dky_robot/build/robot_interfaces -- -j20 -l20
[0.025s] -- Found ament_cmake: 1.3.8 (/opt/ros/humble/share/ament_cmake/cmake)
[0.117s] -- Found rosidl_default_generators: 1.2.0 (/opt/ros/humble/share/rosidl_default_generators/cmake)
[0.118s] -- Using all available rosidl_typesupport_c: rosidl_typesupport_fastrtps_c;rosidl_typesupport_introspection_c
[0.120s] -- Found rosidl_adapter: 3.1.5 (/opt/ros/humble/share/rosidl_adapter/cmake)
[0.141s] -- Using all available rosidl_typesupport_cpp: rosidl_typesupport_fastrtps_cpp;rosidl_typesupport_introspection_cpp
[0.158s] -- Found geometry_msgs: 4.2.3 (/opt/ros/humble/share/geometry_msgs/cmake)
[0.238s] -- Found tf2_ros: 0.25.8 (/opt/ros/humble/share/tf2_ros/cmake)
[0.307s] -- Found rmw_implementation_cmake: 6.1.1 (/opt/ros/humble/share/rmw_implementation_cmake/cmake)
[0.308s] -- Found rmw_fastrtps_cpp: 6.2.6 (/opt/ros/humble/share/rmw_fastrtps_cpp/cmake)
[0.401s] -- Using RMW implementation 'rmw_fastrtps_cpp' as default
[0.672s] -- Found tf2_geometry_msgs: 0.25.6 (/opt/ros/humble/share/tf2_geometry_msgs/cmake)
[0.674s] -- Found eigen3_cmake_module: 0.1.1 (/opt/ros/humble/share/eigen3_cmake_module/cmake)
[0.675s] -- Ensuring Eigen3 include directory is part of orocos-kdl CMake target
[0.812s] [31mCMake Error at /opt/ros/humble/share/rosidl_adapter/cmake/rosidl_adapt_interfaces.cmake:59 (message):
[0.812s]   execute_process(/usr/bin/python3 -m rosidl_adapter --package-name
[0.812s]   robot_interfaces --arguments-file
[0.812s]   /home/dky/Projects/dky_robot/build/robot_interfaces/rosidl_adapter__arguments__robot_interfaces.json
[0.812s]   --output-dir
[0.812s]   /home/dky/Projects/dky_robot/build/robot_interfaces/rosidl_adapter/robot_interfaces
[0.812s]   --output-file
[0.812s]   /home/dky/Projects/dky_robot/build/robot_interfaces/rosidl_adapter/robot_interfaces.idls)
[0.812s]   returned error code 1:
[0.812s] 
[0.812s]   Error with: robot_interfaces ArmState geometry_msgs/msg/Quaternion
[0.812s] 
[0.812s]   Traceback (most recent call last):
[0.812s] 
[0.812s]     File "/usr/lib/python3.10/runpy.py", line 196, in _run_module_as_main
[0.812s]       return _run_code(code, main_globals, None,
[0.813s]     File "/usr/lib/python3.10/runpy.py", line 86, in _run_code
[0.813s]       exec(code, run_globals)
[0.813s]     File "/opt/ros/humble/local/lib/python3.10/dist-packages/rosidl_adapter/__main__.py", line 19, in <module>
[0.813s]       sys.exit(main())
[0.813s]     File "/opt/ros/humble/local/lib/python3.10/dist-packages/rosidl_adapter/main.py", line 53, in main
[0.813s]       abs_idl_file = convert_to_idl(
[0.813s]     File "/opt/ros/humble/local/lib/python3.10/dist-packages/rosidl_adapter/__init__.py", line 19, in convert_to_idl
[0.813s]       return convert_msg_to_idl(
[0.813s]     File "/opt/ros/humble/local/lib/python3.10/dist-packages/rosidl_adapter/msg/__init__.py", line 28, in convert_msg_to_idl
[0.813s]       msg = parse_message_string(package_name, input_file.stem, content)
[0.813s]     File "/opt/ros/humble/local/lib/python3.10/dist-packages/rosidl_adapter/parser.py", line 510, in parse_message_string
[0.813s]       raise InvalidFieldDefinition(line)
[0.813s] 
[0.813s]   rosidl_adapter.parser.InvalidFieldDefinition: geometry_msgs/msg/Quaternion
[0.813s] 
[0.813s] Call Stack (most recent call first):
[0.813s]   /opt/ros/humble/share/rosidl_cmake/cmake/rosidl_generate_interfaces.cmake:130 (rosidl_adapt_interfaces)
[0.813s]   CMakeLists.txt:19 (rosidl_generate_interfaces)
[0.813s] 
[0.813s] [0m
[0.813s] -- Configuring incomplete, errors occurred!
[0.813s] See also "/home/dky/Projects/dky_robot/build/robot_interfaces/CMakeFiles/CMakeOutput.log".
[0.818s] gmake: *** [Makefile:963: cmake_check_build_system] Error 1
[0.820s] Invoked command in '/home/dky/Projects/dky_robot/build/robot_interfaces' returned '2': CMAKE_PREFIX_PATH=/opt/ros/humble /usr/bin/cmake --build /home/dky/Projects/dky_robot/build/robot_interfaces -- -j20 -l20
