[0.036s] Invoking command in '/home/dky/Projects/dky_robot/build/robot_config': CMAKE_PREFIX_PATH=/home/dky/Projects/dky_robot/install/robot_description:/home/dky/Projects/dky_robot/install/robot_test:/home/dky/Projects/dky_robot/install/robot_qtrecv:/home/dky/Projects/dky_robot/install/robot_kinematics:/home/dky/Projects/dky_robot/install/robot_interfaces:/home/dky/Projects/dky_robot/install/robot_gazebo:/home/dky/Projects/dky_robot/install/robot_driver:/home/dky/Projects/dky_robot/install/robot_config:/home/dky/Projects/dky_robot/install/robot_control:/home/dky/Projects/dky_robot/install/robot_cartesian:/home/dky/Projects/dky_robot/install/robot_bringup:/opt/ros/humble /usr/bin/cmake --build /home/dky/Projects/dky_robot/build/robot_config -- -j20 -l20
[0.066s] Invoked command in '/home/dky/Projects/dky_robot/build/robot_config' returned '0': CMAKE_PREFIX_PATH=/home/dky/Projects/dky_robot/install/robot_description:/home/dky/Projects/dky_robot/install/robot_test:/home/dky/Projects/dky_robot/install/robot_qtrecv:/home/dky/Projects/dky_robot/install/robot_kinematics:/home/dky/Projects/dky_robot/install/robot_interfaces:/home/dky/Projects/dky_robot/install/robot_gazebo:/home/dky/Projects/dky_robot/install/robot_driver:/home/dky/Projects/dky_robot/install/robot_config:/home/dky/Projects/dky_robot/install/robot_control:/home/dky/Projects/dky_robot/install/robot_cartesian:/home/dky/Projects/dky_robot/install/robot_bringup:/opt/ros/humble /usr/bin/cmake --build /home/dky/Projects/dky_robot/build/robot_config -- -j20 -l20
[0.085s] Invoking command in '/home/dky/Projects/dky_robot/build/robot_config': CMAKE_PREFIX_PATH=/home/dky/Projects/dky_robot/install/robot_description:/home/dky/Projects/dky_robot/install/robot_test:/home/dky/Projects/dky_robot/install/robot_qtrecv:/home/dky/Projects/dky_robot/install/robot_kinematics:/home/dky/Projects/dky_robot/install/robot_interfaces:/home/dky/Projects/dky_robot/install/robot_gazebo:/home/dky/Projects/dky_robot/install/robot_driver:/home/dky/Projects/dky_robot/install/robot_config:/home/dky/Projects/dky_robot/install/robot_control:/home/dky/Projects/dky_robot/install/robot_cartesian:/home/dky/Projects/dky_robot/install/robot_bringup:/opt/ros/humble /usr/bin/cmake --install /home/dky/Projects/dky_robot/build/robot_config
[0.089s] -- Install configuration: ""
[0.089s] -- Up-to-date: /home/dky/Projects/dky_robot/install/robot_config/share/ament_index/resource_index/package_run_dependencies/robot_config
[0.089s] -- Up-to-date: /home/dky/Projects/dky_robot/install/robot_config/share/ament_index/resource_index/parent_prefix_path/robot_config
[0.089s] -- Up-to-date: /home/dky/Projects/dky_robot/install/robot_config/share/robot_config/environment/ament_prefix_path.sh
[0.089s] -- Up-to-date: /home/dky/Projects/dky_robot/install/robot_config/share/robot_config/environment/ament_prefix_path.dsv
[0.089s] -- Up-to-date: /home/dky/Projects/dky_robot/install/robot_config/share/robot_config/environment/path.sh
[0.089s] -- Up-to-date: /home/dky/Projects/dky_robot/install/robot_config/share/robot_config/environment/path.dsv
[0.089s] -- Up-to-date: /home/dky/Projects/dky_robot/install/robot_config/share/robot_config/local_setup.bash
[0.089s] -- Up-to-date: /home/dky/Projects/dky_robot/install/robot_config/share/robot_config/local_setup.sh
[0.089s] -- Up-to-date: /home/dky/Projects/dky_robot/install/robot_config/share/robot_config/local_setup.zsh
[0.090s] -- Up-to-date: /home/dky/Projects/dky_robot/install/robot_config/share/robot_config/local_setup.dsv
[0.090s] -- Installing: /home/dky/Projects/dky_robot/install/robot_config/share/robot_config/package.dsv
[0.090s] -- Up-to-date: /home/dky/Projects/dky_robot/install/robot_config/share/ament_index/resource_index/packages/robot_config
[0.090s] -- Up-to-date: /home/dky/Projects/dky_robot/install/robot_config/share/robot_config/cmake/robot_configConfig.cmake
[0.090s] -- Up-to-date: /home/dky/Projects/dky_robot/install/robot_config/share/robot_config/cmake/robot_configConfig-version.cmake
[0.090s] -- Up-to-date: /home/dky/Projects/dky_robot/install/robot_config/share/robot_config/package.xml
[0.090s] -- Up-to-date: /home/dky/Projects/dky_robot/install/robot_config/share/robot_config/launch
[0.090s] -- Up-to-date: /home/dky/Projects/dky_robot/install/robot_config/share/robot_config/launch/static_virtual_joint_tfs.launch.py
[0.090s] -- Up-to-date: /home/dky/Projects/dky_robot/install/robot_config/share/robot_config/launch/rsp.launch.py
[0.090s] -- Up-to-date: /home/dky/Projects/dky_robot/install/robot_config/share/robot_config/launch/moveit_rviz.launch.py
[0.090s] -- Up-to-date: /home/dky/Projects/dky_robot/install/robot_config/share/robot_config/launch/move_group.launch.py
[0.090s] -- Up-to-date: /home/dky/Projects/dky_robot/install/robot_config/share/robot_config/launch/setup_assistant.launch.py
[0.090s] -- Up-to-date: /home/dky/Projects/dky_robot/install/robot_config/share/robot_config/launch/warehouse_db.launch.py
[0.090s] -- Up-to-date: /home/dky/Projects/dky_robot/install/robot_config/share/robot_config/launch/gazebo_moveit_demo.launch.py
[0.090s] -- Up-to-date: /home/dky/Projects/dky_robot/install/robot_config/share/robot_config/launch/real_moveit_demo.launch.py
[0.090s] -- Up-to-date: /home/dky/Projects/dky_robot/install/robot_config/share/robot_config/launch/demo.launch.py
[0.090s] -- Up-to-date: /home/dky/Projects/dky_robot/install/robot_config/share/robot_config/launch/spawn_controllers.launch.py
[0.090s] -- Up-to-date: /home/dky/Projects/dky_robot/install/robot_config/share/robot_config/config
[0.090s] -- Up-to-date: /home/dky/Projects/dky_robot/install/robot_config/share/robot_config/config/kinematics.yaml
[0.090s] -- Up-to-date: /home/dky/Projects/dky_robot/install/robot_config/share/robot_config/config/robot_description.urdf.xacro
[0.090s] -- Up-to-date: /home/dky/Projects/dky_robot/install/robot_config/share/robot_config/config/robot_description.srdf
[0.090s] -- Up-to-date: /home/dky/Projects/dky_robot/install/robot_config/share/robot_config/config/joint_limits.yaml
[0.090s] -- Up-to-date: /home/dky/Projects/dky_robot/install/robot_config/share/robot_config/config/pilz_cartesian_limits.yaml
[0.090s] -- Up-to-date: /home/dky/Projects/dky_robot/install/robot_config/share/robot_config/config/ros2_controllers.yaml
[0.090s] -- Up-to-date: /home/dky/Projects/dky_robot/install/robot_config/share/robot_config/config/moveit_controllers.yaml
[0.090s] -- Up-to-date: /home/dky/Projects/dky_robot/install/robot_config/share/robot_config/config/robot_description.ros2_control.xacro
[0.090s] -- Up-to-date: /home/dky/Projects/dky_robot/install/robot_config/share/robot_config/config/initial_positions.yaml
[0.090s] -- Up-to-date: /home/dky/Projects/dky_robot/install/robot_config/share/robot_config/config/moveit.rviz
[0.091s] -- Up-to-date: /home/dky/Projects/dky_robot/install/robot_config/share/robot_config/.setup_assistant
[0.091s] Invoked command in '/home/dky/Projects/dky_robot/build/robot_config' returned '0': CMAKE_PREFIX_PATH=/home/dky/Projects/dky_robot/install/robot_description:/home/dky/Projects/dky_robot/install/robot_test:/home/dky/Projects/dky_robot/install/robot_qtrecv:/home/dky/Projects/dky_robot/install/robot_kinematics:/home/dky/Projects/dky_robot/install/robot_interfaces:/home/dky/Projects/dky_robot/install/robot_gazebo:/home/dky/Projects/dky_robot/install/robot_driver:/home/dky/Projects/dky_robot/install/robot_config:/home/dky/Projects/dky_robot/install/robot_control:/home/dky/Projects/dky_robot/install/robot_cartesian:/home/dky/Projects/dky_robot/install/robot_bringup:/opt/ros/humble /usr/bin/cmake --install /home/dky/Projects/dky_robot/build/robot_config
