[0.025s] Invoking command in '/home/dky/Projects/dky_robot/build/robot_driver': CMAKE_PREFIX_PATH=/opt/ros/humble /usr/bin/cmake --build /home/dky/Projects/dky_robot/build/robot_driver -- -j20 -l20
[0.078s] [100%] Built target robot_driver
[0.107s] Invoked command in '/home/dky/Projects/dky_robot/build/robot_driver' returned '0': CMAKE_PREFIX_PATH=/opt/ros/humble /usr/bin/cmake --build /home/dky/Projects/dky_robot/build/robot_driver -- -j20 -l20
[0.140s] Invoking command in '/home/dky/Projects/dky_robot/build/robot_driver': CMAKE_PREFIX_PATH=/opt/ros/humble /usr/bin/cmake --install /home/dky/Projects/dky_robot/build/robot_driver
[0.143s] -- Install configuration: ""
[0.143s] -- Up-to-date: /home/dky/Projects/dky_robot/install/robot_driver/lib/robot_driver/robot_driver
[0.143s] -- Up-to-date: /home/dky/Projects/dky_robot/install/robot_driver/share/robot_driver/launch
[0.143s] -- Up-to-date: /home/dky/Projects/dky_robot/install/robot_driver/share/robot_driver/launch/robot_driver.launch.py
[0.144s] -- Up-to-date: /home/dky/Projects/dky_robot/install/robot_driver/share/ament_index/resource_index/package_run_dependencies/robot_driver
[0.144s] -- Up-to-date: /home/dky/Projects/dky_robot/install/robot_driver/share/ament_index/resource_index/parent_prefix_path/robot_driver
[0.144s] -- Up-to-date: /home/dky/Projects/dky_robot/install/robot_driver/share/robot_driver/environment/ament_prefix_path.sh
[0.144s] -- Up-to-date: /home/dky/Projects/dky_robot/install/robot_driver/share/robot_driver/environment/ament_prefix_path.dsv
[0.144s] -- Up-to-date: /home/dky/Projects/dky_robot/install/robot_driver/share/robot_driver/environment/path.sh
[0.144s] -- Up-to-date: /home/dky/Projects/dky_robot/install/robot_driver/share/robot_driver/environment/path.dsv
[0.144s] -- Up-to-date: /home/dky/Projects/dky_robot/install/robot_driver/share/robot_driver/local_setup.bash
[0.144s] -- Up-to-date: /home/dky/Projects/dky_robot/install/robot_driver/share/robot_driver/local_setup.sh
[0.144s] -- Up-to-date: /home/dky/Projects/dky_robot/install/robot_driver/share/robot_driver/local_setup.zsh
[0.144s] -- Up-to-date: /home/dky/Projects/dky_robot/install/robot_driver/share/robot_driver/local_setup.dsv
[0.144s] -- Installing: /home/dky/Projects/dky_robot/install/robot_driver/share/robot_driver/package.dsv
[0.144s] -- Up-to-date: /home/dky/Projects/dky_robot/install/robot_driver/share/ament_index/resource_index/packages/robot_driver
[0.144s] -- Up-to-date: /home/dky/Projects/dky_robot/install/robot_driver/share/robot_driver/cmake/robot_driverConfig.cmake
[0.144s] -- Up-to-date: /home/dky/Projects/dky_robot/install/robot_driver/share/robot_driver/cmake/robot_driverConfig-version.cmake
[0.144s] -- Up-to-date: /home/dky/Projects/dky_robot/install/robot_driver/share/robot_driver/package.xml
[0.176s] Invoked command in '/home/dky/Projects/dky_robot/build/robot_driver' returned '0': CMAKE_PREFIX_PATH=/opt/ros/humble /usr/bin/cmake --install /home/dky/Projects/dky_robot/build/robot_driver
