In file included from [01m[K/home/dky/Projects/dky_robot/build/robot_interfaces/rosidl_generator_c/robot_interfaces/msg/detail/qt_recv__functions.h:19[m[K,
                 from [01m[K/home/dky/Projects/dky_robot/build/robot_interfaces/rosidl_generator_c/robot_interfaces/msg/detail/qt_recv__functions.c:4[m[K:
[01m[K/home/dky/Projects/dky_robot/build/robot_interfaces/rosidl_generator_c/robot_interfaces/msg/detail/qt_recv__struct.h:29:10:[m[K [01;31m[Kfatal error: [m[Ktf2/msg/detail/quaternion__struct.h: No such file or directory
   29 | #include [01;31m[K"tf2/msg/detail/quaternion__struct.h"[m[K
      |          [01;31m[K^~~~~~~~~~~~~~~~~~~~~~~~~~~~~~~~~~~~~[m[K
compilation terminated.
gmake[2]: *** [CMakeFiles/robot_interfaces__rosidl_generator_c.dir/build.make:207: CMakeFiles/robot_interfaces__rosidl_generator_c.dir/rosidl_generator_c/robot_interfaces/msg/detail/qt_recv__functions.c.o] Error 1
gmake[1]: *** [CMakeFiles/Makefile2:213: CMakeFiles/robot_interfaces__rosidl_generator_c.dir/all] Error 2
gmake[1]: *** Waiting for unfinished jobs....
In file included from [01m[K/home/dky/Projects/dky_robot/build/robot_interfaces/rosidl_typesupport_fastrtps_cpp/robot_interfaces/msg/detail/qt_recv__rosidl_typesupport_fastrtps_cpp.hpp:11[m[K,
                 from [01m[K/home/dky/Projects/dky_robot/build/robot_interfaces/rosidl_typesupport_fastrtps_cpp/robot_interfaces/msg/detail/dds_fastrtps/qt_recv__type_support.cpp:4[m[K:
[01m[K/home/dky/Projects/dky_robot/build/robot_interfaces/rosidl_generator_cpp/robot_interfaces/msg/detail/qt_recv__struct.hpp:26:10:[m[K [01;31m[Kfatal error: [m[Ktf2/msg/detail/quaternion__struct.hpp: No such file or directory
   26 | #include [01;31m[K"tf2/msg/detail/quaternion__struct.hpp"[m[K
      |          [01;31m[K^~~~~~~~~~~~~~~~~~~~~~~~~~~~~~~~~~~~~~~[m[K
compilation terminated.
gmake[2]: *** [CMakeFiles/robot_interfaces__rosidl_typesupport_fastrtps_cpp.dir/build.make:184: CMakeFiles/robot_interfaces__rosidl_typesupport_fastrtps_cpp.dir/rosidl_typesupport_fastrtps_cpp/robot_interfaces/msg/detail/dds_fastrtps/qt_recv__type_support.cpp.o] Error 1
gmake[1]: *** [CMakeFiles/Makefile2:343: CMakeFiles/robot_interfaces__rosidl_typesupport_fastrtps_cpp.dir/all] Error 2
In file included from [01m[K/home/dky/Projects/dky_robot/build/robot_interfaces/rosidl_typesupport_cpp/robot_interfaces/msg/qt_recv__type_support.cpp:7[m[K:
[01m[K/home/dky/Projects/dky_robot/build/robot_interfaces/rosidl_generator_cpp/robot_interfaces/msg/detail/qt_recv__struct.hpp:26:10:[m[K [01;31m[Kfatal error: [m[Ktf2/msg/detail/quaternion__struct.hpp: No such file or directory
   26 | #include [01;31m[K"tf2/msg/detail/quaternion__struct.hpp"[m[K
      |          [01;31m[K^~~~~~~~~~~~~~~~~~~~~~~~~~~~~~~~~~~~~~~[m[K
compilation terminated.
gmake[2]: *** [CMakeFiles/robot_interfaces__rosidl_typesupport_cpp.dir/build.make:176: CMakeFiles/robot_interfaces__rosidl_typesupport_cpp.dir/rosidl_typesupport_cpp/robot_interfaces/msg/qt_recv__type_support.cpp.o] Error 1
gmake[1]: *** [CMakeFiles/Makefile2:395: CMakeFiles/robot_interfaces__rosidl_typesupport_cpp.dir/all] Error 2
In file included from [01m[K/home/dky/Projects/dky_robot/build/robot_interfaces/rosidl_typesupport_introspection_cpp/robot_interfaces/msg/detail/qt_recv__type_support.cpp:12[m[K:
[01m[K/home/dky/Projects/dky_robot/build/robot_interfaces/rosidl_generator_cpp/robot_interfaces/msg/detail/qt_recv__struct.hpp:26:10:[m[K [01;31m[Kfatal error: [m[Ktf2/msg/detail/quaternion__struct.hpp: No such file or directory
   26 | #include [01;31m[K"tf2/msg/detail/quaternion__struct.hpp"[m[K
      |          [01;31m[K^~~~~~~~~~~~~~~~~~~~~~~~~~~~~~~~~~~~~~~[m[K
compilation terminated.
gmake[2]: *** [CMakeFiles/robot_interfaces__rosidl_typesupport_introspection_cpp.dir/build.make:184: CMakeFiles/robot_interfaces__rosidl_typesupport_introspection_cpp.dir/rosidl_typesupport_introspection_cpp/robot_interfaces/msg/detail/qt_recv__type_support.cpp.o] Error 1
gmake[1]: *** [CMakeFiles/Makefile2:369: CMakeFiles/robot_interfaces__rosidl_typesupport_introspection_cpp.dir/all] Error 2
gmake: *** [Makefile:146: all] Error 2
