[0.008s] Invoking command in '/home/dky/Projects/dky_robot/build/robot_interfaces': CMAKE_PREFIX_PATH=${CMAKE_PREFIX_PATH}:/opt/ros/humble /usr/bin/cmake --build /home/dky/Projects/dky_robot/build/robot_interfaces -- -j20 -l20
[0.036s] -- Found ament_cmake: 1.3.8 (/opt/ros/humble/share/ament_cmake/cmake)
[0.128s] -- Found rosidl_default_generators: 1.2.0 (/opt/ros/humble/share/rosidl_default_generators/cmake)
[0.130s] -- Using all available rosidl_typesupport_c: rosidl_typesupport_fastrtps_c;rosidl_typesupport_introspection_c
[0.131s] -- Found rosidl_adapter: 3.1.5 (/opt/ros/humble/share/rosidl_adapter/cmake)
[0.154s] -- Using all available rosidl_typesupport_cpp: rosidl_typesupport_fastrtps_cpp;rosidl_typesupport_introspection_cpp
[0.171s] -- Found geometry_msgs: 4.2.3 (/opt/ros/humble/share/geometry_msgs/cmake)
[0.251s] -- Found tf2_ros: 0.25.8 (/opt/ros/humble/share/tf2_ros/cmake)
[0.320s] -- Found rmw_implementation_cmake: 6.1.1 (/opt/ros/humble/share/rmw_implementation_cmake/cmake)
[0.321s] -- Found rmw_fastrtps_cpp: 6.2.6 (/opt/ros/humble/share/rmw_fastrtps_cpp/cmake)
[0.408s] -- Using RMW implementation 'rmw_fastrtps_cpp' as default
[0.679s] -- Found tf2_geometry_msgs: 0.25.6 (/opt/ros/humble/share/tf2_geometry_msgs/cmake)
[0.682s] -- Found eigen3_cmake_module: 0.1.1 (/opt/ros/humble/share/eigen3_cmake_module/cmake)
[0.683s] -- Ensuring Eigen3 include directory is part of orocos-kdl CMake target
[0.907s] -- Found ament_cmake_ros: 0.10.0 (/opt/ros/humble/share/ament_cmake_ros/cmake)
[1.114s] -- Using all available rosidl_typesupport_c: rosidl_typesupport_fastrtps_c;rosidl_typesupport_introspection_c
[1.398s] -- Using all available rosidl_typesupport_cpp: rosidl_typesupport_fastrtps_cpp;rosidl_typesupport_introspection_cpp
[1.415s] -- Found python_cmake_module: 0.10.0 (/opt/ros/humble/share/python_cmake_module/cmake)
[1.431s] -- Using PYTHON_EXECUTABLE: /usr/bin/python3
[1.432s] -- Using PYTHON_INCLUDE_DIRS: /usr/include/python3.10
[1.432s] -- Using PYTHON_LIBRARIES: /usr/lib/x86_64-linux-gnu/libpython3.10.so
[1.470s] -- Found ament_lint_auto: 0.12.10 (/opt/ros/humble/share/ament_lint_auto/cmake)
[1.475s] -- Added test 'lint_cmake' to check CMake code style
[1.476s] -- Added test 'xmllint' to check XML markup files
[1.477s] -- Configuring done
[1.504s] -- Generating done
[1.506s] -- Build files have been written to: /home/dky/Projects/dky_robot/build/robot_interfaces
[1.528s] [35m[1mConsolidate compiler generated dependencies of target robot_interfaces__rosidl_generator_c[0m
[1.537s] [  5%] Built target robot_interfaces__cpp
[1.537s] [  5%] [32mBuilding C object CMakeFiles/robot_interfaces__rosidl_generator_c.dir/rosidl_generator_c/robot_interfaces/msg/detail/qt_recv__functions.c.o[0m
[1.545s] [  5%] Built target ament_cmake_python_copy_robot_interfaces
[1.546s] [35m[1mConsolidate compiler generated dependencies of target robot_interfaces__rosidl_typesupport_introspection_cpp[0m
[1.547s] [35m[1mConsolidate compiler generated dependencies of target robot_interfaces__rosidl_typesupport_fastrtps_cpp[0m
[1.552s] In file included from [01m[K/home/dky/Projects/dky_robot/build/robot_interfaces/rosidl_generator_c/robot_interfaces/msg/detail/qt_recv__functions.h:19[m[K,
[1.552s]                  from [01m[K/home/dky/Projects/dky_robot/build/robot_interfaces/rosidl_generator_c/robot_interfaces/msg/detail/qt_recv__functions.c:4[m[K:
[1.552s] [01m[K/home/dky/Projects/dky_robot/build/robot_interfaces/rosidl_generator_c/robot_interfaces/msg/detail/qt_recv__struct.h:29:10:[m[K [01;31m[Kfatal error: [m[Ktf2/msg/detail/quaternion__struct.h: No such file or directory
[1.552s]    29 | #include [01;31m[K"tf2/msg/detail/quaternion__struct.h"[m[K
[1.552s]       |          [01;31m[K^~~~~~~~~~~~~~~~~~~~~~~~~~~~~~~~~~~~~[m[K
[1.552s] compilation terminated.
[1.552s] [35m[1mConsolidate compiler generated dependencies of target robot_interfaces__rosidl_typesupport_cpp[0m
[1.553s] gmake[2]: *** [CMakeFiles/robot_interfaces__rosidl_generator_c.dir/build.make:207: CMakeFiles/robot_interfaces__rosidl_generator_c.dir/rosidl_generator_c/robot_interfaces/msg/detail/qt_recv__functions.c.o] Error 1
[1.553s] gmake[1]: *** [CMakeFiles/Makefile2:213: CMakeFiles/robot_interfaces__rosidl_generator_c.dir/all] Error 2
[1.553s] gmake[1]: *** Waiting for unfinished jobs....
[1.559s] [  7%] [32mBuilding CXX object CMakeFiles/robot_interfaces__rosidl_typesupport_introspection_cpp.dir/rosidl_typesupport_introspection_cpp/robot_interfaces/msg/detail/qt_recv__type_support.cpp.o[0m
[1.560s] [ 10%] [32mBuilding CXX object CMakeFiles/robot_interfaces__rosidl_typesupport_fastrtps_cpp.dir/rosidl_typesupport_fastrtps_cpp/robot_interfaces/msg/detail/dds_fastrtps/qt_recv__type_support.cpp.o[0m
[1.568s] [ 12%] [32mBuilding CXX object CMakeFiles/robot_interfaces__rosidl_typesupport_cpp.dir/rosidl_typesupport_cpp/robot_interfaces/msg/qt_recv__type_support.cpp.o[0m
[1.598s] In file included from [01m[K/home/dky/Projects/dky_robot/build/robot_interfaces/rosidl_typesupport_fastrtps_cpp/robot_interfaces/msg/detail/qt_recv__rosidl_typesupport_fastrtps_cpp.hpp:11[m[K,
[1.598s]                  from [01m[K/home/dky/Projects/dky_robot/build/robot_interfaces/rosidl_typesupport_fastrtps_cpp/robot_interfaces/msg/detail/dds_fastrtps/qt_recv__type_support.cpp:4[m[K:
[1.598s] [01m[K/home/dky/Projects/dky_robot/build/robot_interfaces/rosidl_generator_cpp/robot_interfaces/msg/detail/qt_recv__struct.hpp:26:10:[m[K [01;31m[Kfatal error: [m[Ktf2/msg/detail/quaternion__struct.hpp: No such file or directory
[1.598s]    26 | #include [01;31m[K"tf2/msg/detail/quaternion__struct.hpp"[m[K
[1.598s]       |          [01;31m[K^~~~~~~~~~~~~~~~~~~~~~~~~~~~~~~~~~~~~~~[m[K
[1.598s] compilation terminated.
[1.598s] gmake[2]: *** [CMakeFiles/robot_interfaces__rosidl_typesupport_fastrtps_cpp.dir/build.make:184: CMakeFiles/robot_interfaces__rosidl_typesupport_fastrtps_cpp.dir/rosidl_typesupport_fastrtps_cpp/robot_interfaces/msg/detail/dds_fastrtps/qt_recv__type_support.cpp.o] Error 1
[1.598s] gmake[1]: *** [CMakeFiles/Makefile2:343: CMakeFiles/robot_interfaces__rosidl_typesupport_fastrtps_cpp.dir/all] Error 2
[1.604s] In file included from [01m[K/home/dky/Projects/dky_robot/build/robot_interfaces/rosidl_typesupport_cpp/robot_interfaces/msg/qt_recv__type_support.cpp:7[m[K:
[1.604s] [01m[K/home/dky/Projects/dky_robot/build/robot_interfaces/rosidl_generator_cpp/robot_interfaces/msg/detail/qt_recv__struct.hpp:26:10:[m[K [01;31m[Kfatal error: [m[Ktf2/msg/detail/quaternion__struct.hpp: No such file or directory
[1.604s]    26 | #include [01;31m[K"tf2/msg/detail/quaternion__struct.hpp"[m[K
[1.604s]       |          [01;31m[K^~~~~~~~~~~~~~~~~~~~~~~~~~~~~~~~~~~~~~~[m[K
[1.604s] compilation terminated.
[1.605s] gmake[2]: *** [CMakeFiles/robot_interfaces__rosidl_typesupport_cpp.dir/build.make:176: CMakeFiles/robot_interfaces__rosidl_typesupport_cpp.dir/rosidl_typesupport_cpp/robot_interfaces/msg/qt_recv__type_support.cpp.o] Error 1
[1.605s] gmake[1]: *** [CMakeFiles/Makefile2:395: CMakeFiles/robot_interfaces__rosidl_typesupport_cpp.dir/all] Error 2
[1.608s] In file included from [01m[K/home/dky/Projects/dky_robot/build/robot_interfaces/rosidl_typesupport_introspection_cpp/robot_interfaces/msg/detail/qt_recv__type_support.cpp:12[m[K:
[1.608s] [01m[K/home/dky/Projects/dky_robot/build/robot_interfaces/rosidl_generator_cpp/robot_interfaces/msg/detail/qt_recv__struct.hpp:26:10:[m[K [01;31m[Kfatal error: [m[Ktf2/msg/detail/quaternion__struct.hpp: No such file or directory
[1.608s]    26 | #include [01;31m[K"tf2/msg/detail/quaternion__struct.hpp"[m[K
[1.609s]       |          [01;31m[K^~~~~~~~~~~~~~~~~~~~~~~~~~~~~~~~~~~~~~~[m[K
[1.609s] compilation terminated.
[1.609s] gmake[2]: *** [CMakeFiles/robot_interfaces__rosidl_typesupport_introspection_cpp.dir/build.make:184: CMakeFiles/robot_interfaces__rosidl_typesupport_introspection_cpp.dir/rosidl_typesupport_introspection_cpp/robot_interfaces/msg/detail/qt_recv__type_support.cpp.o] Error 1
[1.609s] gmake[1]: *** [CMakeFiles/Makefile2:369: CMakeFiles/robot_interfaces__rosidl_typesupport_introspection_cpp.dir/all] Error 2
[1.716s] running egg_info
[1.717s] writing robot_interfaces.egg-info/PKG-INFO
[1.717s] writing dependency_links to robot_interfaces.egg-info/dependency_links.txt
[1.717s] writing top-level names to robot_interfaces.egg-info/top_level.txt
[1.718s] reading manifest file 'robot_interfaces.egg-info/SOURCES.txt'
[1.719s] writing manifest file 'robot_interfaces.egg-info/SOURCES.txt'
[1.736s] [ 12%] Built target ament_cmake_python_build_robot_interfaces_egg
[1.737s] gmake: *** [Makefile:146: all] Error 2
[1.739s] Invoked command in '/home/dky/Projects/dky_robot/build/robot_interfaces' returned '2': CMAKE_PREFIX_PATH=${CMAKE_PREFIX_PATH}:/opt/ros/humble /usr/bin/cmake --build /home/dky/Projects/dky_robot/build/robot_interfaces -- -j20 -l20
