[35m[1mConsolidate compiler generated dependencies of target robot_func[0m
[ 50%] Built target robot_state_get
[ 75%] [32mBuilding CXX object CMakeFiles/robot_func.dir/src/robot_func.cpp.o[0m
[01m[K/home/dky/Projects/dky_robot/src/robot_kinematics/src/robot_func.cpp:[m[K In member function ‘[01m[Kvoid RobotFunctions::working_mode_callback(robot_interfaces::msg::QtRecv_<std::allocator<void> >::SharedPtr)[m[K’:
[01m[K/home/dky/Projects/dky_robot/src/robot_kinematics/src/robot_func.cpp:74:53:[m[K [01;31m[Kerror: [m[Kno matching function for call to ‘[01m[Kmoveit::planning_interface::MoveGroupInterface::setJointValueTarget(const double&)[m[K’
   74 |                             [01;31m[Karm->setJointValueTarget(joint_values)[m[K;
      |                             [01;31m[K~~~~~~~~~~~~~~~~~~~~~~~~^~~~~~~~~~~~~~[m[K
In file included from [01m[K/home/dky/Projects/dky_robot/src/robot_kinematics/src/robot_func.cpp:6[m[K:
[01m[K/opt/ros/humble/include/moveit/move_group_interface/move_group_interface.h:334:8:[m[K [01;36m[Knote: [m[Kcandidate: ‘[01m[Kbool moveit::planning_interface::MoveGroupInterface::setJointValueTarget(const std::vector<double, std::allocator<double> >&)[m[K’
  334 |   bool [01;36m[KsetJointValueTarget[m[K(const std::vector<double>& group_variable_values);
      |        [01;36m[K^~~~~~~~~~~~~~~~~~~[m[K
[01m[K/opt/ros/humble/include/moveit/move_group_interface/move_group_interface.h:334:55:[m[K [01;36m[Knote: [m[K  no known conversion for argument 1 from ‘[01m[Kconst double[m[K’ to ‘[01m[Kconst std::vector<double, std::allocator<double> >&[m[K’
  334 |   bool setJointValueTarget([01;36m[Kconst std::vector<double>& group_variable_values[m[K);
      |                            [01;36m[K~~~~~~~~~~~~~~~~~~~~~~~~~~~^~~~~~~~~~~~~~~~~~~~~[m[K
[01m[K/opt/ros/humble/include/moveit/move_group_interface/move_group_interface.h:351:8:[m[K [01;36m[Knote: [m[Kcandidate: ‘[01m[Kbool moveit::planning_interface::MoveGroupInterface::setJointValueTarget(const std::map<std::__cxx11::basic_string<char>, double>&)[m[K’
  351 |   bool [01;36m[KsetJointValueTarget[m[K(const std::map<std::string, double>& variable_values);
      |        [01;36m[K^~~~~~~~~~~~~~~~~~~[m[K
[01m[K/opt/ros/humble/include/moveit/move_group_interface/move_group_interface.h:351:65:[m[K [01;36m[Knote: [m[K  no known conversion for argument 1 from ‘[01m[Kconst double[m[K’ to ‘[01m[Kconst std::map<std::__cxx11::basic_string<char>, double>&[m[K’
  351 | JointValueTarget([01;36m[Kconst std::map<std::string, double>& variable_values[m[K);
      |                  [01;36m[K~~~~~~~~~~~~~~~~~~~~~~~~~~~~~~~~~~~~~^~~~~~~~~~~~~~~[m[K

[01m[K/opt/ros/humble/include/moveit/move_group_interface/move_group_interface.h:368:8:[m[K [01;36m[Knote: [m[Kcandidate: ‘[01m[Kbool moveit::planning_interface::MoveGroupInterface::setJointValueTarget(const std::vector<std::__cxx11::basic_string<char> >&, const std::vector<double, std::allocator<double> >&)[m[K’
  368 |   bool [01;36m[KsetJointValueTarget[m[K(const std::vector<std::string>& variable_names, const std::vector<double>& variable_values);
      |        [01;36m[K^~~~~~~~~~~~~~~~~~~[m[K
[01m[K/opt/ros/humble/include/moveit/move_group_interface/move_group_interface.h:368:8:[m[K [01;36m[Knote: [m[K  candidate expects 2 arguments, 1 provided
[01m[K/opt/ros/humble/include/moveit/move_group_interface/move_group_interface.h:379:8:[m[K [01;36m[Knote: [m[Kcandidate: ‘[01m[Kbool moveit::planning_interface::MoveGroupInterface::setJointValueTarget(const moveit::core::RobotState&)[m[K’
  379 |   bool [01;36m[KsetJointValueTarget[m[K(const moveit::core::RobotState& robot_state);
      |        [01;36m[K^~~~~~~~~~~~~~~~~~~[m[K
[01m[K/opt/ros/humble/include/moveit/move_group_interface/move_group_interface.h:379:60:[m[K [01;36m[Knote: [m[K  no known conversion for argument 1 from ‘[01m[Kconst double[m[K’ to ‘[01m[Kconst moveit::core::RobotState&[m[K’
  379 | l setJointValueTarget([01;36m[Kconst moveit::core::RobotState& robot_state[m[K);
      |                       [01;36m[K~~~~~~~~~~~~~~~~~~~~~~~~~~~~~~~~^~~~~~~~~~~[m[K

[01m[K/opt/ros/humble/include/moveit/move_group_interface/move_group_interface.h:392:8:[m[K [01;36m[Knote: [m[Kcandidate: ‘[01m[Kbool moveit::planning_interface::MoveGroupInterface::setJointValueTarget(const string&, const std::vector<double, std::allocator<double> >&)[m[K’
  392 |   bool [01;36m[KsetJointValueTarget[m[K(const std::string& joint_name, const std::vector<double>& values);
      |        [01;36m[K^~~~~~~~~~~~~~~~~~~[m[K
[01m[K/opt/ros/humble/include/moveit/move_group_interface/move_group_interface.h:392:8:[m[K [01;36m[Knote: [m[K  candidate expects 2 arguments, 1 provided
[01m[K/opt/ros/humble/include/moveit/move_group_interface/move_group_interface.h:405:8:[m[K [01;36m[Knote: [m[Kcandidate: ‘[01m[Kbool moveit::planning_interface::MoveGroupInterface::setJointValueTarget(const string&, double)[m[K’
  405 |   bool [01;36m[KsetJointValueTarget[m[K(const std::string& joint_name, double value);
      |        [01;36m[K^~~~~~~~~~~~~~~~~~~[m[K
[01m[K/opt/ros/humble/include/moveit/move_group_interface/move_group_interface.h:405:8:[m[K [01;36m[Knote: [m[K  candidate expects 2 arguments, 1 provided
[01m[K/opt/ros/humble/include/moveit/move_group_interface/move_group_interface.h:417:8:[m[K [01;36m[Knote: [m[Kcandidate: ‘[01m[Kbool moveit::planning_interface::MoveGroupInterface::setJointValueTarget(const JointState&)[m[K’
  417 |   bool [01;36m[KsetJointValueTarget[m[K(const sensor_msgs::msg::JointState& state);
      |        [01;36m[K^~~~~~~~~~~~~~~~~~~[m[K
[01m[K/opt/ros/humble/include/moveit/move_group_interface/move_group_interface.h:417:64:[m[K [01;36m[Knote: [m[K  no known conversion for argument 1 from ‘[01m[Kconst double[m[K’ to ‘[01m[Kconst JointState&[m[K’ {aka ‘[01m[Kconst sensor_msgs::msg::JointState_<std::allocator<void> >&[m[K’}
  417 | l setJointValueTarget([01;36m[Kconst sensor_msgs::msg::JointState& state[m[K);
      |                       [01;36m[K~~~~~~~~~~~~~~~~~~~~~~~~~~~~~~~~~~~~^~~~~[m[K

[01m[K/opt/ros/humble/include/moveit/move_group_interface/move_group_interface.h:430:8:[m[K [01;36m[Knote: [m[Kcandidate: ‘[01m[Kbool moveit::planning_interface::MoveGroupInterface::setJointValueTarget(const Pose&, const string&)[m[K’
  430 |   bool [01;36m[KsetJointValueTarget[m[K(const geometry_msgs::msg::Pose& eef_pose, const std::string& end_effector_link = "");
      |        [01;36m[K^~~~~~~~~~~~~~~~~~~[m[K
[01m[K/opt/ros/humble/include/moveit/move_group_interface/move_group_interface.h:430:60:[m[K [01;36m[Knote: [m[K  no known conversion for argument 1 from ‘[01m[Kconst double[m[K’ to ‘[01m[Kconst Pose&[m[K’ {aka ‘[01m[Kconst geometry_msgs::msg::Pose_<std::allocator<void> >&[m[K’}
  430 | l setJointValueTarget([01;36m[Kconst geometry_msgs::msg::Pose& eef_pose[m[K, const std::string& end_effector_link = "");
      |                       [01;36m[K~~~~~~~~~~~~~~~~~~~~~~~~~~~~~~~~^~~~~~~~[m[K

[01m[K/opt/ros/humble/include/moveit/move_group_interface/move_group_interface.h:443:8:[m[K [01;36m[Knote: [m[Kcandidate: ‘[01m[Kbool moveit::planning_interface::MoveGroupInterface::setJointValueTarget(const PoseStamped&, const string&)[m[K’
  443 |   bool [01;36m[KsetJointValueTarget[m[K(const geometry_msgs::msg::PoseStamped& eef_pose, const std::string& end_effector_link = "");
      |        [01;36m[K^~~~~~~~~~~~~~~~~~~[m[K
[01m[K/opt/ros/humble/include/moveit/move_group_interface/move_group_interface.h:443:67:[m[K [01;36m[Knote: [m[K  no known conversion for argument 1 from ‘[01m[Kconst double[m[K’ to ‘[01m[Kconst PoseStamped&[m[K’ {aka ‘[01m[Kconst geometry_msgs::msg::PoseStamped_<std::allocator<void> >&[m[K’}
  443 | intValueTarget([01;36m[Kconst geometry_msgs::msg::PoseStamped& eef_pose[m[K, const std::string& end_effector_link = "");
      |                [01;36m[K~~~~~~~~~~~~~~~~~~~~~~~~~~~~~~~~~~~~~~~^~~~~~~~[m[K

[01m[K/opt/ros/humble/include/moveit/move_group_interface/move_group_interface.h:456:8:[m[K [01;36m[Knote: [m[Kcandidate: ‘[01m[Kbool moveit::planning_interface::MoveGroupInterface::setJointValueTarget(const Isometry3d&, const string&)[m[K’
  456 |   bool [01;36m[KsetJointValueTarget[m[K(const Eigen::Isometry3d& eef_pose, const std::string& end_effector_link = "");
      |        [01;36m[K^~~~~~~~~~~~~~~~~~~[m[K
[01m[K/opt/ros/humble/include/moveit/move_group_interface/move_group_interface.h:456:53:[m[K [01;36m[Knote: [m[K  no known conversion for argument 1 from ‘[01m[Kconst double[m[K’ to ‘[01m[Kconst Isometry3d&[m[K’ {aka ‘[01m[Kconst Eigen::Transform<double, 3, 1>&[m[K’}
  456 |   bool setJointValueTarget([01;36m[Kconst Eigen::Isometry3d& eef_pose[m[K, const std::string& end_effector_link = "");
      |                            [01;36m[K~~~~~~~~~~~~~~~~~~~~~~~~~^~~~~~~~[m[K
gmake[2]: *** [CMakeFiles/robot_func.dir/build.make:76: CMakeFiles/robot_func.dir/src/robot_func.cpp.o] Error 1
gmake[1]: *** [CMakeFiles/Makefile2:165: CMakeFiles/robot_func.dir/all] Error 2
gmake: *** [Makefile:146: all] Error 2
