[0.024s] Invoking command in '/home/dky/Projects/dky_robot/build/robot_kinematics': CMAKE_PREFIX_PATH=${CMAKE_PREFIX_PATH}:/opt/ros/humble /usr/bin/cmake /home/dky/Projects/dky_robot/src/robot_kinematics -DCMAKE_INSTALL_PREFIX=/home/dky/Projects/dky_robot/install/robot_kinematics
[0.105s] -- The C compiler identification is GNU 11.4.0
[0.146s] -- The CXX compiler identification is GNU 11.4.0
[0.151s] -- Detecting C compiler ABI info
[0.206s] -- Detecting C compiler ABI info - done
[0.213s] -- Check for working C compiler: /usr/bin/cc - skipped
[0.213s] -- Detecting C compile features
[0.213s] -- Detecting C compile features - done
[0.216s] -- Detecting CXX compiler ABI info
[0.272s] -- Detecting CXX compiler ABI info - done
[0.282s] -- Check for working CXX compiler: /usr/bin/c++ - skipped
[0.282s] -- Detecting CXX compile features
[0.283s] -- Detecting CXX compile features - done
[0.286s] -- Found ament_cmake: 1.3.8 (/opt/ros/humble/share/ament_cmake/cmake)
[0.412s] -- Found Python3: /usr/bin/python3 (found version "3.10.12") found components: Interpreter 
[0.523s] -- Found rclcpp: 16.0.8 (/opt/ros/humble/share/rclcpp/cmake)
[0.580s] -- Found rosidl_generator_c: 3.1.5 (/opt/ros/humble/share/rosidl_generator_c/cmake)
[0.587s] -- Found rosidl_adapter: 3.1.5 (/opt/ros/humble/share/rosidl_adapter/cmake)
[0.598s] -- Found rosidl_generator_cpp: 3.1.5 (/opt/ros/humble/share/rosidl_generator_cpp/cmake)
[0.616s] -- Using all available rosidl_typesupport_c: rosidl_typesupport_fastrtps_c;rosidl_typesupport_introspection_c
[0.641s] -- Using all available rosidl_typesupport_cpp: rosidl_typesupport_fastrtps_cpp;rosidl_typesupport_introspection_cpp
[0.735s] -- Found rmw_implementation_cmake: 6.1.1 (/opt/ros/humble/share/rmw_implementation_cmake/cmake)
[0.739s] -- Found rmw_fastrtps_cpp: 6.2.6 (/opt/ros/humble/share/rmw_fastrtps_cpp/cmake)
[0.846s] -- Found OpenSSL: /usr/lib/x86_64-linux-gnu/libcrypto.so (found version "3.0.2")  
[0.869s] -- Found FastRTPS: /opt/ros/humble/include  
[0.905s] -- Using RMW implementation 'rmw_fastrtps_cpp' as default
[0.912s] -- Looking for pthread.h
[0.977s] -- Looking for pthread.h - found
[0.977s] -- Performing Test CMAKE_HAVE_LIBC_PTHREAD
[1.034s] -- Performing Test CMAKE_HAVE_LIBC_PTHREAD - Success
[1.035s] -- Found Threads: TRUE  
[1.171s] -- Found moveit_ros_planning_interface: 2.5.5 (/opt/ros/humble/share/moveit_ros_planning_interface/cmake)
[1.189s] -- Found Boost: /usr/lib/x86_64-linux-gnu/cmake/Boost-1.74.0/BoostConfig.cmake (found version "1.74.0") found components: date_time filesystem program_options system thread 
[1.866s] -- Found Boost: /usr/lib/x86_64-linux-gnu/cmake/Boost-1.74.0/BoostConfig.cmake (found version "1.74.0") found components: chrono date_time filesystem iostreams program_options regex serialization system thread 
[1.881s] -- Found parameter_traits: 0.3.8 (/opt/ros/humble/share/parameter_traits/cmake)
[1.902s] -- Found rclcpp_lifecycle: 16.0.8 (/opt/ros/humble/share/rclcpp_lifecycle/cmake)
[1.944s] -- Found Boost: /usr/lib/x86_64-linux-gnu/cmake/Boost-1.74.0/BoostConfig.cmake (found version "1.74.0") found components: filesystem 
[2.055s] -- library: /usr/lib/x86_64-linux-gnu/libcurl.so
[2.230s] -- Found Eigen3: TRUE (found version "3.4.0") 
[2.230s] -- Ensuring Eigen3 include directory is part of orocos-kdl CMake target
[2.628s] -- Found Boost: /usr/lib/x86_64-linux-gnu/cmake/Boost-1.74.0/BoostConfig.cmake (found version "1.74.0") found components: system filesystem date_time program_options thread chrono 
[3.013s] -- Found Boost: /usr/lib/x86_64-linux-gnu/cmake/Boost-1.74.0/BoostConfig.cmake (found version "1.74.0") found components: thread system filesystem regex date_time program_options 
[3.188s] -- Found Boost: /usr/lib/x86_64-linux-gnu/cmake/Boost-1.74.0/BoostConfig.cmake (found version "1.74.0") found components: system filesystem date_time program_options thread 
[3.496s] -- Found ament_lint_auto: 0.12.10 (/opt/ros/humble/share/ament_lint_auto/cmake)
[3.553s] -- Added test 'cppcheck' to perform static code analysis on C / C++ code
[3.553s] -- Configured cppcheck include dirs: 
[3.553s] -- Configured cppcheck exclude dirs and/or files: 
[3.553s] -- Added test 'flake8' to check Python code syntax and style conventions
[3.554s] -- Added test 'lint_cmake' to check CMake code style
[3.554s] -- Added test 'pep257' to check Python code against some of the docstring style conventions in PEP 257
[3.555s] -- Added test 'uncrustify' to check C / C++ code style
[3.555s] -- Configured uncrustify additional arguments: 
[3.555s] -- Added test 'xmllint' to check XML markup files
[3.556s] -- Configuring done
[3.591s] -- Generating done
[3.593s] -- Build files have been written to: /home/dky/Projects/dky_robot/build/robot_kinematics
[3.604s] Invoked command in '/home/dky/Projects/dky_robot/build/robot_kinematics' returned '0': CMAKE_PREFIX_PATH=${CMAKE_PREFIX_PATH}:/opt/ros/humble /usr/bin/cmake /home/dky/Projects/dky_robot/src/robot_kinematics -DCMAKE_INSTALL_PREFIX=/home/dky/Projects/dky_robot/install/robot_kinematics
[3.605s] Invoking command in '/home/dky/Projects/dky_robot/build/robot_kinematics': CMAKE_PREFIX_PATH=${CMAKE_PREFIX_PATH}:/opt/ros/humble /usr/bin/cmake --build /home/dky/Projects/dky_robot/build/robot_kinematics -- -j20 -l20
[3.654s] [ 12%] [32mBuilding CXX object CMakeFiles/robot_fk.dir/src/robot_fk.cpp.o[0m
[3.658s] [ 25%] [32mBuilding CXX object CMakeFiles/robot_ik.dir/src/robot_ik.cpp.o[0m
[3.658s] [ 50%] [32mBuilding CXX object CMakeFiles/robot_functions.dir/src/robot_functions.cpp.o[0m
[3.658s] [ 50%] [32mBuilding CXX object CMakeFiles/robot_state_get.dir/src/robot_state_get.cpp.o[0m
[8.112s] [ 62%] [32m[1mLinking CXX executable robot_state_get[0m
[8.548s] [ 62%] Built target robot_state_get
[9.076s] [ 75%] [32m[1mLinking CXX executable robot_functions[0m
[9.326s] [ 75%] Built target robot_functions
[13.305s] [ 87%] [32m[1mLinking CXX executable robot_fk[0m
[13.383s] [100%] [32m[1mLinking CXX executable robot_ik[0m
[13.895s] [100%] Built target robot_fk
[13.973s] [100%] Built target robot_ik
[13.984s] Invoked command in '/home/dky/Projects/dky_robot/build/robot_kinematics' returned '0': CMAKE_PREFIX_PATH=${CMAKE_PREFIX_PATH}:/opt/ros/humble /usr/bin/cmake --build /home/dky/Projects/dky_robot/build/robot_kinematics -- -j20 -l20
[14.017s] Invoking command in '/home/dky/Projects/dky_robot/build/robot_kinematics': CMAKE_PREFIX_PATH=${CMAKE_PREFIX_PATH}:/opt/ros/humble /usr/bin/cmake --install /home/dky/Projects/dky_robot/build/robot_kinematics
[14.024s] -- Install configuration: ""
[14.024s] -- Installing: /home/dky/Projects/dky_robot/install/robot_kinematics/lib/robot_kinematics/robot_ik
[14.028s] -- Set runtime path of "/home/dky/Projects/dky_robot/install/robot_kinematics/lib/robot_kinematics/robot_ik" to ""
[14.028s] -- Installing: /home/dky/Projects/dky_robot/install/robot_kinematics/lib/robot_kinematics/robot_fk
[14.032s] -- Set runtime path of "/home/dky/Projects/dky_robot/install/robot_kinematics/lib/robot_kinematics/robot_fk" to ""
[14.032s] -- Installing: /home/dky/Projects/dky_robot/install/robot_kinematics/lib/robot_kinematics/robot_state_get
[14.033s] -- Set runtime path of "/home/dky/Projects/dky_robot/install/robot_kinematics/lib/robot_kinematics/robot_state_get" to ""
[14.033s] -- Installing: /home/dky/Projects/dky_robot/install/robot_kinematics/share/robot_kinematics/launch
[14.033s] -- Installing: /home/dky/Projects/dky_robot/install/robot_kinematics/share/robot_kinematics/launch/robot_state_get.launch.py
[14.033s] -- Installing: /home/dky/Projects/dky_robot/install/robot_kinematics/share/robot_kinematics/launch/robot_ik.launch.py
[14.033s] -- Installing: /home/dky/Projects/dky_robot/install/robot_kinematics/share/robot_kinematics/launch/robot_functions.launch.py
[14.033s] -- Installing: /home/dky/Projects/dky_robot/install/robot_kinematics/share/robot_kinematics/launch/robot_fk.launch.py
[14.033s] -- Installing: /home/dky/Projects/dky_robot/install/robot_kinematics/share/ament_index/resource_index/package_run_dependencies/robot_kinematics
[14.034s] -- Installing: /home/dky/Projects/dky_robot/install/robot_kinematics/share/ament_index/resource_index/parent_prefix_path/robot_kinematics
[14.034s] -- Installing: /home/dky/Projects/dky_robot/install/robot_kinematics/share/robot_kinematics/environment/ament_prefix_path.sh
[14.034s] -- Installing: /home/dky/Projects/dky_robot/install/robot_kinematics/share/robot_kinematics/environment/ament_prefix_path.dsv
[14.034s] -- Installing: /home/dky/Projects/dky_robot/install/robot_kinematics/share/robot_kinematics/environment/path.sh
[14.034s] -- Installing: /home/dky/Projects/dky_robot/install/robot_kinematics/share/robot_kinematics/environment/path.dsv
[14.034s] -- Installing: /home/dky/Projects/dky_robot/install/robot_kinematics/share/robot_kinematics/local_setup.bash
[14.034s] -- Installing: /home/dky/Projects/dky_robot/install/robot_kinematics/share/robot_kinematics/local_setup.sh
[14.034s] -- Installing: /home/dky/Projects/dky_robot/install/robot_kinematics/share/robot_kinematics/local_setup.zsh
[14.035s] -- Installing: /home/dky/Projects/dky_robot/install/robot_kinematics/share/robot_kinematics/local_setup.dsv
[14.035s] -- Installing: /home/dky/Projects/dky_robot/install/robot_kinematics/share/robot_kinematics/package.dsv
[14.035s] -- Installing: /home/dky/Projects/dky_robot/install/robot_kinematics/share/ament_index/resource_index/packages/robot_kinematics
[14.035s] -- Installing: /home/dky/Projects/dky_robot/install/robot_kinematics/share/robot_kinematics/cmake/robot_kinematicsConfig.cmake
[14.035s] -- Installing: /home/dky/Projects/dky_robot/install/robot_kinematics/share/robot_kinematics/cmake/robot_kinematicsConfig-version.cmake
[14.035s] -- Installing: /home/dky/Projects/dky_robot/install/robot_kinematics/share/robot_kinematics/package.xml
[14.036s] Invoked command in '/home/dky/Projects/dky_robot/build/robot_kinematics' returned '0': CMAKE_PREFIX_PATH=${CMAKE_PREFIX_PATH}:/opt/ros/humble /usr/bin/cmake --install /home/dky/Projects/dky_robot/build/robot_kinematics
