[0.008s] Invoking command in '/home/dky/Projects/dky_robot/build/robot_interfaces': CMAKE_PREFIX_PATH=${CMAKE_PREFIX_PATH}:/opt/ros/humble /usr/bin/cmake --build /home/dky/Projects/dky_robot/build/robot_interfaces -- -j20 -l20
[0.031s] -- Found ament_cmake: 1.3.8 (/opt/ros/humble/share/ament_cmake/cmake)
[0.130s] -- Found rosidl_default_generators: 1.2.0 (/opt/ros/humble/share/rosidl_default_generators/cmake)
[0.131s] -- Using all available rosidl_typesupport_c: rosidl_typesupport_fastrtps_c;rosidl_typesupport_introspection_c
[0.133s] -- Found rosidl_adapter: 3.1.5 (/opt/ros/humble/share/rosidl_adapter/cmake)
[0.154s] -- Using all available rosidl_typesupport_cpp: rosidl_typesupport_fastrtps_cpp;rosidl_typesupport_introspection_cpp
[0.172s] -- Found geometry_msgs: 4.2.3 (/opt/ros/humble/share/geometry_msgs/cmake)
[0.252s] -- Found tf2_ros: 0.25.8 (/opt/ros/humble/share/tf2_ros/cmake)
[0.321s] -- Found rmw_implementation_cmake: 6.1.1 (/opt/ros/humble/share/rmw_implementation_cmake/cmake)
[0.322s] -- Found rmw_fastrtps_cpp: 6.2.6 (/opt/ros/humble/share/rmw_fastrtps_cpp/cmake)
[0.424s] -- Using RMW implementation 'rmw_fastrtps_cpp' as default
[0.695s] -- Found tf2_geometry_msgs: 0.25.6 (/opt/ros/humble/share/tf2_geometry_msgs/cmake)
[0.698s] -- Found eigen3_cmake_module: 0.1.1 (/opt/ros/humble/share/eigen3_cmake_module/cmake)
[0.699s] -- Ensuring Eigen3 include directory is part of orocos-kdl CMake target
[0.922s] -- Found ament_cmake_ros: 0.10.0 (/opt/ros/humble/share/ament_cmake_ros/cmake)
[1.097s] -- Using all available rosidl_typesupport_c: rosidl_typesupport_fastrtps_c;rosidl_typesupport_introspection_c
[1.372s] -- Using all available rosidl_typesupport_cpp: rosidl_typesupport_fastrtps_cpp;rosidl_typesupport_introspection_cpp
[1.400s] -- Found python_cmake_module: 0.10.0 (/opt/ros/humble/share/python_cmake_module/cmake)
[1.424s] -- Using PYTHON_EXECUTABLE: /usr/bin/python3
[1.424s] -- Using PYTHON_INCLUDE_DIRS: /usr/include/python3.10
[1.424s] -- Using PYTHON_LIBRARIES: /usr/lib/x86_64-linux-gnu/libpython3.10.so
[1.457s] -- Found ament_lint_auto: 0.12.10 (/opt/ros/humble/share/ament_lint_auto/cmake)
[1.462s] -- Added test 'lint_cmake' to check CMake code style
[1.462s] -- Added test 'xmllint' to check XML markup files
[1.463s] -- Configuring done
[1.492s] -- Generating done
[1.494s] -- Build files have been written to: /home/dky/Projects/dky_robot/build/robot_interfaces
[1.516s] [  2%] [34m[1mGenerating C code for ROS interfaces[0m
[1.524s] [  5%] [34m[1mGenerating C++ code for ROS interfaces[0m
[1.534s] [  5%] Built target ament_cmake_python_copy_robot_interfaces
[1.695s] running egg_info
[1.696s] writing robot_interfaces.egg-info/PKG-INFO
[1.696s] writing dependency_links to robot_interfaces.egg-info/dependency_links.txt
[1.696s] writing top-level names to robot_interfaces.egg-info/top_level.txt
[1.697s] reading manifest file 'robot_interfaces.egg-info/SOURCES.txt'
[1.698s] writing manifest file 'robot_interfaces.egg-info/SOURCES.txt'
[1.717s] [  5%] Built target ament_cmake_python_build_robot_interfaces_egg
[1.756s] [35m[1mConsolidate compiler generated dependencies of target robot_interfaces__rosidl_generator_c[0m
[1.758s] [  5%] Built target robot_interfaces__cpp
[1.766s] [  7%] [34m[1mGenerating C++ introspection for ROS interfaces[0m
[1.766s] [ 10%] [32mBuilding C object CMakeFiles/robot_interfaces__rosidl_generator_c.dir/rosidl_generator_c/robot_interfaces/msg/detail/line_msg__functions.c.o[0m
[1.767s] [ 12%] [32mBuilding C object CMakeFiles/robot_interfaces__rosidl_generator_c.dir/rosidl_generator_c/robot_interfaces/msg/detail/qt_recv__functions.c.o[0m
[1.769s] [ 15%] [34m[1mGenerating C++ type support dispatch for ROS interfaces[0m
[1.769s] [ 17%] [34m[1mGenerating C++ type support for eProsima Fast-RTPS[0m
[1.810s] [ 20%] [32m[1mLinking C shared library librobot_interfaces__rosidl_generator_c.so[0m
[1.841s] [ 20%] Built target robot_interfaces__rosidl_generator_c
[1.848s] [ 23%] [34m[1mGenerating C type support for eProsima Fast-RTPS[0m
[1.851s] [ 28%] [34m[1mGenerating C introspection for ROS interfaces[0m
[1.852s] [ 28%] [34m[1mGenerating C type support dispatch for ROS interfaces[0m
[1.991s] [35m[1mConsolidate compiler generated dependencies of target robot_interfaces__rosidl_typesupport_cpp[0m
[1.999s] [ 30%] [32mBuilding CXX object CMakeFiles/robot_interfaces__rosidl_typesupport_cpp.dir/rosidl_typesupport_cpp/robot_interfaces/msg/qt_recv__type_support.cpp.o[0m
[2.001s] [ 33%] [32mBuilding CXX object CMakeFiles/robot_interfaces__rosidl_typesupport_cpp.dir/rosidl_typesupport_cpp/robot_interfaces/msg/line_msg__type_support.cpp.o[0m
[2.015s] [35m[1mConsolidate compiler generated dependencies of target robot_interfaces__rosidl_typesupport_introspection_cpp[0m
[2.026s] [ 35%] [32mBuilding CXX object CMakeFiles/robot_interfaces__rosidl_typesupport_introspection_cpp.dir/rosidl_typesupport_introspection_cpp/robot_interfaces/msg/detail/line_msg__type_support.cpp.o[0m
[2.027s] [ 38%] [32mBuilding CXX object CMakeFiles/robot_interfaces__rosidl_typesupport_introspection_cpp.dir/rosidl_typesupport_introspection_cpp/robot_interfaces/msg/detail/qt_recv__type_support.cpp.o[0m
[2.028s] [35m[1mConsolidate compiler generated dependencies of target robot_interfaces__rosidl_typesupport_fastrtps_cpp[0m
[2.037s] [ 41%] [32mBuilding CXX object CMakeFiles/robot_interfaces__rosidl_typesupport_fastrtps_cpp.dir/rosidl_typesupport_fastrtps_cpp/robot_interfaces/msg/detail/dds_fastrtps/qt_recv__type_support.cpp.o[0m
[2.039s] [ 43%] [32mBuilding CXX object CMakeFiles/robot_interfaces__rosidl_typesupport_fastrtps_cpp.dir/rosidl_typesupport_fastrtps_cpp/robot_interfaces/msg/detail/dds_fastrtps/line_msg__type_support.cpp.o[0m
[2.092s] [35m[1mConsolidate compiler generated dependencies of target robot_interfaces__rosidl_typesupport_fastrtps_c[0m
[2.102s] [ 46%] [32mBuilding CXX object CMakeFiles/robot_interfaces__rosidl_typesupport_fastrtps_c.dir/rosidl_typesupport_fastrtps_c/robot_interfaces/msg/detail/line_msg__type_support_c.cpp.o[0m
[2.105s] [ 48%] [32mBuilding CXX object CMakeFiles/robot_interfaces__rosidl_typesupport_fastrtps_c.dir/rosidl_typesupport_fastrtps_c/robot_interfaces/msg/detail/qt_recv__type_support_c.cpp.o[0m
[2.127s] [35m[1mConsolidate compiler generated dependencies of target robot_interfaces__rosidl_typesupport_c[0m
[2.135s] [ 51%] [32mBuilding CXX object CMakeFiles/robot_interfaces__rosidl_typesupport_c.dir/rosidl_typesupport_c/robot_interfaces/msg/qt_recv__type_support.cpp.o[0m
[2.136s] [ 53%] [32mBuilding CXX object CMakeFiles/robot_interfaces__rosidl_typesupport_c.dir/rosidl_typesupport_c/robot_interfaces/msg/line_msg__type_support.cpp.o[0m
[2.155s] [ 56%] [32m[1mLinking CXX shared library librobot_interfaces__rosidl_typesupport_c.so[0m
[2.184s] [ 56%] Built target robot_interfaces__rosidl_typesupport_c
[2.189s] [35m[1mConsolidate compiler generated dependencies of target robot_interfaces__rosidl_typesupport_introspection_c[0m
[2.198s] [ 61%] [32mBuilding C object CMakeFiles/robot_interfaces__rosidl_typesupport_introspection_c.dir/rosidl_typesupport_introspection_c/robot_interfaces/msg/detail/line_msg__type_support.c.o[0m
[2.198s] [ 61%] [32mBuilding C object CMakeFiles/robot_interfaces__rosidl_typesupport_introspection_c.dir/rosidl_typesupport_introspection_c/robot_interfaces/msg/detail/qt_recv__type_support.c.o[0m
[2.229s] [ 64%] [32m[1mLinking C shared library librobot_interfaces__rosidl_typesupport_introspection_c.so[0m
[2.260s] [ 64%] Built target robot_interfaces__rosidl_typesupport_introspection_c
[2.313s] [ 66%] [32m[1mLinking CXX shared library librobot_interfaces__rosidl_typesupport_cpp.so[0m
[2.323s] [ 69%] [32m[1mLinking CXX shared library librobot_interfaces__rosidl_typesupport_fastrtps_c.so[0m
[2.353s] [ 69%] Built target robot_interfaces__rosidl_typesupport_cpp
[2.373s] [ 71%] [32m[1mLinking CXX shared library librobot_interfaces__rosidl_typesupport_fastrtps_cpp.so[0m
[2.380s] [ 71%] Built target robot_interfaces__rosidl_typesupport_fastrtps_c
[2.380s] [ 74%] [32m[1mLinking CXX shared library librobot_interfaces__rosidl_typesupport_introspection_cpp.so[0m
[2.426s] [ 74%] Built target robot_interfaces__rosidl_typesupport_introspection_cpp
[2.428s] [ 74%] Built target robot_interfaces__rosidl_typesupport_fastrtps_cpp
[2.446s] [ 74%] Built target robot_interfaces
[2.463s] [ 76%] [34m[1mGenerating Python code for ROS interfaces[0m
[2.803s] [ 76%] Built target robot_interfaces__py
[2.812s] [35m[1mConsolidate compiler generated dependencies of target robot_interfaces__rosidl_generator_py[0m
[2.823s] [ 79%] [32mBuilding C object CMakeFiles/robot_interfaces__rosidl_generator_py.dir/rosidl_generator_py/robot_interfaces/msg/_line_msg_s.c.o[0m
[2.824s] [ 82%] [32mBuilding C object CMakeFiles/robot_interfaces__rosidl_generator_py.dir/rosidl_generator_py/robot_interfaces/msg/_qt_recv_s.c.o[0m
[2.894s] [ 84%] [32m[1mLinking C shared library rosidl_generator_py/robot_interfaces/librobot_interfaces__rosidl_generator_py.so[0m
[2.929s] [ 84%] Built target robot_interfaces__rosidl_generator_py
[2.938s] [35m[1mConsolidate compiler generated dependencies of target robot_interfaces__rosidl_typesupport_c__pyext[0m
[2.939s] [35m[1mConsolidate compiler generated dependencies of target robot_interfaces__rosidl_typesupport_introspection_c__pyext[0m
[2.940s] [35m[1mConsolidate compiler generated dependencies of target robot_interfaces__rosidl_typesupport_fastrtps_c__pyext[0m
[2.947s] [ 87%] [32mBuilding C object CMakeFiles/robot_interfaces__rosidl_typesupport_c__pyext.dir/rosidl_generator_py/robot_interfaces/_robot_interfaces_s.ep.rosidl_typesupport_c.c.o[0m
[2.950s] [ 89%] [32mBuilding C object CMakeFiles/robot_interfaces__rosidl_typesupport_introspection_c__pyext.dir/rosidl_generator_py/robot_interfaces/_robot_interfaces_s.ep.rosidl_typesupport_introspection_c.c.o[0m
[2.953s] [ 92%] [32mBuilding C object CMakeFiles/robot_interfaces__rosidl_typesupport_fastrtps_c__pyext.dir/rosidl_generator_py/robot_interfaces/_robot_interfaces_s.ep.rosidl_typesupport_fastrtps_c.c.o[0m
[3.010s] [ 94%] [32m[1mLinking C shared library rosidl_generator_py/robot_interfaces/robot_interfaces_s__rosidl_typesupport_c.cpython-310-x86_64-linux-gnu.so[0m
[3.013s] [ 97%] [32m[1mLinking C shared library rosidl_generator_py/robot_interfaces/robot_interfaces_s__rosidl_typesupport_introspection_c.cpython-310-x86_64-linux-gnu.so[0m
[3.023s] [100%] [32m[1mLinking C shared library rosidl_generator_py/robot_interfaces/robot_interfaces_s__rosidl_typesupport_fastrtps_c.cpython-310-x86_64-linux-gnu.so[0m
[3.042s] [100%] Built target robot_interfaces__rosidl_typesupport_c__pyext
[3.042s] [100%] Built target robot_interfaces__rosidl_typesupport_introspection_c__pyext
[3.057s] [100%] Built target robot_interfaces__rosidl_typesupport_fastrtps_c__pyext
[3.066s] Invoked command in '/home/dky/Projects/dky_robot/build/robot_interfaces' returned '0': CMAKE_PREFIX_PATH=${CMAKE_PREFIX_PATH}:/opt/ros/humble /usr/bin/cmake --build /home/dky/Projects/dky_robot/build/robot_interfaces -- -j20 -l20
[3.145s] Invoking command in '/home/dky/Projects/dky_robot/build/robot_interfaces': CMAKE_PREFIX_PATH=${CMAKE_PREFIX_PATH}:/opt/ros/humble /usr/bin/cmake --install /home/dky/Projects/dky_robot/build/robot_interfaces
[3.153s] -- Install configuration: ""
[3.153s] -- Up-to-date: /home/dky/Projects/dky_robot/install/robot_interfaces/share/ament_index/resource_index/rosidl_interfaces/robot_interfaces
[3.153s] -- Up-to-date: /home/dky/Projects/dky_robot/install/robot_interfaces/include/robot_interfaces/robot_interfaces
[3.153s] -- Up-to-date: /home/dky/Projects/dky_robot/install/robot_interfaces/include/robot_interfaces/robot_interfaces/msg
[3.153s] -- Up-to-date: /home/dky/Projects/dky_robot/install/robot_interfaces/include/robot_interfaces/robot_interfaces/msg/detail
[3.153s] -- Installing: /home/dky/Projects/dky_robot/install/robot_interfaces/include/robot_interfaces/robot_interfaces/msg/detail/line_msg__functions.c
[3.153s] -- Installing: /home/dky/Projects/dky_robot/install/robot_interfaces/include/robot_interfaces/robot_interfaces/msg/detail/qt_recv__type_support.h
[3.153s] -- Installing: /home/dky/Projects/dky_robot/install/robot_interfaces/include/robot_interfaces/robot_interfaces/msg/detail/line_msg__struct.h
[3.153s] -- Installing: /home/dky/Projects/dky_robot/install/robot_interfaces/include/robot_interfaces/robot_interfaces/msg/detail/line_msg__type_support.h
[3.153s] -- Installing: /home/dky/Projects/dky_robot/install/robot_interfaces/include/robot_interfaces/robot_interfaces/msg/detail/qt_recv__functions.h
[3.153s] -- Installing: /home/dky/Projects/dky_robot/install/robot_interfaces/include/robot_interfaces/robot_interfaces/msg/detail/line_msg__functions.h
[3.153s] -- Installing: /home/dky/Projects/dky_robot/install/robot_interfaces/include/robot_interfaces/robot_interfaces/msg/detail/qt_recv__struct.h
[3.153s] -- Installing: /home/dky/Projects/dky_robot/install/robot_interfaces/include/robot_interfaces/robot_interfaces/msg/detail/qt_recv__functions.c
[3.153s] -- Up-to-date: /home/dky/Projects/dky_robot/install/robot_interfaces/include/robot_interfaces/robot_interfaces/msg/rosidl_generator_c__visibility_control.h
[3.153s] -- Installing: /home/dky/Projects/dky_robot/install/robot_interfaces/include/robot_interfaces/robot_interfaces/msg/qt_recv.h
[3.153s] -- Installing: /home/dky/Projects/dky_robot/install/robot_interfaces/include/robot_interfaces/robot_interfaces/msg/line_msg.h
[3.153s] -- Up-to-date: /home/dky/Projects/dky_robot/install/robot_interfaces/share/robot_interfaces/environment/library_path.sh
[3.154s] -- Installing: /home/dky/Projects/dky_robot/install/robot_interfaces/share/robot_interfaces/environment/library_path.dsv
[3.154s] -- Installing: /home/dky/Projects/dky_robot/install/robot_interfaces/lib/librobot_interfaces__rosidl_generator_c.so
[3.154s] -- Set runtime path of "/home/dky/Projects/dky_robot/install/robot_interfaces/lib/librobot_interfaces__rosidl_generator_c.so" to ""
[3.154s] -- Up-to-date: /home/dky/Projects/dky_robot/install/robot_interfaces/include/robot_interfaces/robot_interfaces
[3.154s] -- Up-to-date: /home/dky/Projects/dky_robot/install/robot_interfaces/include/robot_interfaces/robot_interfaces/msg
[3.154s] -- Up-to-date: /home/dky/Projects/dky_robot/install/robot_interfaces/include/robot_interfaces/robot_interfaces/msg/detail
[3.154s] -- Installing: /home/dky/Projects/dky_robot/install/robot_interfaces/include/robot_interfaces/robot_interfaces/msg/detail/qt_recv__rosidl_typesupport_fastrtps_c.h
[3.154s] -- Installing: /home/dky/Projects/dky_robot/install/robot_interfaces/include/robot_interfaces/robot_interfaces/msg/detail/line_msg__rosidl_typesupport_fastrtps_c.h
[3.154s] -- Up-to-date: /home/dky/Projects/dky_robot/install/robot_interfaces/include/robot_interfaces/robot_interfaces/msg/rosidl_typesupport_fastrtps_c__visibility_control.h
[3.154s] -- Installing: /home/dky/Projects/dky_robot/install/robot_interfaces/lib/librobot_interfaces__rosidl_typesupport_fastrtps_c.so
[3.154s] -- Set runtime path of "/home/dky/Projects/dky_robot/install/robot_interfaces/lib/librobot_interfaces__rosidl_typesupport_fastrtps_c.so" to ""
[3.154s] -- Up-to-date: /home/dky/Projects/dky_robot/install/robot_interfaces/include/robot_interfaces/robot_interfaces
[3.154s] -- Up-to-date: /home/dky/Projects/dky_robot/install/robot_interfaces/include/robot_interfaces/robot_interfaces/msg
[3.154s] -- Up-to-date: /home/dky/Projects/dky_robot/install/robot_interfaces/include/robot_interfaces/robot_interfaces/msg/detail
[3.154s] -- Installing: /home/dky/Projects/dky_robot/install/robot_interfaces/include/robot_interfaces/robot_interfaces/msg/detail/qt_recv__rosidl_typesupport_introspection_c.h
[3.154s] -- Installing: /home/dky/Projects/dky_robot/install/robot_interfaces/include/robot_interfaces/robot_interfaces/msg/detail/line_msg__type_support.c
[3.155s] -- Installing: /home/dky/Projects/dky_robot/install/robot_interfaces/include/robot_interfaces/robot_interfaces/msg/detail/qt_recv__type_support.c
[3.155s] -- Installing: /home/dky/Projects/dky_robot/install/robot_interfaces/include/robot_interfaces/robot_interfaces/msg/detail/line_msg__rosidl_typesupport_introspection_c.h
[3.155s] -- Up-to-date: /home/dky/Projects/dky_robot/install/robot_interfaces/include/robot_interfaces/robot_interfaces/msg/rosidl_typesupport_introspection_c__visibility_control.h
[3.155s] -- Installing: /home/dky/Projects/dky_robot/install/robot_interfaces/lib/librobot_interfaces__rosidl_typesupport_introspection_c.so
[3.155s] -- Set runtime path of "/home/dky/Projects/dky_robot/install/robot_interfaces/lib/librobot_interfaces__rosidl_typesupport_introspection_c.so" to ""
[3.155s] -- Installing: /home/dky/Projects/dky_robot/install/robot_interfaces/lib/librobot_interfaces__rosidl_typesupport_c.so
[3.155s] -- Set runtime path of "/home/dky/Projects/dky_robot/install/robot_interfaces/lib/librobot_interfaces__rosidl_typesupport_c.so" to ""
[3.155s] -- Up-to-date: /home/dky/Projects/dky_robot/install/robot_interfaces/include/robot_interfaces/robot_interfaces
[3.155s] -- Up-to-date: /home/dky/Projects/dky_robot/install/robot_interfaces/include/robot_interfaces/robot_interfaces/msg
[3.155s] -- Up-to-date: /home/dky/Projects/dky_robot/install/robot_interfaces/include/robot_interfaces/robot_interfaces/msg/detail
[3.155s] -- Installing: /home/dky/Projects/dky_robot/install/robot_interfaces/include/robot_interfaces/robot_interfaces/msg/detail/line_msg__struct.hpp
[3.155s] -- Installing: /home/dky/Projects/dky_robot/install/robot_interfaces/include/robot_interfaces/robot_interfaces/msg/detail/qt_recv__struct.hpp
[3.155s] -- Installing: /home/dky/Projects/dky_robot/install/robot_interfaces/include/robot_interfaces/robot_interfaces/msg/detail/qt_recv__traits.hpp
[3.155s] -- Installing: /home/dky/Projects/dky_robot/install/robot_interfaces/include/robot_interfaces/robot_interfaces/msg/detail/qt_recv__builder.hpp
[3.155s] -- Installing: /home/dky/Projects/dky_robot/install/robot_interfaces/include/robot_interfaces/robot_interfaces/msg/detail/line_msg__traits.hpp
[3.155s] -- Installing: /home/dky/Projects/dky_robot/install/robot_interfaces/include/robot_interfaces/robot_interfaces/msg/detail/line_msg__builder.hpp
[3.156s] -- Installing: /home/dky/Projects/dky_robot/install/robot_interfaces/include/robot_interfaces/robot_interfaces/msg/line_msg.hpp
[3.156s] -- Installing: /home/dky/Projects/dky_robot/install/robot_interfaces/include/robot_interfaces/robot_interfaces/msg/qt_recv.hpp
[3.156s] -- Up-to-date: /home/dky/Projects/dky_robot/install/robot_interfaces/include/robot_interfaces/robot_interfaces
[3.156s] -- Up-to-date: /home/dky/Projects/dky_robot/install/robot_interfaces/include/robot_interfaces/robot_interfaces/msg
[3.156s] -- Up-to-date: /home/dky/Projects/dky_robot/install/robot_interfaces/include/robot_interfaces/robot_interfaces/msg/detail
[3.156s] -- Installing: /home/dky/Projects/dky_robot/install/robot_interfaces/include/robot_interfaces/robot_interfaces/msg/detail/qt_recv__rosidl_typesupport_fastrtps_cpp.hpp
[3.156s] -- Installing: /home/dky/Projects/dky_robot/install/robot_interfaces/include/robot_interfaces/robot_interfaces/msg/detail/line_msg__rosidl_typesupport_fastrtps_cpp.hpp
[3.156s] -- Up-to-date: /home/dky/Projects/dky_robot/install/robot_interfaces/include/robot_interfaces/robot_interfaces/msg/detail/dds_fastrtps
[3.156s] -- Up-to-date: /home/dky/Projects/dky_robot/install/robot_interfaces/include/robot_interfaces/robot_interfaces/msg/rosidl_typesupport_fastrtps_cpp__visibility_control.h
[3.156s] -- Installing: /home/dky/Projects/dky_robot/install/robot_interfaces/lib/librobot_interfaces__rosidl_typesupport_fastrtps_cpp.so
[3.156s] -- Set runtime path of "/home/dky/Projects/dky_robot/install/robot_interfaces/lib/librobot_interfaces__rosidl_typesupport_fastrtps_cpp.so" to ""
[3.156s] -- Up-to-date: /home/dky/Projects/dky_robot/install/robot_interfaces/include/robot_interfaces/robot_interfaces
[3.156s] -- Up-to-date: /home/dky/Projects/dky_robot/install/robot_interfaces/include/robot_interfaces/robot_interfaces/msg
[3.156s] -- Up-to-date: /home/dky/Projects/dky_robot/install/robot_interfaces/include/robot_interfaces/robot_interfaces/msg/detail
[3.156s] -- Installing: /home/dky/Projects/dky_robot/install/robot_interfaces/include/robot_interfaces/robot_interfaces/msg/detail/qt_recv__type_support.cpp
[3.156s] -- Installing: /home/dky/Projects/dky_robot/install/robot_interfaces/include/robot_interfaces/robot_interfaces/msg/detail/line_msg__rosidl_typesupport_introspection_cpp.hpp
[3.156s] -- Installing: /home/dky/Projects/dky_robot/install/robot_interfaces/include/robot_interfaces/robot_interfaces/msg/detail/qt_recv__rosidl_typesupport_introspection_cpp.hpp
[3.156s] -- Installing: /home/dky/Projects/dky_robot/install/robot_interfaces/include/robot_interfaces/robot_interfaces/msg/detail/line_msg__type_support.cpp
[3.156s] -- Installing: /home/dky/Projects/dky_robot/install/robot_interfaces/lib/librobot_interfaces__rosidl_typesupport_introspection_cpp.so
[3.157s] -- Set runtime path of "/home/dky/Projects/dky_robot/install/robot_interfaces/lib/librobot_interfaces__rosidl_typesupport_introspection_cpp.so" to ""
[3.157s] -- Installing: /home/dky/Projects/dky_robot/install/robot_interfaces/lib/librobot_interfaces__rosidl_typesupport_cpp.so
[3.157s] -- Set runtime path of "/home/dky/Projects/dky_robot/install/robot_interfaces/lib/librobot_interfaces__rosidl_typesupport_cpp.so" to ""
[3.157s] -- Up-to-date: /home/dky/Projects/dky_robot/install/robot_interfaces/share/robot_interfaces/environment/pythonpath.sh
[3.157s] -- Installing: /home/dky/Projects/dky_robot/install/robot_interfaces/share/robot_interfaces/environment/pythonpath.dsv
[3.157s] -- Up-to-date: /home/dky/Projects/dky_robot/install/robot_interfaces/local/lib/python3.10/dist-packages/robot_interfaces-0.0.0-py3.10.egg-info
[3.157s] -- Installing: /home/dky/Projects/dky_robot/install/robot_interfaces/local/lib/python3.10/dist-packages/robot_interfaces-0.0.0-py3.10.egg-info/top_level.txt
[3.157s] -- Installing: /home/dky/Projects/dky_robot/install/robot_interfaces/local/lib/python3.10/dist-packages/robot_interfaces-0.0.0-py3.10.egg-info/PKG-INFO
[3.157s] -- Installing: /home/dky/Projects/dky_robot/install/robot_interfaces/local/lib/python3.10/dist-packages/robot_interfaces-0.0.0-py3.10.egg-info/SOURCES.txt
[3.157s] -- Installing: /home/dky/Projects/dky_robot/install/robot_interfaces/local/lib/python3.10/dist-packages/robot_interfaces-0.0.0-py3.10.egg-info/dependency_links.txt
[3.157s] -- Up-to-date: /home/dky/Projects/dky_robot/install/robot_interfaces/local/lib/python3.10/dist-packages/robot_interfaces
[3.157s] -- Installing: /home/dky/Projects/dky_robot/install/robot_interfaces/local/lib/python3.10/dist-packages/robot_interfaces/_robot_interfaces_s.ep.rosidl_typesupport_fastrtps_c.c
[3.157s] -- Installing: /home/dky/Projects/dky_robot/install/robot_interfaces/local/lib/python3.10/dist-packages/robot_interfaces/librobot_interfaces__rosidl_generator_py.so
[3.157s] -- Up-to-date: /home/dky/Projects/dky_robot/install/robot_interfaces/local/lib/python3.10/dist-packages/robot_interfaces/msg
[3.158s] -- Installing: /home/dky/Projects/dky_robot/install/robot_interfaces/local/lib/python3.10/dist-packages/robot_interfaces/msg/_line_msg_s.c
[3.158s] -- Installing: /home/dky/Projects/dky_robot/install/robot_interfaces/local/lib/python3.10/dist-packages/robot_interfaces/msg/_qt_recv.py
[3.158s] -- Installing: /home/dky/Projects/dky_robot/install/robot_interfaces/local/lib/python3.10/dist-packages/robot_interfaces/msg/__init__.py
[3.158s] -- Installing: /home/dky/Projects/dky_robot/install/robot_interfaces/local/lib/python3.10/dist-packages/robot_interfaces/msg/_line_msg.py
[3.158s] -- Installing: /home/dky/Projects/dky_robot/install/robot_interfaces/local/lib/python3.10/dist-packages/robot_interfaces/msg/_qt_recv_s.c
[3.158s] -- Installing: /home/dky/Projects/dky_robot/install/robot_interfaces/local/lib/python3.10/dist-packages/robot_interfaces/_robot_interfaces_s.ep.rosidl_typesupport_c.c
[3.158s] -- Installing: /home/dky/Projects/dky_robot/install/robot_interfaces/local/lib/python3.10/dist-packages/robot_interfaces/__init__.py
[3.158s] -- Installing: /home/dky/Projects/dky_robot/install/robot_interfaces/local/lib/python3.10/dist-packages/robot_interfaces/robot_interfaces_s__rosidl_typesupport_fastrtps_c.cpython-310-x86_64-linux-gnu.so
[3.159s] -- Installing: /home/dky/Projects/dky_robot/install/robot_interfaces/local/lib/python3.10/dist-packages/robot_interfaces/_robot_interfaces_s.ep.rosidl_typesupport_introspection_c.c
[3.159s] -- Installing: /home/dky/Projects/dky_robot/install/robot_interfaces/local/lib/python3.10/dist-packages/robot_interfaces/robot_interfaces_s__rosidl_typesupport_c.cpython-310-x86_64-linux-gnu.so
[3.159s] -- Installing: /home/dky/Projects/dky_robot/install/robot_interfaces/local/lib/python3.10/dist-packages/robot_interfaces/robot_interfaces_s__rosidl_typesupport_introspection_c.cpython-310-x86_64-linux-gnu.so
[3.185s] Listing '/home/dky/Projects/dky_robot/install/robot_interfaces/local/lib/python3.10/dist-packages/robot_interfaces'...
[3.185s] Compiling '/home/dky/Projects/dky_robot/install/robot_interfaces/local/lib/python3.10/dist-packages/robot_interfaces/__init__.py'...
[3.185s] Listing '/home/dky/Projects/dky_robot/install/robot_interfaces/local/lib/python3.10/dist-packages/robot_interfaces/msg'...
[3.185s] Compiling '/home/dky/Projects/dky_robot/install/robot_interfaces/local/lib/python3.10/dist-packages/robot_interfaces/msg/__init__.py'...
[3.185s] Compiling '/home/dky/Projects/dky_robot/install/robot_interfaces/local/lib/python3.10/dist-packages/robot_interfaces/msg/_line_msg.py'...
[3.185s] Compiling '/home/dky/Projects/dky_robot/install/robot_interfaces/local/lib/python3.10/dist-packages/robot_interfaces/msg/_qt_recv.py'...
[3.188s] -- Installing: /home/dky/Projects/dky_robot/install/robot_interfaces/local/lib/python3.10/dist-packages/robot_interfaces/robot_interfaces_s__rosidl_typesupport_fastrtps_c.cpython-310-x86_64-linux-gnu.so
[3.188s] -- Set runtime path of "/home/dky/Projects/dky_robot/install/robot_interfaces/local/lib/python3.10/dist-packages/robot_interfaces/robot_interfaces_s__rosidl_typesupport_fastrtps_c.cpython-310-x86_64-linux-gnu.so" to ""
[3.188s] -- Installing: /home/dky/Projects/dky_robot/install/robot_interfaces/local/lib/python3.10/dist-packages/robot_interfaces/robot_interfaces_s__rosidl_typesupport_introspection_c.cpython-310-x86_64-linux-gnu.so
[3.189s] -- Set runtime path of "/home/dky/Projects/dky_robot/install/robot_interfaces/local/lib/python3.10/dist-packages/robot_interfaces/robot_interfaces_s__rosidl_typesupport_introspection_c.cpython-310-x86_64-linux-gnu.so" to ""
[3.189s] -- Installing: /home/dky/Projects/dky_robot/install/robot_interfaces/local/lib/python3.10/dist-packages/robot_interfaces/robot_interfaces_s__rosidl_typesupport_c.cpython-310-x86_64-linux-gnu.so
[3.189s] -- Set runtime path of "/home/dky/Projects/dky_robot/install/robot_interfaces/local/lib/python3.10/dist-packages/robot_interfaces/robot_interfaces_s__rosidl_typesupport_c.cpython-310-x86_64-linux-gnu.so" to ""
[3.189s] -- Installing: /home/dky/Projects/dky_robot/install/robot_interfaces/lib/librobot_interfaces__rosidl_generator_py.so
[3.189s] -- Set runtime path of "/home/dky/Projects/dky_robot/install/robot_interfaces/lib/librobot_interfaces__rosidl_generator_py.so" to ""
[3.189s] -- Installing: /home/dky/Projects/dky_robot/install/robot_interfaces/share/robot_interfaces/msg/QtRecv.idl
[3.189s] -- Up-to-date: /home/dky/Projects/dky_robot/install/robot_interfaces/share/robot_interfaces/msg/LineMsg.idl
[3.189s] -- Installing: /home/dky/Projects/dky_robot/install/robot_interfaces/share/robot_interfaces/msg/QtRecv.msg
[3.190s] -- Up-to-date: /home/dky/Projects/dky_robot/install/robot_interfaces/share/robot_interfaces/msg/LineMsg.msg
[3.190s] -- Installing: /home/dky/Projects/dky_robot/install/robot_interfaces/share/ament_index/resource_index/package_run_dependencies/robot_interfaces
[3.190s] -- Up-to-date: /home/dky/Projects/dky_robot/install/robot_interfaces/share/ament_index/resource_index/parent_prefix_path/robot_interfaces
[3.190s] -- Up-to-date: /home/dky/Projects/dky_robot/install/robot_interfaces/share/robot_interfaces/environment/ament_prefix_path.sh
[3.190s] -- Installing: /home/dky/Projects/dky_robot/install/robot_interfaces/share/robot_interfaces/environment/ament_prefix_path.dsv
[3.190s] -- Up-to-date: /home/dky/Projects/dky_robot/install/robot_interfaces/share/robot_interfaces/environment/path.sh
[3.190s] -- Installing: /home/dky/Projects/dky_robot/install/robot_interfaces/share/robot_interfaces/environment/path.dsv
[3.190s] -- Up-to-date: /home/dky/Projects/dky_robot/install/robot_interfaces/share/robot_interfaces/local_setup.bash
[3.191s] -- Up-to-date: /home/dky/Projects/dky_robot/install/robot_interfaces/share/robot_interfaces/local_setup.sh
[3.191s] -- Up-to-date: /home/dky/Projects/dky_robot/install/robot_interfaces/share/robot_interfaces/local_setup.zsh
[3.191s] -- Installing: /home/dky/Projects/dky_robot/install/robot_interfaces/share/robot_interfaces/local_setup.dsv
[3.191s] -- Installing: /home/dky/Projects/dky_robot/install/robot_interfaces/share/robot_interfaces/package.dsv
[3.191s] -- Up-to-date: /home/dky/Projects/dky_robot/install/robot_interfaces/share/ament_index/resource_index/packages/robot_interfaces
[3.191s] -- Installing: /home/dky/Projects/dky_robot/install/robot_interfaces/share/robot_interfaces/cmake/export_robot_interfaces__rosidl_generator_cExport.cmake
[3.191s] -- Up-to-date: /home/dky/Projects/dky_robot/install/robot_interfaces/share/robot_interfaces/cmake/export_robot_interfaces__rosidl_generator_cExport-noconfig.cmake
[3.191s] -- Installing: /home/dky/Projects/dky_robot/install/robot_interfaces/share/robot_interfaces/cmake/export_robot_interfaces__rosidl_typesupport_fastrtps_cExport.cmake
[3.191s] -- Up-to-date: /home/dky/Projects/dky_robot/install/robot_interfaces/share/robot_interfaces/cmake/export_robot_interfaces__rosidl_typesupport_fastrtps_cExport-noconfig.cmake
[3.191s] -- Installing: /home/dky/Projects/dky_robot/install/robot_interfaces/share/robot_interfaces/cmake/robot_interfaces__rosidl_typesupport_introspection_cExport.cmake
[3.191s] -- Up-to-date: /home/dky/Projects/dky_robot/install/robot_interfaces/share/robot_interfaces/cmake/robot_interfaces__rosidl_typesupport_introspection_cExport-noconfig.cmake
[3.192s] -- Installing: /home/dky/Projects/dky_robot/install/robot_interfaces/share/robot_interfaces/cmake/robot_interfaces__rosidl_typesupport_cExport.cmake
[3.192s] -- Up-to-date: /home/dky/Projects/dky_robot/install/robot_interfaces/share/robot_interfaces/cmake/robot_interfaces__rosidl_typesupport_cExport-noconfig.cmake
[3.192s] -- Installing: /home/dky/Projects/dky_robot/install/robot_interfaces/share/robot_interfaces/cmake/export_robot_interfaces__rosidl_generator_cppExport.cmake
[3.192s] -- Installing: /home/dky/Projects/dky_robot/install/robot_interfaces/share/robot_interfaces/cmake/export_robot_interfaces__rosidl_typesupport_fastrtps_cppExport.cmake
[3.192s] -- Up-to-date: /home/dky/Projects/dky_robot/install/robot_interfaces/share/robot_interfaces/cmake/export_robot_interfaces__rosidl_typesupport_fastrtps_cppExport-noconfig.cmake
[3.193s] -- Installing: /home/dky/Projects/dky_robot/install/robot_interfaces/share/robot_interfaces/cmake/robot_interfaces__rosidl_typesupport_introspection_cppExport.cmake
[3.193s] -- Up-to-date: /home/dky/Projects/dky_robot/install/robot_interfaces/share/robot_interfaces/cmake/robot_interfaces__rosidl_typesupport_introspection_cppExport-noconfig.cmake
[3.193s] -- Installing: /home/dky/Projects/dky_robot/install/robot_interfaces/share/robot_interfaces/cmake/robot_interfaces__rosidl_typesupport_cppExport.cmake
[3.193s] -- Up-to-date: /home/dky/Projects/dky_robot/install/robot_interfaces/share/robot_interfaces/cmake/robot_interfaces__rosidl_typesupport_cppExport-noconfig.cmake
[3.193s] -- Installing: /home/dky/Projects/dky_robot/install/robot_interfaces/share/robot_interfaces/cmake/export_robot_interfaces__rosidl_generator_pyExport.cmake
[3.193s] -- Up-to-date: /home/dky/Projects/dky_robot/install/robot_interfaces/share/robot_interfaces/cmake/export_robot_interfaces__rosidl_generator_pyExport-noconfig.cmake
[3.194s] -- Up-to-date: /home/dky/Projects/dky_robot/install/robot_interfaces/share/robot_interfaces/cmake/rosidl_cmake-extras.cmake
[3.194s] -- Installing: /home/dky/Projects/dky_robot/install/robot_interfaces/share/robot_interfaces/cmake/ament_cmake_export_dependencies-extras.cmake
[3.194s] -- Up-to-date: /home/dky/Projects/dky_robot/install/robot_interfaces/share/robot_interfaces/cmake/ament_cmake_export_include_directories-extras.cmake
[3.194s] -- Up-to-date: /home/dky/Projects/dky_robot/install/robot_interfaces/share/robot_interfaces/cmake/ament_cmake_export_libraries-extras.cmake
[3.194s] -- Up-to-date: /home/dky/Projects/dky_robot/install/robot_interfaces/share/robot_interfaces/cmake/ament_cmake_export_targets-extras.cmake
[3.194s] -- Up-to-date: /home/dky/Projects/dky_robot/install/robot_interfaces/share/robot_interfaces/cmake/rosidl_cmake_export_typesupport_targets-extras.cmake
[3.194s] -- Up-to-date: /home/dky/Projects/dky_robot/install/robot_interfaces/share/robot_interfaces/cmake/rosidl_cmake_export_typesupport_libraries-extras.cmake
[3.194s] -- Up-to-date: /home/dky/Projects/dky_robot/install/robot_interfaces/share/robot_interfaces/cmake/robot_interfacesConfig.cmake
[3.194s] -- Up-to-date: /home/dky/Projects/dky_robot/install/robot_interfaces/share/robot_interfaces/cmake/robot_interfacesConfig-version.cmake
[3.194s] -- Installing: /home/dky/Projects/dky_robot/install/robot_interfaces/share/robot_interfaces/package.xml
[3.195s] Invoked command in '/home/dky/Projects/dky_robot/build/robot_interfaces' returned '0': CMAKE_PREFIX_PATH=${CMAKE_PREFIX_PATH}:/opt/ros/humble /usr/bin/cmake --install /home/dky/Projects/dky_robot/build/robot_interfaces
