[0.019s] Invoking command in '/home/dky/Projects/dky_robot/build/robot_gazebo': CMAKE_PREFIX_PATH=${CMAKE_PREFIX_PATH}:/opt/ros/humble /usr/bin/cmake /home/dky/Projects/dky_robot/src/robot_gazebo -DCMAKE_INSTALL_PREFIX=/home/dky/Projects/dky_robot/install/robot_gazebo
[0.100s] -- The C compiler identification is GNU 11.4.0
[0.144s] -- The CXX compiler identification is GNU 11.4.0
[0.152s] -- Detecting C compiler ABI info
[0.200s] -- Detecting C compiler ABI info - done
[0.206s] -- Check for working C compiler: /usr/bin/cc - skipped
[0.206s] -- Detecting C compile features
[0.207s] -- Detecting C compile features - done
[0.209s] -- Detecting CXX compiler ABI info
[0.278s] -- Detecting CXX compiler ABI info - done
[0.285s] -- Check for working CXX compiler: /usr/bin/c++ - skipped
[0.285s] -- Detecting CXX compile features
[0.286s] -- Detecting CXX compile features - done
[0.288s] -- Found ament_cmake: 1.3.8 (/opt/ros/humble/share/ament_cmake/cmake)
[0.420s] -- Found Python3: /usr/bin/python3 (found version "3.10.12") found components: Interpreter 
[0.509s] -- Found ament_lint_auto: 0.12.10 (/opt/ros/humble/share/ament_lint_auto/cmake)
[0.566s] -- Added test 'flake8' to check Python code syntax and style conventions
[0.566s] -- Added test 'lint_cmake' to check CMake code style
[0.566s] -- Added test 'pep257' to check Python code against some of the docstring style conventions in PEP 257
[0.567s] -- Added test 'xmllint' to check XML markup files
[0.568s] -- Configuring done
[0.569s] -- Generating done
[0.570s] -- Build files have been written to: /home/dky/Projects/dky_robot/build/robot_gazebo
[0.573s] Invoked command in '/home/dky/Projects/dky_robot/build/robot_gazebo' returned '0': CMAKE_PREFIX_PATH=${CMAKE_PREFIX_PATH}:/opt/ros/humble /usr/bin/cmake /home/dky/Projects/dky_robot/src/robot_gazebo -DCMAKE_INSTALL_PREFIX=/home/dky/Projects/dky_robot/install/robot_gazebo
[0.575s] Invoking command in '/home/dky/Projects/dky_robot/build/robot_gazebo': CMAKE_PREFIX_PATH=${CMAKE_PREFIX_PATH}:/opt/ros/humble /usr/bin/cmake --build /home/dky/Projects/dky_robot/build/robot_gazebo -- -j20 -l20
[0.601s] Invoked command in '/home/dky/Projects/dky_robot/build/robot_gazebo' returned '0': CMAKE_PREFIX_PATH=${CMAKE_PREFIX_PATH}:/opt/ros/humble /usr/bin/cmake --build /home/dky/Projects/dky_robot/build/robot_gazebo -- -j20 -l20
[0.623s] Invoking command in '/home/dky/Projects/dky_robot/build/robot_gazebo': CMAKE_PREFIX_PATH=${CMAKE_PREFIX_PATH}:/opt/ros/humble /usr/bin/cmake --install /home/dky/Projects/dky_robot/build/robot_gazebo
[0.628s] -- Install configuration: ""
[0.629s] -- Installing: /home/dky/Projects/dky_robot/install/robot_gazebo/share/robot_gazebo/launch
[0.629s] -- Installing: /home/dky/Projects/dky_robot/install/robot_gazebo/share/robot_gazebo/launch/robot_gazebo.launch.py
[0.629s] -- Installing: /home/dky/Projects/dky_robot/install/robot_gazebo/share/robot_gazebo/config
[0.629s] -- Installing: /home/dky/Projects/dky_robot/install/robot_gazebo/share/robot_gazebo/config/gazebo_robot_description.urdf.xacro
[0.629s] -- Installing: /home/dky/Projects/dky_robot/install/robot_gazebo/share/ament_index/resource_index/package_run_dependencies/robot_gazebo
[0.629s] -- Installing: /home/dky/Projects/dky_robot/install/robot_gazebo/share/ament_index/resource_index/parent_prefix_path/robot_gazebo
[0.629s] -- Installing: /home/dky/Projects/dky_robot/install/robot_gazebo/share/robot_gazebo/environment/ament_prefix_path.sh
[0.629s] -- Installing: /home/dky/Projects/dky_robot/install/robot_gazebo/share/robot_gazebo/environment/ament_prefix_path.dsv
[0.629s] -- Installing: /home/dky/Projects/dky_robot/install/robot_gazebo/share/robot_gazebo/environment/path.sh
[0.629s] -- Installing: /home/dky/Projects/dky_robot/install/robot_gazebo/share/robot_gazebo/environment/path.dsv
[0.630s] -- Installing: /home/dky/Projects/dky_robot/install/robot_gazebo/share/robot_gazebo/local_setup.bash
[0.630s] -- Installing: /home/dky/Projects/dky_robot/install/robot_gazebo/share/robot_gazebo/local_setup.sh
[0.630s] -- Installing: /home/dky/Projects/dky_robot/install/robot_gazebo/share/robot_gazebo/local_setup.zsh
[0.630s] -- Installing: /home/dky/Projects/dky_robot/install/robot_gazebo/share/robot_gazebo/local_setup.dsv
[0.630s] -- Installing: /home/dky/Projects/dky_robot/install/robot_gazebo/share/robot_gazebo/package.dsv
[0.630s] -- Installing: /home/dky/Projects/dky_robot/install/robot_gazebo/share/ament_index/resource_index/packages/robot_gazebo
[0.630s] -- Installing: /home/dky/Projects/dky_robot/install/robot_gazebo/share/robot_gazebo/cmake/robot_gazeboConfig.cmake
[0.630s] -- Installing: /home/dky/Projects/dky_robot/install/robot_gazebo/share/robot_gazebo/cmake/robot_gazeboConfig-version.cmake
[0.630s] -- Installing: /home/dky/Projects/dky_robot/install/robot_gazebo/share/robot_gazebo/package.xml
[0.633s] Invoked command in '/home/dky/Projects/dky_robot/build/robot_gazebo' returned '0': CMAKE_PREFIX_PATH=${CMAKE_PREFIX_PATH}:/opt/ros/humble /usr/bin/cmake --install /home/dky/Projects/dky_robot/build/robot_gazebo
