[100%] Built target robot_cartesian
-- Install configuration: ""
-- Up-to-date: /home/dky/Projects/dky_robot/install/robot_cartesian/lib/robot_cartesian/robot_cartesian
-- Up-to-date: /home/dky/Projects/dky_robot/install/robot_cartesian/share/robot_cartesian/launch
-- Up-to-date: /home/dky/Projects/dky_robot/install/robot_cartesian/share/robot_cartesian/launch/robot_cartesian.launch.py
-- Up-to-date: /home/dky/Projects/dky_robot/install/robot_cartesian/share/ament_index/resource_index/package_run_dependencies/robot_cartesian
-- Up-to-date: /home/dky/Projects/dky_robot/install/robot_cartesian/share/ament_index/resource_index/parent_prefix_path/robot_cartesian
-- Up-to-date: /home/dky/Projects/dky_robot/install/robot_cartesian/share/robot_cartesian/environment/ament_prefix_path.sh
-- Up-to-date: /home/dky/Projects/dky_robot/install/robot_cartesian/share/robot_cartesian/environment/ament_prefix_path.dsv
-- Up-to-date: /home/dky/Projects/dky_robot/install/robot_cartesian/share/robot_cartesian/environment/path.sh
-- Up-to-date: /home/dky/Projects/dky_robot/install/robot_cartesian/share/robot_cartesian/environment/path.dsv
-- Up-to-date: /home/dky/Projects/dky_robot/install/robot_cartesian/share/robot_cartesian/local_setup.bash
-- Up-to-date: /home/dky/Projects/dky_robot/install/robot_cartesian/share/robot_cartesian/local_setup.sh
-- Up-to-date: /home/dky/Projects/dky_robot/install/robot_cartesian/share/robot_cartesian/local_setup.zsh
-- Up-to-date: /home/dky/Projects/dky_robot/install/robot_cartesian/share/robot_cartesian/local_setup.dsv
-- Installing: /home/dky/Projects/dky_robot/install/robot_cartesian/share/robot_cartesian/package.dsv
-- Up-to-date: /home/dky/Projects/dky_robot/install/robot_cartesian/share/ament_index/resource_index/packages/robot_cartesian
-- Up-to-date: /home/dky/Projects/dky_robot/install/robot_cartesian/share/robot_cartesian/cmake/robot_cartesianConfig.cmake
-- Up-to-date: /home/dky/Projects/dky_robot/install/robot_cartesian/share/robot_cartesian/cmake/robot_cartesianConfig-version.cmake
-- Up-to-date: /home/dky/Projects/dky_robot/install/robot_cartesian/share/robot_cartesian/package.xml
