[35m[1mConsolidate compiler generated dependencies of target robot_cartesian[0m
[100%] Built target robot_cartesian
-- Install configuration: ""
-- Installing: /home/dky/Projects/dky_robot/install/robot_cartesian/lib/robot_cartesian/robot_cartesian
-- Set runtime path of "/home/dky/Projects/dky_robot/install/robot_cartesian/lib/robot_cartesian/robot_cartesian" to ""
-- Up-to-date: /home/dky/Projects/dky_robot/install/robot_cartesian/share/robot_cartesian/launch
-- Up-to-date: /home/dky/Projects/dky_robot/install/robot_cartesian/share/robot_cartesian/launch/robot_cartesian.launch.py
-- Up-to-date: /home/dky/Projects/dky_robot/install/robot_cartesian/share/ament_index/resource_index/package_run_dependencies/robot_cartesian
-- Installing: /home/dky/Projects/dky_robot/install/robot_cartesian/share/ament_index/resource_index/parent_prefix_path/robot_cartesian
-- Up-to-date: /home/dky/Projects/dky_robot/install/robot_cartesian/share/robot_cartesian/environment/ament_prefix_path.sh
-- Installing: /home/dky/Projects/dky_robot/install/robot_cartesian/share/robot_cartesian/environment/ament_prefix_path.dsv
-- Up-to-date: /home/dky/Projects/dky_robot/install/robot_cartesian/share/robot_cartesian/environment/path.sh
-- Installing: /home/dky/Projects/dky_robot/install/robot_cartesian/share/robot_cartesian/environment/path.dsv
-- Up-to-date: /home/dky/Projects/dky_robot/install/robot_cartesian/share/robot_cartesian/local_setup.bash
-- Up-to-date: /home/dky/Projects/dky_robot/install/robot_cartesian/share/robot_cartesian/local_setup.sh
-- Up-to-date: /home/dky/Projects/dky_robot/install/robot_cartesian/share/robot_cartesian/local_setup.zsh
-- Installing: /home/dky/Projects/dky_robot/install/robot_cartesian/share/robot_cartesian/local_setup.dsv
-- Installing: /home/dky/Projects/dky_robot/install/robot_cartesian/share/robot_cartesian/package.dsv
-- Up-to-date: /home/dky/Projects/dky_robot/install/robot_cartesian/share/ament_index/resource_index/packages/robot_cartesian
-- Up-to-date: /home/dky/Projects/dky_robot/install/robot_cartesian/share/robot_cartesian/cmake/robot_cartesianConfig.cmake
-- Up-to-date: /home/dky/Projects/dky_robot/install/robot_cartesian/share/robot_cartesian/cmake/robot_cartesianConfig-version.cmake
-- Up-to-date: /home/dky/Projects/dky_robot/install/robot_cartesian/share/robot_cartesian/package.xml
