[0.021s] Invoking command in '/home/dky/Projects/dky_robot/build/robot_cartesian': CMAKE_PREFIX_PATH=/opt/ros/humble /usr/bin/cmake --build /home/dky/Projects/dky_robot/build/robot_cartesian -- -j20 -l20
[0.054s] [35m[1mConsolidate compiler generated dependencies of target robot_cartesian[0m
[0.085s] [100%] Built target robot_cartesian
[0.107s] Invoked command in '/home/dky/Projects/dky_robot/build/robot_cartesian' returned '0': CMAKE_PREFIX_PATH=/opt/ros/humble /usr/bin/cmake --build /home/dky/Projects/dky_robot/build/robot_cartesian -- -j20 -l20
[0.139s] Invoking command in '/home/dky/Projects/dky_robot/build/robot_cartesian': CMAKE_PREFIX_PATH=/opt/ros/humble /usr/bin/cmake --install /home/dky/Projects/dky_robot/build/robot_cartesian
[0.153s] -- Install configuration: ""
[0.153s] -- Installing: /home/dky/Projects/dky_robot/install/robot_cartesian/lib/robot_cartesian/robot_cartesian
[0.153s] -- Set runtime path of "/home/dky/Projects/dky_robot/install/robot_cartesian/lib/robot_cartesian/robot_cartesian" to ""
[0.154s] -- Up-to-date: /home/dky/Projects/dky_robot/install/robot_cartesian/share/robot_cartesian/launch
[0.154s] -- Up-to-date: /home/dky/Projects/dky_robot/install/robot_cartesian/share/robot_cartesian/launch/robot_cartesian.launch.py
[0.154s] -- Up-to-date: /home/dky/Projects/dky_robot/install/robot_cartesian/share/ament_index/resource_index/package_run_dependencies/robot_cartesian
[0.154s] -- Installing: /home/dky/Projects/dky_robot/install/robot_cartesian/share/ament_index/resource_index/parent_prefix_path/robot_cartesian
[0.154s] -- Up-to-date: /home/dky/Projects/dky_robot/install/robot_cartesian/share/robot_cartesian/environment/ament_prefix_path.sh
[0.155s] -- Installing: /home/dky/Projects/dky_robot/install/robot_cartesian/share/robot_cartesian/environment/ament_prefix_path.dsv
[0.155s] -- Up-to-date: /home/dky/Projects/dky_robot/install/robot_cartesian/share/robot_cartesian/environment/path.sh
[0.155s] -- Installing: /home/dky/Projects/dky_robot/install/robot_cartesian/share/robot_cartesian/environment/path.dsv
[0.155s] -- Up-to-date: /home/dky/Projects/dky_robot/install/robot_cartesian/share/robot_cartesian/local_setup.bash
[0.156s] -- Up-to-date: /home/dky/Projects/dky_robot/install/robot_cartesian/share/robot_cartesian/local_setup.sh
[0.157s] -- Up-to-date: /home/dky/Projects/dky_robot/install/robot_cartesian/share/robot_cartesian/local_setup.zsh
[0.158s] -- Installing: /home/dky/Projects/dky_robot/install/robot_cartesian/share/robot_cartesian/local_setup.dsv
[0.159s] -- Installing: /home/dky/Projects/dky_robot/install/robot_cartesian/share/robot_cartesian/package.dsv
[0.159s] -- Up-to-date: /home/dky/Projects/dky_robot/install/robot_cartesian/share/ament_index/resource_index/packages/robot_cartesian
[0.159s] -- Up-to-date: /home/dky/Projects/dky_robot/install/robot_cartesian/share/robot_cartesian/cmake/robot_cartesianConfig.cmake
[0.159s] -- Up-to-date: /home/dky/Projects/dky_robot/install/robot_cartesian/share/robot_cartesian/cmake/robot_cartesianConfig-version.cmake
[0.159s] -- Up-to-date: /home/dky/Projects/dky_robot/install/robot_cartesian/share/robot_cartesian/package.xml
[0.166s] Invoked command in '/home/dky/Projects/dky_robot/build/robot_cartesian' returned '0': CMAKE_PREFIX_PATH=/opt/ros/humble /usr/bin/cmake --install /home/dky/Projects/dky_robot/build/robot_cartesian
