-- Install configuration: ""
-- Up-to-date: /home/dky/Projects/dky_robot/install/robot_bringup/share/robot_bringup/launch
-- Up-to-date: /home/dky/Projects/dky_robot/install/robot_bringup/share/robot_bringup/launch/robot_real_cartesian.launch.py
-- Up-to-date: /home/dky/Projects/dky_robot/install/robot_bringup/share/robot_bringup/launch/robot_real_grasp.launch.py
-- Installing: /home/dky/Projects/dky_robot/install/robot_bringup/share/robot_bringup/launch/robot_qt_control.launch.py
-- Up-to-date: /home/dky/Projects/dky_robot/install/robot_bringup/share/robot_bringup/launch/robot_real.launch.py
-- Up-to-date: /home/dky/Projects/dky_robot/install/robot_bringup/share/robot_bringup/launch/robot_gazebo_grasp.launch.py
-- Up-to-date: /home/dky/Projects/dky_robot/install/robot_bringup/share/robot_bringup/launch/robot_gazebo_cartesian.launch.py
-- Installing: /home/dky/Projects/dky_robot/install/robot_bringup/share/robot_bringup/launch/robot_gazebo.launch.py
-- Up-to-date: /home/dky/Projects/dky_robot/install/robot_bringup/share/ament_index/resource_index/package_run_dependencies/robot_bringup
-- Up-to-date: /home/dky/Projects/dky_robot/install/robot_bringup/share/ament_index/resource_index/parent_prefix_path/robot_bringup
-- Up-to-date: /home/dky/Projects/dky_robot/install/robot_bringup/share/robot_bringup/environment/ament_prefix_path.sh
-- Up-to-date: /home/dky/Projects/dky_robot/install/robot_bringup/share/robot_bringup/environment/ament_prefix_path.dsv
-- Up-to-date: /home/dky/Projects/dky_robot/install/robot_bringup/share/robot_bringup/environment/path.sh
-- Up-to-date: /home/dky/Projects/dky_robot/install/robot_bringup/share/robot_bringup/environment/path.dsv
-- Up-to-date: /home/dky/Projects/dky_robot/install/robot_bringup/share/robot_bringup/local_setup.bash
-- Up-to-date: /home/dky/Projects/dky_robot/install/robot_bringup/share/robot_bringup/local_setup.sh
-- Up-to-date: /home/dky/Projects/dky_robot/install/robot_bringup/share/robot_bringup/local_setup.zsh
-- Up-to-date: /home/dky/Projects/dky_robot/install/robot_bringup/share/robot_bringup/local_setup.dsv
-- Installing: /home/dky/Projects/dky_robot/install/robot_bringup/share/robot_bringup/package.dsv
-- Up-to-date: /home/dky/Projects/dky_robot/install/robot_bringup/share/ament_index/resource_index/packages/robot_bringup
-- Up-to-date: /home/dky/Projects/dky_robot/install/robot_bringup/share/robot_bringup/cmake/robot_bringupConfig.cmake
-- Up-to-date: /home/dky/Projects/dky_robot/install/robot_bringup/share/robot_bringup/cmake/robot_bringupConfig-version.cmake
-- Up-to-date: /home/dky/Projects/dky_robot/install/robot_bringup/share/robot_bringup/package.xml
