[0.035s] Invoking command in '/home/dky/Projects/dky_robot/build/robot_qtrecv': CMAKE_PREFIX_PATH=/opt/ros/humble /usr/bin/cmake --build /home/dky/Projects/dky_robot/build/robot_qtrecv -- -j20 -l20
[0.087s] [ 50%] [32mBuilding CXX object CMakeFiles/robot_qtrecv.dir/src/robot_qtrecv.cpp.o[0m
[6.231s] [100%] [32m[1mLinking CXX executable robot_qtrecv[0m
[6.581s] [100%] Built target robot_qtrecv
[6.593s] Invoked command in '/home/dky/Projects/dky_robot/build/robot_qtrecv' returned '0': CMAKE_PREFIX_PATH=/opt/ros/humble /usr/bin/cmake --build /home/dky/Projects/dky_robot/build/robot_qtrecv -- -j20 -l20
[6.619s] Invoking command in '/home/dky/Projects/dky_robot/build/robot_qtrecv': CMAKE_PREFIX_PATH=/opt/ros/humble /usr/bin/cmake --install /home/dky/Projects/dky_robot/build/robot_qtrecv
[6.627s] -- Install configuration: ""
[6.628s] -- Installing: /home/dky/Projects/dky_robot/install/robot_qtrecv/lib/robot_qtrecv/robot_qtrecv
[6.631s] -- Set runtime path of "/home/dky/Projects/dky_robot/install/robot_qtrecv/lib/robot_qtrecv/robot_qtrecv" to ""
[6.631s] -- Up-to-date: /home/dky/Projects/dky_robot/install/robot_qtrecv/share/robot_qtrecv/launch
[6.631s] -- Up-to-date: /home/dky/Projects/dky_robot/install/robot_qtrecv/share/robot_qtrecv/launch/robot_qtrecv.launch.py
[6.631s] -- Up-to-date: /home/dky/Projects/dky_robot/install/robot_qtrecv/share/ament_index/resource_index/package_run_dependencies/robot_qtrecv
[6.631s] -- Up-to-date: /home/dky/Projects/dky_robot/install/robot_qtrecv/share/ament_index/resource_index/parent_prefix_path/robot_qtrecv
[6.631s] -- Up-to-date: /home/dky/Projects/dky_robot/install/robot_qtrecv/share/robot_qtrecv/environment/ament_prefix_path.sh
[6.631s] -- Up-to-date: /home/dky/Projects/dky_robot/install/robot_qtrecv/share/robot_qtrecv/environment/ament_prefix_path.dsv
[6.631s] -- Up-to-date: /home/dky/Projects/dky_robot/install/robot_qtrecv/share/robot_qtrecv/environment/path.sh
[6.631s] -- Up-to-date: /home/dky/Projects/dky_robot/install/robot_qtrecv/share/robot_qtrecv/environment/path.dsv
[6.631s] -- Up-to-date: /home/dky/Projects/dky_robot/install/robot_qtrecv/share/robot_qtrecv/local_setup.bash
[6.631s] -- Up-to-date: /home/dky/Projects/dky_robot/install/robot_qtrecv/share/robot_qtrecv/local_setup.sh
[6.631s] -- Up-to-date: /home/dky/Projects/dky_robot/install/robot_qtrecv/share/robot_qtrecv/local_setup.zsh
[6.631s] -- Up-to-date: /home/dky/Projects/dky_robot/install/robot_qtrecv/share/robot_qtrecv/local_setup.dsv
[6.631s] -- Installing: /home/dky/Projects/dky_robot/install/robot_qtrecv/share/robot_qtrecv/package.dsv
[6.631s] -- Up-to-date: /home/dky/Projects/dky_robot/install/robot_qtrecv/share/ament_index/resource_index/packages/robot_qtrecv
[6.631s] -- Up-to-date: /home/dky/Projects/dky_robot/install/robot_qtrecv/share/robot_qtrecv/cmake/robot_qtrecvConfig.cmake
[6.631s] -- Up-to-date: /home/dky/Projects/dky_robot/install/robot_qtrecv/share/robot_qtrecv/cmake/robot_qtrecvConfig-version.cmake
[6.632s] -- Up-to-date: /home/dky/Projects/dky_robot/install/robot_qtrecv/share/robot_qtrecv/package.xml
[6.633s] Invoked command in '/home/dky/Projects/dky_robot/build/robot_qtrecv' returned '0': CMAKE_PREFIX_PATH=/opt/ros/humble /usr/bin/cmake --install /home/dky/Projects/dky_robot/build/robot_qtrecv
