[0.027s] Invoking command in '/home/dky/Projects/dky_robot/build/robot_description': CMAKE_PREFIX_PATH=${CMAKE_PREFIX_PATH}:/opt/ros/humble /usr/bin/cmake /home/dky/Projects/dky_robot/src/robot_description -DCMAKE_INSTALL_PREFIX=/home/dky/Projects/dky_robot/install/robot_description
[0.078s] -- The C compiler identification is GNU 11.4.0
[0.123s] -- The CXX compiler identification is GNU 11.4.0
[0.129s] -- Detecting C compiler ABI info
[0.187s] -- Detecting C compiler ABI info - done
[0.196s] -- Check for working C compiler: /usr/bin/cc - skipped
[0.196s] -- Detecting C compile features
[0.197s] -- Detecting C compile features - done
[0.200s] -- Detecting CXX compiler ABI info
[0.265s] -- Detecting CXX compiler ABI info - done
[0.275s] -- Check for working CXX compiler: /usr/bin/c++ - skipped
[0.275s] -- Detecting CXX compile features
[0.276s] -- Detecting CXX compile features - done
[0.280s] -- Found ament_cmake: 1.3.8 (/opt/ros/humble/share/ament_cmake/cmake)
[0.423s] -- Found Python3: /usr/bin/python3 (found version "3.10.12") found components: Interpreter 
[0.505s] -- Found ament_lint_auto: 0.12.10 (/opt/ros/humble/share/ament_lint_auto/cmake)
[0.568s] -- Added test 'copyright' to check source files copyright and LICENSE
[0.569s] -- Added test 'flake8' to check Python code syntax and style conventions
[0.570s] -- Added test 'lint_cmake' to check CMake code style
[0.570s] -- Added test 'pep257' to check Python code against some of the docstring style conventions in PEP 257
[0.571s] -- Added test 'xmllint' to check XML markup files
[0.572s] -- Configuring done
[0.577s] -- Generating done
[0.579s] -- Build files have been written to: /home/dky/Projects/dky_robot/build/robot_description
[0.580s] Invoked command in '/home/dky/Projects/dky_robot/build/robot_description' returned '0': CMAKE_PREFIX_PATH=${CMAKE_PREFIX_PATH}:/opt/ros/humble /usr/bin/cmake /home/dky/Projects/dky_robot/src/robot_description -DCMAKE_INSTALL_PREFIX=/home/dky/Projects/dky_robot/install/robot_description
[0.582s] Invoking command in '/home/dky/Projects/dky_robot/build/robot_description': CMAKE_PREFIX_PATH=${CMAKE_PREFIX_PATH}:/opt/ros/humble /usr/bin/cmake --build /home/dky/Projects/dky_robot/build/robot_description -- -j20 -l20
[0.613s] Invoked command in '/home/dky/Projects/dky_robot/build/robot_description' returned '0': CMAKE_PREFIX_PATH=${CMAKE_PREFIX_PATH}:/opt/ros/humble /usr/bin/cmake --build /home/dky/Projects/dky_robot/build/robot_description -- -j20 -l20
[0.630s] Invoking command in '/home/dky/Projects/dky_robot/build/robot_description': CMAKE_PREFIX_PATH=${CMAKE_PREFIX_PATH}:/opt/ros/humble /usr/bin/cmake --install /home/dky/Projects/dky_robot/build/robot_description
[0.634s] -- Install configuration: ""
[0.634s] -- Up-to-date: /home/dky/Projects/dky_robot/install/robot_description/share/robot_description/launch
[0.634s] -- Up-to-date: /home/dky/Projects/dky_robot/install/robot_description/share/robot_description/launch/robot_display.launch.py
[0.634s] -- Up-to-date: /home/dky/Projects/dky_robot/install/robot_description/share/robot_description/urdf
[0.634s] -- Up-to-date: /home/dky/Projects/dky_robot/install/robot_description/share/robot_description/urdf/robot_gazebo.urdf
[0.634s] -- Up-to-date: /home/dky/Projects/dky_robot/install/robot_description/share/robot_description/urdf/robot.urdf
[0.635s] -- Up-to-date: /home/dky/Projects/dky_robot/install/robot_description/share/robot_description/meshes
[0.635s] -- Up-to-date: /home/dky/Projects/dky_robot/install/robot_description/share/robot_description/meshes/link1.STL
[0.635s] -- Up-to-date: /home/dky/Projects/dky_robot/install/robot_description/share/robot_description/meshes/link2.STL
[0.635s] -- Up-to-date: /home/dky/Projects/dky_robot/install/robot_description/share/robot_description/meshes/link5.STL
[0.635s] -- Up-to-date: /home/dky/Projects/dky_robot/install/robot_description/share/robot_description/meshes/link4.STL
[0.635s] -- Up-to-date: /home/dky/Projects/dky_robot/install/robot_description/share/robot_description/meshes/link6.STL
[0.635s] -- Up-to-date: /home/dky/Projects/dky_robot/install/robot_description/share/robot_description/meshes/base_link.STL
[0.635s] -- Up-to-date: /home/dky/Projects/dky_robot/install/robot_description/share/robot_description/meshes/link3.STL
[0.635s] -- Up-to-date: /home/dky/Projects/dky_robot/install/robot_description/share/ament_index/resource_index/package_run_dependencies/robot_description
[0.635s] -- Up-to-date: /home/dky/Projects/dky_robot/install/robot_description/share/ament_index/resource_index/parent_prefix_path/robot_description
[0.635s] -- Up-to-date: /home/dky/Projects/dky_robot/install/robot_description/share/robot_description/environment/ament_prefix_path.sh
[0.635s] -- Installing: /home/dky/Projects/dky_robot/install/robot_description/share/robot_description/environment/ament_prefix_path.dsv
[0.635s] -- Up-to-date: /home/dky/Projects/dky_robot/install/robot_description/share/robot_description/environment/path.sh
[0.636s] -- Installing: /home/dky/Projects/dky_robot/install/robot_description/share/robot_description/environment/path.dsv
[0.636s] -- Up-to-date: /home/dky/Projects/dky_robot/install/robot_description/share/robot_description/local_setup.bash
[0.636s] -- Up-to-date: /home/dky/Projects/dky_robot/install/robot_description/share/robot_description/local_setup.sh
[0.636s] -- Up-to-date: /home/dky/Projects/dky_robot/install/robot_description/share/robot_description/local_setup.zsh
[0.636s] -- Installing: /home/dky/Projects/dky_robot/install/robot_description/share/robot_description/local_setup.dsv
[0.636s] -- Installing: /home/dky/Projects/dky_robot/install/robot_description/share/robot_description/package.dsv
[0.636s] -- Up-to-date: /home/dky/Projects/dky_robot/install/robot_description/share/ament_index/resource_index/packages/robot_description
[0.636s] -- Up-to-date: /home/dky/Projects/dky_robot/install/robot_description/share/robot_description/cmake/robot_descriptionConfig.cmake
[0.636s] -- Up-to-date: /home/dky/Projects/dky_robot/install/robot_description/share/robot_description/cmake/robot_descriptionConfig-version.cmake
[0.636s] -- Up-to-date: /home/dky/Projects/dky_robot/install/robot_description/share/robot_description/package.xml
[0.644s] Invoked command in '/home/dky/Projects/dky_robot/build/robot_description' returned '0': CMAKE_PREFIX_PATH=${CMAKE_PREFIX_PATH}:/opt/ros/humble /usr/bin/cmake --install /home/dky/Projects/dky_robot/build/robot_description
