[0.026s] Invoking command in '/home/dky/Projects/dky_robot/build/robot_bringup': CMAKE_PREFIX_PATH=${CMAKE_PREFIX_PATH}:/opt/ros/humble /usr/bin/cmake --build /home/dky/Projects/dky_robot/build/robot_bringup -- -j20 -l20
[0.053s] Invoked command in '/home/dky/Projects/dky_robot/build/robot_bringup' returned '0': CMAKE_PREFIX_PATH=${CMAKE_PREFIX_PATH}:/opt/ros/humble /usr/bin/cmake --build /home/dky/Projects/dky_robot/build/robot_bringup -- -j20 -l20
[0.081s] Invoking command in '/home/dky/Projects/dky_robot/build/robot_bringup': CMAKE_PREFIX_PATH=${CMAKE_PREFIX_PATH}:/opt/ros/humble /usr/bin/cmake --install /home/dky/Projects/dky_robot/build/robot_bringup
[0.091s] -- Install configuration: ""
[0.092s] -- Up-to-date: /home/dky/Projects/dky_robot/install/robot_bringup/share/robot_bringup/launch
[0.092s] -- Up-to-date: /home/dky/Projects/dky_robot/install/robot_bringup/share/robot_bringup/launch/robot_real_cartesian.launch.py
[0.092s] -- Up-to-date: /home/dky/Projects/dky_robot/install/robot_bringup/share/robot_bringup/launch/robot_real_grasp.launch.py
[0.092s] -- Up-to-date: /home/dky/Projects/dky_robot/install/robot_bringup/share/robot_bringup/launch/robot_real.launch.py
[0.092s] -- Up-to-date: /home/dky/Projects/dky_robot/install/robot_bringup/share/robot_bringup/launch/robot_gazebo_grasp.launch.py
[0.092s] -- Up-to-date: /home/dky/Projects/dky_robot/install/robot_bringup/share/robot_bringup/launch/robot_gazebo_cartesian.launch.py
[0.092s] -- Up-to-date: /home/dky/Projects/dky_robot/install/robot_bringup/share/robot_bringup/launch/robot_gazebo.launch.py
[0.092s] -- Up-to-date: /home/dky/Projects/dky_robot/install/robot_bringup/share/ament_index/resource_index/package_run_dependencies/robot_bringup
[0.092s] -- Up-to-date: /home/dky/Projects/dky_robot/install/robot_bringup/share/ament_index/resource_index/parent_prefix_path/robot_bringup
[0.092s] -- Up-to-date: /home/dky/Projects/dky_robot/install/robot_bringup/share/robot_bringup/environment/ament_prefix_path.sh
[0.092s] -- Up-to-date: /home/dky/Projects/dky_robot/install/robot_bringup/share/robot_bringup/environment/ament_prefix_path.dsv
[0.092s] -- Up-to-date: /home/dky/Projects/dky_robot/install/robot_bringup/share/robot_bringup/environment/path.sh
[0.092s] -- Up-to-date: /home/dky/Projects/dky_robot/install/robot_bringup/share/robot_bringup/environment/path.dsv
[0.092s] -- Up-to-date: /home/dky/Projects/dky_robot/install/robot_bringup/share/robot_bringup/local_setup.bash
[0.092s] -- Up-to-date: /home/dky/Projects/dky_robot/install/robot_bringup/share/robot_bringup/local_setup.sh
[0.092s] -- Up-to-date: /home/dky/Projects/dky_robot/install/robot_bringup/share/robot_bringup/local_setup.zsh
[0.093s] -- Up-to-date: /home/dky/Projects/dky_robot/install/robot_bringup/share/robot_bringup/local_setup.dsv
[0.093s] -- Installing: /home/dky/Projects/dky_robot/install/robot_bringup/share/robot_bringup/package.dsv
[0.093s] -- Up-to-date: /home/dky/Projects/dky_robot/install/robot_bringup/share/ament_index/resource_index/packages/robot_bringup
[0.093s] -- Up-to-date: /home/dky/Projects/dky_robot/install/robot_bringup/share/robot_bringup/cmake/robot_bringupConfig.cmake
[0.093s] -- Up-to-date: /home/dky/Projects/dky_robot/install/robot_bringup/share/robot_bringup/cmake/robot_bringupConfig-version.cmake
[0.093s] -- Up-to-date: /home/dky/Projects/dky_robot/install/robot_bringup/share/robot_bringup/package.xml
[0.098s] Invoked command in '/home/dky/Projects/dky_robot/build/robot_bringup' returned '0': CMAKE_PREFIX_PATH=${CMAKE_PREFIX_PATH}:/opt/ros/humble /usr/bin/cmake --install /home/dky/Projects/dky_robot/build/robot_bringup
