[0.030s] Invoking command in '/home/dky/Projects/dky_robot/build/robot_qtrecv': CMAKE_PREFIX_PATH=${CMAKE_PREFIX_PATH}:/opt/ros/humble /usr/bin/cmake --build /home/dky/Projects/dky_robot/build/robot_qtrecv -- -j20 -l20
[0.082s] [ 50%] [32mBuilding CXX object CMakeFiles/robot_qtrecv.dir/src/robot_qtrecv.cpp.o[0m
[8.133s] [100%] [32m[1mLinking CXX executable robot_qtrecv[0m
[8.449s] [100%] Built target robot_qtrecv
[8.458s] Invoked command in '/home/dky/Projects/dky_robot/build/robot_qtrecv' returned '0': CMAKE_PREFIX_PATH=${CMAKE_PREFIX_PATH}:/opt/ros/humble /usr/bin/cmake --build /home/dky/Projects/dky_robot/build/robot_qtrecv -- -j20 -l20
[8.484s] Invoking command in '/home/dky/Projects/dky_robot/build/robot_qtrecv': CMAKE_PREFIX_PATH=${CMAKE_PREFIX_PATH}:/opt/ros/humble /usr/bin/cmake --install /home/dky/Projects/dky_robot/build/robot_qtrecv
[8.493s] -- Install configuration: ""
[8.493s] -- Installing: /home/dky/Projects/dky_robot/install/robot_qtrecv/lib/robot_qtrecv/robot_qtrecv
[8.496s] -- Set runtime path of "/home/dky/Projects/dky_robot/install/robot_qtrecv/lib/robot_qtrecv/robot_qtrecv" to ""
[8.496s] -- Up-to-date: /home/dky/Projects/dky_robot/install/robot_qtrecv/share/robot_qtrecv/launch
[8.496s] -- Up-to-date: /home/dky/Projects/dky_robot/install/robot_qtrecv/share/robot_qtrecv/launch/robot_qtrecv.launch.py
[8.496s] -- Up-to-date: /home/dky/Projects/dky_robot/install/robot_qtrecv/share/ament_index/resource_index/package_run_dependencies/robot_qtrecv
[8.496s] -- Up-to-date: /home/dky/Projects/dky_robot/install/robot_qtrecv/share/ament_index/resource_index/parent_prefix_path/robot_qtrecv
[8.496s] -- Up-to-date: /home/dky/Projects/dky_robot/install/robot_qtrecv/share/robot_qtrecv/environment/ament_prefix_path.sh
[8.496s] -- Up-to-date: /home/dky/Projects/dky_robot/install/robot_qtrecv/share/robot_qtrecv/environment/ament_prefix_path.dsv
[8.496s] -- Up-to-date: /home/dky/Projects/dky_robot/install/robot_qtrecv/share/robot_qtrecv/environment/path.sh
[8.496s] -- Up-to-date: /home/dky/Projects/dky_robot/install/robot_qtrecv/share/robot_qtrecv/environment/path.dsv
[8.497s] -- Up-to-date: /home/dky/Projects/dky_robot/install/robot_qtrecv/share/robot_qtrecv/local_setup.bash
[8.497s] -- Up-to-date: /home/dky/Projects/dky_robot/install/robot_qtrecv/share/robot_qtrecv/local_setup.sh
[8.497s] -- Up-to-date: /home/dky/Projects/dky_robot/install/robot_qtrecv/share/robot_qtrecv/local_setup.zsh
[8.497s] -- Up-to-date: /home/dky/Projects/dky_robot/install/robot_qtrecv/share/robot_qtrecv/local_setup.dsv
[8.497s] -- Installing: /home/dky/Projects/dky_robot/install/robot_qtrecv/share/robot_qtrecv/package.dsv
[8.497s] -- Up-to-date: /home/dky/Projects/dky_robot/install/robot_qtrecv/share/ament_index/resource_index/packages/robot_qtrecv
[8.497s] -- Up-to-date: /home/dky/Projects/dky_robot/install/robot_qtrecv/share/robot_qtrecv/cmake/robot_qtrecvConfig.cmake
[8.497s] -- Up-to-date: /home/dky/Projects/dky_robot/install/robot_qtrecv/share/robot_qtrecv/cmake/robot_qtrecvConfig-version.cmake
[8.497s] -- Up-to-date: /home/dky/Projects/dky_robot/install/robot_qtrecv/share/robot_qtrecv/package.xml
[8.499s] Invoked command in '/home/dky/Projects/dky_robot/build/robot_qtrecv' returned '0': CMAKE_PREFIX_PATH=${CMAKE_PREFIX_PATH}:/opt/ros/humble /usr/bin/cmake --install /home/dky/Projects/dky_robot/build/robot_qtrecv
