[0.029s] Invoking command in '/home/dky/Projects/dky_robot/build/robot_gazebo': CMAKE_PREFIX_PATH=${CMAKE_PREFIX_PATH}:/opt/ros/humble /usr/bin/cmake --build /home/dky/Projects/dky_robot/build/robot_gazebo -- -j20 -l20
[0.079s] Invoked command in '/home/dky/Projects/dky_robot/build/robot_gazebo' returned '0': CMAKE_PREFIX_PATH=${CMAKE_PREFIX_PATH}:/opt/ros/humble /usr/bin/cmake --build /home/dky/Projects/dky_robot/build/robot_gazebo -- -j20 -l20
[0.111s] Invoking command in '/home/dky/Projects/dky_robot/build/robot_gazebo': CMAKE_PREFIX_PATH=${CMAKE_PREFIX_PATH}:/opt/ros/humble /usr/bin/cmake --install /home/dky/Projects/dky_robot/build/robot_gazebo
[0.120s] -- Install configuration: ""
[0.120s] -- Up-to-date: /home/dky/Projects/dky_robot/install/robot_gazebo/share/robot_gazebo/launch
[0.120s] -- Up-to-date: /home/dky/Projects/dky_robot/install/robot_gazebo/share/robot_gazebo/launch/robot_gazebo.launch.py
[0.120s] -- Up-to-date: /home/dky/Projects/dky_robot/install/robot_gazebo/share/robot_gazebo/config
[0.120s] -- Up-to-date: /home/dky/Projects/dky_robot/install/robot_gazebo/share/robot_gazebo/config/gazebo_robot_description.urdf.xacro
[0.120s] -- Up-to-date: /home/dky/Projects/dky_robot/install/robot_gazebo/share/ament_index/resource_index/package_run_dependencies/robot_gazebo
[0.120s] -- Up-to-date: /home/dky/Projects/dky_robot/install/robot_gazebo/share/ament_index/resource_index/parent_prefix_path/robot_gazebo
[0.121s] -- Up-to-date: /home/dky/Projects/dky_robot/install/robot_gazebo/share/robot_gazebo/environment/ament_prefix_path.sh
[0.121s] -- Up-to-date: /home/dky/Projects/dky_robot/install/robot_gazebo/share/robot_gazebo/environment/ament_prefix_path.dsv
[0.121s] -- Up-to-date: /home/dky/Projects/dky_robot/install/robot_gazebo/share/robot_gazebo/environment/path.sh
[0.121s] -- Up-to-date: /home/dky/Projects/dky_robot/install/robot_gazebo/share/robot_gazebo/environment/path.dsv
[0.121s] -- Up-to-date: /home/dky/Projects/dky_robot/install/robot_gazebo/share/robot_gazebo/local_setup.bash
[0.124s] -- Up-to-date: /home/dky/Projects/dky_robot/install/robot_gazebo/share/robot_gazebo/local_setup.sh
[0.124s] -- Up-to-date: /home/dky/Projects/dky_robot/install/robot_gazebo/share/robot_gazebo/local_setup.zsh
[0.125s] -- Up-to-date: /home/dky/Projects/dky_robot/install/robot_gazebo/share/robot_gazebo/local_setup.dsv
[0.126s] -- Installing: /home/dky/Projects/dky_robot/install/robot_gazebo/share/robot_gazebo/package.dsv
[0.126s] -- Up-to-date: /home/dky/Projects/dky_robot/install/robot_gazebo/share/ament_index/resource_index/packages/robot_gazebo
[0.126s] -- Up-to-date: /home/dky/Projects/dky_robot/install/robot_gazebo/share/robot_gazebo/cmake/robot_gazeboConfig.cmake
[0.126s] -- Up-to-date: /home/dky/Projects/dky_robot/install/robot_gazebo/share/robot_gazebo/cmake/robot_gazeboConfig-version.cmake
[0.126s] -- Up-to-date: /home/dky/Projects/dky_robot/install/robot_gazebo/share/robot_gazebo/package.xml
[0.150s] Invoked command in '/home/dky/Projects/dky_robot/build/robot_gazebo' returned '0': CMAKE_PREFIX_PATH=${CMAKE_PREFIX_PATH}:/opt/ros/humble /usr/bin/cmake --install /home/dky/Projects/dky_robot/build/robot_gazebo
