[0.008s] Invoking command in '/home/dky/Projects/dky_robot/build/robot_interfaces': CMAKE_PREFIX_PATH=${CMAKE_PREFIX_PATH}:/opt/ros/humble /usr/bin/cmake --build /home/dky/Projects/dky_robot/build/robot_interfaces -- -j20 -l20
[0.028s] -- Found ament_cmake: 1.3.8 (/opt/ros/humble/share/ament_cmake/cmake)
[0.117s] -- Found rosidl_default_generators: 1.2.0 (/opt/ros/humble/share/rosidl_default_generators/cmake)
[0.118s] -- Using all available rosidl_typesupport_c: rosidl_typesupport_fastrtps_c;rosidl_typesupport_introspection_c
[0.120s] -- Found rosidl_adapter: 3.1.5 (/opt/ros/humble/share/rosidl_adapter/cmake)
[0.141s] -- Using all available rosidl_typesupport_cpp: rosidl_typesupport_fastrtps_cpp;rosidl_typesupport_introspection_cpp
[0.158s] -- Found geometry_msgs: 4.2.3 (/opt/ros/humble/share/geometry_msgs/cmake)
[0.243s] -- Found tf2_ros: 0.25.8 (/opt/ros/humble/share/tf2_ros/cmake)
[0.336s] -- Found rmw_implementation_cmake: 6.1.1 (/opt/ros/humble/share/rmw_implementation_cmake/cmake)
[0.338s] -- Found rmw_fastrtps_cpp: 6.2.6 (/opt/ros/humble/share/rmw_fastrtps_cpp/cmake)
[0.420s] -- Found OpenSSL: /usr/lib/x86_64-linux-gnu/libcrypto.so (found version "3.0.2")  
[0.442s] -- Found FastRTPS: /opt/ros/humble/include  
[0.478s] -- Using RMW implementation 'rmw_fastrtps_cpp' as default
[0.487s] -- Looking for pthread.h
[0.547s] -- Looking for pthread.h - found
[0.548s] -- Performing Test CMAKE_HAVE_LIBC_PTHREAD
[0.621s] -- Performing Test CMAKE_HAVE_LIBC_PTHREAD - Success
[0.622s] -- Found Threads: TRUE  
[0.909s] -- Found tf2_geometry_msgs: 0.25.6 (/opt/ros/humble/share/tf2_geometry_msgs/cmake)
[0.921s] -- Found eigen3_cmake_module: 0.1.1 (/opt/ros/humble/share/eigen3_cmake_module/cmake)
[0.922s] -- Found Eigen3: TRUE (found version "3.4.0") 
[0.922s] -- Ensuring Eigen3 include directory is part of orocos-kdl CMake target
[1.051s] [31mCMake Error at /opt/ros/humble/share/rosidl_adapter/cmake/rosidl_adapt_interfaces.cmake:59 (message):
[1.051s]   execute_process(/usr/bin/python3 -m rosidl_adapter --package-name
[1.051s]   robot_interfaces --arguments-file
[1.051s]   /home/dky/Projects/dky_robot/build/robot_interfaces/rosidl_adapter__arguments__robot_interfaces.json
[1.051s]   --output-dir
[1.052s]   /home/dky/Projects/dky_robot/build/robot_interfaces/rosidl_adapter/robot_interfaces
[1.052s]   --output-file
[1.052s]   /home/dky/Projects/dky_robot/build/robot_interfaces/rosidl_adapter/robot_interfaces.idls)
[1.052s]   returned error code 1:
[1.052s] 
[1.052s]   Error processing 'tf2::Quaternion end_effector_quat;' of
[1.052s]   'robot_interfaces/QtRecv': ''tf2::Quaternion' is an invalid message name.
[1.052s]   It should have the pattern '^[A-Z][A-Za-z0-9]*$''
[1.052s] 
[1.052s]   Traceback (most recent call last):
[1.052s] 
[1.052s]     File "/usr/lib/python3.10/runpy.py", line 196, in _run_module_as_main
[1.052s]       return _run_code(code, main_globals, None,
[1.052s]     File "/usr/lib/python3.10/runpy.py", line 86, in _run_code
[1.052s]       exec(code, run_globals)
[1.052s]     File "/opt/ros/humble/local/lib/python3.10/dist-packages/rosidl_adapter/__main__.py", line 19, in <module>
[1.052s]       sys.exit(main())
[1.052s]     File "/opt/ros/humble/local/lib/python3.10/dist-packages/rosidl_adapter/main.py", line 53, in main
[1.052s]       abs_idl_file = convert_to_idl(
[1.052s]     File "/opt/ros/humble/local/lib/python3.10/dist-packages/rosidl_adapter/__init__.py", line 19, in convert_to_idl
[1.052s]       return convert_msg_to_idl(
[1.052s]     File "/opt/ros/humble/local/lib/python3.10/dist-packages/rosidl_adapter/msg/__init__.py", line 28, in convert_msg_to_idl
[1.052s]       msg = parse_message_string(package_name, input_file.stem, content)
[1.052s]     File "/opt/ros/humble/local/lib/python3.10/dist-packages/rosidl_adapter/parser.py", line 520, in parse_message_string
[1.052s]       Type(type_string, context_package_name=pkg_name),
[1.052s]     File "/opt/ros/humble/local/lib/python3.10/dist-packages/rosidl_adapter/parser.py", line 277, in __init__
[1.052s]       super(Type, self).__init__(
[1.052s]     File "/opt/ros/humble/local/lib/python3.10/dist-packages/rosidl_adapter/parser.py", line 205, in __init__
[1.052s]       raise InvalidResourceName(
[1.053s] 
[1.053s]   rosidl_adapter.parser.InvalidResourceName: 'tf2::Quaternion' is an invalid
[1.053s]   message name.  It should have the pattern '^[A-Z][A-Za-z0-9]*$'
[1.053s] 
[1.053s] Call Stack (most recent call first):
[1.053s]   /opt/ros/humble/share/rosidl_cmake/cmake/rosidl_generate_interfaces.cmake:130 (rosidl_adapt_interfaces)
[1.053s]   CMakeLists.txt:19 (rosidl_generate_interfaces)
[1.053s] 
[1.053s] [0m
[1.053s] -- Configuring incomplete, errors occurred!
[1.053s] See also "/home/dky/Projects/dky_robot/build/robot_interfaces/CMakeFiles/CMakeOutput.log".
[1.057s] gmake: *** [Makefile:963: cmake_check_build_system] Error 1
[1.059s] Invoked command in '/home/dky/Projects/dky_robot/build/robot_interfaces' returned '2': CMAKE_PREFIX_PATH=${CMAKE_PREFIX_PATH}:/opt/ros/humble /usr/bin/cmake --build /home/dky/Projects/dky_robot/build/robot_interfaces -- -j20 -l20
