[0.037s] Invoking command in '/home/dky/Projects/dky_robot/build/robot_driver': CMAKE_PREFIX_PATH=${CMAKE_PREFIX_PATH}:/opt/ros/humble /usr/bin/cmake --build /home/dky/Projects/dky_robot/build/robot_driver -- -j20 -l20
[0.110s] [ 50%] [32mBuilding CXX object CMakeFiles/robot_driver.dir/src/robot_driver.cpp.o[0m
[5.565s] [100%] [32m[1mLinking CXX executable robot_driver[0m
[5.831s] [100%] Built target robot_driver
[5.840s] Invoked command in '/home/dky/Projects/dky_robot/build/robot_driver' returned '0': CMAKE_PREFIX_PATH=${CMAKE_PREFIX_PATH}:/opt/ros/humble /usr/bin/cmake --build /home/dky/Projects/dky_robot/build/robot_driver -- -j20 -l20
[5.868s] Invoking command in '/home/dky/Projects/dky_robot/build/robot_driver': CMAKE_PREFIX_PATH=${CMAKE_PREFIX_PATH}:/opt/ros/humble /usr/bin/cmake --install /home/dky/Projects/dky_robot/build/robot_driver
[5.876s] -- Install configuration: ""
[5.876s] -- Installing: /home/dky/Projects/dky_robot/install/robot_driver/lib/robot_driver/robot_driver
[5.882s] -- Set runtime path of "/home/dky/Projects/dky_robot/install/robot_driver/lib/robot_driver/robot_driver" to ""
[5.882s] -- Up-to-date: /home/dky/Projects/dky_robot/install/robot_driver/share/robot_driver/launch
[5.882s] -- Up-to-date: /home/dky/Projects/dky_robot/install/robot_driver/share/robot_driver/launch/robot_driver.launch.py
[5.883s] -- Up-to-date: /home/dky/Projects/dky_robot/install/robot_driver/share/ament_index/resource_index/package_run_dependencies/robot_driver
[5.883s] -- Up-to-date: /home/dky/Projects/dky_robot/install/robot_driver/share/ament_index/resource_index/parent_prefix_path/robot_driver
[5.883s] -- Up-to-date: /home/dky/Projects/dky_robot/install/robot_driver/share/robot_driver/environment/ament_prefix_path.sh
[5.883s] -- Up-to-date: /home/dky/Projects/dky_robot/install/robot_driver/share/robot_driver/environment/ament_prefix_path.dsv
[5.883s] -- Up-to-date: /home/dky/Projects/dky_robot/install/robot_driver/share/robot_driver/environment/path.sh
[5.883s] -- Up-to-date: /home/dky/Projects/dky_robot/install/robot_driver/share/robot_driver/environment/path.dsv
[5.883s] -- Up-to-date: /home/dky/Projects/dky_robot/install/robot_driver/share/robot_driver/local_setup.bash
[5.883s] -- Up-to-date: /home/dky/Projects/dky_robot/install/robot_driver/share/robot_driver/local_setup.sh
[5.883s] -- Up-to-date: /home/dky/Projects/dky_robot/install/robot_driver/share/robot_driver/local_setup.zsh
[5.883s] -- Up-to-date: /home/dky/Projects/dky_robot/install/robot_driver/share/robot_driver/local_setup.dsv
[5.883s] -- Installing: /home/dky/Projects/dky_robot/install/robot_driver/share/robot_driver/package.dsv
[5.883s] -- Up-to-date: /home/dky/Projects/dky_robot/install/robot_driver/share/ament_index/resource_index/packages/robot_driver
[5.883s] -- Up-to-date: /home/dky/Projects/dky_robot/install/robot_driver/share/robot_driver/cmake/robot_driverConfig.cmake
[5.883s] -- Up-to-date: /home/dky/Projects/dky_robot/install/robot_driver/share/robot_driver/cmake/robot_driverConfig-version.cmake
[5.883s] -- Up-to-date: /home/dky/Projects/dky_robot/install/robot_driver/share/robot_driver/package.xml
[5.885s] Invoked command in '/home/dky/Projects/dky_robot/build/robot_driver' returned '0': CMAKE_PREFIX_PATH=${CMAKE_PREFIX_PATH}:/opt/ros/humble /usr/bin/cmake --install /home/dky/Projects/dky_robot/build/robot_driver
