[ 50%] [32mBuilding CXX object CMakeFiles/robot_qtrecv.dir/src/robot_qtrecv.cpp.o[0m
[100%] [32m[1mLinking CXX executable robot_qtrecv[0m
[100%] Built target robot_qtrecv
-- Install configuration: ""
-- Installing: /home/dky/Projects/dky_robot/install/robot_qtrecv/lib/robot_qtrecv/robot_qtrecv
-- Set runtime path of "/home/dky/Projects/dky_robot/install/robot_qtrecv/lib/robot_qtrecv/robot_qtrecv" to ""
-- Up-to-date: /home/dky/Projects/dky_robot/install/robot_qtrecv/share/robot_qtrecv/launch
-- Up-to-date: /home/dky/Projects/dky_robot/install/robot_qtrecv/share/robot_qtrecv/launch/robot_qtrecv.launch.py
-- Up-to-date: /home/dky/Projects/dky_robot/install/robot_qtrecv/share/ament_index/resource_index/package_run_dependencies/robot_qtrecv
-- Up-to-date: /home/dky/Projects/dky_robot/install/robot_qtrecv/share/ament_index/resource_index/parent_prefix_path/robot_qtrecv
-- Up-to-date: /home/dky/Projects/dky_robot/install/robot_qtrecv/share/robot_qtrecv/environment/ament_prefix_path.sh
-- Up-to-date: /home/dky/Projects/dky_robot/install/robot_qtrecv/share/robot_qtrecv/environment/ament_prefix_path.dsv
-- Up-to-date: /home/dky/Projects/dky_robot/install/robot_qtrecv/share/robot_qtrecv/environment/path.sh
-- Up-to-date: /home/dky/Projects/dky_robot/install/robot_qtrecv/share/robot_qtrecv/environment/path.dsv
-- Up-to-date: /home/dky/Projects/dky_robot/install/robot_qtrecv/share/robot_qtrecv/local_setup.bash
-- Up-to-date: /home/dky/Projects/dky_robot/install/robot_qtrecv/share/robot_qtrecv/local_setup.sh
-- Up-to-date: /home/dky/Projects/dky_robot/install/robot_qtrecv/share/robot_qtrecv/local_setup.zsh
-- Up-to-date: /home/dky/Projects/dky_robot/install/robot_qtrecv/share/robot_qtrecv/local_setup.dsv
-- Installing: /home/dky/Projects/dky_robot/install/robot_qtrecv/share/robot_qtrecv/package.dsv
-- Up-to-date: /home/dky/Projects/dky_robot/install/robot_qtrecv/share/ament_index/resource_index/packages/robot_qtrecv
-- Up-to-date: /home/dky/Projects/dky_robot/install/robot_qtrecv/share/robot_qtrecv/cmake/robot_qtrecvConfig.cmake
-- Up-to-date: /home/dky/Projects/dky_robot/install/robot_qtrecv/share/robot_qtrecv/cmake/robot_qtrecvConfig-version.cmake
-- Up-to-date: /home/dky/Projects/dky_robot/install/robot_qtrecv/share/robot_qtrecv/package.xml
