[0.023s] Invoking command in '/home/dky/Projects/dky_robot/build/robot_bringup': CMAKE_PREFIX_PATH=${CMAKE_PREFIX_PATH}:/opt/ros/humble /usr/bin/cmake /home/dky/Projects/dky_robot/src/robot_bringup -DCMAKE_INSTALL_PREFIX=/home/dky/Projects/dky_robot/install/robot_bringup
[0.111s] -- The C compiler identification is GNU 11.4.0
[0.153s] -- The CXX compiler identification is GNU 11.4.0
[0.158s] -- Detecting C compiler ABI info
[0.210s] -- Detecting C compiler ABI info - done
[0.216s] -- Check for working C compiler: /usr/bin/cc - skipped
[0.216s] -- Detecting C compile features
[0.217s] -- Detecting C compile features - done
[0.219s] -- Detecting CXX compiler ABI info
[0.278s] -- Detecting CXX compiler ABI info - done
[0.288s] -- Check for working CXX compiler: /usr/bin/c++ - skipped
[0.288s] -- Detecting CXX compile features
[0.289s] -- Detecting CXX compile features - done
[0.296s] -- Found ament_cmake: 1.3.8 (/opt/ros/humble/share/ament_cmake/cmake)
[0.410s] -- Found Python3: /usr/bin/python3 (found version "3.10.12") found components: Interpreter 
[0.505s] -- Found ament_lint_auto: 0.12.10 (/opt/ros/humble/share/ament_lint_auto/cmake)
[0.589s] -- Added test 'flake8' to check Python code syntax and style conventions
[0.590s] -- Added test 'lint_cmake' to check CMake code style
[0.590s] -- Added test 'pep257' to check Python code against some of the docstring style conventions in PEP 257
[0.591s] -- Added test 'xmllint' to check XML markup files
[0.592s] -- Configuring done
[0.595s] -- Generating done
[0.596s] -- Build files have been written to: /home/dky/Projects/dky_robot/build/robot_bringup
[0.601s] Invoked command in '/home/dky/Projects/dky_robot/build/robot_bringup' returned '0': CMAKE_PREFIX_PATH=${CMAKE_PREFIX_PATH}:/opt/ros/humble /usr/bin/cmake /home/dky/Projects/dky_robot/src/robot_bringup -DCMAKE_INSTALL_PREFIX=/home/dky/Projects/dky_robot/install/robot_bringup
[0.602s] Invoking command in '/home/dky/Projects/dky_robot/build/robot_bringup': CMAKE_PREFIX_PATH=${CMAKE_PREFIX_PATH}:/opt/ros/humble /usr/bin/cmake --build /home/dky/Projects/dky_robot/build/robot_bringup -- -j20 -l20
[0.636s] Invoked command in '/home/dky/Projects/dky_robot/build/robot_bringup' returned '0': CMAKE_PREFIX_PATH=${CMAKE_PREFIX_PATH}:/opt/ros/humble /usr/bin/cmake --build /home/dky/Projects/dky_robot/build/robot_bringup -- -j20 -l20
[0.658s] Invoking command in '/home/dky/Projects/dky_robot/build/robot_bringup': CMAKE_PREFIX_PATH=${CMAKE_PREFIX_PATH}:/opt/ros/humble /usr/bin/cmake --install /home/dky/Projects/dky_robot/build/robot_bringup
[0.664s] -- Install configuration: ""
[0.664s] -- Installing: /home/dky/Projects/dky_robot/install/robot_bringup/share/robot_bringup/launch
[0.664s] -- Installing: /home/dky/Projects/dky_robot/install/robot_bringup/share/robot_bringup/launch/robot_real_cartesian.launch.py
[0.665s] -- Installing: /home/dky/Projects/dky_robot/install/robot_bringup/share/robot_bringup/launch/robot_real_grasp.launch.py
[0.665s] -- Installing: /home/dky/Projects/dky_robot/install/robot_bringup/share/robot_bringup/launch/robot_real.launch.py
[0.665s] -- Installing: /home/dky/Projects/dky_robot/install/robot_bringup/share/robot_bringup/launch/robot_gazebo_grasp.launch.py
[0.665s] -- Installing: /home/dky/Projects/dky_robot/install/robot_bringup/share/robot_bringup/launch/robot_gazebo_cartesian.launch.py
[0.665s] -- Installing: /home/dky/Projects/dky_robot/install/robot_bringup/share/robot_bringup/launch/robot_gazebo.launch.py
[0.665s] -- Installing: /home/dky/Projects/dky_robot/install/robot_bringup/share/ament_index/resource_index/package_run_dependencies/robot_bringup
[0.665s] -- Installing: /home/dky/Projects/dky_robot/install/robot_bringup/share/ament_index/resource_index/parent_prefix_path/robot_bringup
[0.665s] -- Installing: /home/dky/Projects/dky_robot/install/robot_bringup/share/robot_bringup/environment/ament_prefix_path.sh
[0.665s] -- Installing: /home/dky/Projects/dky_robot/install/robot_bringup/share/robot_bringup/environment/ament_prefix_path.dsv
[0.665s] -- Installing: /home/dky/Projects/dky_robot/install/robot_bringup/share/robot_bringup/environment/path.sh
[0.665s] -- Installing: /home/dky/Projects/dky_robot/install/robot_bringup/share/robot_bringup/environment/path.dsv
[0.665s] -- Installing: /home/dky/Projects/dky_robot/install/robot_bringup/share/robot_bringup/local_setup.bash
[0.665s] -- Installing: /home/dky/Projects/dky_robot/install/robot_bringup/share/robot_bringup/local_setup.sh
[0.665s] -- Installing: /home/dky/Projects/dky_robot/install/robot_bringup/share/robot_bringup/local_setup.zsh
[0.665s] -- Installing: /home/dky/Projects/dky_robot/install/robot_bringup/share/robot_bringup/local_setup.dsv
[0.665s] -- Installing: /home/dky/Projects/dky_robot/install/robot_bringup/share/robot_bringup/package.dsv
[0.666s] -- Installing: /home/dky/Projects/dky_robot/install/robot_bringup/share/ament_index/resource_index/packages/robot_bringup
[0.666s] -- Installing: /home/dky/Projects/dky_robot/install/robot_bringup/share/robot_bringup/cmake/robot_bringupConfig.cmake
[0.666s] -- Installing: /home/dky/Projects/dky_robot/install/robot_bringup/share/robot_bringup/cmake/robot_bringupConfig-version.cmake
[0.666s] -- Installing: /home/dky/Projects/dky_robot/install/robot_bringup/share/robot_bringup/package.xml
[0.669s] Invoked command in '/home/dky/Projects/dky_robot/build/robot_bringup' returned '0': CMAKE_PREFIX_PATH=${CMAKE_PREFIX_PATH}:/opt/ros/humble /usr/bin/cmake --install /home/dky/Projects/dky_robot/build/robot_bringup
