[0.074s] DEBUG:colcon:Command line arguments: ['/usr/bin/colcon', 'build', '--packages-select', 'robot_interfaces']
[0.074s] DEBUG:colcon:Parsed command line arguments: Namespace(log_base=None, log_level=None, verb_name='build', build_base='build', install_base='install', merge_install=False, symlink_install=False, test_result_base=None, continue_on_error=False, executor='parallel', parallel_workers=20, event_handlers=None, ignore_user_meta=False, metas=['./colcon.meta'], base_paths=['.'], packages_ignore=None, packages_ignore_regex=None, paths=None, packages_up_to=None, packages_up_to_regex=None, packages_above=None, packages_above_and_dependencies=None, packages_above_depth=None, packages_select_by_dep=None, packages_skip_by_dep=None, packages_skip_up_to=None, packages_select_build_failed=False, packages_skip_build_finished=False, packages_select_test_failures=False, packages_skip_test_passed=False, packages_select=['robot_interfaces'], packages_skip=None, packages_select_regex=None, packages_skip_regex=None, packages_start=None, packages_end=None, allow_overriding=[], cmake_args=None, cmake_target=None, cmake_target_skip_unavailable=False, cmake_clean_cache=False, cmake_clean_first=False, cmake_force_configure=False, ament_cmake_args=None, catkin_cmake_args=None, catkin_skip_building_tests=False, mixin_files=None, mixin=None, verb_parser=<colcon_mixin.mixin.mixin_argument.MixinArgumentDecorator object at 0x769002153640>, verb_extension=<colcon_core.verb.build.BuildVerb object at 0x769002153130>, main=<bound method BuildVerb.main of <colcon_core.verb.build.BuildVerb object at 0x769002153130>>, mixin_verb=('build',))
[0.182s] Level 1:colcon.colcon_core.package_discovery:discover_packages(colcon_meta) check parameters
[0.182s] Level 1:colcon.colcon_core.package_discovery:discover_packages(recursive) check parameters
[0.182s] Level 1:colcon.colcon_core.package_discovery:discover_packages(ignore) check parameters
[0.183s] Level 1:colcon.colcon_core.package_discovery:discover_packages(path) check parameters
[0.183s] Level 1:colcon.colcon_core.package_discovery:discover_packages(colcon_meta) discover
[0.183s] Level 1:colcon.colcon_core.package_discovery:discover_packages(recursive) discover
[0.183s] INFO:colcon.colcon_core.package_discovery:Crawling recursively for packages in '/home/dky/Projects/dky_robot'
[0.183s] Level 1:colcon.colcon_core.package_identification:_identify(.) by extensions ['ignore', 'ignore_ament_install']
[0.183s] Level 1:colcon.colcon_core.package_identification:_identify(.) by extension 'ignore'
[0.183s] Level 1:colcon.colcon_core.package_identification:_identify(.) by extension 'ignore_ament_install'
[0.183s] Level 1:colcon.colcon_core.package_identification:_identify(.) by extensions ['colcon_pkg']
[0.183s] Level 1:colcon.colcon_core.package_identification:_identify(.) by extension 'colcon_pkg'
[0.183s] Level 1:colcon.colcon_core.package_identification:_identify(.) by extensions ['colcon_meta']
[0.183s] Level 1:colcon.colcon_core.package_identification:_identify(.) by extension 'colcon_meta'
[0.183s] Level 1:colcon.colcon_core.package_identification:_identify(.) by extensions ['ros']
[0.183s] Level 1:colcon.colcon_core.package_identification:_identify(.) by extension 'ros'
[0.190s] Level 1:colcon.colcon_core.package_identification:_identify(.) by extensions ['cmake', 'python']
[0.190s] Level 1:colcon.colcon_core.package_identification:_identify(.) by extension 'cmake'
[0.190s] Level 1:colcon.colcon_core.package_identification:_identify(.) by extension 'python'
[0.190s] Level 1:colcon.colcon_core.package_identification:_identify(.) by extensions ['python_setup_py']
[0.190s] Level 1:colcon.colcon_core.package_identification:_identify(.) by extension 'python_setup_py'
[0.190s] Level 1:colcon.colcon_core.package_identification:_identify(build) by extensions ['ignore', 'ignore_ament_install']
[0.190s] Level 1:colcon.colcon_core.package_identification:_identify(build) by extension 'ignore'
[0.190s] Level 1:colcon.colcon_core.package_identification:_identify(build) ignored
[0.190s] Level 1:colcon.colcon_core.package_identification:_identify(install) by extensions ['ignore', 'ignore_ament_install']
[0.190s] Level 1:colcon.colcon_core.package_identification:_identify(install) by extension 'ignore'
[0.190s] Level 1:colcon.colcon_core.package_identification:_identify(install) ignored
[0.191s] Level 1:colcon.colcon_core.package_identification:_identify(log) by extensions ['ignore', 'ignore_ament_install']
[0.191s] Level 1:colcon.colcon_core.package_identification:_identify(log) by extension 'ignore'
[0.191s] Level 1:colcon.colcon_core.package_identification:_identify(log) ignored
[0.191s] Level 1:colcon.colcon_core.package_identification:_identify(readme) by extensions ['ignore', 'ignore_ament_install']
[0.191s] Level 1:colcon.colcon_core.package_identification:_identify(readme) by extension 'ignore'
[0.191s] Level 1:colcon.colcon_core.package_identification:_identify(readme) by extension 'ignore_ament_install'
[0.191s] Level 1:colcon.colcon_core.package_identification:_identify(readme) by extensions ['colcon_pkg']
[0.191s] Level 1:colcon.colcon_core.package_identification:_identify(readme) by extension 'colcon_pkg'
[0.191s] Level 1:colcon.colcon_core.package_identification:_identify(readme) by extensions ['colcon_meta']
[0.191s] Level 1:colcon.colcon_core.package_identification:_identify(readme) by extension 'colcon_meta'
[0.191s] Level 1:colcon.colcon_core.package_identification:_identify(readme) by extensions ['ros']
[0.191s] Level 1:colcon.colcon_core.package_identification:_identify(readme) by extension 'ros'
[0.191s] Level 1:colcon.colcon_core.package_identification:_identify(readme) by extensions ['cmake', 'python']
[0.191s] Level 1:colcon.colcon_core.package_identification:_identify(readme) by extension 'cmake'
[0.191s] Level 1:colcon.colcon_core.package_identification:_identify(readme) by extension 'python'
[0.191s] Level 1:colcon.colcon_core.package_identification:_identify(readme) by extensions ['python_setup_py']
[0.191s] Level 1:colcon.colcon_core.package_identification:_identify(readme) by extension 'python_setup_py'
[0.191s] Level 1:colcon.colcon_core.package_identification:_identify(readme/img) by extensions ['ignore', 'ignore_ament_install']
[0.191s] Level 1:colcon.colcon_core.package_identification:_identify(readme/img) by extension 'ignore'
[0.191s] Level 1:colcon.colcon_core.package_identification:_identify(readme/img) by extension 'ignore_ament_install'
[0.191s] Level 1:colcon.colcon_core.package_identification:_identify(readme/img) by extensions ['colcon_pkg']
[0.191s] Level 1:colcon.colcon_core.package_identification:_identify(readme/img) by extension 'colcon_pkg'
[0.191s] Level 1:colcon.colcon_core.package_identification:_identify(readme/img) by extensions ['colcon_meta']
[0.191s] Level 1:colcon.colcon_core.package_identification:_identify(readme/img) by extension 'colcon_meta'
[0.191s] Level 1:colcon.colcon_core.package_identification:_identify(readme/img) by extensions ['ros']
[0.191s] Level 1:colcon.colcon_core.package_identification:_identify(readme/img) by extension 'ros'
[0.191s] Level 1:colcon.colcon_core.package_identification:_identify(readme/img) by extensions ['cmake', 'python']
[0.191s] Level 1:colcon.colcon_core.package_identification:_identify(readme/img) by extension 'cmake'
[0.191s] Level 1:colcon.colcon_core.package_identification:_identify(readme/img) by extension 'python'
[0.191s] Level 1:colcon.colcon_core.package_identification:_identify(readme/img) by extensions ['python_setup_py']
[0.191s] Level 1:colcon.colcon_core.package_identification:_identify(readme/img) by extension 'python_setup_py'
[0.191s] Level 1:colcon.colcon_core.package_identification:_identify(src) by extensions ['ignore', 'ignore_ament_install']
[0.191s] Level 1:colcon.colcon_core.package_identification:_identify(src) by extension 'ignore'
[0.191s] Level 1:colcon.colcon_core.package_identification:_identify(src) by extension 'ignore_ament_install'
[0.191s] Level 1:colcon.colcon_core.package_identification:_identify(src) by extensions ['colcon_pkg']
[0.191s] Level 1:colcon.colcon_core.package_identification:_identify(src) by extension 'colcon_pkg'
[0.191s] Level 1:colcon.colcon_core.package_identification:_identify(src) by extensions ['colcon_meta']
[0.191s] Level 1:colcon.colcon_core.package_identification:_identify(src) by extension 'colcon_meta'
[0.192s] Level 1:colcon.colcon_core.package_identification:_identify(src) by extensions ['ros']
[0.192s] Level 1:colcon.colcon_core.package_identification:_identify(src) by extension 'ros'
[0.192s] Level 1:colcon.colcon_core.package_identification:_identify(src) by extensions ['cmake', 'python']
[0.192s] Level 1:colcon.colcon_core.package_identification:_identify(src) by extension 'cmake'
[0.192s] Level 1:colcon.colcon_core.package_identification:_identify(src) by extension 'python'
[0.192s] Level 1:colcon.colcon_core.package_identification:_identify(src) by extensions ['python_setup_py']
[0.192s] Level 1:colcon.colcon_core.package_identification:_identify(src) by extension 'python_setup_py'
[0.192s] Level 1:colcon.colcon_core.package_identification:_identify(src/robot_bringup) by extensions ['ignore', 'ignore_ament_install']
[0.192s] Level 1:colcon.colcon_core.package_identification:_identify(src/robot_bringup) by extension 'ignore'
[0.192s] Level 1:colcon.colcon_core.package_identification:_identify(src/robot_bringup) by extension 'ignore_ament_install'
[0.192s] Level 1:colcon.colcon_core.package_identification:_identify(src/robot_bringup) by extensions ['colcon_pkg']
[0.192s] Level 1:colcon.colcon_core.package_identification:_identify(src/robot_bringup) by extension 'colcon_pkg'
[0.192s] Level 1:colcon.colcon_core.package_identification:_identify(src/robot_bringup) by extensions ['colcon_meta']
[0.192s] Level 1:colcon.colcon_core.package_identification:_identify(src/robot_bringup) by extension 'colcon_meta'
[0.192s] Level 1:colcon.colcon_core.package_identification:_identify(src/robot_bringup) by extensions ['ros']
[0.192s] Level 1:colcon.colcon_core.package_identification:_identify(src/robot_bringup) by extension 'ros'
[0.193s] DEBUG:colcon.colcon_core.package_identification:Package 'src/robot_bringup' with type 'ros.ament_cmake' and name 'robot_bringup'
[0.193s] Level 1:colcon.colcon_core.package_identification:_identify(src/robot_cartesian) by extensions ['ignore', 'ignore_ament_install']
[0.194s] Level 1:colcon.colcon_core.package_identification:_identify(src/robot_cartesian) by extension 'ignore'
[0.194s] Level 1:colcon.colcon_core.package_identification:_identify(src/robot_cartesian) by extension 'ignore_ament_install'
[0.194s] Level 1:colcon.colcon_core.package_identification:_identify(src/robot_cartesian) by extensions ['colcon_pkg']
[0.194s] Level 1:colcon.colcon_core.package_identification:_identify(src/robot_cartesian) by extension 'colcon_pkg'
[0.194s] Level 1:colcon.colcon_core.package_identification:_identify(src/robot_cartesian) by extensions ['colcon_meta']
[0.194s] Level 1:colcon.colcon_core.package_identification:_identify(src/robot_cartesian) by extension 'colcon_meta'
[0.194s] Level 1:colcon.colcon_core.package_identification:_identify(src/robot_cartesian) by extensions ['ros']
[0.194s] Level 1:colcon.colcon_core.package_identification:_identify(src/robot_cartesian) by extension 'ros'
[0.194s] DEBUG:colcon.colcon_core.package_identification:Package 'src/robot_cartesian' with type 'ros.ament_cmake' and name 'robot_cartesian'
[0.194s] Level 1:colcon.colcon_core.package_identification:_identify(src/robot_config) by extensions ['ignore', 'ignore_ament_install']
[0.194s] Level 1:colcon.colcon_core.package_identification:_identify(src/robot_config) by extension 'ignore'
[0.194s] Level 1:colcon.colcon_core.package_identification:_identify(src/robot_config) by extension 'ignore_ament_install'
[0.194s] Level 1:colcon.colcon_core.package_identification:_identify(src/robot_config) by extensions ['colcon_pkg']
[0.194s] Level 1:colcon.colcon_core.package_identification:_identify(src/robot_config) by extension 'colcon_pkg'
[0.194s] Level 1:colcon.colcon_core.package_identification:_identify(src/robot_config) by extensions ['colcon_meta']
[0.194s] Level 1:colcon.colcon_core.package_identification:_identify(src/robot_config) by extension 'colcon_meta'
[0.194s] Level 1:colcon.colcon_core.package_identification:_identify(src/robot_config) by extensions ['ros']
[0.195s] Level 1:colcon.colcon_core.package_identification:_identify(src/robot_config) by extension 'ros'
[0.195s] DEBUG:colcon.colcon_core.package_identification:Package 'src/robot_config' with type 'ros.ament_cmake' and name 'robot_config'
[0.195s] Level 1:colcon.colcon_core.package_identification:_identify(src/robot_control) by extensions ['ignore', 'ignore_ament_install']
[0.195s] Level 1:colcon.colcon_core.package_identification:_identify(src/robot_control) by extension 'ignore'
[0.195s] Level 1:colcon.colcon_core.package_identification:_identify(src/robot_control) by extension 'ignore_ament_install'
[0.195s] Level 1:colcon.colcon_core.package_identification:_identify(src/robot_control) by extensions ['colcon_pkg']
[0.195s] Level 1:colcon.colcon_core.package_identification:_identify(src/robot_control) by extension 'colcon_pkg'
[0.195s] Level 1:colcon.colcon_core.package_identification:_identify(src/robot_control) by extensions ['colcon_meta']
[0.195s] Level 1:colcon.colcon_core.package_identification:_identify(src/robot_control) by extension 'colcon_meta'
[0.195s] Level 1:colcon.colcon_core.package_identification:_identify(src/robot_control) by extensions ['ros']
[0.195s] Level 1:colcon.colcon_core.package_identification:_identify(src/robot_control) by extension 'ros'
[0.196s] DEBUG:colcon.colcon_core.package_identification:Package 'src/robot_control' with type 'ros.ament_cmake' and name 'robot_control'
[0.196s] Level 1:colcon.colcon_core.package_identification:_identify(src/robot_description) by extensions ['ignore', 'ignore_ament_install']
[0.196s] Level 1:colcon.colcon_core.package_identification:_identify(src/robot_description) by extension 'ignore'
[0.196s] Level 1:colcon.colcon_core.package_identification:_identify(src/robot_description) by extension 'ignore_ament_install'
[0.196s] Level 1:colcon.colcon_core.package_identification:_identify(src/robot_description) by extensions ['colcon_pkg']
[0.196s] Level 1:colcon.colcon_core.package_identification:_identify(src/robot_description) by extension 'colcon_pkg'
[0.197s] Level 1:colcon.colcon_core.package_identification:_identify(src/robot_description) by extensions ['colcon_meta']
[0.197s] Level 1:colcon.colcon_core.package_identification:_identify(src/robot_description) by extension 'colcon_meta'
[0.197s] Level 1:colcon.colcon_core.package_identification:_identify(src/robot_description) by extensions ['ros']
[0.197s] Level 1:colcon.colcon_core.package_identification:_identify(src/robot_description) by extension 'ros'
[0.197s] DEBUG:colcon.colcon_core.package_identification:Package 'src/robot_description' with type 'ros.ament_cmake' and name 'robot_description'
[0.197s] Level 1:colcon.colcon_core.package_identification:_identify(src/robot_driver) by extensions ['ignore', 'ignore_ament_install']
[0.197s] Level 1:colcon.colcon_core.package_identification:_identify(src/robot_driver) by extension 'ignore'
[0.197s] Level 1:colcon.colcon_core.package_identification:_identify(src/robot_driver) by extension 'ignore_ament_install'
[0.197s] Level 1:colcon.colcon_core.package_identification:_identify(src/robot_driver) by extensions ['colcon_pkg']
[0.197s] Level 1:colcon.colcon_core.package_identification:_identify(src/robot_driver) by extension 'colcon_pkg'
[0.197s] Level 1:colcon.colcon_core.package_identification:_identify(src/robot_driver) by extensions ['colcon_meta']
[0.197s] Level 1:colcon.colcon_core.package_identification:_identify(src/robot_driver) by extension 'colcon_meta'
[0.197s] Level 1:colcon.colcon_core.package_identification:_identify(src/robot_driver) by extensions ['ros']
[0.197s] Level 1:colcon.colcon_core.package_identification:_identify(src/robot_driver) by extension 'ros'
[0.197s] DEBUG:colcon.colcon_core.package_identification:Package 'src/robot_driver' with type 'ros.ament_cmake' and name 'robot_driver'
[0.198s] Level 1:colcon.colcon_core.package_identification:_identify(src/robot_gazebo) by extensions ['ignore', 'ignore_ament_install']
[0.198s] Level 1:colcon.colcon_core.package_identification:_identify(src/robot_gazebo) by extension 'ignore'
[0.198s] Level 1:colcon.colcon_core.package_identification:_identify(src/robot_gazebo) by extension 'ignore_ament_install'
[0.198s] Level 1:colcon.colcon_core.package_identification:_identify(src/robot_gazebo) by extensions ['colcon_pkg']
[0.198s] Level 1:colcon.colcon_core.package_identification:_identify(src/robot_gazebo) by extension 'colcon_pkg'
[0.198s] Level 1:colcon.colcon_core.package_identification:_identify(src/robot_gazebo) by extensions ['colcon_meta']
[0.198s] Level 1:colcon.colcon_core.package_identification:_identify(src/robot_gazebo) by extension 'colcon_meta'
[0.198s] Level 1:colcon.colcon_core.package_identification:_identify(src/robot_gazebo) by extensions ['ros']
[0.198s] Level 1:colcon.colcon_core.package_identification:_identify(src/robot_gazebo) by extension 'ros'
[0.198s] DEBUG:colcon.colcon_core.package_identification:Package 'src/robot_gazebo' with type 'ros.ament_cmake' and name 'robot_gazebo'
[0.198s] Level 1:colcon.colcon_core.package_identification:_identify(src/robot_interfaces) by extensions ['ignore', 'ignore_ament_install']
[0.198s] Level 1:colcon.colcon_core.package_identification:_identify(src/robot_interfaces) by extension 'ignore'
[0.198s] Level 1:colcon.colcon_core.package_identification:_identify(src/robot_interfaces) by extension 'ignore_ament_install'
[0.198s] Level 1:colcon.colcon_core.package_identification:_identify(src/robot_interfaces) by extensions ['colcon_pkg']
[0.198s] Level 1:colcon.colcon_core.package_identification:_identify(src/robot_interfaces) by extension 'colcon_pkg'
[0.198s] Level 1:colcon.colcon_core.package_identification:_identify(src/robot_interfaces) by extensions ['colcon_meta']
[0.198s] Level 1:colcon.colcon_core.package_identification:_identify(src/robot_interfaces) by extension 'colcon_meta'
[0.198s] Level 1:colcon.colcon_core.package_identification:_identify(src/robot_interfaces) by extensions ['ros']
[0.198s] Level 1:colcon.colcon_core.package_identification:_identify(src/robot_interfaces) by extension 'ros'
[0.199s] DEBUG:colcon.colcon_core.package_identification:Package 'src/robot_interfaces' with type 'ros.ament_cmake' and name 'robot_interfaces'
[0.199s] Level 1:colcon.colcon_core.package_identification:_identify(src/robot_kinematics) by extensions ['ignore', 'ignore_ament_install']
[0.199s] Level 1:colcon.colcon_core.package_identification:_identify(src/robot_kinematics) by extension 'ignore'
[0.199s] Level 1:colcon.colcon_core.package_identification:_identify(src/robot_kinematics) by extension 'ignore_ament_install'
[0.199s] Level 1:colcon.colcon_core.package_identification:_identify(src/robot_kinematics) by extensions ['colcon_pkg']
[0.199s] Level 1:colcon.colcon_core.package_identification:_identify(src/robot_kinematics) by extension 'colcon_pkg'
[0.199s] Level 1:colcon.colcon_core.package_identification:_identify(src/robot_kinematics) by extensions ['colcon_meta']
[0.199s] Level 1:colcon.colcon_core.package_identification:_identify(src/robot_kinematics) by extension 'colcon_meta'
[0.199s] Level 1:colcon.colcon_core.package_identification:_identify(src/robot_kinematics) by extensions ['ros']
[0.199s] Level 1:colcon.colcon_core.package_identification:_identify(src/robot_kinematics) by extension 'ros'
[0.199s] DEBUG:colcon.colcon_core.package_identification:Package 'src/robot_kinematics' with type 'ros.ament_cmake' and name 'robot_kinematics'
[0.199s] Level 1:colcon.colcon_core.package_identification:_identify(src/robot_qtrecv) by extensions ['ignore', 'ignore_ament_install']
[0.199s] Level 1:colcon.colcon_core.package_identification:_identify(src/robot_qtrecv) by extension 'ignore'
[0.199s] Level 1:colcon.colcon_core.package_identification:_identify(src/robot_qtrecv) by extension 'ignore_ament_install'
[0.199s] Level 1:colcon.colcon_core.package_identification:_identify(src/robot_qtrecv) by extensions ['colcon_pkg']
[0.199s] Level 1:colcon.colcon_core.package_identification:_identify(src/robot_qtrecv) by extension 'colcon_pkg'
[0.199s] Level 1:colcon.colcon_core.package_identification:_identify(src/robot_qtrecv) by extensions ['colcon_meta']
[0.199s] Level 1:colcon.colcon_core.package_identification:_identify(src/robot_qtrecv) by extension 'colcon_meta'
[0.199s] Level 1:colcon.colcon_core.package_identification:_identify(src/robot_qtrecv) by extensions ['ros']
[0.199s] Level 1:colcon.colcon_core.package_identification:_identify(src/robot_qtrecv) by extension 'ros'
[0.200s] DEBUG:colcon.colcon_core.package_identification:Package 'src/robot_qtrecv' with type 'ros.ament_cmake' and name 'robot_qtrecv'
[0.200s] Level 1:colcon.colcon_core.package_identification:_identify(src/robot_test) by extensions ['ignore', 'ignore_ament_install']
[0.200s] Level 1:colcon.colcon_core.package_identification:_identify(src/robot_test) by extension 'ignore'
[0.200s] Level 1:colcon.colcon_core.package_identification:_identify(src/robot_test) by extension 'ignore_ament_install'
[0.200s] Level 1:colcon.colcon_core.package_identification:_identify(src/robot_test) by extensions ['colcon_pkg']
[0.200s] Level 1:colcon.colcon_core.package_identification:_identify(src/robot_test) by extension 'colcon_pkg'
[0.200s] Level 1:colcon.colcon_core.package_identification:_identify(src/robot_test) by extensions ['colcon_meta']
[0.200s] Level 1:colcon.colcon_core.package_identification:_identify(src/robot_test) by extension 'colcon_meta'
[0.200s] Level 1:colcon.colcon_core.package_identification:_identify(src/robot_test) by extensions ['ros']
[0.200s] Level 1:colcon.colcon_core.package_identification:_identify(src/robot_test) by extension 'ros'
[0.206s] DEBUG:colcon.colcon_core.package_identification:Package 'src/robot_test' with type 'ros.ament_cmake' and name 'robot_test'
[0.206s] Level 1:colcon.colcon_core.package_discovery:discover_packages(recursive) using defaults
[0.206s] Level 1:colcon.colcon_core.package_discovery:discover_packages(ignore) discover
[0.206s] Level 1:colcon.colcon_core.package_discovery:discover_packages(ignore) using defaults
[0.206s] Level 1:colcon.colcon_core.package_discovery:discover_packages(path) discover
[0.206s] Level 1:colcon.colcon_core.package_discovery:discover_packages(path) using defaults
[0.219s] INFO:colcon.colcon_core.package_selection:Skipping not selected package 'robot_bringup' in 'src/robot_bringup'
[0.219s] INFO:colcon.colcon_core.package_selection:Skipping not selected package 'robot_cartesian' in 'src/robot_cartesian'
[0.219s] INFO:colcon.colcon_core.package_selection:Skipping not selected package 'robot_control' in 'src/robot_control'
[0.219s] INFO:colcon.colcon_core.package_selection:Skipping not selected package 'robot_description' in 'src/robot_description'
[0.219s] INFO:colcon.colcon_core.package_selection:Skipping not selected package 'robot_driver' in 'src/robot_driver'
[0.219s] INFO:colcon.colcon_core.package_selection:Skipping not selected package 'robot_gazebo' in 'src/robot_gazebo'
[0.219s] INFO:colcon.colcon_core.package_selection:Skipping not selected package 'robot_kinematics' in 'src/robot_kinematics'
[0.219s] INFO:colcon.colcon_core.package_selection:Skipping not selected package 'robot_qtrecv' in 'src/robot_qtrecv'
[0.219s] INFO:colcon.colcon_core.package_selection:Skipping not selected package 'robot_config' in 'src/robot_config'
[0.219s] INFO:colcon.colcon_core.package_selection:Skipping not selected package 'robot_test' in 'src/robot_test'
[0.219s] Level 1:colcon.colcon_core.package_discovery:discover_packages(prefix_path) check parameters
[0.219s] Level 1:colcon.colcon_core.package_discovery:discover_packages(prefix_path) discover
[0.221s] DEBUG:colcon.colcon_installed_package_information.package_discovery:Found 11 installed packages in /home/dky/Projects/dky_robot/install
[0.222s] DEBUG:colcon.colcon_installed_package_information.package_discovery:Found 455 installed packages in /opt/ros/humble
[0.223s] Level 1:colcon.colcon_core.package_discovery:discover_packages(prefix_path) using defaults
[0.254s] WARNING:colcon.colcon_core.package_selection:Some selected packages are already built in one or more underlay workspaces:
	'robot_interfaces' is in: /home/dky/Projects/dky_robot/install/robot_interfaces
If a package in a merged underlay workspace is overridden and it installs headers, then all packages in the overlay must sort their include directories by workspace order. Failure to do so may result in build failures or undefined behavior at run time.
If the overridden package is used by another package in any underlay, then the overriding package in the overlay must be API and ABI compatible or undefined behavior at run time may occur.

If you understand the risks and want to override a package anyways, add the following to the command line:
	--allow-overriding robot_interfaces

This may be promoted to an error in a future release of colcon-override-check.
[0.255s] Level 5:colcon.colcon_core.verb:set package 'robot_interfaces' build argument 'cmake_args' from command line to 'None'
[0.255s] Level 5:colcon.colcon_core.verb:set package 'robot_interfaces' build argument 'cmake_target' from command line to 'None'
[0.255s] Level 5:colcon.colcon_core.verb:set package 'robot_interfaces' build argument 'cmake_target_skip_unavailable' from command line to 'False'
[0.255s] Level 5:colcon.colcon_core.verb:set package 'robot_interfaces' build argument 'cmake_clean_cache' from command line to 'False'
[0.255s] Level 5:colcon.colcon_core.verb:set package 'robot_interfaces' build argument 'cmake_clean_first' from command line to 'False'
[0.255s] Level 5:colcon.colcon_core.verb:set package 'robot_interfaces' build argument 'cmake_force_configure' from command line to 'False'
[0.255s] Level 5:colcon.colcon_core.verb:set package 'robot_interfaces' build argument 'ament_cmake_args' from command line to 'None'
[0.255s] Level 5:colcon.colcon_core.verb:set package 'robot_interfaces' build argument 'catkin_cmake_args' from command line to 'None'
[0.255s] Level 5:colcon.colcon_core.verb:set package 'robot_interfaces' build argument 'catkin_skip_building_tests' from command line to 'False'
[0.255s] DEBUG:colcon.colcon_core.verb:Building package 'robot_interfaces' with the following arguments: {'ament_cmake_args': None, 'build_base': '/home/dky/Projects/dky_robot/build/robot_interfaces', 'catkin_cmake_args': None, 'catkin_skip_building_tests': False, 'cmake_args': None, 'cmake_clean_cache': False, 'cmake_clean_first': False, 'cmake_force_configure': False, 'cmake_target': None, 'cmake_target_skip_unavailable': False, 'install_base': '/home/dky/Projects/dky_robot/install/robot_interfaces', 'merge_install': False, 'path': '/home/dky/Projects/dky_robot/src/robot_interfaces', 'symlink_install': False, 'test_result_base': None}
[0.255s] INFO:colcon.colcon_core.executor:Executing jobs using 'parallel' executor
[0.256s] DEBUG:colcon.colcon_parallel_executor.executor.parallel:run_until_complete
[0.256s] INFO:colcon.colcon_ros.task.ament_cmake.build:Building ROS package in '/home/dky/Projects/dky_robot/src/robot_interfaces' with build type 'ament_cmake'
[0.256s] INFO:colcon.colcon_cmake.task.cmake.build:Building CMake package in '/home/dky/Projects/dky_robot/src/robot_interfaces'
[0.258s] INFO:colcon.colcon_core.plugin_system:Skipping extension 'colcon_core.shell.bat': Not used on non-Windows systems
[0.258s] INFO:colcon.colcon_core.shell:Skip shell extension 'powershell' for command environment: Not usable outside of PowerShell
[0.258s] DEBUG:colcon.colcon_core.shell:Skip shell extension 'dsv' for command environment
[0.266s] DEBUG:colcon.colcon_core.event_handler.log_command:Invoking command in '/home/dky/Projects/dky_robot/build/robot_interfaces': CMAKE_PREFIX_PATH=${CMAKE_PREFIX_PATH}:/opt/ros/humble /usr/bin/cmake --build /home/dky/Projects/dky_robot/build/robot_interfaces -- -j20 -l20
[3.736s] DEBUG:colcon.colcon_core.event_handler.log_command:Invoked command in '/home/dky/Projects/dky_robot/build/robot_interfaces' returned '0': CMAKE_PREFIX_PATH=${CMAKE_PREFIX_PATH}:/opt/ros/humble /usr/bin/cmake --build /home/dky/Projects/dky_robot/build/robot_interfaces -- -j20 -l20
[3.835s] DEBUG:colcon.colcon_core.event_handler.log_command:Invoking command in '/home/dky/Projects/dky_robot/build/robot_interfaces': CMAKE_PREFIX_PATH=${CMAKE_PREFIX_PATH}:/opt/ros/humble /usr/bin/cmake --install /home/dky/Projects/dky_robot/build/robot_interfaces
[3.884s] Level 1:colcon.colcon_core.environment:create_environment_scripts_only(robot_interfaces)
[3.885s] DEBUG:colcon.colcon_core.event_handler.log_command:Invoked command in '/home/dky/Projects/dky_robot/build/robot_interfaces' returned '0': CMAKE_PREFIX_PATH=${CMAKE_PREFIX_PATH}:/opt/ros/humble /usr/bin/cmake --install /home/dky/Projects/dky_robot/build/robot_interfaces
[3.886s] Level 1:colcon.colcon_core.environment:checking '/home/dky/Projects/dky_robot/install/robot_interfaces' for CMake module files
[3.887s] Level 1:colcon.colcon_core.environment:checking '/home/dky/Projects/dky_robot/install/robot_interfaces' for CMake config files
[3.887s] Level 1:colcon.colcon_core.shell:create_environment_hook('robot_interfaces', 'cmake_prefix_path')
[3.887s] INFO:colcon.colcon_core.shell:Creating environment hook '/home/dky/Projects/dky_robot/install/robot_interfaces/share/robot_interfaces/hook/cmake_prefix_path.ps1'
[3.887s] INFO:colcon.colcon_core.shell:Creating environment descriptor '/home/dky/Projects/dky_robot/install/robot_interfaces/share/robot_interfaces/hook/cmake_prefix_path.dsv'
[3.888s] INFO:colcon.colcon_core.shell:Creating environment hook '/home/dky/Projects/dky_robot/install/robot_interfaces/share/robot_interfaces/hook/cmake_prefix_path.sh'
[3.888s] Level 1:colcon.colcon_core.environment:checking '/home/dky/Projects/dky_robot/install/robot_interfaces/lib'
[3.888s] Level 1:colcon.colcon_core.shell:create_environment_hook('robot_interfaces', 'ld_library_path_lib')
[3.888s] INFO:colcon.colcon_core.shell:Creating environment hook '/home/dky/Projects/dky_robot/install/robot_interfaces/share/robot_interfaces/hook/ld_library_path_lib.ps1'
[3.889s] INFO:colcon.colcon_core.shell:Creating environment descriptor '/home/dky/Projects/dky_robot/install/robot_interfaces/share/robot_interfaces/hook/ld_library_path_lib.dsv'
[3.889s] INFO:colcon.colcon_core.shell:Creating environment hook '/home/dky/Projects/dky_robot/install/robot_interfaces/share/robot_interfaces/hook/ld_library_path_lib.sh'
[3.889s] Level 1:colcon.colcon_core.environment:checking '/home/dky/Projects/dky_robot/install/robot_interfaces/bin'
[3.889s] Level 1:colcon.colcon_core.environment:checking '/home/dky/Projects/dky_robot/install/robot_interfaces/lib/pkgconfig/robot_interfaces.pc'
[3.889s] Level 1:colcon.colcon_core.environment:checking '/home/dky/Projects/dky_robot/install/robot_interfaces/lib/python3.10/site-packages'
[3.889s] Level 1:colcon.colcon_core.environment:checking '/home/dky/Projects/dky_robot/install/robot_interfaces/bin'
[3.890s] INFO:colcon.colcon_core.shell:Creating package script '/home/dky/Projects/dky_robot/install/robot_interfaces/share/robot_interfaces/package.ps1'
[3.890s] INFO:colcon.colcon_core.shell:Creating package descriptor '/home/dky/Projects/dky_robot/install/robot_interfaces/share/robot_interfaces/package.dsv'
[3.890s] INFO:colcon.colcon_core.shell:Creating package script '/home/dky/Projects/dky_robot/install/robot_interfaces/share/robot_interfaces/package.sh'
[3.891s] INFO:colcon.colcon_core.shell:Creating package script '/home/dky/Projects/dky_robot/install/robot_interfaces/share/robot_interfaces/package.bash'
[3.891s] INFO:colcon.colcon_core.shell:Creating package script '/home/dky/Projects/dky_robot/install/robot_interfaces/share/robot_interfaces/package.zsh'
[3.892s] Level 1:colcon.colcon_core.environment:create_file_with_runtime_dependencies(/home/dky/Projects/dky_robot/install/robot_interfaces/share/colcon-core/packages/robot_interfaces)
[3.981s] Level 1:colcon.colcon_core.environment:create_environment_scripts_only(robot_interfaces)
[3.982s] Level 1:colcon.colcon_core.environment:checking '/home/dky/Projects/dky_robot/install/robot_interfaces' for CMake module files
[3.982s] Level 1:colcon.colcon_core.environment:checking '/home/dky/Projects/dky_robot/install/robot_interfaces' for CMake config files
[3.982s] Level 1:colcon.colcon_core.shell:create_environment_hook('robot_interfaces', 'cmake_prefix_path')
[3.982s] INFO:colcon.colcon_core.shell:Creating environment hook '/home/dky/Projects/dky_robot/install/robot_interfaces/share/robot_interfaces/hook/cmake_prefix_path.ps1'
[3.983s] INFO:colcon.colcon_core.shell:Creating environment descriptor '/home/dky/Projects/dky_robot/install/robot_interfaces/share/robot_interfaces/hook/cmake_prefix_path.dsv'
[3.983s] INFO:colcon.colcon_core.shell:Creating environment hook '/home/dky/Projects/dky_robot/install/robot_interfaces/share/robot_interfaces/hook/cmake_prefix_path.sh'
[3.983s] Level 1:colcon.colcon_core.environment:checking '/home/dky/Projects/dky_robot/install/robot_interfaces/lib'
[3.983s] Level 1:colcon.colcon_core.shell:create_environment_hook('robot_interfaces', 'ld_library_path_lib')
[3.983s] INFO:colcon.colcon_core.shell:Creating environment hook '/home/dky/Projects/dky_robot/install/robot_interfaces/share/robot_interfaces/hook/ld_library_path_lib.ps1'
[3.984s] INFO:colcon.colcon_core.shell:Creating environment descriptor '/home/dky/Projects/dky_robot/install/robot_interfaces/share/robot_interfaces/hook/ld_library_path_lib.dsv'
[3.984s] INFO:colcon.colcon_core.shell:Creating environment hook '/home/dky/Projects/dky_robot/install/robot_interfaces/share/robot_interfaces/hook/ld_library_path_lib.sh'
[3.984s] Level 1:colcon.colcon_core.environment:checking '/home/dky/Projects/dky_robot/install/robot_interfaces/bin'
[3.984s] Level 1:colcon.colcon_core.environment:checking '/home/dky/Projects/dky_robot/install/robot_interfaces/lib/pkgconfig/robot_interfaces.pc'
[3.984s] Level 1:colcon.colcon_core.environment:checking '/home/dky/Projects/dky_robot/install/robot_interfaces/lib/python3.10/site-packages'
[3.984s] Level 1:colcon.colcon_core.environment:checking '/home/dky/Projects/dky_robot/install/robot_interfaces/bin'
[3.985s] INFO:colcon.colcon_core.shell:Creating package script '/home/dky/Projects/dky_robot/install/robot_interfaces/share/robot_interfaces/package.ps1'
[3.985s] INFO:colcon.colcon_core.shell:Creating package descriptor '/home/dky/Projects/dky_robot/install/robot_interfaces/share/robot_interfaces/package.dsv'
[3.985s] INFO:colcon.colcon_core.shell:Creating package script '/home/dky/Projects/dky_robot/install/robot_interfaces/share/robot_interfaces/package.sh'
[3.986s] INFO:colcon.colcon_core.shell:Creating package script '/home/dky/Projects/dky_robot/install/robot_interfaces/share/robot_interfaces/package.bash'
[3.986s] INFO:colcon.colcon_core.shell:Creating package script '/home/dky/Projects/dky_robot/install/robot_interfaces/share/robot_interfaces/package.zsh'
[3.987s] Level 1:colcon.colcon_core.environment:create_file_with_runtime_dependencies(/home/dky/Projects/dky_robot/install/robot_interfaces/share/colcon-core/packages/robot_interfaces)
[3.987s] DEBUG:colcon.colcon_parallel_executor.executor.parallel:closing loop
[3.987s] DEBUG:colcon.colcon_parallel_executor.executor.parallel:loop closed
[3.987s] DEBUG:colcon.colcon_parallel_executor.executor.parallel:run_until_complete finished with '0'
[3.987s] DEBUG:colcon.colcon_core.event_reactor:joining thread
[3.990s] INFO:colcon.colcon_core.plugin_system:Skipping extension 'colcon_notification.desktop_notification.terminal_notifier': Not used on non-Darwin systems
[3.990s] INFO:colcon.colcon_core.plugin_system:Skipping extension 'colcon_notification.desktop_notification.win32': Not used on non-Windows systems
[3.990s] INFO:colcon.colcon_notification.desktop_notification:Sending desktop notification using 'notify2'
[3.998s] DEBUG:colcon.colcon_core.event_reactor:joined thread
[3.998s] INFO:colcon.colcon_core.shell:Creating prefix script '/home/dky/Projects/dky_robot/install/local_setup.ps1'
[3.999s] INFO:colcon.colcon_core.shell:Creating prefix util module '/home/dky/Projects/dky_robot/install/_local_setup_util_ps1.py'
[4.000s] INFO:colcon.colcon_core.shell:Creating prefix chain script '/home/dky/Projects/dky_robot/install/setup.ps1'
[4.001s] INFO:colcon.colcon_core.shell:Creating prefix script '/home/dky/Projects/dky_robot/install/local_setup.sh'
[4.001s] INFO:colcon.colcon_core.shell:Creating prefix util module '/home/dky/Projects/dky_robot/install/_local_setup_util_sh.py'
[4.002s] INFO:colcon.colcon_core.shell:Creating prefix chain script '/home/dky/Projects/dky_robot/install/setup.sh'
[4.004s] INFO:colcon.colcon_core.shell:Creating prefix script '/home/dky/Projects/dky_robot/install/local_setup.bash'
[4.004s] INFO:colcon.colcon_core.shell:Creating prefix chain script '/home/dky/Projects/dky_robot/install/setup.bash'
[4.006s] INFO:colcon.colcon_core.shell:Creating prefix script '/home/dky/Projects/dky_robot/install/local_setup.zsh'
[4.006s] INFO:colcon.colcon_core.shell:Creating prefix chain script '/home/dky/Projects/dky_robot/install/setup.zsh'
