[0.024s] Invoking command in '/home/dky/Projects/dky_robot/build/robot_cartesian': CMAKE_PREFIX_PATH=${CMAKE_PREFIX_PATH}:/opt/ros/humble /usr/bin/cmake /home/dky/Projects/dky_robot/src/robot_cartesian -DCMAKE_INSTALL_PREFIX=/home/dky/Projects/dky_robot/install/robot_cartesian
[0.070s] -- The C compiler identification is GNU 11.4.0
[0.113s] -- The CXX compiler identification is GNU 11.4.0
[0.118s] -- Detecting C compiler ABI info
[0.167s] -- Detecting C compiler ABI info - done
[0.175s] -- Check for working C compiler: /usr/bin/cc - skipped
[0.176s] -- Detecting C compile features
[0.176s] -- Detecting C compile features - done
[0.180s] -- Detecting CXX compiler ABI info
[0.239s] -- Detecting CXX compiler ABI info - done
[0.244s] -- Check for working CXX compiler: /usr/bin/c++ - skipped
[0.245s] -- Detecting CXX compile features
[0.245s] -- Detecting CXX compile features - done
[0.248s] -- Found ament_cmake: 1.3.8 (/opt/ros/humble/share/ament_cmake/cmake)
[0.401s] -- Found Python3: /usr/bin/python3 (found version "3.10.12") found components: Interpreter 
[0.495s] -- Found rclcpp: 16.0.8 (/opt/ros/humble/share/rclcpp/cmake)
[0.555s] -- Found rosidl_generator_c: 3.1.5 (/opt/ros/humble/share/rosidl_generator_c/cmake)
[0.563s] -- Found rosidl_adapter: 3.1.5 (/opt/ros/humble/share/rosidl_adapter/cmake)
[0.576s] -- Found rosidl_generator_cpp: 3.1.5 (/opt/ros/humble/share/rosidl_generator_cpp/cmake)
[0.596s] -- Using all available rosidl_typesupport_c: rosidl_typesupport_fastrtps_c;rosidl_typesupport_introspection_c
[0.625s] -- Using all available rosidl_typesupport_cpp: rosidl_typesupport_fastrtps_cpp;rosidl_typesupport_introspection_cpp
[0.713s] -- Found rmw_implementation_cmake: 6.1.1 (/opt/ros/humble/share/rmw_implementation_cmake/cmake)
[0.716s] -- Found rmw_fastrtps_cpp: 6.2.6 (/opt/ros/humble/share/rmw_fastrtps_cpp/cmake)
[0.790s] -- Found OpenSSL: /usr/lib/x86_64-linux-gnu/libcrypto.so (found version "3.0.2")  
[0.812s] -- Found FastRTPS: /opt/ros/humble/include  
[0.847s] -- Using RMW implementation 'rmw_fastrtps_cpp' as default
[0.856s] -- Looking for pthread.h
[0.911s] -- Looking for pthread.h - found
[0.911s] -- Performing Test CMAKE_HAVE_LIBC_PTHREAD
[0.970s] -- Performing Test CMAKE_HAVE_LIBC_PTHREAD - Success
[0.972s] -- Found Threads: TRUE  
[1.088s] -- Found moveit_ros_planning_interface: 2.5.5 (/opt/ros/humble/share/moveit_ros_planning_interface/cmake)
[1.110s] -- Found Boost: /usr/lib/x86_64-linux-gnu/cmake/Boost-1.74.0/BoostConfig.cmake (found version "1.74.0") found components: date_time filesystem program_options system thread 
[1.698s] -- Found Boost: /usr/lib/x86_64-linux-gnu/cmake/Boost-1.74.0/BoostConfig.cmake (found version "1.74.0") found components: chrono date_time filesystem iostreams program_options regex serialization system thread 
[1.709s] -- Found parameter_traits: 0.3.8 (/opt/ros/humble/share/parameter_traits/cmake)
[1.727s] -- Found rclcpp_lifecycle: 16.0.8 (/opt/ros/humble/share/rclcpp_lifecycle/cmake)
[1.761s] -- Found Boost: /usr/lib/x86_64-linux-gnu/cmake/Boost-1.74.0/BoostConfig.cmake (found version "1.74.0") found components: filesystem 
[1.845s] -- library: /usr/lib/x86_64-linux-gnu/libcurl.so
[1.959s] -- Found Eigen3: TRUE (found version "3.4.0") 
[1.959s] -- Ensuring Eigen3 include directory is part of orocos-kdl CMake target
[2.344s] -- Found Boost: /usr/lib/x86_64-linux-gnu/cmake/Boost-1.74.0/BoostConfig.cmake (found version "1.74.0") found components: system filesystem date_time program_options thread chrono 
[2.741s] -- Found Boost: /usr/lib/x86_64-linux-gnu/cmake/Boost-1.74.0/BoostConfig.cmake (found version "1.74.0") found components: thread system filesystem regex date_time program_options 
[2.912s] -- Found Boost: /usr/lib/x86_64-linux-gnu/cmake/Boost-1.74.0/BoostConfig.cmake (found version "1.74.0") found components: system filesystem date_time program_options thread 
[3.204s] -- Found robot_interfaces: 0.0.0 (/home/dky/Projects/dky_robot/install/robot_interfaces/share/robot_interfaces/cmake)
[3.253s] -- Found ament_lint_auto: 0.12.10 (/opt/ros/humble/share/ament_lint_auto/cmake)
[3.312s] -- Added test 'cppcheck' to perform static code analysis on C / C++ code
[3.312s] -- Configured cppcheck include dirs: 
[3.312s] -- Configured cppcheck exclude dirs and/or files: 
[3.312s] -- Added test 'flake8' to check Python code syntax and style conventions
[3.312s] -- Added test 'lint_cmake' to check CMake code style
[3.313s] -- Added test 'pep257' to check Python code against some of the docstring style conventions in PEP 257
[3.313s] -- Added test 'uncrustify' to check C / C++ code style
[3.313s] -- Configured uncrustify additional arguments: 
[3.313s] -- Added test 'xmllint' to check XML markup files
[3.314s] -- Configuring done
[3.330s] -- Generating done
[3.331s] -- Build files have been written to: /home/dky/Projects/dky_robot/build/robot_cartesian
