[0.026s] Invoking command in '/home/dky/Projects/dky_robot/build/robot_kinematics': CMAKE_PREFIX_PATH=${CMAKE_PREFIX_PATH}:/opt/ros/humble /usr/bin/cmake --build /home/dky/Projects/dky_robot/build/robot_kinematics -- -j20 -l20
[0.088s] [ 25%] Built target robot_func
[0.092s] [ 50%] Built target robot_state_get
[0.097s] [ 62%] [32mBuilding CXX object CMakeFiles/robot_fk.dir/src/robot_fk.cpp.o[0m
[0.100s] [ 87%] Built target robot_ik
[10.282s] [100%] [32m[1mLinking CXX executable robot_fk[0m
[10.893s] [100%] Built target robot_fk
[10.905s] Invoked command in '/home/dky/Projects/dky_robot/build/robot_kinematics' returned '0': CMAKE_PREFIX_PATH=${CMAKE_PREFIX_PATH}:/opt/ros/humble /usr/bin/cmake --build /home/dky/Projects/dky_robot/build/robot_kinematics -- -j20 -l20
[10.941s] Invoking command in '/home/dky/Projects/dky_robot/build/robot_kinematics': CMAKE_PREFIX_PATH=${CMAKE_PREFIX_PATH}:/opt/ros/humble /usr/bin/cmake --install /home/dky/Projects/dky_robot/build/robot_kinematics
[10.946s] -- Install configuration: ""
[10.946s] -- Up-to-date: /home/dky/Projects/dky_robot/install/robot_kinematics/lib/robot_kinematics/robot_ik
[10.946s] -- Installing: /home/dky/Projects/dky_robot/install/robot_kinematics/lib/robot_kinematics/robot_fk
[10.950s] -- Set runtime path of "/home/dky/Projects/dky_robot/install/robot_kinematics/lib/robot_kinematics/robot_fk" to ""
[10.950s] -- Up-to-date: /home/dky/Projects/dky_robot/install/robot_kinematics/lib/robot_kinematics/robot_state_get
[10.950s] -- Up-to-date: /home/dky/Projects/dky_robot/install/robot_kinematics/lib/robot_kinematics/robot_func
[10.950s] -- Up-to-date: /home/dky/Projects/dky_robot/install/robot_kinematics/share/robot_kinematics/launch
[10.950s] -- Up-to-date: /home/dky/Projects/dky_robot/install/robot_kinematics/share/robot_kinematics/launch/robot_state_get.launch.py
[10.950s] -- Up-to-date: /home/dky/Projects/dky_robot/install/robot_kinematics/share/robot_kinematics/launch/robot_func.launch.py
[10.950s] -- Up-to-date: /home/dky/Projects/dky_robot/install/robot_kinematics/share/robot_kinematics/launch/robot_ik.launch.py
[10.950s] -- Up-to-date: /home/dky/Projects/dky_robot/install/robot_kinematics/share/robot_kinematics/launch/robot_fk.launch.py
[10.950s] -- Up-to-date: /home/dky/Projects/dky_robot/install/robot_kinematics/share/ament_index/resource_index/package_run_dependencies/robot_kinematics
[10.950s] -- Up-to-date: /home/dky/Projects/dky_robot/install/robot_kinematics/share/ament_index/resource_index/parent_prefix_path/robot_kinematics
[10.950s] -- Up-to-date: /home/dky/Projects/dky_robot/install/robot_kinematics/share/robot_kinematics/environment/ament_prefix_path.sh
[10.951s] -- Up-to-date: /home/dky/Projects/dky_robot/install/robot_kinematics/share/robot_kinematics/environment/ament_prefix_path.dsv
[10.951s] -- Up-to-date: /home/dky/Projects/dky_robot/install/robot_kinematics/share/robot_kinematics/environment/path.sh
[10.951s] -- Up-to-date: /home/dky/Projects/dky_robot/install/robot_kinematics/share/robot_kinematics/environment/path.dsv
[10.951s] -- Up-to-date: /home/dky/Projects/dky_robot/install/robot_kinematics/share/robot_kinematics/local_setup.bash
[10.951s] -- Up-to-date: /home/dky/Projects/dky_robot/install/robot_kinematics/share/robot_kinematics/local_setup.sh
[10.951s] -- Up-to-date: /home/dky/Projects/dky_robot/install/robot_kinematics/share/robot_kinematics/local_setup.zsh
[10.951s] -- Up-to-date: /home/dky/Projects/dky_robot/install/robot_kinematics/share/robot_kinematics/local_setup.dsv
[10.951s] -- Installing: /home/dky/Projects/dky_robot/install/robot_kinematics/share/robot_kinematics/package.dsv
[10.951s] -- Up-to-date: /home/dky/Projects/dky_robot/install/robot_kinematics/share/ament_index/resource_index/packages/robot_kinematics
[10.951s] -- Up-to-date: /home/dky/Projects/dky_robot/install/robot_kinematics/share/robot_kinematics/cmake/robot_kinematicsConfig.cmake
[10.951s] -- Up-to-date: /home/dky/Projects/dky_robot/install/robot_kinematics/share/robot_kinematics/cmake/robot_kinematicsConfig-version.cmake
[10.951s] -- Up-to-date: /home/dky/Projects/dky_robot/install/robot_kinematics/share/robot_kinematics/package.xml
[10.953s] Invoked command in '/home/dky/Projects/dky_robot/build/robot_kinematics' returned '0': CMAKE_PREFIX_PATH=${CMAKE_PREFIX_PATH}:/opt/ros/humble /usr/bin/cmake --install /home/dky/Projects/dky_robot/build/robot_kinematics
