[0.021s] Invoking command in '/home/dky/Projects/dky_robot/build/robot_gazebo': CMAKE_PREFIX_PATH=${CMAKE_PREFIX_PATH}:/opt/ros/humble /usr/bin/cmake /home/dky/Projects/dky_robot/src/robot_gazebo -DCMAKE_INSTALL_PREFIX=/home/dky/Projects/dky_robot/install/robot_gazebo
[0.068s] -- The C compiler identification is GNU 11.4.0
[0.124s] -- The CXX compiler identification is GNU 11.4.0
[0.128s] -- Detecting C compiler ABI info
[0.184s] -- Detecting C compiler ABI info - done
[0.189s] -- Check for working C compiler: /usr/bin/cc - skipped
[0.189s] -- Detecting C compile features
[0.190s] -- Detecting C compile features - done
[0.192s] -- Detecting CXX compiler ABI info
[0.264s] -- Detecting CXX compiler ABI info - done
[0.271s] -- Check for working CXX compiler: /usr/bin/c++ - skipped
[0.271s] -- Detecting CXX compile features
[0.272s] -- Detecting CXX compile features - done
[0.274s] -- Found ament_cmake: 1.3.8 (/opt/ros/humble/share/ament_cmake/cmake)
[0.410s] -- Found Python3: /usr/bin/python3 (found version "3.10.12") found components: Interpreter 
[0.489s] -- Found ament_lint_auto: 0.12.10 (/opt/ros/humble/share/ament_lint_auto/cmake)
[0.549s] -- Added test 'flake8' to check Python code syntax and style conventions
[0.549s] -- Added test 'lint_cmake' to check CMake code style
[0.550s] -- Added test 'pep257' to check Python code against some of the docstring style conventions in PEP 257
[0.550s] -- Added test 'xmllint' to check XML markup files
[0.552s] -- Configuring done
[0.557s] -- Generating done
[0.558s] -- Build files have been written to: /home/dky/Projects/dky_robot/build/robot_gazebo
[0.564s] Invoked command in '/home/dky/Projects/dky_robot/build/robot_gazebo' returned '0': CMAKE_PREFIX_PATH=${CMAKE_PREFIX_PATH}:/opt/ros/humble /usr/bin/cmake /home/dky/Projects/dky_robot/src/robot_gazebo -DCMAKE_INSTALL_PREFIX=/home/dky/Projects/dky_robot/install/robot_gazebo
[0.565s] Invoking command in '/home/dky/Projects/dky_robot/build/robot_gazebo': CMAKE_PREFIX_PATH=${CMAKE_PREFIX_PATH}:/opt/ros/humble /usr/bin/cmake --build /home/dky/Projects/dky_robot/build/robot_gazebo -- -j20 -l20
[0.589s] Invoked command in '/home/dky/Projects/dky_robot/build/robot_gazebo' returned '0': CMAKE_PREFIX_PATH=${CMAKE_PREFIX_PATH}:/opt/ros/humble /usr/bin/cmake --build /home/dky/Projects/dky_robot/build/robot_gazebo -- -j20 -l20
[0.613s] Invoking command in '/home/dky/Projects/dky_robot/build/robot_gazebo': CMAKE_PREFIX_PATH=${CMAKE_PREFIX_PATH}:/opt/ros/humble /usr/bin/cmake --install /home/dky/Projects/dky_robot/build/robot_gazebo
[0.619s] -- Install configuration: ""
[0.619s] -- Up-to-date: /home/dky/Projects/dky_robot/install/robot_gazebo/share/robot_gazebo/launch
[0.619s] -- Up-to-date: /home/dky/Projects/dky_robot/install/robot_gazebo/share/robot_gazebo/launch/robot_gazebo.launch.py
[0.619s] -- Up-to-date: /home/dky/Projects/dky_robot/install/robot_gazebo/share/robot_gazebo/config
[0.619s] -- Up-to-date: /home/dky/Projects/dky_robot/install/robot_gazebo/share/robot_gazebo/config/gazebo_robot_description.urdf.xacro
[0.619s] -- Up-to-date: /home/dky/Projects/dky_robot/install/robot_gazebo/share/ament_index/resource_index/package_run_dependencies/robot_gazebo
[0.619s] -- Up-to-date: /home/dky/Projects/dky_robot/install/robot_gazebo/share/ament_index/resource_index/parent_prefix_path/robot_gazebo
[0.619s] -- Up-to-date: /home/dky/Projects/dky_robot/install/robot_gazebo/share/robot_gazebo/environment/ament_prefix_path.sh
[0.620s] -- Installing: /home/dky/Projects/dky_robot/install/robot_gazebo/share/robot_gazebo/environment/ament_prefix_path.dsv
[0.620s] -- Up-to-date: /home/dky/Projects/dky_robot/install/robot_gazebo/share/robot_gazebo/environment/path.sh
[0.620s] -- Installing: /home/dky/Projects/dky_robot/install/robot_gazebo/share/robot_gazebo/environment/path.dsv
[0.620s] -- Up-to-date: /home/dky/Projects/dky_robot/install/robot_gazebo/share/robot_gazebo/local_setup.bash
[0.621s] -- Up-to-date: /home/dky/Projects/dky_robot/install/robot_gazebo/share/robot_gazebo/local_setup.sh
[0.621s] -- Up-to-date: /home/dky/Projects/dky_robot/install/robot_gazebo/share/robot_gazebo/local_setup.zsh
[0.621s] -- Installing: /home/dky/Projects/dky_robot/install/robot_gazebo/share/robot_gazebo/local_setup.dsv
[0.621s] -- Installing: /home/dky/Projects/dky_robot/install/robot_gazebo/share/robot_gazebo/package.dsv
[0.621s] -- Up-to-date: /home/dky/Projects/dky_robot/install/robot_gazebo/share/ament_index/resource_index/packages/robot_gazebo
[0.621s] -- Up-to-date: /home/dky/Projects/dky_robot/install/robot_gazebo/share/robot_gazebo/cmake/robot_gazeboConfig.cmake
[0.621s] -- Up-to-date: /home/dky/Projects/dky_robot/install/robot_gazebo/share/robot_gazebo/cmake/robot_gazeboConfig-version.cmake
[0.621s] -- Up-to-date: /home/dky/Projects/dky_robot/install/robot_gazebo/share/robot_gazebo/package.xml
[0.622s] Invoked command in '/home/dky/Projects/dky_robot/build/robot_gazebo' returned '0': CMAKE_PREFIX_PATH=${CMAKE_PREFIX_PATH}:/opt/ros/humble /usr/bin/cmake --install /home/dky/Projects/dky_robot/build/robot_gazebo
