[0.024s] Invoking command in '/home/dky/Projects/dky_robot/build/robot_kinematics': CMAKE_PREFIX_PATH=${CMAKE_PREFIX_PATH}:/opt/ros/humble /usr/bin/cmake --build /home/dky/Projects/dky_robot/build/robot_kinematics -- -j20 -l20
[0.066s] [35m[1mConsolidate compiler generated dependencies of target robot_state_get[0m
[0.070s] [35m[1mConsolidate compiler generated dependencies of target robot_func[0m
[0.090s] [ 50%] Built target robot_state_get
[0.093s] [100%] Built target robot_func
[0.129s] Invoked command in '/home/dky/Projects/dky_robot/build/robot_kinematics' returned '0': CMAKE_PREFIX_PATH=${CMAKE_PREFIX_PATH}:/opt/ros/humble /usr/bin/cmake --build /home/dky/Projects/dky_robot/build/robot_kinematics -- -j20 -l20
[0.172s] Invoking command in '/home/dky/Projects/dky_robot/build/robot_kinematics': CMAKE_PREFIX_PATH=${CMAKE_PREFIX_PATH}:/opt/ros/humble /usr/bin/cmake --install /home/dky/Projects/dky_robot/build/robot_kinematics
[0.177s] -- Install configuration: ""
[0.177s] -- Up-to-date: /home/dky/Projects/dky_robot/install/robot_kinematics/lib/robot_kinematics/robot_state_get
[0.177s] -- Up-to-date: /home/dky/Projects/dky_robot/install/robot_kinematics/lib/robot_kinematics/robot_func
[0.177s] -- Up-to-date: /home/dky/Projects/dky_robot/install/robot_kinematics/share/robot_kinematics/launch
[0.177s] -- Up-to-date: /home/dky/Projects/dky_robot/install/robot_kinematics/share/robot_kinematics/launch/robot_state_get.launch.py
[0.177s] -- Up-to-date: /home/dky/Projects/dky_robot/install/robot_kinematics/share/robot_kinematics/launch/robot_func.launch.py
[0.177s] -- Up-to-date: /home/dky/Projects/dky_robot/install/robot_kinematics/share/ament_index/resource_index/package_run_dependencies/robot_kinematics
[0.177s] -- Up-to-date: /home/dky/Projects/dky_robot/install/robot_kinematics/share/ament_index/resource_index/parent_prefix_path/robot_kinematics
[0.177s] -- Up-to-date: /home/dky/Projects/dky_robot/install/robot_kinematics/share/robot_kinematics/environment/ament_prefix_path.sh
[0.177s] -- Up-to-date: /home/dky/Projects/dky_robot/install/robot_kinematics/share/robot_kinematics/environment/ament_prefix_path.dsv
[0.177s] -- Up-to-date: /home/dky/Projects/dky_robot/install/robot_kinematics/share/robot_kinematics/environment/path.sh
[0.177s] -- Up-to-date: /home/dky/Projects/dky_robot/install/robot_kinematics/share/robot_kinematics/environment/path.dsv
[0.177s] -- Up-to-date: /home/dky/Projects/dky_robot/install/robot_kinematics/share/robot_kinematics/local_setup.bash
[0.177s] -- Up-to-date: /home/dky/Projects/dky_robot/install/robot_kinematics/share/robot_kinematics/local_setup.sh
[0.177s] -- Up-to-date: /home/dky/Projects/dky_robot/install/robot_kinematics/share/robot_kinematics/local_setup.zsh
[0.177s] -- Up-to-date: /home/dky/Projects/dky_robot/install/robot_kinematics/share/robot_kinematics/local_setup.dsv
[0.177s] -- Installing: /home/dky/Projects/dky_robot/install/robot_kinematics/share/robot_kinematics/package.dsv
[0.177s] -- Up-to-date: /home/dky/Projects/dky_robot/install/robot_kinematics/share/ament_index/resource_index/packages/robot_kinematics
[0.177s] -- Up-to-date: /home/dky/Projects/dky_robot/install/robot_kinematics/share/robot_kinematics/cmake/robot_kinematicsConfig.cmake
[0.177s] -- Up-to-date: /home/dky/Projects/dky_robot/install/robot_kinematics/share/robot_kinematics/cmake/robot_kinematicsConfig-version.cmake
[0.178s] -- Up-to-date: /home/dky/Projects/dky_robot/install/robot_kinematics/share/robot_kinematics/package.xml
[0.195s] Invoked command in '/home/dky/Projects/dky_robot/build/robot_kinematics' returned '0': CMAKE_PREFIX_PATH=${CMAKE_PREFIX_PATH}:/opt/ros/humble /usr/bin/cmake --install /home/dky/Projects/dky_robot/build/robot_kinematics
