[0.031s] Invoking command in '/home/dky/Projects/dky_robot/build/robot_control': CMAKE_PREFIX_PATH=${CMAKE_PREFIX_PATH}:/opt/ros/humble /usr/bin/cmake --build /home/dky/Projects/dky_robot/build/robot_control -- -j20 -l20
[0.123s] [100%] Built target robot_control
[0.161s] Invoked command in '/home/dky/Projects/dky_robot/build/robot_control' returned '0': CMAKE_PREFIX_PATH=${CMAKE_PREFIX_PATH}:/opt/ros/humble /usr/bin/cmake --build /home/dky/Projects/dky_robot/build/robot_control -- -j20 -l20
[0.210s] Invoking command in '/home/dky/Projects/dky_robot/build/robot_control': CMAKE_PREFIX_PATH=${CMAKE_PREFIX_PATH}:/opt/ros/humble /usr/bin/cmake --install /home/dky/Projects/dky_robot/build/robot_control
[0.221s] -- Install configuration: ""
[0.222s] -- Up-to-date: /home/dky/Projects/dky_robot/install/robot_control/share/robot_control/launch
[0.222s] -- Up-to-date: /home/dky/Projects/dky_robot/install/robot_control/share/robot_control/launch/robot_control.launch.py
[0.222s] -- Up-to-date: /home/dky/Projects/dky_robot/install/robot_control/lib/robot_control/robot_control
[0.222s] -- Up-to-date: /home/dky/Projects/dky_robot/install/robot_control/share/ament_index/resource_index/package_run_dependencies/robot_control
[0.223s] -- Up-to-date: /home/dky/Projects/dky_robot/install/robot_control/share/ament_index/resource_index/parent_prefix_path/robot_control
[0.223s] -- Up-to-date: /home/dky/Projects/dky_robot/install/robot_control/share/robot_control/environment/ament_prefix_path.sh
[0.223s] -- Up-to-date: /home/dky/Projects/dky_robot/install/robot_control/share/robot_control/environment/ament_prefix_path.dsv
[0.223s] -- Up-to-date: /home/dky/Projects/dky_robot/install/robot_control/share/robot_control/environment/path.sh
[0.223s] -- Up-to-date: /home/dky/Projects/dky_robot/install/robot_control/share/robot_control/environment/path.dsv
[0.224s] -- Up-to-date: /home/dky/Projects/dky_robot/install/robot_control/share/robot_control/local_setup.bash
[0.224s] -- Up-to-date: /home/dky/Projects/dky_robot/install/robot_control/share/robot_control/local_setup.sh
[0.224s] -- Up-to-date: /home/dky/Projects/dky_robot/install/robot_control/share/robot_control/local_setup.zsh
[0.225s] -- Up-to-date: /home/dky/Projects/dky_robot/install/robot_control/share/robot_control/local_setup.dsv
[0.225s] -- Installing: /home/dky/Projects/dky_robot/install/robot_control/share/robot_control/package.dsv
[0.226s] -- Up-to-date: /home/dky/Projects/dky_robot/install/robot_control/share/ament_index/resource_index/packages/robot_control
[0.227s] -- Up-to-date: /home/dky/Projects/dky_robot/install/robot_control/share/robot_control/cmake/robot_controlConfig.cmake
[0.228s] -- Up-to-date: /home/dky/Projects/dky_robot/install/robot_control/share/robot_control/cmake/robot_controlConfig-version.cmake
[0.229s] -- Up-to-date: /home/dky/Projects/dky_robot/install/robot_control/share/robot_control/package.xml
[0.254s] Invoked command in '/home/dky/Projects/dky_robot/build/robot_control' returned '0': CMAKE_PREFIX_PATH=${CMAKE_PREFIX_PATH}:/opt/ros/humble /usr/bin/cmake --install /home/dky/Projects/dky_robot/build/robot_control
