[0.045s] Invoking command in '/home/dky/Projects/dky_robot/build/robot_qtrecv': CMAKE_PREFIX_PATH=${CMAKE_PREFIX_PATH}:/opt/ros/humble /usr/bin/cmake --build /home/dky/Projects/dky_robot/build/robot_qtrecv -- -j20 -l20
[0.112s] [35m[1mConsolidate compiler generated dependencies of target robot_qtrecv[0m
[0.127s] [100%] Built target robot_qtrecv
[0.152s] Invoked command in '/home/dky/Projects/dky_robot/build/robot_qtrecv' returned '0': CMAKE_PREFIX_PATH=${CMAKE_PREFIX_PATH}:/opt/ros/humble /usr/bin/cmake --build /home/dky/Projects/dky_robot/build/robot_qtrecv -- -j20 -l20
[0.193s] Invoking command in '/home/dky/Projects/dky_robot/build/robot_qtrecv': CMAKE_PREFIX_PATH=${CMAKE_PREFIX_PATH}:/opt/ros/humble /usr/bin/cmake --install /home/dky/Projects/dky_robot/build/robot_qtrecv
[0.200s] -- Install configuration: ""
[0.201s] -- Up-to-date: /home/dky/Projects/dky_robot/install/robot_qtrecv/lib/robot_qtrecv/robot_qtrecv
[0.201s] -- Up-to-date: /home/dky/Projects/dky_robot/install/robot_qtrecv/share/robot_qtrecv/launch
[0.202s] -- Up-to-date: /home/dky/Projects/dky_robot/install/robot_qtrecv/share/robot_qtrecv/launch/robot_qtrecv.launch.py
[0.202s] -- Up-to-date: /home/dky/Projects/dky_robot/install/robot_qtrecv/share/ament_index/resource_index/package_run_dependencies/robot_qtrecv
[0.202s] -- Up-to-date: /home/dky/Projects/dky_robot/install/robot_qtrecv/share/ament_index/resource_index/parent_prefix_path/robot_qtrecv
[0.202s] -- Up-to-date: /home/dky/Projects/dky_robot/install/robot_qtrecv/share/robot_qtrecv/environment/ament_prefix_path.sh
[0.202s] -- Up-to-date: /home/dky/Projects/dky_robot/install/robot_qtrecv/share/robot_qtrecv/environment/ament_prefix_path.dsv
[0.202s] -- Up-to-date: /home/dky/Projects/dky_robot/install/robot_qtrecv/share/robot_qtrecv/environment/path.sh
[0.202s] -- Up-to-date: /home/dky/Projects/dky_robot/install/robot_qtrecv/share/robot_qtrecv/environment/path.dsv
[0.202s] -- Up-to-date: /home/dky/Projects/dky_robot/install/robot_qtrecv/share/robot_qtrecv/local_setup.bash
[0.202s] -- Up-to-date: /home/dky/Projects/dky_robot/install/robot_qtrecv/share/robot_qtrecv/local_setup.sh
[0.202s] -- Up-to-date: /home/dky/Projects/dky_robot/install/robot_qtrecv/share/robot_qtrecv/local_setup.zsh
[0.202s] -- Up-to-date: /home/dky/Projects/dky_robot/install/robot_qtrecv/share/robot_qtrecv/local_setup.dsv
[0.202s] -- Installing: /home/dky/Projects/dky_robot/install/robot_qtrecv/share/robot_qtrecv/package.dsv
[0.202s] -- Up-to-date: /home/dky/Projects/dky_robot/install/robot_qtrecv/share/ament_index/resource_index/packages/robot_qtrecv
[0.202s] -- Up-to-date: /home/dky/Projects/dky_robot/install/robot_qtrecv/share/robot_qtrecv/cmake/robot_qtrecvConfig.cmake
[0.202s] -- Up-to-date: /home/dky/Projects/dky_robot/install/robot_qtrecv/share/robot_qtrecv/cmake/robot_qtrecvConfig-version.cmake
[0.202s] -- Up-to-date: /home/dky/Projects/dky_robot/install/robot_qtrecv/share/robot_qtrecv/package.xml
[0.216s] Invoked command in '/home/dky/Projects/dky_robot/build/robot_qtrecv' returned '0': CMAKE_PREFIX_PATH=${CMAKE_PREFIX_PATH}:/opt/ros/humble /usr/bin/cmake --install /home/dky/Projects/dky_robot/build/robot_qtrecv
