[0.022s] Invoking command in '/home/dky/Projects/dky_robot/build/robot_qtrecv': CMAKE_PREFIX_PATH=${CMAKE_PREFIX_PATH}:/opt/ros/humble /usr/bin/cmake /home/dky/Projects/dky_robot/src/robot_qtrecv -DCMAKE_INSTALL_PREFIX=/home/dky/Projects/dky_robot/install/robot_qtrecv
[0.070s] -- The C compiler identification is GNU 11.4.0
[0.111s] -- The CXX compiler identification is GNU 11.4.0
[0.116s] -- Detecting C compiler ABI info
[0.165s] -- Detecting C compiler ABI info - done
[0.170s] -- Check for working C compiler: /usr/bin/cc - skipped
[0.170s] -- Detecting C compile features
[0.170s] -- Detecting C compile features - done
[0.173s] -- Detecting CXX compiler ABI info
[0.243s] -- Detecting CXX compiler ABI info - done
[0.249s] -- Check for working CXX compiler: /usr/bin/c++ - skipped
[0.250s] -- Detecting CXX compile features
[0.250s] -- Detecting CXX compile features - done
[0.252s] -- Found ament_cmake: 1.3.8 (/opt/ros/humble/share/ament_cmake/cmake)
[0.369s] -- Found Python3: /usr/bin/python3 (found version "3.10.12") found components: Interpreter 
[0.457s] -- Found rclcpp: 16.0.8 (/opt/ros/humble/share/rclcpp/cmake)
[0.495s] -- Found rosidl_generator_c: 3.1.5 (/opt/ros/humble/share/rosidl_generator_c/cmake)
[0.500s] -- Found rosidl_adapter: 3.1.5 (/opt/ros/humble/share/rosidl_adapter/cmake)
[0.507s] -- Found rosidl_generator_cpp: 3.1.5 (/opt/ros/humble/share/rosidl_generator_cpp/cmake)
[0.518s] -- Using all available rosidl_typesupport_c: rosidl_typesupport_fastrtps_c;rosidl_typesupport_introspection_c
[0.534s] -- Using all available rosidl_typesupport_cpp: rosidl_typesupport_fastrtps_cpp;rosidl_typesupport_introspection_cpp
[0.605s] -- Found rmw_implementation_cmake: 6.1.1 (/opt/ros/humble/share/rmw_implementation_cmake/cmake)
[0.610s] -- Found rmw_fastrtps_cpp: 6.2.6 (/opt/ros/humble/share/rmw_fastrtps_cpp/cmake)
[0.716s] -- Found OpenSSL: /usr/lib/x86_64-linux-gnu/libcrypto.so (found version "3.0.2")  
[0.738s] -- Found FastRTPS: /opt/ros/humble/include  
[0.776s] -- Using RMW implementation 'rmw_fastrtps_cpp' as default
[0.784s] -- Looking for pthread.h
[0.838s] -- Looking for pthread.h - found
[0.838s] -- Performing Test CMAKE_HAVE_LIBC_PTHREAD
[0.892s] -- Performing Test CMAKE_HAVE_LIBC_PTHREAD - Success
[0.894s] -- Found Threads: TRUE  
[1.007s] -- Found serial: 1.2.1 (/usr/local/share/serial/cmake)
[1.010s] -- Found message_filters: 4.3.3 (/opt/ros/humble/share/message_filters/cmake)
[1.016s] -- Found geometry_msgs: 4.2.3 (/opt/ros/humble/share/geometry_msgs/cmake)
[1.047s] -- Found robot_interfaces: 0.0.0 (/home/dky/Projects/dky_robot/install/robot_interfaces/share/robot_interfaces/cmake)
[1.104s] [31mCMake Error at /opt/ros/humble/share/ament_cmake_target_dependencies/cmake/ament_target_dependencies.cmake:77 (message):
[1.104s]   ament_target_dependencies() the passed package name 'tf2_ros' was not found
[1.104s]   before
[1.104s] Call Stack (most recent call first):
[1.104s]   CMakeLists.txt:20 (ament_target_dependencies)
[1.104s] 
[1.104s] [0m
[1.104s] -- Configuring incomplete, errors occurred!
[1.104s] See also "/home/dky/Projects/dky_robot/build/robot_qtrecv/CMakeFiles/CMakeOutput.log".
[1.110s] Invoked command in '/home/dky/Projects/dky_robot/build/robot_qtrecv' returned '1': CMAKE_PREFIX_PATH=${CMAKE_PREFIX_PATH}:/opt/ros/humble /usr/bin/cmake /home/dky/Projects/dky_robot/src/robot_qtrecv -DCMAKE_INSTALL_PREFIX=/home/dky/Projects/dky_robot/install/robot_qtrecv
