[0.010s] Invoking command in '/home/dky/Projects/dky_robot/build/robot_config': CMAKE_PREFIX_PATH=/home/dky/Projects/dky_robot/install/robot_description:/home/dky/Projects/dky_robot/install/robot_qtrecv:/home/dky/Projects/dky_robot/install/robot_kinematics:/home/dky/Projects/dky_robot/install/robot_interfaces:/home/dky/Projects/dky_robot/install/robot_gazebo:/home/dky/Projects/dky_robot/install/robot_driver:/home/dky/Projects/dky_robot/install/robot_config:/home/dky/Projects/dky_robot/install/robot_control:/home/dky/Projects/dky_robot/install/robot_cartesian:/home/dky/Projects/dky_robot/install/robot_bringup:/opt/ros/humble /usr/bin/cmake /home/dky/Projects/dky_robot/src/robot_config -DCMAKE_INSTALL_PREFIX=/home/dky/Projects/dky_robot/install/robot_config
[0.053s] -- The C compiler identification is GNU 11.4.0
[0.098s] -- The CXX compiler identification is GNU 11.4.0
[0.103s] -- Detecting C compiler ABI info
[0.160s] -- Detecting C compiler ABI info - done
[0.169s] -- Check for working C compiler: /usr/bin/cc - skipped
[0.169s] -- Detecting C compile features
[0.170s] -- Detecting C compile features - done
[0.173s] -- Detecting CXX compiler ABI info
[0.232s] -- Detecting CXX compiler ABI info - done
[0.238s] -- Check for working CXX compiler: /usr/bin/c++ - skipped
[0.238s] -- Detecting CXX compile features
[0.238s] -- Detecting CXX compile features - done
[0.240s] -- Found ament_cmake: 1.3.8 (/opt/ros/humble/share/ament_cmake/cmake)
[0.388s] -- Found Python3: /usr/bin/python3 (found version "3.10.12") found components: Interpreter 
[0.547s] -- Configuring done
[0.550s] -- Generating done
[0.551s] -- Build files have been written to: /home/dky/Projects/dky_robot/build/robot_config
[0.555s] Invoked command in '/home/dky/Projects/dky_robot/build/robot_config' returned '0': CMAKE_PREFIX_PATH=/home/dky/Projects/dky_robot/install/robot_description:/home/dky/Projects/dky_robot/install/robot_qtrecv:/home/dky/Projects/dky_robot/install/robot_kinematics:/home/dky/Projects/dky_robot/install/robot_interfaces:/home/dky/Projects/dky_robot/install/robot_gazebo:/home/dky/Projects/dky_robot/install/robot_driver:/home/dky/Projects/dky_robot/install/robot_config:/home/dky/Projects/dky_robot/install/robot_control:/home/dky/Projects/dky_robot/install/robot_cartesian:/home/dky/Projects/dky_robot/install/robot_bringup:/opt/ros/humble /usr/bin/cmake /home/dky/Projects/dky_robot/src/robot_config -DCMAKE_INSTALL_PREFIX=/home/dky/Projects/dky_robot/install/robot_config
[0.557s] Invoking command in '/home/dky/Projects/dky_robot/build/robot_config': CMAKE_PREFIX_PATH=/home/dky/Projects/dky_robot/install/robot_description:/home/dky/Projects/dky_robot/install/robot_qtrecv:/home/dky/Projects/dky_robot/install/robot_kinematics:/home/dky/Projects/dky_robot/install/robot_interfaces:/home/dky/Projects/dky_robot/install/robot_gazebo:/home/dky/Projects/dky_robot/install/robot_driver:/home/dky/Projects/dky_robot/install/robot_config:/home/dky/Projects/dky_robot/install/robot_control:/home/dky/Projects/dky_robot/install/robot_cartesian:/home/dky/Projects/dky_robot/install/robot_bringup:/opt/ros/humble /usr/bin/cmake --build /home/dky/Projects/dky_robot/build/robot_config -- -j20 -l20
[0.595s] Invoked command in '/home/dky/Projects/dky_robot/build/robot_config' returned '0': CMAKE_PREFIX_PATH=/home/dky/Projects/dky_robot/install/robot_description:/home/dky/Projects/dky_robot/install/robot_qtrecv:/home/dky/Projects/dky_robot/install/robot_kinematics:/home/dky/Projects/dky_robot/install/robot_interfaces:/home/dky/Projects/dky_robot/install/robot_gazebo:/home/dky/Projects/dky_robot/install/robot_driver:/home/dky/Projects/dky_robot/install/robot_config:/home/dky/Projects/dky_robot/install/robot_control:/home/dky/Projects/dky_robot/install/robot_cartesian:/home/dky/Projects/dky_robot/install/robot_bringup:/opt/ros/humble /usr/bin/cmake --build /home/dky/Projects/dky_robot/build/robot_config -- -j20 -l20
[0.612s] Invoking command in '/home/dky/Projects/dky_robot/build/robot_config': CMAKE_PREFIX_PATH=/home/dky/Projects/dky_robot/install/robot_description:/home/dky/Projects/dky_robot/install/robot_qtrecv:/home/dky/Projects/dky_robot/install/robot_kinematics:/home/dky/Projects/dky_robot/install/robot_interfaces:/home/dky/Projects/dky_robot/install/robot_gazebo:/home/dky/Projects/dky_robot/install/robot_driver:/home/dky/Projects/dky_robot/install/robot_config:/home/dky/Projects/dky_robot/install/robot_control:/home/dky/Projects/dky_robot/install/robot_cartesian:/home/dky/Projects/dky_robot/install/robot_bringup:/opt/ros/humble /usr/bin/cmake --install /home/dky/Projects/dky_robot/build/robot_config
[0.617s] -- Install configuration: ""
[0.617s] -- Installing: /home/dky/Projects/dky_robot/install/robot_config/share/ament_index/resource_index/package_run_dependencies/robot_config
[0.618s] -- Installing: /home/dky/Projects/dky_robot/install/robot_config/share/ament_index/resource_index/parent_prefix_path/robot_config
[0.618s] -- Installing: /home/dky/Projects/dky_robot/install/robot_config/share/robot_config/environment/ament_prefix_path.sh
[0.618s] -- Installing: /home/dky/Projects/dky_robot/install/robot_config/share/robot_config/environment/ament_prefix_path.dsv
[0.618s] -- Installing: /home/dky/Projects/dky_robot/install/robot_config/share/robot_config/environment/path.sh
[0.618s] -- Installing: /home/dky/Projects/dky_robot/install/robot_config/share/robot_config/environment/path.dsv
[0.618s] -- Installing: /home/dky/Projects/dky_robot/install/robot_config/share/robot_config/local_setup.bash
[0.618s] -- Installing: /home/dky/Projects/dky_robot/install/robot_config/share/robot_config/local_setup.sh
[0.619s] -- Installing: /home/dky/Projects/dky_robot/install/robot_config/share/robot_config/local_setup.zsh
[0.619s] -- Installing: /home/dky/Projects/dky_robot/install/robot_config/share/robot_config/local_setup.dsv
[0.619s] -- Installing: /home/dky/Projects/dky_robot/install/robot_config/share/robot_config/package.dsv
[0.619s] -- Installing: /home/dky/Projects/dky_robot/install/robot_config/share/ament_index/resource_index/packages/robot_config
[0.619s] -- Installing: /home/dky/Projects/dky_robot/install/robot_config/share/robot_config/cmake/robot_configConfig.cmake
[0.619s] -- Installing: /home/dky/Projects/dky_robot/install/robot_config/share/robot_config/cmake/robot_configConfig-version.cmake
[0.619s] -- Installing: /home/dky/Projects/dky_robot/install/robot_config/share/robot_config/package.xml
[0.619s] -- Installing: /home/dky/Projects/dky_robot/install/robot_config/share/robot_config/launch
[0.619s] -- Installing: /home/dky/Projects/dky_robot/install/robot_config/share/robot_config/launch/static_virtual_joint_tfs.launch.py
[0.619s] -- Installing: /home/dky/Projects/dky_robot/install/robot_config/share/robot_config/launch/rsp.launch.py
[0.620s] -- Installing: /home/dky/Projects/dky_robot/install/robot_config/share/robot_config/launch/moveit_rviz.launch.py
[0.620s] -- Installing: /home/dky/Projects/dky_robot/install/robot_config/share/robot_config/launch/move_group.launch.py
[0.620s] -- Installing: /home/dky/Projects/dky_robot/install/robot_config/share/robot_config/launch/setup_assistant.launch.py
[0.620s] -- Installing: /home/dky/Projects/dky_robot/install/robot_config/share/robot_config/launch/warehouse_db.launch.py
[0.620s] -- Installing: /home/dky/Projects/dky_robot/install/robot_config/share/robot_config/launch/gazebo_moveit_demo.launch.py
[0.620s] -- Installing: /home/dky/Projects/dky_robot/install/robot_config/share/robot_config/launch/real_moveit_demo.launch.py
[0.620s] -- Installing: /home/dky/Projects/dky_robot/install/robot_config/share/robot_config/launch/demo.launch.py
[0.620s] -- Installing: /home/dky/Projects/dky_robot/install/robot_config/share/robot_config/launch/spawn_controllers.launch.py
[0.620s] -- Installing: /home/dky/Projects/dky_robot/install/robot_config/share/robot_config/config
[0.620s] -- Installing: /home/dky/Projects/dky_robot/install/robot_config/share/robot_config/config/kinematics.yaml
[0.621s] -- Installing: /home/dky/Projects/dky_robot/install/robot_config/share/robot_config/config/robot_description.urdf.xacro
[0.621s] -- Installing: /home/dky/Projects/dky_robot/install/robot_config/share/robot_config/config/robot_description.srdf
[0.621s] -- Installing: /home/dky/Projects/dky_robot/install/robot_config/share/robot_config/config/joint_limits.yaml
[0.621s] -- Installing: /home/dky/Projects/dky_robot/install/robot_config/share/robot_config/config/pilz_cartesian_limits.yaml
[0.621s] -- Installing: /home/dky/Projects/dky_robot/install/robot_config/share/robot_config/config/ros2_controllers.yaml
[0.621s] -- Installing: /home/dky/Projects/dky_robot/install/robot_config/share/robot_config/config/moveit_controllers.yaml
[0.621s] -- Installing: /home/dky/Projects/dky_robot/install/robot_config/share/robot_config/config/robot_description.ros2_control.xacro
[0.621s] -- Installing: /home/dky/Projects/dky_robot/install/robot_config/share/robot_config/config/initial_positions.yaml
[0.621s] -- Installing: /home/dky/Projects/dky_robot/install/robot_config/share/robot_config/config/moveit.rviz
[0.622s] -- Installing: /home/dky/Projects/dky_robot/install/robot_config/share/robot_config/.setup_assistant
[0.622s] Invoked command in '/home/dky/Projects/dky_robot/build/robot_config' returned '0': CMAKE_PREFIX_PATH=/home/dky/Projects/dky_robot/install/robot_description:/home/dky/Projects/dky_robot/install/robot_qtrecv:/home/dky/Projects/dky_robot/install/robot_kinematics:/home/dky/Projects/dky_robot/install/robot_interfaces:/home/dky/Projects/dky_robot/install/robot_gazebo:/home/dky/Projects/dky_robot/install/robot_driver:/home/dky/Projects/dky_robot/install/robot_config:/home/dky/Projects/dky_robot/install/robot_control:/home/dky/Projects/dky_robot/install/robot_cartesian:/home/dky/Projects/dky_robot/install/robot_bringup:/opt/ros/humble /usr/bin/cmake --install /home/dky/Projects/dky_robot/build/robot_config
