[0.067s] Invoking command in '/home/dky/Projects/dky_robot/build/robot_qtrecv': CMAKE_PREFIX_PATH=${CMAKE_PREFIX_PATH}:/opt/ros/humble /usr/bin/cmake --build /home/dky/Projects/dky_robot/build/robot_qtrecv -- -j20 -l20
[0.124s] [35m[1mConsolidate compiler generated dependencies of target robot_qtrecv[0m
[0.146s] [ 50%] [32mBuilding CXX object CMakeFiles/robot_qtrecv.dir/src/robot_qtrecv.cpp.o[0m
[6.649s] [100%] [32m[1mLinking CXX executable robot_qtrecv[0m
[7.038s] [100%] Built target robot_qtrecv
[7.047s] Invoked command in '/home/dky/Projects/dky_robot/build/robot_qtrecv' returned '0': CMAKE_PREFIX_PATH=${CMAKE_PREFIX_PATH}:/opt/ros/humble /usr/bin/cmake --build /home/dky/Projects/dky_robot/build/robot_qtrecv -- -j20 -l20
[7.079s] Invoking command in '/home/dky/Projects/dky_robot/build/robot_qtrecv': CMAKE_PREFIX_PATH=${CMAKE_PREFIX_PATH}:/opt/ros/humble /usr/bin/cmake --install /home/dky/Projects/dky_robot/build/robot_qtrecv
[7.086s] -- Install configuration: ""
[7.086s] -- Installing: /home/dky/Projects/dky_robot/install/robot_qtrecv/lib/robot_qtrecv/robot_qtrecv
[7.093s] -- Set runtime path of "/home/dky/Projects/dky_robot/install/robot_qtrecv/lib/robot_qtrecv/robot_qtrecv" to ""
[7.093s] -- Up-to-date: /home/dky/Projects/dky_robot/install/robot_qtrecv/share/robot_qtrecv/launch
[7.094s] -- Up-to-date: /home/dky/Projects/dky_robot/install/robot_qtrecv/share/robot_qtrecv/launch/robot_qtrecv.launch.py
[7.094s] -- Up-to-date: /home/dky/Projects/dky_robot/install/robot_qtrecv/share/ament_index/resource_index/package_run_dependencies/robot_qtrecv
[7.094s] -- Up-to-date: /home/dky/Projects/dky_robot/install/robot_qtrecv/share/ament_index/resource_index/parent_prefix_path/robot_qtrecv
[7.094s] -- Up-to-date: /home/dky/Projects/dky_robot/install/robot_qtrecv/share/robot_qtrecv/environment/ament_prefix_path.sh
[7.094s] -- Up-to-date: /home/dky/Projects/dky_robot/install/robot_qtrecv/share/robot_qtrecv/environment/ament_prefix_path.dsv
[7.094s] -- Up-to-date: /home/dky/Projects/dky_robot/install/robot_qtrecv/share/robot_qtrecv/environment/path.sh
[7.094s] -- Up-to-date: /home/dky/Projects/dky_robot/install/robot_qtrecv/share/robot_qtrecv/environment/path.dsv
[7.094s] -- Up-to-date: /home/dky/Projects/dky_robot/install/robot_qtrecv/share/robot_qtrecv/local_setup.bash
[7.095s] -- Up-to-date: /home/dky/Projects/dky_robot/install/robot_qtrecv/share/robot_qtrecv/local_setup.sh
[7.095s] -- Up-to-date: /home/dky/Projects/dky_robot/install/robot_qtrecv/share/robot_qtrecv/local_setup.zsh
[7.096s] -- Up-to-date: /home/dky/Projects/dky_robot/install/robot_qtrecv/share/robot_qtrecv/local_setup.dsv
[7.096s] -- Installing: /home/dky/Projects/dky_robot/install/robot_qtrecv/share/robot_qtrecv/package.dsv
[7.096s] -- Up-to-date: /home/dky/Projects/dky_robot/install/robot_qtrecv/share/ament_index/resource_index/packages/robot_qtrecv
[7.097s] -- Up-to-date: /home/dky/Projects/dky_robot/install/robot_qtrecv/share/robot_qtrecv/cmake/robot_qtrecvConfig.cmake
[7.097s] -- Up-to-date: /home/dky/Projects/dky_robot/install/robot_qtrecv/share/robot_qtrecv/cmake/robot_qtrecvConfig-version.cmake
[7.097s] -- Up-to-date: /home/dky/Projects/dky_robot/install/robot_qtrecv/share/robot_qtrecv/package.xml
[7.097s] Invoked command in '/home/dky/Projects/dky_robot/build/robot_qtrecv' returned '0': CMAKE_PREFIX_PATH=${CMAKE_PREFIX_PATH}:/opt/ros/humble /usr/bin/cmake --install /home/dky/Projects/dky_robot/build/robot_qtrecv
