[0.026s] Invoking command in '/home/dky/Projects/dky_robot/build/robot_cartesian': CMAKE_PREFIX_PATH=${CMAKE_PREFIX_PATH}:/opt/ros/humble /usr/bin/cmake --build /home/dky/Projects/dky_robot/build/robot_cartesian -- -j20 -l20
[0.080s] [ 50%] [32mBuilding CXX object CMakeFiles/robot_cartesian.dir/src/robot_cartesian.cpp.o[0m
[12.481s] [100%] [32m[1mLinking CXX executable robot_cartesian[0m
[13.071s] [100%] Built target robot_cartesian
[13.082s] Invoked command in '/home/dky/Projects/dky_robot/build/robot_cartesian' returned '0': CMAKE_PREFIX_PATH=${CMAKE_PREFIX_PATH}:/opt/ros/humble /usr/bin/cmake --build /home/dky/Projects/dky_robot/build/robot_cartesian -- -j20 -l20
[13.106s] Invoking command in '/home/dky/Projects/dky_robot/build/robot_cartesian': CMAKE_PREFIX_PATH=${CMAKE_PREFIX_PATH}:/opt/ros/humble /usr/bin/cmake --install /home/dky/Projects/dky_robot/build/robot_cartesian
[13.113s] -- Install configuration: ""
[13.113s] -- Installing: /home/dky/Projects/dky_robot/install/robot_cartesian/lib/robot_cartesian/robot_cartesian
[13.117s] -- Set runtime path of "/home/dky/Projects/dky_robot/install/robot_cartesian/lib/robot_cartesian/robot_cartesian" to ""
[13.117s] -- Up-to-date: /home/dky/Projects/dky_robot/install/robot_cartesian/share/robot_cartesian/launch
[13.117s] -- Up-to-date: /home/dky/Projects/dky_robot/install/robot_cartesian/share/robot_cartesian/launch/robot_cartesian.launch.py
[13.117s] -- Up-to-date: /home/dky/Projects/dky_robot/install/robot_cartesian/share/ament_index/resource_index/package_run_dependencies/robot_cartesian
[13.117s] -- Up-to-date: /home/dky/Projects/dky_robot/install/robot_cartesian/share/ament_index/resource_index/parent_prefix_path/robot_cartesian
[13.117s] -- Up-to-date: /home/dky/Projects/dky_robot/install/robot_cartesian/share/robot_cartesian/environment/ament_prefix_path.sh
[13.117s] -- Up-to-date: /home/dky/Projects/dky_robot/install/robot_cartesian/share/robot_cartesian/environment/ament_prefix_path.dsv
[13.118s] -- Up-to-date: /home/dky/Projects/dky_robot/install/robot_cartesian/share/robot_cartesian/environment/path.sh
[13.118s] -- Up-to-date: /home/dky/Projects/dky_robot/install/robot_cartesian/share/robot_cartesian/environment/path.dsv
[13.118s] -- Up-to-date: /home/dky/Projects/dky_robot/install/robot_cartesian/share/robot_cartesian/local_setup.bash
[13.118s] -- Up-to-date: /home/dky/Projects/dky_robot/install/robot_cartesian/share/robot_cartesian/local_setup.sh
[13.118s] -- Up-to-date: /home/dky/Projects/dky_robot/install/robot_cartesian/share/robot_cartesian/local_setup.zsh
[13.119s] -- Up-to-date: /home/dky/Projects/dky_robot/install/robot_cartesian/share/robot_cartesian/local_setup.dsv
[13.119s] -- Installing: /home/dky/Projects/dky_robot/install/robot_cartesian/share/robot_cartesian/package.dsv
[13.119s] -- Up-to-date: /home/dky/Projects/dky_robot/install/robot_cartesian/share/ament_index/resource_index/packages/robot_cartesian
[13.119s] -- Up-to-date: /home/dky/Projects/dky_robot/install/robot_cartesian/share/robot_cartesian/cmake/robot_cartesianConfig.cmake
[13.120s] -- Up-to-date: /home/dky/Projects/dky_robot/install/robot_cartesian/share/robot_cartesian/cmake/robot_cartesianConfig-version.cmake
[13.120s] -- Up-to-date: /home/dky/Projects/dky_robot/install/robot_cartesian/share/robot_cartesian/package.xml
[13.120s] Invoked command in '/home/dky/Projects/dky_robot/build/robot_cartesian' returned '0': CMAKE_PREFIX_PATH=${CMAKE_PREFIX_PATH}:/opt/ros/humble /usr/bin/cmake --install /home/dky/Projects/dky_robot/build/robot_cartesian
