[0.023s] Invoking command in '/home/dky/Projects/dky_robot/build/robot_control': CMAKE_PREFIX_PATH=${CMAKE_PREFIX_PATH}:/opt/ros/humble /usr/bin/cmake /home/dky/Projects/dky_robot/src/robot_control -DCMAKE_INSTALL_PREFIX=/home/dky/Projects/dky_robot/install/robot_control
[0.071s] -- The C compiler identification is GNU 11.4.0
[0.109s] -- The CXX compiler identification is GNU 11.4.0
[0.114s] -- Detecting C compiler ABI info
[0.170s] -- Detecting C compiler ABI info - done
[0.177s] -- Check for working C compiler: /usr/bin/cc - skipped
[0.177s] -- Detecting C compile features
[0.177s] -- Detecting C compile features - done
[0.179s] -- Detecting CXX compiler ABI info
[0.246s] -- Detecting CXX compiler ABI info - done
[0.256s] -- Check for working CXX compiler: /usr/bin/c++ - skipped
[0.257s] -- Detecting CXX compile features
[0.257s] -- Detecting CXX compile features - done
[0.261s] -- Found ament_cmake: 1.3.8 (/opt/ros/humble/share/ament_cmake/cmake)
[0.380s] -- Found Python3: /usr/bin/python3 (found version "3.10.12") found components: Interpreter 
[0.472s] -- Found rclcpp_action: 16.0.8 (/opt/ros/humble/share/rclcpp_action/cmake)
[0.506s] -- Found rosidl_generator_c: 3.1.5 (/opt/ros/humble/share/rosidl_generator_c/cmake)
[0.511s] -- Found rosidl_adapter: 3.1.5 (/opt/ros/humble/share/rosidl_adapter/cmake)
[0.518s] -- Found rosidl_generator_cpp: 3.1.5 (/opt/ros/humble/share/rosidl_generator_cpp/cmake)
[0.529s] -- Using all available rosidl_typesupport_c: rosidl_typesupport_fastrtps_c;rosidl_typesupport_introspection_c
[0.544s] -- Using all available rosidl_typesupport_cpp: rosidl_typesupport_fastrtps_cpp;rosidl_typesupport_introspection_cpp
[0.658s] -- Found rmw_implementation_cmake: 6.1.1 (/opt/ros/humble/share/rmw_implementation_cmake/cmake)
[0.661s] -- Found rmw_fastrtps_cpp: 6.2.6 (/opt/ros/humble/share/rmw_fastrtps_cpp/cmake)
[0.734s] -- Found OpenSSL: /usr/lib/x86_64-linux-gnu/libcrypto.so (found version "3.0.2")  
[0.765s] -- Found FastRTPS: /opt/ros/humble/include  
[0.802s] -- Using RMW implementation 'rmw_fastrtps_cpp' as default
[0.811s] -- Looking for pthread.h
[0.867s] -- Looking for pthread.h - found
[0.867s] -- Performing Test CMAKE_HAVE_LIBC_PTHREAD
[0.925s] -- Performing Test CMAKE_HAVE_LIBC_PTHREAD - Success
[0.925s] -- Found Threads: TRUE  
[1.141s] -- Found actionlib_msgs: 4.2.3 (/opt/ros/humble/share/actionlib_msgs/cmake)
[1.184s] -- Found control_msgs: 4.4.0 (/opt/ros/humble/share/control_msgs/cmake)
[1.472s] -- Found ament_lint_auto: 0.12.10 (/opt/ros/humble/share/ament_lint_auto/cmake)
[1.559s] -- Added test 'copyright' to check source files copyright and LICENSE
[1.559s] -- Added test 'cppcheck' to perform static code analysis on C / C++ code
[1.559s] -- Configured cppcheck include dirs: /home/dky/Projects/dky_robot/src/robot_control/include;/home/dky/Projects/dky_robot/src/robot_control/include/robot_control
[1.559s] -- Configured cppcheck exclude dirs and/or files: 
[1.560s] -- Added test 'cpplint' to check C / C++ code against the Google style
[1.560s] -- Configured cpplint exclude dirs and/or files: 
[1.560s] -- Added test 'flake8' to check Python code syntax and style conventions
[1.561s] -- Added test 'lint_cmake' to check CMake code style
[1.561s] -- Added test 'pep257' to check Python code against some of the docstring style conventions in PEP 257
[1.562s] -- Added test 'uncrustify' to check C / C++ code style
[1.562s] -- Configured uncrustify additional arguments: 
[1.562s] -- Added test 'xmllint' to check XML markup files
[1.563s] -- Configuring done
[1.572s] -- Generating done
[1.573s] -- Build files have been written to: /home/dky/Projects/dky_robot/build/robot_control
