[0.025s] Invoking command in '/home/dky/Projects/dky_robot/build/robot_description': CMAKE_PREFIX_PATH=${CMAKE_PREFIX_PATH}:/opt/ros/humble /usr/bin/cmake /home/dky/Projects/dky_robot/src/robot_description -DCMAKE_INSTALL_PREFIX=/home/dky/Projects/dky_robot/install/robot_description
[0.114s] -- The C compiler identification is GNU 11.4.0
[0.155s] -- The CXX compiler identification is GNU 11.4.0
[0.161s] -- Detecting C compiler ABI info
[0.210s] -- Detecting C compiler ABI info - done
[0.220s] -- Check for working C compiler: /usr/bin/cc - skipped
[0.221s] -- Detecting C compile features
[0.221s] -- Detecting C compile features - done
[0.225s] -- Detecting CXX compiler ABI info
[0.289s] -- Detecting CXX compiler ABI info - done
[0.295s] -- Check for working CXX compiler: /usr/bin/c++ - skipped
[0.295s] -- Detecting CXX compile features
[0.296s] -- Detecting CXX compile features - done
[0.300s] -- Found ament_cmake: 1.3.8 (/opt/ros/humble/share/ament_cmake/cmake)
[0.442s] -- Found Python3: /usr/bin/python3 (found version "3.10.12") found components: Interpreter 
[0.508s] -- Found ament_lint_auto: 0.12.10 (/opt/ros/humble/share/ament_lint_auto/cmake)
[0.573s] -- Added test 'copyright' to check source files copyright and LICENSE
[0.575s] -- Added test 'flake8' to check Python code syntax and style conventions
[0.576s] -- Added test 'lint_cmake' to check CMake code style
[0.577s] -- Added test 'pep257' to check Python code against some of the docstring style conventions in PEP 257
[0.579s] -- Added test 'xmllint' to check XML markup files
[0.581s] -- Configuring done
[0.584s] -- Generating done
[0.585s] -- Build files have been written to: /home/dky/Projects/dky_robot/build/robot_description
[0.590s] Invoked command in '/home/dky/Projects/dky_robot/build/robot_description' returned '0': CMAKE_PREFIX_PATH=${CMAKE_PREFIX_PATH}:/opt/ros/humble /usr/bin/cmake /home/dky/Projects/dky_robot/src/robot_description -DCMAKE_INSTALL_PREFIX=/home/dky/Projects/dky_robot/install/robot_description
[0.591s] Invoking command in '/home/dky/Projects/dky_robot/build/robot_description': CMAKE_PREFIX_PATH=${CMAKE_PREFIX_PATH}:/opt/ros/humble /usr/bin/cmake --build /home/dky/Projects/dky_robot/build/robot_description -- -j20 -l20
[0.622s] Invoked command in '/home/dky/Projects/dky_robot/build/robot_description' returned '0': CMAKE_PREFIX_PATH=${CMAKE_PREFIX_PATH}:/opt/ros/humble /usr/bin/cmake --build /home/dky/Projects/dky_robot/build/robot_description -- -j20 -l20
[0.638s] Invoking command in '/home/dky/Projects/dky_robot/build/robot_description': CMAKE_PREFIX_PATH=${CMAKE_PREFIX_PATH}:/opt/ros/humble /usr/bin/cmake --install /home/dky/Projects/dky_robot/build/robot_description
[0.643s] -- Install configuration: ""
[0.643s] -- Installing: /home/dky/Projects/dky_robot/install/robot_description/share/robot_description/launch
[0.643s] -- Installing: /home/dky/Projects/dky_robot/install/robot_description/share/robot_description/launch/robot_display.launch.py
[0.644s] -- Installing: /home/dky/Projects/dky_robot/install/robot_description/share/robot_description/urdf
[0.644s] -- Installing: /home/dky/Projects/dky_robot/install/robot_description/share/robot_description/urdf/robot_gazebo.urdf
[0.644s] -- Installing: /home/dky/Projects/dky_robot/install/robot_description/share/robot_description/urdf/robot.urdf
[0.644s] -- Installing: /home/dky/Projects/dky_robot/install/robot_description/share/robot_description/meshes
[0.644s] -- Installing: /home/dky/Projects/dky_robot/install/robot_description/share/robot_description/meshes/link1.STL
[0.647s] -- Installing: /home/dky/Projects/dky_robot/install/robot_description/share/robot_description/meshes/link2.STL
[0.647s] -- Installing: /home/dky/Projects/dky_robot/install/robot_description/share/robot_description/meshes/link5.STL
[0.647s] -- Installing: /home/dky/Projects/dky_robot/install/robot_description/share/robot_description/meshes/link4.STL
[0.648s] -- Installing: /home/dky/Projects/dky_robot/install/robot_description/share/robot_description/meshes/link6.STL
[0.650s] -- Installing: /home/dky/Projects/dky_robot/install/robot_description/share/robot_description/meshes/base_link.STL
[0.650s] -- Installing: /home/dky/Projects/dky_robot/install/robot_description/share/robot_description/meshes/link3.STL
[0.651s] -- Installing: /home/dky/Projects/dky_robot/install/robot_description/share/ament_index/resource_index/package_run_dependencies/robot_description
[0.652s] -- Installing: /home/dky/Projects/dky_robot/install/robot_description/share/ament_index/resource_index/parent_prefix_path/robot_description
[0.652s] -- Installing: /home/dky/Projects/dky_robot/install/robot_description/share/robot_description/environment/ament_prefix_path.sh
[0.652s] -- Installing: /home/dky/Projects/dky_robot/install/robot_description/share/robot_description/environment/ament_prefix_path.dsv
[0.652s] -- Installing: /home/dky/Projects/dky_robot/install/robot_description/share/robot_description/environment/path.sh
[0.652s] -- Installing: /home/dky/Projects/dky_robot/install/robot_description/share/robot_description/environment/path.dsv
[0.652s] -- Installing: /home/dky/Projects/dky_robot/install/robot_description/share/robot_description/local_setup.bash
[0.652s] -- Installing: /home/dky/Projects/dky_robot/install/robot_description/share/robot_description/local_setup.sh
[0.653s] -- Installing: /home/dky/Projects/dky_robot/install/robot_description/share/robot_description/local_setup.zsh
[0.653s] -- Installing: /home/dky/Projects/dky_robot/install/robot_description/share/robot_description/local_setup.dsv
[0.653s] -- Installing: /home/dky/Projects/dky_robot/install/robot_description/share/robot_description/package.dsv
[0.654s] -- Installing: /home/dky/Projects/dky_robot/install/robot_description/share/ament_index/resource_index/packages/robot_description
[0.655s] -- Installing: /home/dky/Projects/dky_robot/install/robot_description/share/robot_description/cmake/robot_descriptionConfig.cmake
[0.655s] -- Installing: /home/dky/Projects/dky_robot/install/robot_description/share/robot_description/cmake/robot_descriptionConfig-version.cmake
[0.655s] -- Installing: /home/dky/Projects/dky_robot/install/robot_description/share/robot_description/package.xml
[0.663s] Invoked command in '/home/dky/Projects/dky_robot/build/robot_description' returned '0': CMAKE_PREFIX_PATH=${CMAKE_PREFIX_PATH}:/opt/ros/humble /usr/bin/cmake --install /home/dky/Projects/dky_robot/build/robot_description
