[0.030s] Invoking command in '/home/dky/Projects/dky_robot/build/robot_interfaces': CMAKE_PREFIX_PATH=${CMAKE_PREFIX_PATH}:/opt/ros/humble /usr/bin/cmake --build /home/dky/Projects/dky_robot/build/robot_interfaces -- -j20 -l20
[0.099s] [  9%] Built target robot_interfaces__rosidl_generator_c
[0.101s] [ 12%] Built target robot_interfaces__cpp
[0.110s] [ 12%] Built target ament_cmake_python_copy_robot_interfaces
[0.135s] [ 22%] Built target robot_interfaces__rosidl_typesupport_c
[0.136s] [ 32%] Built target robot_interfaces__rosidl_typesupport_introspection_c
[0.136s] [ 41%] Built target robot_interfaces__rosidl_typesupport_fastrtps_cpp
[0.142s] [ 51%] Built target robot_interfaces__rosidl_typesupport_fastrtps_c
[0.143s] [ 61%] Built target robot_interfaces__rosidl_typesupport_introspection_cpp
[0.143s] [ 70%] Built target robot_interfaces__rosidl_typesupport_cpp
[0.150s] [ 70%] Built target robot_interfaces
[0.176s] [ 74%] Built target robot_interfaces__py
[0.196s] [ 80%] Built target robot_interfaces__rosidl_generator_py
[0.218s] [ 93%] Built target robot_interfaces__rosidl_typesupport_c__pyext
[0.219s] [ 93%] Built target robot_interfaces__rosidl_typesupport_introspection_c__pyext
[0.220s] [100%] Built target robot_interfaces__rosidl_typesupport_fastrtps_c__pyext
[0.318s] running egg_info
[0.319s] writing robot_interfaces.egg-info/PKG-INFO
[0.319s] writing dependency_links to robot_interfaces.egg-info/dependency_links.txt
[0.319s] writing top-level names to robot_interfaces.egg-info/top_level.txt
[0.320s] reading manifest file 'robot_interfaces.egg-info/SOURCES.txt'
[0.321s] writing manifest file 'robot_interfaces.egg-info/SOURCES.txt'
[0.342s] [100%] Built target ament_cmake_python_build_robot_interfaces_egg
[0.355s] Invoked command in '/home/dky/Projects/dky_robot/build/robot_interfaces' returned '0': CMAKE_PREFIX_PATH=${CMAKE_PREFIX_PATH}:/opt/ros/humble /usr/bin/cmake --build /home/dky/Projects/dky_robot/build/robot_interfaces -- -j20 -l20
[0.419s] Invoking command in '/home/dky/Projects/dky_robot/build/robot_interfaces': CMAKE_PREFIX_PATH=${CMAKE_PREFIX_PATH}:/opt/ros/humble /usr/bin/cmake --install /home/dky/Projects/dky_robot/build/robot_interfaces
[0.428s] -- Install configuration: ""
[0.428s] -- Up-to-date: /home/dky/Projects/dky_robot/install/robot_interfaces/share/ament_index/resource_index/rosidl_interfaces/robot_interfaces
[0.428s] -- Up-to-date: /home/dky/Projects/dky_robot/install/robot_interfaces/include/robot_interfaces/robot_interfaces
[0.428s] -- Up-to-date: /home/dky/Projects/dky_robot/install/robot_interfaces/include/robot_interfaces/robot_interfaces/msg
[0.428s] -- Up-to-date: /home/dky/Projects/dky_robot/install/robot_interfaces/include/robot_interfaces/robot_interfaces/msg/detail
[0.428s] -- Up-to-date: /home/dky/Projects/dky_robot/install/robot_interfaces/include/robot_interfaces/robot_interfaces/msg/detail/line_msg__functions.c
[0.428s] -- Up-to-date: /home/dky/Projects/dky_robot/install/robot_interfaces/include/robot_interfaces/robot_interfaces/msg/detail/line_msg__struct.h
[0.428s] -- Up-to-date: /home/dky/Projects/dky_robot/install/robot_interfaces/include/robot_interfaces/robot_interfaces/msg/detail/line_msg__type_support.h
[0.428s] -- Up-to-date: /home/dky/Projects/dky_robot/install/robot_interfaces/include/robot_interfaces/robot_interfaces/msg/detail/line_msg__functions.h
[0.428s] -- Up-to-date: /home/dky/Projects/dky_robot/install/robot_interfaces/include/robot_interfaces/robot_interfaces/msg/rosidl_generator_c__visibility_control.h
[0.428s] -- Up-to-date: /home/dky/Projects/dky_robot/install/robot_interfaces/include/robot_interfaces/robot_interfaces/msg/line_msg.h
[0.428s] -- Up-to-date: /home/dky/Projects/dky_robot/install/robot_interfaces/share/robot_interfaces/environment/library_path.sh
[0.429s] -- Up-to-date: /home/dky/Projects/dky_robot/install/robot_interfaces/share/robot_interfaces/environment/library_path.dsv
[0.429s] -- Up-to-date: /home/dky/Projects/dky_robot/install/robot_interfaces/lib/librobot_interfaces__rosidl_generator_c.so
[0.429s] -- Up-to-date: /home/dky/Projects/dky_robot/install/robot_interfaces/include/robot_interfaces/robot_interfaces
[0.429s] -- Up-to-date: /home/dky/Projects/dky_robot/install/robot_interfaces/include/robot_interfaces/robot_interfaces/msg
[0.429s] -- Up-to-date: /home/dky/Projects/dky_robot/install/robot_interfaces/include/robot_interfaces/robot_interfaces/msg/detail
[0.429s] -- Up-to-date: /home/dky/Projects/dky_robot/install/robot_interfaces/include/robot_interfaces/robot_interfaces/msg/detail/line_msg__rosidl_typesupport_fastrtps_c.h
[0.429s] -- Up-to-date: /home/dky/Projects/dky_robot/install/robot_interfaces/include/robot_interfaces/robot_interfaces/msg/rosidl_typesupport_fastrtps_c__visibility_control.h
[0.429s] -- Up-to-date: /home/dky/Projects/dky_robot/install/robot_interfaces/lib/librobot_interfaces__rosidl_typesupport_fastrtps_c.so
[0.429s] -- Up-to-date: /home/dky/Projects/dky_robot/install/robot_interfaces/include/robot_interfaces/robot_interfaces
[0.429s] -- Up-to-date: /home/dky/Projects/dky_robot/install/robot_interfaces/include/robot_interfaces/robot_interfaces/msg
[0.429s] -- Up-to-date: /home/dky/Projects/dky_robot/install/robot_interfaces/include/robot_interfaces/robot_interfaces/msg/detail
[0.429s] -- Up-to-date: /home/dky/Projects/dky_robot/install/robot_interfaces/include/robot_interfaces/robot_interfaces/msg/detail/line_msg__type_support.c
[0.429s] -- Up-to-date: /home/dky/Projects/dky_robot/install/robot_interfaces/include/robot_interfaces/robot_interfaces/msg/detail/line_msg__rosidl_typesupport_introspection_c.h
[0.429s] -- Up-to-date: /home/dky/Projects/dky_robot/install/robot_interfaces/include/robot_interfaces/robot_interfaces/msg/rosidl_typesupport_introspection_c__visibility_control.h
[0.429s] -- Up-to-date: /home/dky/Projects/dky_robot/install/robot_interfaces/lib/librobot_interfaces__rosidl_typesupport_introspection_c.so
[0.429s] -- Up-to-date: /home/dky/Projects/dky_robot/install/robot_interfaces/lib/librobot_interfaces__rosidl_typesupport_c.so
[0.429s] -- Up-to-date: /home/dky/Projects/dky_robot/install/robot_interfaces/include/robot_interfaces/robot_interfaces
[0.430s] -- Up-to-date: /home/dky/Projects/dky_robot/install/robot_interfaces/include/robot_interfaces/robot_interfaces/msg
[0.430s] -- Up-to-date: /home/dky/Projects/dky_robot/install/robot_interfaces/include/robot_interfaces/robot_interfaces/msg/detail
[0.430s] -- Up-to-date: /home/dky/Projects/dky_robot/install/robot_interfaces/include/robot_interfaces/robot_interfaces/msg/detail/line_msg__struct.hpp
[0.430s] -- Up-to-date: /home/dky/Projects/dky_robot/install/robot_interfaces/include/robot_interfaces/robot_interfaces/msg/detail/line_msg__traits.hpp
[0.430s] -- Up-to-date: /home/dky/Projects/dky_robot/install/robot_interfaces/include/robot_interfaces/robot_interfaces/msg/detail/line_msg__builder.hpp
[0.430s] -- Up-to-date: /home/dky/Projects/dky_robot/install/robot_interfaces/include/robot_interfaces/robot_interfaces/msg/line_msg.hpp
[0.430s] -- Up-to-date: /home/dky/Projects/dky_robot/install/robot_interfaces/include/robot_interfaces/robot_interfaces
[0.430s] -- Up-to-date: /home/dky/Projects/dky_robot/install/robot_interfaces/include/robot_interfaces/robot_interfaces/msg
[0.430s] -- Up-to-date: /home/dky/Projects/dky_robot/install/robot_interfaces/include/robot_interfaces/robot_interfaces/msg/detail
[0.430s] -- Up-to-date: /home/dky/Projects/dky_robot/install/robot_interfaces/include/robot_interfaces/robot_interfaces/msg/detail/line_msg__rosidl_typesupport_fastrtps_cpp.hpp
[0.430s] -- Up-to-date: /home/dky/Projects/dky_robot/install/robot_interfaces/include/robot_interfaces/robot_interfaces/msg/detail/dds_fastrtps
[0.430s] -- Up-to-date: /home/dky/Projects/dky_robot/install/robot_interfaces/include/robot_interfaces/robot_interfaces/msg/rosidl_typesupport_fastrtps_cpp__visibility_control.h
[0.430s] -- Up-to-date: /home/dky/Projects/dky_robot/install/robot_interfaces/lib/librobot_interfaces__rosidl_typesupport_fastrtps_cpp.so
[0.430s] -- Up-to-date: /home/dky/Projects/dky_robot/install/robot_interfaces/include/robot_interfaces/robot_interfaces
[0.430s] -- Up-to-date: /home/dky/Projects/dky_robot/install/robot_interfaces/include/robot_interfaces/robot_interfaces/msg
[0.430s] -- Up-to-date: /home/dky/Projects/dky_robot/install/robot_interfaces/include/robot_interfaces/robot_interfaces/msg/detail
[0.430s] -- Up-to-date: /home/dky/Projects/dky_robot/install/robot_interfaces/include/robot_interfaces/robot_interfaces/msg/detail/line_msg__rosidl_typesupport_introspection_cpp.hpp
[0.430s] -- Up-to-date: /home/dky/Projects/dky_robot/install/robot_interfaces/include/robot_interfaces/robot_interfaces/msg/detail/line_msg__type_support.cpp
[0.430s] -- Up-to-date: /home/dky/Projects/dky_robot/install/robot_interfaces/lib/librobot_interfaces__rosidl_typesupport_introspection_cpp.so
[0.430s] -- Up-to-date: /home/dky/Projects/dky_robot/install/robot_interfaces/lib/librobot_interfaces__rosidl_typesupport_cpp.so
[0.430s] -- Up-to-date: /home/dky/Projects/dky_robot/install/robot_interfaces/share/robot_interfaces/environment/pythonpath.sh
[0.431s] -- Up-to-date: /home/dky/Projects/dky_robot/install/robot_interfaces/share/robot_interfaces/environment/pythonpath.dsv
[0.431s] -- Up-to-date: /home/dky/Projects/dky_robot/install/robot_interfaces/local/lib/python3.10/dist-packages/robot_interfaces-0.0.0-py3.10.egg-info
[0.431s] -- Installing: /home/dky/Projects/dky_robot/install/robot_interfaces/local/lib/python3.10/dist-packages/robot_interfaces-0.0.0-py3.10.egg-info/top_level.txt
[0.431s] -- Installing: /home/dky/Projects/dky_robot/install/robot_interfaces/local/lib/python3.10/dist-packages/robot_interfaces-0.0.0-py3.10.egg-info/PKG-INFO
[0.431s] -- Installing: /home/dky/Projects/dky_robot/install/robot_interfaces/local/lib/python3.10/dist-packages/robot_interfaces-0.0.0-py3.10.egg-info/SOURCES.txt
[0.431s] -- Installing: /home/dky/Projects/dky_robot/install/robot_interfaces/local/lib/python3.10/dist-packages/robot_interfaces-0.0.0-py3.10.egg-info/dependency_links.txt
[0.431s] -- Up-to-date: /home/dky/Projects/dky_robot/install/robot_interfaces/local/lib/python3.10/dist-packages/robot_interfaces
[0.431s] -- Up-to-date: /home/dky/Projects/dky_robot/install/robot_interfaces/local/lib/python3.10/dist-packages/robot_interfaces/_robot_interfaces_s.ep.rosidl_typesupport_fastrtps_c.c
[0.431s] -- Up-to-date: /home/dky/Projects/dky_robot/install/robot_interfaces/local/lib/python3.10/dist-packages/robot_interfaces/librobot_interfaces__rosidl_generator_py.so
[0.431s] -- Up-to-date: /home/dky/Projects/dky_robot/install/robot_interfaces/local/lib/python3.10/dist-packages/robot_interfaces/msg
[0.431s] -- Up-to-date: /home/dky/Projects/dky_robot/install/robot_interfaces/local/lib/python3.10/dist-packages/robot_interfaces/msg/_line_msg_s.c
[0.431s] -- Up-to-date: /home/dky/Projects/dky_robot/install/robot_interfaces/local/lib/python3.10/dist-packages/robot_interfaces/msg/__init__.py
[0.431s] -- Up-to-date: /home/dky/Projects/dky_robot/install/robot_interfaces/local/lib/python3.10/dist-packages/robot_interfaces/msg/_line_msg.py
[0.431s] -- Up-to-date: /home/dky/Projects/dky_robot/install/robot_interfaces/local/lib/python3.10/dist-packages/robot_interfaces/_robot_interfaces_s.ep.rosidl_typesupport_c.c
[0.431s] -- Up-to-date: /home/dky/Projects/dky_robot/install/robot_interfaces/local/lib/python3.10/dist-packages/robot_interfaces/__init__.py
[0.431s] -- Up-to-date: /home/dky/Projects/dky_robot/install/robot_interfaces/local/lib/python3.10/dist-packages/robot_interfaces/robot_interfaces_s__rosidl_typesupport_fastrtps_c.cpython-310-x86_64-linux-gnu.so
[0.431s] -- Up-to-date: /home/dky/Projects/dky_robot/install/robot_interfaces/local/lib/python3.10/dist-packages/robot_interfaces/_robot_interfaces_s.ep.rosidl_typesupport_introspection_c.c
[0.431s] -- Up-to-date: /home/dky/Projects/dky_robot/install/robot_interfaces/local/lib/python3.10/dist-packages/robot_interfaces/robot_interfaces_s__rosidl_typesupport_c.cpython-310-x86_64-linux-gnu.so
[0.431s] -- Up-to-date: /home/dky/Projects/dky_robot/install/robot_interfaces/local/lib/python3.10/dist-packages/robot_interfaces/robot_interfaces_s__rosidl_typesupport_introspection_c.cpython-310-x86_64-linux-gnu.so
[0.461s] Listing '/home/dky/Projects/dky_robot/install/robot_interfaces/local/lib/python3.10/dist-packages/robot_interfaces'...
[0.462s] Listing '/home/dky/Projects/dky_robot/install/robot_interfaces/local/lib/python3.10/dist-packages/robot_interfaces/msg'...
[0.469s] -- Up-to-date: /home/dky/Projects/dky_robot/install/robot_interfaces/local/lib/python3.10/dist-packages/robot_interfaces/robot_interfaces_s__rosidl_typesupport_fastrtps_c.cpython-310-x86_64-linux-gnu.so
[0.469s] -- Up-to-date: /home/dky/Projects/dky_robot/install/robot_interfaces/local/lib/python3.10/dist-packages/robot_interfaces/robot_interfaces_s__rosidl_typesupport_introspection_c.cpython-310-x86_64-linux-gnu.so
[0.469s] -- Up-to-date: /home/dky/Projects/dky_robot/install/robot_interfaces/local/lib/python3.10/dist-packages/robot_interfaces/robot_interfaces_s__rosidl_typesupport_c.cpython-310-x86_64-linux-gnu.so
[0.469s] -- Up-to-date: /home/dky/Projects/dky_robot/install/robot_interfaces/lib/librobot_interfaces__rosidl_generator_py.so
[0.470s] -- Up-to-date: /home/dky/Projects/dky_robot/install/robot_interfaces/share/robot_interfaces/msg/LineMsg.idl
[0.470s] -- Up-to-date: /home/dky/Projects/dky_robot/install/robot_interfaces/share/robot_interfaces/msg/LineMsg.msg
[0.470s] -- Up-to-date: /home/dky/Projects/dky_robot/install/robot_interfaces/share/ament_index/resource_index/package_run_dependencies/robot_interfaces
[0.470s] -- Up-to-date: /home/dky/Projects/dky_robot/install/robot_interfaces/share/ament_index/resource_index/parent_prefix_path/robot_interfaces
[0.470s] -- Up-to-date: /home/dky/Projects/dky_robot/install/robot_interfaces/share/robot_interfaces/environment/ament_prefix_path.sh
[0.470s] -- Up-to-date: /home/dky/Projects/dky_robot/install/robot_interfaces/share/robot_interfaces/environment/ament_prefix_path.dsv
[0.470s] -- Up-to-date: /home/dky/Projects/dky_robot/install/robot_interfaces/share/robot_interfaces/environment/path.sh
[0.470s] -- Up-to-date: /home/dky/Projects/dky_robot/install/robot_interfaces/share/robot_interfaces/environment/path.dsv
[0.470s] -- Up-to-date: /home/dky/Projects/dky_robot/install/robot_interfaces/share/robot_interfaces/local_setup.bash
[0.471s] -- Up-to-date: /home/dky/Projects/dky_robot/install/robot_interfaces/share/robot_interfaces/local_setup.sh
[0.471s] -- Up-to-date: /home/dky/Projects/dky_robot/install/robot_interfaces/share/robot_interfaces/local_setup.zsh
[0.471s] -- Up-to-date: /home/dky/Projects/dky_robot/install/robot_interfaces/share/robot_interfaces/local_setup.dsv
[0.471s] -- Installing: /home/dky/Projects/dky_robot/install/robot_interfaces/share/robot_interfaces/package.dsv
[0.471s] -- Up-to-date: /home/dky/Projects/dky_robot/install/robot_interfaces/share/ament_index/resource_index/packages/robot_interfaces
[0.471s] -- Up-to-date: /home/dky/Projects/dky_robot/install/robot_interfaces/share/robot_interfaces/cmake/export_robot_interfaces__rosidl_generator_cExport.cmake
[0.471s] -- Up-to-date: /home/dky/Projects/dky_robot/install/robot_interfaces/share/robot_interfaces/cmake/export_robot_interfaces__rosidl_generator_cExport-noconfig.cmake
[0.471s] -- Up-to-date: /home/dky/Projects/dky_robot/install/robot_interfaces/share/robot_interfaces/cmake/export_robot_interfaces__rosidl_typesupport_fastrtps_cExport.cmake
[0.471s] -- Up-to-date: /home/dky/Projects/dky_robot/install/robot_interfaces/share/robot_interfaces/cmake/export_robot_interfaces__rosidl_typesupport_fastrtps_cExport-noconfig.cmake
[0.471s] -- Up-to-date: /home/dky/Projects/dky_robot/install/robot_interfaces/share/robot_interfaces/cmake/robot_interfaces__rosidl_typesupport_introspection_cExport.cmake
[0.471s] -- Up-to-date: /home/dky/Projects/dky_robot/install/robot_interfaces/share/robot_interfaces/cmake/robot_interfaces__rosidl_typesupport_introspection_cExport-noconfig.cmake
[0.472s] -- Up-to-date: /home/dky/Projects/dky_robot/install/robot_interfaces/share/robot_interfaces/cmake/robot_interfaces__rosidl_typesupport_cExport.cmake
[0.472s] -- Up-to-date: /home/dky/Projects/dky_robot/install/robot_interfaces/share/robot_interfaces/cmake/robot_interfaces__rosidl_typesupport_cExport-noconfig.cmake
[0.472s] -- Up-to-date: /home/dky/Projects/dky_robot/install/robot_interfaces/share/robot_interfaces/cmake/export_robot_interfaces__rosidl_generator_cppExport.cmake
[0.472s] -- Up-to-date: /home/dky/Projects/dky_robot/install/robot_interfaces/share/robot_interfaces/cmake/export_robot_interfaces__rosidl_typesupport_fastrtps_cppExport.cmake
[0.472s] -- Up-to-date: /home/dky/Projects/dky_robot/install/robot_interfaces/share/robot_interfaces/cmake/export_robot_interfaces__rosidl_typesupport_fastrtps_cppExport-noconfig.cmake
[0.472s] -- Up-to-date: /home/dky/Projects/dky_robot/install/robot_interfaces/share/robot_interfaces/cmake/robot_interfaces__rosidl_typesupport_introspection_cppExport.cmake
[0.472s] -- Up-to-date: /home/dky/Projects/dky_robot/install/robot_interfaces/share/robot_interfaces/cmake/robot_interfaces__rosidl_typesupport_introspection_cppExport-noconfig.cmake
[0.472s] -- Up-to-date: /home/dky/Projects/dky_robot/install/robot_interfaces/share/robot_interfaces/cmake/robot_interfaces__rosidl_typesupport_cppExport.cmake
[0.472s] -- Up-to-date: /home/dky/Projects/dky_robot/install/robot_interfaces/share/robot_interfaces/cmake/robot_interfaces__rosidl_typesupport_cppExport-noconfig.cmake
[0.473s] -- Up-to-date: /home/dky/Projects/dky_robot/install/robot_interfaces/share/robot_interfaces/cmake/export_robot_interfaces__rosidl_generator_pyExport.cmake
[0.473s] -- Up-to-date: /home/dky/Projects/dky_robot/install/robot_interfaces/share/robot_interfaces/cmake/export_robot_interfaces__rosidl_generator_pyExport-noconfig.cmake
[0.473s] -- Up-to-date: /home/dky/Projects/dky_robot/install/robot_interfaces/share/robot_interfaces/cmake/rosidl_cmake-extras.cmake
[0.473s] -- Up-to-date: /home/dky/Projects/dky_robot/install/robot_interfaces/share/robot_interfaces/cmake/ament_cmake_export_dependencies-extras.cmake
[0.474s] -- Up-to-date: /home/dky/Projects/dky_robot/install/robot_interfaces/share/robot_interfaces/cmake/ament_cmake_export_include_directories-extras.cmake
[0.474s] -- Up-to-date: /home/dky/Projects/dky_robot/install/robot_interfaces/share/robot_interfaces/cmake/ament_cmake_export_libraries-extras.cmake
[0.474s] -- Up-to-date: /home/dky/Projects/dky_robot/install/robot_interfaces/share/robot_interfaces/cmake/ament_cmake_export_targets-extras.cmake
[0.474s] -- Up-to-date: /home/dky/Projects/dky_robot/install/robot_interfaces/share/robot_interfaces/cmake/rosidl_cmake_export_typesupport_targets-extras.cmake
[0.474s] -- Up-to-date: /home/dky/Projects/dky_robot/install/robot_interfaces/share/robot_interfaces/cmake/rosidl_cmake_export_typesupport_libraries-extras.cmake
[0.474s] -- Up-to-date: /home/dky/Projects/dky_robot/install/robot_interfaces/share/robot_interfaces/cmake/robot_interfacesConfig.cmake
[0.474s] -- Up-to-date: /home/dky/Projects/dky_robot/install/robot_interfaces/share/robot_interfaces/cmake/robot_interfacesConfig-version.cmake
[0.474s] -- Up-to-date: /home/dky/Projects/dky_robot/install/robot_interfaces/share/robot_interfaces/package.xml
[0.478s] Invoked command in '/home/dky/Projects/dky_robot/build/robot_interfaces' returned '0': CMAKE_PREFIX_PATH=${CMAKE_PREFIX_PATH}:/opt/ros/humble /usr/bin/cmake --install /home/dky/Projects/dky_robot/build/robot_interfaces
