[0.040s] Invoking command in '/home/dky/Projects/dky_robot/build/robot_interfaces': CMAKE_PREFIX_PATH=${CMAKE_PREFIX_PATH}:/opt/ros/humble /usr/bin/cmake --build /home/dky/Projects/dky_robot/build/robot_interfaces -- -j20 -l20
[0.084s] -- Found ament_cmake: 1.3.8 (/opt/ros/humble/share/ament_cmake/cmake)
[0.226s] -- Found rosidl_default_generators: 1.2.0 (/opt/ros/humble/share/rosidl_default_generators/cmake)
[0.229s] -- Using all available rosidl_typesupport_c: rosidl_typesupport_fastrtps_c;rosidl_typesupport_introspection_c
[0.234s] -- Found rosidl_adapter: 3.1.5 (/opt/ros/humble/share/rosidl_adapter/cmake)
[0.274s] -- Using all available rosidl_typesupport_cpp: rosidl_typesupport_fastrtps_cpp;rosidl_typesupport_introspection_cpp
[0.305s] -- Found geometry_msgs: 4.2.3 (/opt/ros/humble/share/geometry_msgs/cmake)
[0.513s] [31mCMake Error at /opt/ros/humble/share/rosidl_adapter/cmake/rosidl_adapt_interfaces.cmake:59 (message):
[0.513s]   execute_process(/usr/bin/python3 -m rosidl_adapter --package-name
[0.514s]   robot_interfaces --arguments-file
[0.514s]   /home/dky/Projects/dky_robot/build/robot_interfaces/rosidl_adapter__arguments__robot_interfaces.json
[0.514s]   --output-dir
[0.514s]   /home/dky/Projects/dky_robot/build/robot_interfaces/rosidl_adapter/robot_interfaces
[0.514s]   --output-file
[0.514s]   /home/dky/Projects/dky_robot/build/robot_interfaces/rosidl_adapter/robot_interfaces.idls)
[0.514s]   returned error code 1:
[0.514s] 
[0.514s]   Error processing 'std_msgs::msg::Int32MultiArray joint_angles_goal;' of
[0.514s]   'robot_interfaces/QtRecv': ''std_msgs::msg::Int32MultiArray' is an invalid
[0.514s]   message name.  It should have the pattern '^[A-Z][A-Za-z0-9]*$''
[0.514s] 
[0.514s]   Traceback (most recent call last):
[0.514s] 
[0.514s]     File "/usr/lib/python3.10/runpy.py", line 196, in _run_module_as_main
[0.514s]       return _run_code(code, main_globals, None,
[0.514s]     File "/usr/lib/python3.10/runpy.py", line 86, in _run_code
[0.514s]       exec(code, run_globals)
[0.514s]     File "/opt/ros/humble/local/lib/python3.10/dist-packages/rosidl_adapter/__main__.py", line 19, in <module>
[0.514s]       sys.exit(main())
[0.514s]     File "/opt/ros/humble/local/lib/python3.10/dist-packages/rosidl_adapter/main.py", line 53, in main
[0.514s]       abs_idl_file = convert_to_idl(
[0.514s]     File "/opt/ros/humble/local/lib/python3.10/dist-packages/rosidl_adapter/__init__.py", line 19, in convert_to_idl
[0.514s]       return convert_msg_to_idl(
[0.514s]     File "/opt/ros/humble/local/lib/python3.10/dist-packages/rosidl_adapter/msg/__init__.py", line 28, in convert_msg_to_idl
[0.514s]       msg = parse_message_string(package_name, input_file.stem, content)
[0.514s]     File "/opt/ros/humble/local/lib/python3.10/dist-packages/rosidl_adapter/parser.py", line 520, in parse_message_string
[0.514s]       Type(type_string, context_package_name=pkg_name),
[0.514s]     File "/opt/ros/humble/local/lib/python3.10/dist-packages/rosidl_adapter/parser.py", line 277, in __init__
[0.514s]       super(Type, self).__init__(
[0.514s]     File "/opt/ros/humble/local/lib/python3.10/dist-packages/rosidl_adapter/parser.py", line 205, in __init__
[0.514s]       raise InvalidResourceName(
[0.514s] 
[0.514s]   rosidl_adapter.parser.InvalidResourceName: 'std_msgs::msg::Int32MultiArray'
[0.514s]   is an invalid message name.  It should have the pattern
[0.515s]   '^[A-Z][A-Za-z0-9]*$'
[0.515s] 
[0.515s] Call Stack (most recent call first):
[0.515s]   /opt/ros/humble/share/rosidl_cmake/cmake/rosidl_generate_interfaces.cmake:130 (rosidl_adapt_interfaces)
[0.515s]   CMakeLists.txt:18 (rosidl_generate_interfaces)
[0.515s] 
[0.515s] [0m
[0.515s] -- Configuring incomplete, errors occurred!
[0.515s] See also "/home/dky/Projects/dky_robot/build/robot_interfaces/CMakeFiles/CMakeOutput.log".
[0.517s] gmake: *** [Makefile:747: cmake_check_build_system] Error 1
[0.519s] Invoked command in '/home/dky/Projects/dky_robot/build/robot_interfaces' returned '2': CMAKE_PREFIX_PATH=${CMAKE_PREFIX_PATH}:/opt/ros/humble /usr/bin/cmake --build /home/dky/Projects/dky_robot/build/robot_interfaces -- -j20 -l20
