[0.033s] Invoking command in '/home/dky/Projects/dky_robot/build/robot_config': AMENT_PREFIX_PATH=/home/dky/Projects/dky_robot/install/robot_description:${AMENT_PREFIX_PATH} CMAKE_PREFIX_PATH=/home/dky/Projects/dky_robot/install/robot_description:/opt/ros/humble /usr/bin/cmake --build /home/dky/Projects/dky_robot/build/robot_config -- -j20 -l20
[0.056s] Invoked command in '/home/dky/Projects/dky_robot/build/robot_config' returned '0': AMENT_PREFIX_PATH=/home/dky/Projects/dky_robot/install/robot_description:${AMENT_PREFIX_PATH} CMAKE_PREFIX_PATH=/home/dky/Projects/dky_robot/install/robot_description:/opt/ros/humble /usr/bin/cmake --build /home/dky/Projects/dky_robot/build/robot_config -- -j20 -l20
[0.074s] Invoking command in '/home/dky/Projects/dky_robot/build/robot_config': AMENT_PREFIX_PATH=/home/dky/Projects/dky_robot/install/robot_description:${AMENT_PREFIX_PATH} CMAKE_PREFIX_PATH=/home/dky/Projects/dky_robot/install/robot_description:/opt/ros/humble /usr/bin/cmake --install /home/dky/Projects/dky_robot/build/robot_config
[0.079s] -- Install configuration: ""
[0.079s] -- Up-to-date: /home/dky/Projects/dky_robot/install/robot_config/share/ament_index/resource_index/package_run_dependencies/robot_config
[0.079s] -- Up-to-date: /home/dky/Projects/dky_robot/install/robot_config/share/ament_index/resource_index/parent_prefix_path/robot_config
[0.079s] -- Up-to-date: /home/dky/Projects/dky_robot/install/robot_config/share/robot_config/environment/ament_prefix_path.sh
[0.079s] -- Up-to-date: /home/dky/Projects/dky_robot/install/robot_config/share/robot_config/environment/ament_prefix_path.dsv
[0.079s] -- Up-to-date: /home/dky/Projects/dky_robot/install/robot_config/share/robot_config/environment/path.sh
[0.079s] -- Up-to-date: /home/dky/Projects/dky_robot/install/robot_config/share/robot_config/environment/path.dsv
[0.079s] -- Up-to-date: /home/dky/Projects/dky_robot/install/robot_config/share/robot_config/local_setup.bash
[0.080s] -- Up-to-date: /home/dky/Projects/dky_robot/install/robot_config/share/robot_config/local_setup.sh
[0.080s] -- Up-to-date: /home/dky/Projects/dky_robot/install/robot_config/share/robot_config/local_setup.zsh
[0.080s] -- Up-to-date: /home/dky/Projects/dky_robot/install/robot_config/share/robot_config/local_setup.dsv
[0.080s] -- Installing: /home/dky/Projects/dky_robot/install/robot_config/share/robot_config/package.dsv
[0.080s] -- Up-to-date: /home/dky/Projects/dky_robot/install/robot_config/share/ament_index/resource_index/packages/robot_config
[0.081s] -- Up-to-date: /home/dky/Projects/dky_robot/install/robot_config/share/robot_config/cmake/robot_configConfig.cmake
[0.081s] -- Up-to-date: /home/dky/Projects/dky_robot/install/robot_config/share/robot_config/cmake/robot_configConfig-version.cmake
[0.082s] -- Up-to-date: /home/dky/Projects/dky_robot/install/robot_config/share/robot_config/package.xml
[0.082s] -- Up-to-date: /home/dky/Projects/dky_robot/install/robot_config/share/robot_config/launch
[0.082s] -- Up-to-date: /home/dky/Projects/dky_robot/install/robot_config/share/robot_config/launch/static_virtual_joint_tfs.launch.py
[0.082s] -- Up-to-date: /home/dky/Projects/dky_robot/install/robot_config/share/robot_config/launch/rsp.launch.py
[0.082s] -- Up-to-date: /home/dky/Projects/dky_robot/install/robot_config/share/robot_config/launch/moveit_rviz.launch.py
[0.082s] -- Up-to-date: /home/dky/Projects/dky_robot/install/robot_config/share/robot_config/launch/move_group.launch.py
[0.083s] -- Up-to-date: /home/dky/Projects/dky_robot/install/robot_config/share/robot_config/launch/setup_assistant.launch.py
[0.083s] -- Up-to-date: /home/dky/Projects/dky_robot/install/robot_config/share/robot_config/launch/warehouse_db.launch.py
[0.083s] -- Up-to-date: /home/dky/Projects/dky_robot/install/robot_config/share/robot_config/launch/gazebo_moveit_demo.launch.py
[0.083s] -- Up-to-date: /home/dky/Projects/dky_robot/install/robot_config/share/robot_config/launch/real_moveit_demo.launch.py
[0.083s] -- Up-to-date: /home/dky/Projects/dky_robot/install/robot_config/share/robot_config/launch/demo.launch.py
[0.083s] -- Up-to-date: /home/dky/Projects/dky_robot/install/robot_config/share/robot_config/launch/spawn_controllers.launch.py
[0.083s] -- Up-to-date: /home/dky/Projects/dky_robot/install/robot_config/share/robot_config/config
[0.084s] -- Up-to-date: /home/dky/Projects/dky_robot/install/robot_config/share/robot_config/config/kinematics.yaml
[0.084s] -- Up-to-date: /home/dky/Projects/dky_robot/install/robot_config/share/robot_config/config/robot_description.urdf.xacro
[0.084s] -- Up-to-date: /home/dky/Projects/dky_robot/install/robot_config/share/robot_config/config/robot_description.srdf
[0.084s] -- Up-to-date: /home/dky/Projects/dky_robot/install/robot_config/share/robot_config/config/joint_limits.yaml
[0.084s] -- Up-to-date: /home/dky/Projects/dky_robot/install/robot_config/share/robot_config/config/pilz_cartesian_limits.yaml
[0.084s] -- Up-to-date: /home/dky/Projects/dky_robot/install/robot_config/share/robot_config/config/ros2_controllers.yaml
[0.084s] -- Up-to-date: /home/dky/Projects/dky_robot/install/robot_config/share/robot_config/config/moveit_controllers.yaml
[0.084s] -- Up-to-date: /home/dky/Projects/dky_robot/install/robot_config/share/robot_config/config/robot_description.ros2_control.xacro
[0.084s] -- Up-to-date: /home/dky/Projects/dky_robot/install/robot_config/share/robot_config/config/initial_positions.yaml
[0.084s] -- Up-to-date: /home/dky/Projects/dky_robot/install/robot_config/share/robot_config/config/moveit.rviz
[0.084s] -- Up-to-date: /home/dky/Projects/dky_robot/install/robot_config/share/robot_config/.setup_assistant
[0.084s] Invoked command in '/home/dky/Projects/dky_robot/build/robot_config' returned '0': AMENT_PREFIX_PATH=/home/dky/Projects/dky_robot/install/robot_description:${AMENT_PREFIX_PATH} CMAKE_PREFIX_PATH=/home/dky/Projects/dky_robot/install/robot_description:/opt/ros/humble /usr/bin/cmake --install /home/dky/Projects/dky_robot/build/robot_config
