[  4%] Built target robot_interfaces__cpp
[ 12%] Built target robot_interfaces__rosidl_generator_c
[ 12%] Built target ament_cmake_python_copy_robot_interfaces
[ 23%] Built target robot_interfaces__rosidl_typesupport_c
[ 40%] Built target robot_interfaces__rosidl_typesupport_introspection_cpp
[ 44%] Built target robot_interfaces__rosidl_typesupport_introspection_c
[ 55%] Built target robot_interfaces__rosidl_typesupport_fastrtps_c
[ 65%] Built target robot_interfaces__rosidl_typesupport_fastrtps_cpp
[ 76%] Built target robot_interfaces__rosidl_typesupport_cpp
[ 76%] Built target robot_interfaces
[ 78%] Built target robot_interfaces__py
[ 87%] Built target robot_interfaces__rosidl_generator_py
[ 91%] Built target robot_interfaces__rosidl_typesupport_introspection_c__pyext
[ 95%] Built target robot_interfaces__rosidl_typesupport_fastrtps_c__pyext
[100%] Built target robot_interfaces__rosidl_typesupport_c__pyext
running egg_info
writing robot_interfaces.egg-info/PKG-INFO
writing dependency_links to robot_interfaces.egg-info/dependency_links.txt
writing top-level names to robot_interfaces.egg-info/top_level.txt
reading manifest file 'robot_interfaces.egg-info/SOURCES.txt'
writing manifest file 'robot_interfaces.egg-info/SOURCES.txt'
[100%] Built target ament_cmake_python_build_robot_interfaces_egg
