[0.027s] Invoking command in '/home/dky/Projects/dky_robot/build/robot_interfaces': CMAKE_PREFIX_PATH=${CMAKE_PREFIX_PATH}:/opt/ros/humble /usr/bin/cmake --build /home/dky/Projects/dky_robot/build/robot_interfaces -- -j20 -l20
[0.081s] [  4%] Built target robot_interfaces__cpp
[0.081s] [ 12%] Built target robot_interfaces__rosidl_generator_c
[0.096s] [ 12%] Built target ament_cmake_python_copy_robot_interfaces
[0.110s] [ 23%] Built target robot_interfaces__rosidl_typesupport_c
[0.110s] [ 40%] Built target robot_interfaces__rosidl_typesupport_introspection_cpp
[0.110s] [ 44%] Built target robot_interfaces__rosidl_typesupport_introspection_c
[0.111s] [ 55%] Built target robot_interfaces__rosidl_typesupport_fastrtps_c
[0.114s] [ 65%] Built target robot_interfaces__rosidl_typesupport_fastrtps_cpp
[0.114s] [ 76%] Built target robot_interfaces__rosidl_typesupport_cpp
[0.127s] [ 76%] Built target robot_interfaces
[0.141s] [ 78%] Built target robot_interfaces__py
[0.159s] [ 87%] Built target robot_interfaces__rosidl_generator_py
[0.171s] [ 91%] Built target robot_interfaces__rosidl_typesupport_introspection_c__pyext
[0.172s] [ 95%] Built target robot_interfaces__rosidl_typesupport_fastrtps_c__pyext
[0.174s] [100%] Built target robot_interfaces__rosidl_typesupport_c__pyext
[0.256s] running egg_info
[0.256s] writing robot_interfaces.egg-info/PKG-INFO
[0.257s] writing dependency_links to robot_interfaces.egg-info/dependency_links.txt
[0.257s] writing top-level names to robot_interfaces.egg-info/top_level.txt
[0.258s] reading manifest file 'robot_interfaces.egg-info/SOURCES.txt'
[0.259s] writing manifest file 'robot_interfaces.egg-info/SOURCES.txt'
[0.277s] [100%] Built target ament_cmake_python_build_robot_interfaces_egg
[0.288s] Invoked command in '/home/dky/Projects/dky_robot/build/robot_interfaces' returned '0': CMAKE_PREFIX_PATH=${CMAKE_PREFIX_PATH}:/opt/ros/humble /usr/bin/cmake --build /home/dky/Projects/dky_robot/build/robot_interfaces -- -j20 -l20
