[0.029s] Invoking command in '/home/dky/Projects/dky_robot/build/robot_interfaces': CMAKE_PREFIX_PATH=${CMAKE_PREFIX_PATH}:/opt/ros/humble /usr/bin/cmake --build /home/dky/Projects/dky_robot/build/robot_interfaces -- -j20 -l20
[0.053s] -- Found ament_cmake: 1.3.8 (/opt/ros/humble/share/ament_cmake/cmake)
[0.198s] -- Found rosidl_default_generators: 1.2.0 (/opt/ros/humble/share/rosidl_default_generators/cmake)
[0.200s] -- Using all available rosidl_typesupport_c: rosidl_typesupport_fastrtps_c;rosidl_typesupport_introspection_c
[0.204s] -- Found rosidl_adapter: 3.1.5 (/opt/ros/humble/share/rosidl_adapter/cmake)
[0.238s] -- Using all available rosidl_typesupport_cpp: rosidl_typesupport_fastrtps_cpp;rosidl_typesupport_introspection_cpp
[0.258s] -- Found geometry_msgs: 4.2.3 (/opt/ros/humble/share/geometry_msgs/cmake)
[0.338s] -- Found tf2_ros: 0.25.8 (/opt/ros/humble/share/tf2_ros/cmake)
[0.407s] -- Found rmw_implementation_cmake: 6.1.1 (/opt/ros/humble/share/rmw_implementation_cmake/cmake)
[0.408s] -- Found rmw_fastrtps_cpp: 6.2.6 (/opt/ros/humble/share/rmw_fastrtps_cpp/cmake)
[0.497s] -- Using RMW implementation 'rmw_fastrtps_cpp' as default
[0.765s] -- Found tf2_geometry_msgs: 0.25.6 (/opt/ros/humble/share/tf2_geometry_msgs/cmake)
[0.768s] -- Found eigen3_cmake_module: 0.1.1 (/opt/ros/humble/share/eigen3_cmake_module/cmake)
[0.768s] -- Ensuring Eigen3 include directory is part of orocos-kdl CMake target
[1.022s] -- Found ament_cmake_ros: 0.10.0 (/opt/ros/humble/share/ament_cmake_ros/cmake)
[1.237s] -- Using all available rosidl_typesupport_c: rosidl_typesupport_fastrtps_c;rosidl_typesupport_introspection_c
[1.539s] -- Using all available rosidl_typesupport_cpp: rosidl_typesupport_fastrtps_cpp;rosidl_typesupport_introspection_cpp
[1.558s] -- Found python_cmake_module: 0.10.0 (/opt/ros/humble/share/python_cmake_module/cmake)
[1.576s] -- Using PYTHON_EXECUTABLE: /usr/bin/python3
[1.576s] -- Using PYTHON_INCLUDE_DIRS: /usr/include/python3.10
[1.576s] -- Using PYTHON_LIBRARIES: /usr/lib/x86_64-linux-gnu/libpython3.10.so
[1.605s] -- Found ament_lint_auto: 0.12.10 (/opt/ros/humble/share/ament_lint_auto/cmake)
[1.617s] -- Added test 'lint_cmake' to check CMake code style
[1.618s] -- Added test 'xmllint' to check XML markup files
[1.619s] -- Configuring done
[1.653s] -- Generating done
[1.656s] -- Build files have been written to: /home/dky/Projects/dky_robot/build/robot_interfaces
[1.681s] [  2%] [34m[1mGenerating C code for ROS interfaces[0m
[1.690s] [  4%] [34m[1mGenerating C++ code for ROS interfaces[0m
[1.694s] [  4%] Built target ament_cmake_python_copy_robot_interfaces
[1.862s] running egg_info
[1.862s] writing robot_interfaces.egg-info/PKG-INFO
[1.862s] writing dependency_links to robot_interfaces.egg-info/dependency_links.txt
[1.862s] writing top-level names to robot_interfaces.egg-info/top_level.txt
[1.864s] reading manifest file 'robot_interfaces.egg-info/SOURCES.txt'
[1.864s] writing manifest file 'robot_interfaces.egg-info/SOURCES.txt'
[1.884s] [  4%] Built target ament_cmake_python_build_robot_interfaces_egg
[1.963s] [35m[1mConsolidate compiler generated dependencies of target robot_interfaces__rosidl_generator_c[0m
[1.971s] [  6%] [32mBuilding C object CMakeFiles/robot_interfaces__rosidl_generator_c.dir/rosidl_generator_c/robot_interfaces/msg/detail/qt_recv__functions.c.o[0m
[1.971s] [  8%] [32mBuilding C object CMakeFiles/robot_interfaces__rosidl_generator_c.dir/rosidl_generator_c/robot_interfaces/msg/detail/line_msg__functions.c.o[0m
[1.972s] [ 10%] [32mBuilding C object CMakeFiles/robot_interfaces__rosidl_generator_c.dir/rosidl_generator_c/robot_interfaces/msg/detail/arm_state__functions.c.o[0m
[1.976s] [ 10%] Built target robot_interfaces__cpp
[1.984s] [ 12%] [34m[1mGenerating C++ introspection for ROS interfaces[0m
[1.986s] [ 14%] [34m[1mGenerating C++ type support dispatch for ROS interfaces[0m
[1.986s] [ 17%] [34m[1mGenerating C++ type support for eProsima Fast-RTPS[0m
[2.048s] [ 19%] [32m[1mLinking C shared library librobot_interfaces__rosidl_generator_c.so[0m
[2.083s] [ 19%] Built target robot_interfaces__rosidl_generator_c
[2.090s] [ 23%] [34m[1mGenerating C introspection for ROS interfaces[0m
[2.090s] [ 23%] [34m[1mGenerating C type support dispatch for ROS interfaces[0m
[2.091s] [ 25%] [34m[1mGenerating C type support for eProsima Fast-RTPS[0m
[2.209s] [35m[1mConsolidate compiler generated dependencies of target robot_interfaces__rosidl_typesupport_cpp[0m
[2.225s] [ 31%] [32mBuilding CXX object CMakeFiles/robot_interfaces__rosidl_typesupport_cpp.dir/rosidl_typesupport_cpp/robot_interfaces/msg/arm_state__type_support.cpp.o[0m
[2.225s] [ 31%] [32mBuilding CXX object CMakeFiles/robot_interfaces__rosidl_typesupport_cpp.dir/rosidl_typesupport_cpp/robot_interfaces/msg/qt_recv__type_support.cpp.o[0m
[2.226s] [ 31%] [32mBuilding CXX object CMakeFiles/robot_interfaces__rosidl_typesupport_cpp.dir/rosidl_typesupport_cpp/robot_interfaces/msg/line_msg__type_support.cpp.o[0m
[2.246s] [35m[1mConsolidate compiler generated dependencies of target robot_interfaces__rosidl_typesupport_introspection_cpp[0m
[2.255s] [ 34%] [32mBuilding CXX object CMakeFiles/robot_interfaces__rosidl_typesupport_introspection_cpp.dir/rosidl_typesupport_introspection_cpp/robot_interfaces/msg/detail/qt_recv__type_support.cpp.o[0m
[2.255s] [ 36%] [32mBuilding CXX object CMakeFiles/robot_interfaces__rosidl_typesupport_introspection_cpp.dir/rosidl_typesupport_introspection_cpp/robot_interfaces/msg/detail/line_msg__type_support.cpp.o[0m
[2.259s] [ 38%] [32mBuilding CXX object CMakeFiles/robot_interfaces__rosidl_typesupport_introspection_cpp.dir/rosidl_typesupport_introspection_cpp/robot_interfaces/msg/detail/arm_state__type_support.cpp.o[0m
[2.326s] [35m[1mConsolidate compiler generated dependencies of target robot_interfaces__rosidl_typesupport_introspection_c[0m
[2.333s] [35m[1mConsolidate compiler generated dependencies of target robot_interfaces__rosidl_typesupport_fastrtps_c[0m
[2.339s] [ 40%] [32mBuilding C object CMakeFiles/robot_interfaces__rosidl_typesupport_introspection_c.dir/rosidl_typesupport_introspection_c/robot_interfaces/msg/detail/line_msg__type_support.c.o[0m
[2.340s] [ 42%] [32mBuilding C object CMakeFiles/robot_interfaces__rosidl_typesupport_introspection_c.dir/rosidl_typesupport_introspection_c/robot_interfaces/msg/detail/qt_recv__type_support.c.o[0m
[2.341s] [ 44%] [32mBuilding C object CMakeFiles/robot_interfaces__rosidl_typesupport_introspection_c.dir/rosidl_typesupport_introspection_c/robot_interfaces/msg/detail/arm_state__type_support.c.o[0m
[2.345s] [ 46%] [32mBuilding CXX object CMakeFiles/robot_interfaces__rosidl_typesupport_fastrtps_c.dir/rosidl_typesupport_fastrtps_c/robot_interfaces/msg/detail/qt_recv__type_support_c.cpp.o[0m
[2.345s] [ 48%] [32mBuilding CXX object CMakeFiles/robot_interfaces__rosidl_typesupport_fastrtps_c.dir/rosidl_typesupport_fastrtps_c/robot_interfaces/msg/detail/arm_state__type_support_c.cpp.o[0m
[2.347s] [ 51%] [32mBuilding CXX object CMakeFiles/robot_interfaces__rosidl_typesupport_fastrtps_c.dir/rosidl_typesupport_fastrtps_c/robot_interfaces/msg/detail/line_msg__type_support_c.cpp.o[0m
[2.373s] [ 53%] [32m[1mLinking C shared library librobot_interfaces__rosidl_typesupport_introspection_c.so[0m
[2.375s] [35m[1mConsolidate compiler generated dependencies of target robot_interfaces__rosidl_typesupport_fastrtps_cpp[0m
[2.383s] [35m[1mConsolidate compiler generated dependencies of target robot_interfaces__rosidl_typesupport_c[0m
[2.387s] [ 55%] [32mBuilding CXX object CMakeFiles/robot_interfaces__rosidl_typesupport_fastrtps_cpp.dir/rosidl_typesupport_fastrtps_cpp/robot_interfaces/msg/detail/dds_fastrtps/arm_state__type_support.cpp.o[0m
[2.387s] [ 57%] [32mBuilding CXX object CMakeFiles/robot_interfaces__rosidl_typesupport_fastrtps_cpp.dir/rosidl_typesupport_fastrtps_cpp/robot_interfaces/msg/detail/dds_fastrtps/line_msg__type_support.cpp.o[0m
[2.387s] [ 59%] [32mBuilding CXX object CMakeFiles/robot_interfaces__rosidl_typesupport_fastrtps_cpp.dir/rosidl_typesupport_fastrtps_cpp/robot_interfaces/msg/detail/dds_fastrtps/qt_recv__type_support.cpp.o[0m
[2.393s] [ 63%] [32mBuilding CXX object CMakeFiles/robot_interfaces__rosidl_typesupport_c.dir/rosidl_typesupport_c/robot_interfaces/msg/line_msg__type_support.cpp.o[0m
[2.393s] [ 63%] [32mBuilding CXX object CMakeFiles/robot_interfaces__rosidl_typesupport_c.dir/rosidl_typesupport_c/robot_interfaces/msg/qt_recv__type_support.cpp.o[0m
[2.396s] [ 65%] [32mBuilding CXX object CMakeFiles/robot_interfaces__rosidl_typesupport_c.dir/rosidl_typesupport_c/robot_interfaces/msg/arm_state__type_support.cpp.o[0m
[2.400s] [ 65%] Built target robot_interfaces__rosidl_typesupport_introspection_c
[2.425s] [ 68%] [32m[1mLinking CXX shared library librobot_interfaces__rosidl_typesupport_c.so[0m
[2.469s] [ 68%] Built target robot_interfaces__rosidl_typesupport_c
[2.558s] [ 70%] [32m[1mLinking CXX shared library librobot_interfaces__rosidl_typesupport_cpp.so[0m
[2.592s] [ 70%] Built target robot_interfaces__rosidl_typesupport_cpp
[2.622s] [ 72%] [32m[1mLinking CXX shared library librobot_interfaces__rosidl_typesupport_introspection_cpp.so[0m
[2.666s] [ 74%] [32m[1mLinking CXX shared library librobot_interfaces__rosidl_typesupport_fastrtps_cpp.so[0m
[2.672s] [ 74%] Built target robot_interfaces__rosidl_typesupport_introspection_cpp
[2.723s] [ 74%] Built target robot_interfaces__rosidl_typesupport_fastrtps_cpp
[2.723s] [ 76%] [32m[1mLinking CXX shared library librobot_interfaces__rosidl_typesupport_fastrtps_c.so[0m
[2.777s] [ 76%] Built target robot_interfaces__rosidl_typesupport_fastrtps_c
[2.792s] [ 76%] Built target robot_interfaces
[2.808s] [ 78%] [34m[1mGenerating Python code for ROS interfaces[0m
[3.175s] [ 78%] Built target robot_interfaces__py
[3.184s] [35m[1mConsolidate compiler generated dependencies of target robot_interfaces__rosidl_generator_py[0m
[3.196s] [ 80%] [32mBuilding C object CMakeFiles/robot_interfaces__rosidl_generator_py.dir/rosidl_generator_py/robot_interfaces/msg/_arm_state_s.c.o[0m
[3.197s] [ 82%] [32mBuilding C object CMakeFiles/robot_interfaces__rosidl_generator_py.dir/rosidl_generator_py/robot_interfaces/msg/_line_msg_s.c.o[0m
[3.197s] [ 85%] [32mBuilding C object CMakeFiles/robot_interfaces__rosidl_generator_py.dir/rosidl_generator_py/robot_interfaces/msg/_qt_recv_s.c.o[0m
[3.281s] [ 87%] [32m[1mLinking C shared library rosidl_generator_py/robot_interfaces/librobot_interfaces__rosidl_generator_py.so[0m
[3.313s] [ 87%] Built target robot_interfaces__rosidl_generator_py
[3.324s] [35m[1mConsolidate compiler generated dependencies of target robot_interfaces__rosidl_typesupport_introspection_c__pyext[0m
[3.325s] [35m[1mConsolidate compiler generated dependencies of target robot_interfaces__rosidl_typesupport_c__pyext[0m
[3.325s] [35m[1mConsolidate compiler generated dependencies of target robot_interfaces__rosidl_typesupport_fastrtps_c__pyext[0m
[3.334s] [ 89%] [32mBuilding C object CMakeFiles/robot_interfaces__rosidl_typesupport_introspection_c__pyext.dir/rosidl_generator_py/robot_interfaces/_robot_interfaces_s.ep.rosidl_typesupport_introspection_c.c.o[0m
[3.338s] [ 93%] [32mBuilding C object CMakeFiles/robot_interfaces__rosidl_typesupport_fastrtps_c__pyext.dir/rosidl_generator_py/robot_interfaces/_robot_interfaces_s.ep.rosidl_typesupport_fastrtps_c.c.o[0m
[3.338s] [ 93%] [32mBuilding C object CMakeFiles/robot_interfaces__rosidl_typesupport_c__pyext.dir/rosidl_generator_py/robot_interfaces/_robot_interfaces_s.ep.rosidl_typesupport_c.c.o[0m
[3.401s] [ 95%] [32m[1mLinking C shared library rosidl_generator_py/robot_interfaces/robot_interfaces_s__rosidl_typesupport_introspection_c.cpython-310-x86_64-linux-gnu.so[0m
[3.409s] [ 97%] [32m[1mLinking C shared library rosidl_generator_py/robot_interfaces/robot_interfaces_s__rosidl_typesupport_c.cpython-310-x86_64-linux-gnu.so[0m
[3.410s] [100%] [32m[1mLinking C shared library rosidl_generator_py/robot_interfaces/robot_interfaces_s__rosidl_typesupport_fastrtps_c.cpython-310-x86_64-linux-gnu.so[0m
[3.430s] [100%] Built target robot_interfaces__rosidl_typesupport_introspection_c__pyext
[3.441s] [100%] Built target robot_interfaces__rosidl_typesupport_c__pyext
[3.442s] [100%] Built target robot_interfaces__rosidl_typesupport_fastrtps_c__pyext
[3.452s] Invoked command in '/home/dky/Projects/dky_robot/build/robot_interfaces' returned '0': CMAKE_PREFIX_PATH=${CMAKE_PREFIX_PATH}:/opt/ros/humble /usr/bin/cmake --build /home/dky/Projects/dky_robot/build/robot_interfaces -- -j20 -l20
[3.539s] Invoking command in '/home/dky/Projects/dky_robot/build/robot_interfaces': CMAKE_PREFIX_PATH=${CMAKE_PREFIX_PATH}:/opt/ros/humble /usr/bin/cmake --install /home/dky/Projects/dky_robot/build/robot_interfaces
[3.547s] -- Install configuration: ""
[3.547s] -- Up-to-date: /home/dky/Projects/dky_robot/install/robot_interfaces/share/ament_index/resource_index/rosidl_interfaces/robot_interfaces
[3.547s] -- Up-to-date: /home/dky/Projects/dky_robot/install/robot_interfaces/include/robot_interfaces/robot_interfaces
[3.547s] -- Up-to-date: /home/dky/Projects/dky_robot/install/robot_interfaces/include/robot_interfaces/robot_interfaces/msg
[3.547s] -- Up-to-date: /home/dky/Projects/dky_robot/install/robot_interfaces/include/robot_interfaces/robot_interfaces/msg/detail
[3.547s] -- Installing: /home/dky/Projects/dky_robot/install/robot_interfaces/include/robot_interfaces/robot_interfaces/msg/detail/arm_state__struct.h
[3.548s] -- Installing: /home/dky/Projects/dky_robot/install/robot_interfaces/include/robot_interfaces/robot_interfaces/msg/detail/line_msg__functions.c
[3.548s] -- Installing: /home/dky/Projects/dky_robot/install/robot_interfaces/include/robot_interfaces/robot_interfaces/msg/detail/arm_state__functions.c
[3.548s] -- Installing: /home/dky/Projects/dky_robot/install/robot_interfaces/include/robot_interfaces/robot_interfaces/msg/detail/qt_recv__type_support.h
[3.548s] -- Installing: /home/dky/Projects/dky_robot/install/robot_interfaces/include/robot_interfaces/robot_interfaces/msg/detail/line_msg__struct.h
[3.548s] -- Installing: /home/dky/Projects/dky_robot/install/robot_interfaces/include/robot_interfaces/robot_interfaces/msg/detail/line_msg__type_support.h
[3.548s] -- Installing: /home/dky/Projects/dky_robot/install/robot_interfaces/include/robot_interfaces/robot_interfaces/msg/detail/qt_recv__functions.h
[3.548s] -- Installing: /home/dky/Projects/dky_robot/install/robot_interfaces/include/robot_interfaces/robot_interfaces/msg/detail/line_msg__functions.h
[3.548s] -- Installing: /home/dky/Projects/dky_robot/install/robot_interfaces/include/robot_interfaces/robot_interfaces/msg/detail/qt_recv__struct.h
[3.548s] -- Installing: /home/dky/Projects/dky_robot/install/robot_interfaces/include/robot_interfaces/robot_interfaces/msg/detail/arm_state__type_support.h
[3.549s] -- Installing: /home/dky/Projects/dky_robot/install/robot_interfaces/include/robot_interfaces/robot_interfaces/msg/detail/arm_state__functions.h
[3.549s] -- Installing: /home/dky/Projects/dky_robot/install/robot_interfaces/include/robot_interfaces/robot_interfaces/msg/detail/qt_recv__functions.c
[3.549s] -- Up-to-date: /home/dky/Projects/dky_robot/install/robot_interfaces/include/robot_interfaces/robot_interfaces/msg/rosidl_generator_c__visibility_control.h
[3.549s] -- Installing: /home/dky/Projects/dky_robot/install/robot_interfaces/include/robot_interfaces/robot_interfaces/msg/qt_recv.h
[3.549s] -- Installing: /home/dky/Projects/dky_robot/install/robot_interfaces/include/robot_interfaces/robot_interfaces/msg/arm_state.h
[3.549s] -- Installing: /home/dky/Projects/dky_robot/install/robot_interfaces/include/robot_interfaces/robot_interfaces/msg/line_msg.h
[3.549s] -- Up-to-date: /home/dky/Projects/dky_robot/install/robot_interfaces/share/robot_interfaces/environment/library_path.sh
[3.549s] -- Installing: /home/dky/Projects/dky_robot/install/robot_interfaces/share/robot_interfaces/environment/library_path.dsv
[3.549s] -- Installing: /home/dky/Projects/dky_robot/install/robot_interfaces/lib/librobot_interfaces__rosidl_generator_c.so
[3.549s] -- Set runtime path of "/home/dky/Projects/dky_robot/install/robot_interfaces/lib/librobot_interfaces__rosidl_generator_c.so" to ""
[3.550s] -- Up-to-date: /home/dky/Projects/dky_robot/install/robot_interfaces/include/robot_interfaces/robot_interfaces
[3.550s] -- Up-to-date: /home/dky/Projects/dky_robot/install/robot_interfaces/include/robot_interfaces/robot_interfaces/msg
[3.550s] -- Up-to-date: /home/dky/Projects/dky_robot/install/robot_interfaces/include/robot_interfaces/robot_interfaces/msg/detail
[3.550s] -- Installing: /home/dky/Projects/dky_robot/install/robot_interfaces/include/robot_interfaces/robot_interfaces/msg/detail/qt_recv__rosidl_typesupport_fastrtps_c.h
[3.550s] -- Installing: /home/dky/Projects/dky_robot/install/robot_interfaces/include/robot_interfaces/robot_interfaces/msg/detail/arm_state__rosidl_typesupport_fastrtps_c.h
[3.550s] -- Installing: /home/dky/Projects/dky_robot/install/robot_interfaces/include/robot_interfaces/robot_interfaces/msg/detail/line_msg__rosidl_typesupport_fastrtps_c.h
[3.550s] -- Up-to-date: /home/dky/Projects/dky_robot/install/robot_interfaces/include/robot_interfaces/robot_interfaces/msg/rosidl_typesupport_fastrtps_c__visibility_control.h
[3.550s] -- Installing: /home/dky/Projects/dky_robot/install/robot_interfaces/lib/librobot_interfaces__rosidl_typesupport_fastrtps_c.so
[3.550s] -- Set runtime path of "/home/dky/Projects/dky_robot/install/robot_interfaces/lib/librobot_interfaces__rosidl_typesupport_fastrtps_c.so" to ""
[3.551s] -- Up-to-date: /home/dky/Projects/dky_robot/install/robot_interfaces/include/robot_interfaces/robot_interfaces
[3.551s] -- Up-to-date: /home/dky/Projects/dky_robot/install/robot_interfaces/include/robot_interfaces/robot_interfaces/msg
[3.551s] -- Up-to-date: /home/dky/Projects/dky_robot/install/robot_interfaces/include/robot_interfaces/robot_interfaces/msg/detail
[3.551s] -- Installing: /home/dky/Projects/dky_robot/install/robot_interfaces/include/robot_interfaces/robot_interfaces/msg/detail/qt_recv__rosidl_typesupport_introspection_c.h
[3.551s] -- Installing: /home/dky/Projects/dky_robot/install/robot_interfaces/include/robot_interfaces/robot_interfaces/msg/detail/line_msg__type_support.c
[3.551s] -- Installing: /home/dky/Projects/dky_robot/install/robot_interfaces/include/robot_interfaces/robot_interfaces/msg/detail/arm_state__type_support.c
[3.551s] -- Installing: /home/dky/Projects/dky_robot/install/robot_interfaces/include/robot_interfaces/robot_interfaces/msg/detail/arm_state__rosidl_typesupport_introspection_c.h
[3.551s] -- Installing: /home/dky/Projects/dky_robot/install/robot_interfaces/include/robot_interfaces/robot_interfaces/msg/detail/qt_recv__type_support.c
[3.551s] -- Installing: /home/dky/Projects/dky_robot/install/robot_interfaces/include/robot_interfaces/robot_interfaces/msg/detail/line_msg__rosidl_typesupport_introspection_c.h
[3.551s] -- Up-to-date: /home/dky/Projects/dky_robot/install/robot_interfaces/include/robot_interfaces/robot_interfaces/msg/rosidl_typesupport_introspection_c__visibility_control.h
[3.551s] -- Installing: /home/dky/Projects/dky_robot/install/robot_interfaces/lib/librobot_interfaces__rosidl_typesupport_introspection_c.so
[3.551s] -- Set runtime path of "/home/dky/Projects/dky_robot/install/robot_interfaces/lib/librobot_interfaces__rosidl_typesupport_introspection_c.so" to ""
[3.551s] -- Installing: /home/dky/Projects/dky_robot/install/robot_interfaces/lib/librobot_interfaces__rosidl_typesupport_c.so
[3.551s] -- Set runtime path of "/home/dky/Projects/dky_robot/install/robot_interfaces/lib/librobot_interfaces__rosidl_typesupport_c.so" to ""
[3.551s] -- Up-to-date: /home/dky/Projects/dky_robot/install/robot_interfaces/include/robot_interfaces/robot_interfaces
[3.551s] -- Up-to-date: /home/dky/Projects/dky_robot/install/robot_interfaces/include/robot_interfaces/robot_interfaces/msg
[3.551s] -- Up-to-date: /home/dky/Projects/dky_robot/install/robot_interfaces/include/robot_interfaces/robot_interfaces/msg/detail
[3.551s] -- Installing: /home/dky/Projects/dky_robot/install/robot_interfaces/include/robot_interfaces/robot_interfaces/msg/detail/line_msg__struct.hpp
[3.552s] -- Installing: /home/dky/Projects/dky_robot/install/robot_interfaces/include/robot_interfaces/robot_interfaces/msg/detail/qt_recv__struct.hpp
[3.552s] -- Installing: /home/dky/Projects/dky_robot/install/robot_interfaces/include/robot_interfaces/robot_interfaces/msg/detail/arm_state__traits.hpp
[3.552s] -- Installing: /home/dky/Projects/dky_robot/install/robot_interfaces/include/robot_interfaces/robot_interfaces/msg/detail/arm_state__builder.hpp
[3.552s] -- Installing: /home/dky/Projects/dky_robot/install/robot_interfaces/include/robot_interfaces/robot_interfaces/msg/detail/qt_recv__traits.hpp
[3.552s] -- Installing: /home/dky/Projects/dky_robot/install/robot_interfaces/include/robot_interfaces/robot_interfaces/msg/detail/qt_recv__builder.hpp
[3.552s] -- Installing: /home/dky/Projects/dky_robot/install/robot_interfaces/include/robot_interfaces/robot_interfaces/msg/detail/line_msg__traits.hpp
[3.552s] -- Installing: /home/dky/Projects/dky_robot/install/robot_interfaces/include/robot_interfaces/robot_interfaces/msg/detail/arm_state__struct.hpp
[3.552s] -- Installing: /home/dky/Projects/dky_robot/install/robot_interfaces/include/robot_interfaces/robot_interfaces/msg/detail/line_msg__builder.hpp
[3.552s] -- Installing: /home/dky/Projects/dky_robot/install/robot_interfaces/include/robot_interfaces/robot_interfaces/msg/line_msg.hpp
[3.552s] -- Installing: /home/dky/Projects/dky_robot/install/robot_interfaces/include/robot_interfaces/robot_interfaces/msg/arm_state.hpp
[3.552s] -- Installing: /home/dky/Projects/dky_robot/install/robot_interfaces/include/robot_interfaces/robot_interfaces/msg/qt_recv.hpp
[3.553s] -- Up-to-date: /home/dky/Projects/dky_robot/install/robot_interfaces/include/robot_interfaces/robot_interfaces
[3.553s] -- Up-to-date: /home/dky/Projects/dky_robot/install/robot_interfaces/include/robot_interfaces/robot_interfaces/msg
[3.553s] -- Up-to-date: /home/dky/Projects/dky_robot/install/robot_interfaces/include/robot_interfaces/robot_interfaces/msg/detail
[3.553s] -- Installing: /home/dky/Projects/dky_robot/install/robot_interfaces/include/robot_interfaces/robot_interfaces/msg/detail/qt_recv__rosidl_typesupport_fastrtps_cpp.hpp
[3.553s] -- Installing: /home/dky/Projects/dky_robot/install/robot_interfaces/include/robot_interfaces/robot_interfaces/msg/detail/line_msg__rosidl_typesupport_fastrtps_cpp.hpp
[3.553s] -- Installing: /home/dky/Projects/dky_robot/install/robot_interfaces/include/robot_interfaces/robot_interfaces/msg/detail/arm_state__rosidl_typesupport_fastrtps_cpp.hpp
[3.553s] -- Up-to-date: /home/dky/Projects/dky_robot/install/robot_interfaces/include/robot_interfaces/robot_interfaces/msg/detail/dds_fastrtps
[3.553s] -- Up-to-date: /home/dky/Projects/dky_robot/install/robot_interfaces/include/robot_interfaces/robot_interfaces/msg/rosidl_typesupport_fastrtps_cpp__visibility_control.h
[3.554s] -- Installing: /home/dky/Projects/dky_robot/install/robot_interfaces/lib/librobot_interfaces__rosidl_typesupport_fastrtps_cpp.so
[3.554s] -- Set runtime path of "/home/dky/Projects/dky_robot/install/robot_interfaces/lib/librobot_interfaces__rosidl_typesupport_fastrtps_cpp.so" to ""
[3.554s] -- Up-to-date: /home/dky/Projects/dky_robot/install/robot_interfaces/include/robot_interfaces/robot_interfaces
[3.554s] -- Up-to-date: /home/dky/Projects/dky_robot/install/robot_interfaces/include/robot_interfaces/robot_interfaces/msg
[3.554s] -- Up-to-date: /home/dky/Projects/dky_robot/install/robot_interfaces/include/robot_interfaces/robot_interfaces/msg/detail
[3.554s] -- Installing: /home/dky/Projects/dky_robot/install/robot_interfaces/include/robot_interfaces/robot_interfaces/msg/detail/arm_state__rosidl_typesupport_introspection_cpp.hpp
[3.554s] -- Installing: /home/dky/Projects/dky_robot/install/robot_interfaces/include/robot_interfaces/robot_interfaces/msg/detail/qt_recv__type_support.cpp
[3.554s] -- Installing: /home/dky/Projects/dky_robot/install/robot_interfaces/include/robot_interfaces/robot_interfaces/msg/detail/line_msg__rosidl_typesupport_introspection_cpp.hpp
[3.554s] -- Installing: /home/dky/Projects/dky_robot/install/robot_interfaces/include/robot_interfaces/robot_interfaces/msg/detail/qt_recv__rosidl_typesupport_introspection_cpp.hpp
[3.554s] -- Installing: /home/dky/Projects/dky_robot/install/robot_interfaces/include/robot_interfaces/robot_interfaces/msg/detail/line_msg__type_support.cpp
[3.555s] -- Installing: /home/dky/Projects/dky_robot/install/robot_interfaces/include/robot_interfaces/robot_interfaces/msg/detail/arm_state__type_support.cpp
[3.555s] -- Installing: /home/dky/Projects/dky_robot/install/robot_interfaces/lib/librobot_interfaces__rosidl_typesupport_introspection_cpp.so
[3.555s] -- Set runtime path of "/home/dky/Projects/dky_robot/install/robot_interfaces/lib/librobot_interfaces__rosidl_typesupport_introspection_cpp.so" to ""
[3.555s] -- Installing: /home/dky/Projects/dky_robot/install/robot_interfaces/lib/librobot_interfaces__rosidl_typesupport_cpp.so
[3.555s] -- Set runtime path of "/home/dky/Projects/dky_robot/install/robot_interfaces/lib/librobot_interfaces__rosidl_typesupport_cpp.so" to ""
[3.555s] -- Up-to-date: /home/dky/Projects/dky_robot/install/robot_interfaces/share/robot_interfaces/environment/pythonpath.sh
[3.555s] -- Installing: /home/dky/Projects/dky_robot/install/robot_interfaces/share/robot_interfaces/environment/pythonpath.dsv
[3.555s] -- Up-to-date: /home/dky/Projects/dky_robot/install/robot_interfaces/local/lib/python3.10/dist-packages/robot_interfaces-0.0.0-py3.10.egg-info
[3.555s] -- Installing: /home/dky/Projects/dky_robot/install/robot_interfaces/local/lib/python3.10/dist-packages/robot_interfaces-0.0.0-py3.10.egg-info/top_level.txt
[3.555s] -- Installing: /home/dky/Projects/dky_robot/install/robot_interfaces/local/lib/python3.10/dist-packages/robot_interfaces-0.0.0-py3.10.egg-info/PKG-INFO
[3.556s] -- Installing: /home/dky/Projects/dky_robot/install/robot_interfaces/local/lib/python3.10/dist-packages/robot_interfaces-0.0.0-py3.10.egg-info/SOURCES.txt
[3.556s] -- Installing: /home/dky/Projects/dky_robot/install/robot_interfaces/local/lib/python3.10/dist-packages/robot_interfaces-0.0.0-py3.10.egg-info/dependency_links.txt
[3.556s] -- Up-to-date: /home/dky/Projects/dky_robot/install/robot_interfaces/local/lib/python3.10/dist-packages/robot_interfaces
[3.556s] -- Installing: /home/dky/Projects/dky_robot/install/robot_interfaces/local/lib/python3.10/dist-packages/robot_interfaces/_robot_interfaces_s.ep.rosidl_typesupport_fastrtps_c.c
[3.556s] -- Installing: /home/dky/Projects/dky_robot/install/robot_interfaces/local/lib/python3.10/dist-packages/robot_interfaces/librobot_interfaces__rosidl_generator_py.so
[3.556s] -- Up-to-date: /home/dky/Projects/dky_robot/install/robot_interfaces/local/lib/python3.10/dist-packages/robot_interfaces/msg
[3.556s] -- Installing: /home/dky/Projects/dky_robot/install/robot_interfaces/local/lib/python3.10/dist-packages/robot_interfaces/msg/_line_msg_s.c
[3.556s] -- Installing: /home/dky/Projects/dky_robot/install/robot_interfaces/local/lib/python3.10/dist-packages/robot_interfaces/msg/_arm_state_s.c
[3.556s] -- Installing: /home/dky/Projects/dky_robot/install/robot_interfaces/local/lib/python3.10/dist-packages/robot_interfaces/msg/_arm_state.py
[3.556s] -- Installing: /home/dky/Projects/dky_robot/install/robot_interfaces/local/lib/python3.10/dist-packages/robot_interfaces/msg/_qt_recv.py
[3.556s] -- Installing: /home/dky/Projects/dky_robot/install/robot_interfaces/local/lib/python3.10/dist-packages/robot_interfaces/msg/__init__.py
[3.556s] -- Installing: /home/dky/Projects/dky_robot/install/robot_interfaces/local/lib/python3.10/dist-packages/robot_interfaces/msg/_line_msg.py
[3.556s] -- Installing: /home/dky/Projects/dky_robot/install/robot_interfaces/local/lib/python3.10/dist-packages/robot_interfaces/msg/_qt_recv_s.c
[3.557s] -- Installing: /home/dky/Projects/dky_robot/install/robot_interfaces/local/lib/python3.10/dist-packages/robot_interfaces/_robot_interfaces_s.ep.rosidl_typesupport_c.c
[3.557s] -- Installing: /home/dky/Projects/dky_robot/install/robot_interfaces/local/lib/python3.10/dist-packages/robot_interfaces/__init__.py
[3.557s] -- Installing: /home/dky/Projects/dky_robot/install/robot_interfaces/local/lib/python3.10/dist-packages/robot_interfaces/robot_interfaces_s__rosidl_typesupport_fastrtps_c.cpython-310-x86_64-linux-gnu.so
[3.557s] -- Installing: /home/dky/Projects/dky_robot/install/robot_interfaces/local/lib/python3.10/dist-packages/robot_interfaces/_robot_interfaces_s.ep.rosidl_typesupport_introspection_c.c
[3.557s] -- Installing: /home/dky/Projects/dky_robot/install/robot_interfaces/local/lib/python3.10/dist-packages/robot_interfaces/robot_interfaces_s__rosidl_typesupport_c.cpython-310-x86_64-linux-gnu.so
[3.557s] -- Installing: /home/dky/Projects/dky_robot/install/robot_interfaces/local/lib/python3.10/dist-packages/robot_interfaces/robot_interfaces_s__rosidl_typesupport_introspection_c.cpython-310-x86_64-linux-gnu.so
[3.580s] Listing '/home/dky/Projects/dky_robot/install/robot_interfaces/local/lib/python3.10/dist-packages/robot_interfaces'...
[3.580s] Compiling '/home/dky/Projects/dky_robot/install/robot_interfaces/local/lib/python3.10/dist-packages/robot_interfaces/__init__.py'...
[3.580s] Listing '/home/dky/Projects/dky_robot/install/robot_interfaces/local/lib/python3.10/dist-packages/robot_interfaces/msg'...
[3.580s] Compiling '/home/dky/Projects/dky_robot/install/robot_interfaces/local/lib/python3.10/dist-packages/robot_interfaces/msg/__init__.py'...
[3.581s] Compiling '/home/dky/Projects/dky_robot/install/robot_interfaces/local/lib/python3.10/dist-packages/robot_interfaces/msg/_arm_state.py'...
[3.581s] Compiling '/home/dky/Projects/dky_robot/install/robot_interfaces/local/lib/python3.10/dist-packages/robot_interfaces/msg/_line_msg.py'...
[3.581s] Compiling '/home/dky/Projects/dky_robot/install/robot_interfaces/local/lib/python3.10/dist-packages/robot_interfaces/msg/_qt_recv.py'...
[3.583s] -- Installing: /home/dky/Projects/dky_robot/install/robot_interfaces/local/lib/python3.10/dist-packages/robot_interfaces/robot_interfaces_s__rosidl_typesupport_fastrtps_c.cpython-310-x86_64-linux-gnu.so
[3.584s] -- Set runtime path of "/home/dky/Projects/dky_robot/install/robot_interfaces/local/lib/python3.10/dist-packages/robot_interfaces/robot_interfaces_s__rosidl_typesupport_fastrtps_c.cpython-310-x86_64-linux-gnu.so" to ""
[3.584s] -- Installing: /home/dky/Projects/dky_robot/install/robot_interfaces/local/lib/python3.10/dist-packages/robot_interfaces/robot_interfaces_s__rosidl_typesupport_introspection_c.cpython-310-x86_64-linux-gnu.so
[3.584s] -- Set runtime path of "/home/dky/Projects/dky_robot/install/robot_interfaces/local/lib/python3.10/dist-packages/robot_interfaces/robot_interfaces_s__rosidl_typesupport_introspection_c.cpython-310-x86_64-linux-gnu.so" to ""
[3.584s] -- Installing: /home/dky/Projects/dky_robot/install/robot_interfaces/local/lib/python3.10/dist-packages/robot_interfaces/robot_interfaces_s__rosidl_typesupport_c.cpython-310-x86_64-linux-gnu.so
[3.584s] -- Set runtime path of "/home/dky/Projects/dky_robot/install/robot_interfaces/local/lib/python3.10/dist-packages/robot_interfaces/robot_interfaces_s__rosidl_typesupport_c.cpython-310-x86_64-linux-gnu.so" to ""
[3.584s] -- Installing: /home/dky/Projects/dky_robot/install/robot_interfaces/lib/librobot_interfaces__rosidl_generator_py.so
[3.584s] -- Set runtime path of "/home/dky/Projects/dky_robot/install/robot_interfaces/lib/librobot_interfaces__rosidl_generator_py.so" to ""
[3.584s] -- Installing: /home/dky/Projects/dky_robot/install/robot_interfaces/share/robot_interfaces/msg/QtRecv.idl
[3.585s] -- Up-to-date: /home/dky/Projects/dky_robot/install/robot_interfaces/share/robot_interfaces/msg/LineMsg.idl
[3.585s] -- Up-to-date: /home/dky/Projects/dky_robot/install/robot_interfaces/share/robot_interfaces/msg/ArmState.idl
[3.585s] -- Installing: /home/dky/Projects/dky_robot/install/robot_interfaces/share/robot_interfaces/msg/QtRecv.msg
[3.585s] -- Up-to-date: /home/dky/Projects/dky_robot/install/robot_interfaces/share/robot_interfaces/msg/LineMsg.msg
[3.585s] -- Up-to-date: /home/dky/Projects/dky_robot/install/robot_interfaces/share/robot_interfaces/msg/ArmState.msg
[3.585s] -- Up-to-date: /home/dky/Projects/dky_robot/install/robot_interfaces/share/ament_index/resource_index/package_run_dependencies/robot_interfaces
[3.585s] -- Up-to-date: /home/dky/Projects/dky_robot/install/robot_interfaces/share/ament_index/resource_index/parent_prefix_path/robot_interfaces
[3.585s] -- Up-to-date: /home/dky/Projects/dky_robot/install/robot_interfaces/share/robot_interfaces/environment/ament_prefix_path.sh
[3.585s] -- Installing: /home/dky/Projects/dky_robot/install/robot_interfaces/share/robot_interfaces/environment/ament_prefix_path.dsv
[3.585s] -- Up-to-date: /home/dky/Projects/dky_robot/install/robot_interfaces/share/robot_interfaces/environment/path.sh
[3.586s] -- Installing: /home/dky/Projects/dky_robot/install/robot_interfaces/share/robot_interfaces/environment/path.dsv
[3.586s] -- Up-to-date: /home/dky/Projects/dky_robot/install/robot_interfaces/share/robot_interfaces/local_setup.bash
[3.586s] -- Up-to-date: /home/dky/Projects/dky_robot/install/robot_interfaces/share/robot_interfaces/local_setup.sh
[3.586s] -- Up-to-date: /home/dky/Projects/dky_robot/install/robot_interfaces/share/robot_interfaces/local_setup.zsh
[3.586s] -- Installing: /home/dky/Projects/dky_robot/install/robot_interfaces/share/robot_interfaces/local_setup.dsv
[3.586s] -- Installing: /home/dky/Projects/dky_robot/install/robot_interfaces/share/robot_interfaces/package.dsv
[3.586s] -- Up-to-date: /home/dky/Projects/dky_robot/install/robot_interfaces/share/ament_index/resource_index/packages/robot_interfaces
[3.586s] -- Up-to-date: /home/dky/Projects/dky_robot/install/robot_interfaces/share/robot_interfaces/cmake/export_robot_interfaces__rosidl_generator_cExport.cmake
[3.586s] -- Up-to-date: /home/dky/Projects/dky_robot/install/robot_interfaces/share/robot_interfaces/cmake/export_robot_interfaces__rosidl_generator_cExport-noconfig.cmake
[3.587s] -- Up-to-date: /home/dky/Projects/dky_robot/install/robot_interfaces/share/robot_interfaces/cmake/export_robot_interfaces__rosidl_typesupport_fastrtps_cExport.cmake
[3.587s] -- Up-to-date: /home/dky/Projects/dky_robot/install/robot_interfaces/share/robot_interfaces/cmake/export_robot_interfaces__rosidl_typesupport_fastrtps_cExport-noconfig.cmake
[3.587s] -- Up-to-date: /home/dky/Projects/dky_robot/install/robot_interfaces/share/robot_interfaces/cmake/robot_interfaces__rosidl_typesupport_introspection_cExport.cmake
[3.587s] -- Up-to-date: /home/dky/Projects/dky_robot/install/robot_interfaces/share/robot_interfaces/cmake/robot_interfaces__rosidl_typesupport_introspection_cExport-noconfig.cmake
[3.588s] -- Up-to-date: /home/dky/Projects/dky_robot/install/robot_interfaces/share/robot_interfaces/cmake/robot_interfaces__rosidl_typesupport_cExport.cmake
[3.588s] -- Up-to-date: /home/dky/Projects/dky_robot/install/robot_interfaces/share/robot_interfaces/cmake/robot_interfaces__rosidl_typesupport_cExport-noconfig.cmake
[3.589s] -- Up-to-date: /home/dky/Projects/dky_robot/install/robot_interfaces/share/robot_interfaces/cmake/export_robot_interfaces__rosidl_generator_cppExport.cmake
[3.589s] -- Up-to-date: /home/dky/Projects/dky_robot/install/robot_interfaces/share/robot_interfaces/cmake/export_robot_interfaces__rosidl_typesupport_fastrtps_cppExport.cmake
[3.589s] -- Up-to-date: /home/dky/Projects/dky_robot/install/robot_interfaces/share/robot_interfaces/cmake/export_robot_interfaces__rosidl_typesupport_fastrtps_cppExport-noconfig.cmake
[3.589s] -- Up-to-date: /home/dky/Projects/dky_robot/install/robot_interfaces/share/robot_interfaces/cmake/robot_interfaces__rosidl_typesupport_introspection_cppExport.cmake
[3.590s] -- Up-to-date: /home/dky/Projects/dky_robot/install/robot_interfaces/share/robot_interfaces/cmake/robot_interfaces__rosidl_typesupport_introspection_cppExport-noconfig.cmake
[3.590s] -- Up-to-date: /home/dky/Projects/dky_robot/install/robot_interfaces/share/robot_interfaces/cmake/robot_interfaces__rosidl_typesupport_cppExport.cmake
[3.590s] -- Up-to-date: /home/dky/Projects/dky_robot/install/robot_interfaces/share/robot_interfaces/cmake/robot_interfaces__rosidl_typesupport_cppExport-noconfig.cmake
[3.590s] -- Up-to-date: /home/dky/Projects/dky_robot/install/robot_interfaces/share/robot_interfaces/cmake/export_robot_interfaces__rosidl_generator_pyExport.cmake
[3.590s] -- Up-to-date: /home/dky/Projects/dky_robot/install/robot_interfaces/share/robot_interfaces/cmake/export_robot_interfaces__rosidl_generator_pyExport-noconfig.cmake
[3.590s] -- Up-to-date: /home/dky/Projects/dky_robot/install/robot_interfaces/share/robot_interfaces/cmake/rosidl_cmake-extras.cmake
[3.590s] -- Up-to-date: /home/dky/Projects/dky_robot/install/robot_interfaces/share/robot_interfaces/cmake/ament_cmake_export_dependencies-extras.cmake
[3.590s] -- Up-to-date: /home/dky/Projects/dky_robot/install/robot_interfaces/share/robot_interfaces/cmake/ament_cmake_export_include_directories-extras.cmake
[3.590s] -- Up-to-date: /home/dky/Projects/dky_robot/install/robot_interfaces/share/robot_interfaces/cmake/ament_cmake_export_libraries-extras.cmake
[3.590s] -- Up-to-date: /home/dky/Projects/dky_robot/install/robot_interfaces/share/robot_interfaces/cmake/ament_cmake_export_targets-extras.cmake
[3.590s] -- Up-to-date: /home/dky/Projects/dky_robot/install/robot_interfaces/share/robot_interfaces/cmake/rosidl_cmake_export_typesupport_targets-extras.cmake
[3.590s] -- Up-to-date: /home/dky/Projects/dky_robot/install/robot_interfaces/share/robot_interfaces/cmake/rosidl_cmake_export_typesupport_libraries-extras.cmake
[3.590s] -- Up-to-date: /home/dky/Projects/dky_robot/install/robot_interfaces/share/robot_interfaces/cmake/robot_interfacesConfig.cmake
[3.590s] -- Up-to-date: /home/dky/Projects/dky_robot/install/robot_interfaces/share/robot_interfaces/cmake/robot_interfacesConfig-version.cmake
[3.590s] -- Up-to-date: /home/dky/Projects/dky_robot/install/robot_interfaces/share/robot_interfaces/package.xml
[3.591s] Invoked command in '/home/dky/Projects/dky_robot/build/robot_interfaces' returned '0': CMAKE_PREFIX_PATH=${CMAKE_PREFIX_PATH}:/opt/ros/humble /usr/bin/cmake --install /home/dky/Projects/dky_robot/build/robot_interfaces
