-- Found ament_cmake: 1.3.8 (/opt/ros/humble/share/ament_cmake/cmake)
-- Found rclcpp: 16.0.8 (/opt/ros/humble/share/rclcpp/cmake)
-- Found rosidl_generator_c: 3.1.5 (/opt/ros/humble/share/rosidl_generator_c/cmake)
-- Found rosidl_adapter: 3.1.5 (/opt/ros/humble/share/rosidl_adapter/cmake)
-- Found rosidl_generator_cpp: 3.1.5 (/opt/ros/humble/share/rosidl_generator_cpp/cmake)
-- Using all available rosidl_typesupport_c: rosidl_typesupport_fastrtps_c;rosidl_typesupport_introspection_c
-- Using all available rosidl_typesupport_cpp: rosidl_typesupport_fastrtps_cpp;rosidl_typesupport_introspection_cpp
-- Found rmw_implementation_cmake: 6.1.1 (/opt/ros/humble/share/rmw_implementation_cmake/cmake)
-- Found rmw_fastrtps_cpp: 6.2.6 (/opt/ros/humble/share/rmw_fastrtps_cpp/cmake)
-- Using RMW implementation 'rmw_fastrtps_cpp' as default
-- Found moveit_ros_planning_interface: 2.5.5 (/opt/ros/humble/share/moveit_ros_planning_interface/cmake)
-- Found Boost: /usr/lib/x86_64-linux-gnu/cmake/Boost-1.74.0/BoostConfig.cmake (found version "1.74.0") found components: date_time filesystem program_options system thread 
-- Found Boost: /usr/lib/x86_64-linux-gnu/cmake/Boost-1.74.0/BoostConfig.cmake (found version "1.74.0") found components: chrono date_time filesystem iostreams program_options regex serialization system thread 
-- Found parameter_traits: 0.3.8 (/opt/ros/humble/share/parameter_traits/cmake)
-- Found rclcpp_lifecycle: 16.0.8 (/opt/ros/humble/share/rclcpp_lifecycle/cmake)
-- Found Boost: /usr/lib/x86_64-linux-gnu/cmake/Boost-1.74.0/BoostConfig.cmake (found version "1.74.0") found components: filesystem 
-- library: /usr/lib/x86_64-linux-gnu/libcurl.so
-- Ensuring Eigen3 include directory is part of orocos-kdl CMake target
-- Found Boost: /usr/lib/x86_64-linux-gnu/cmake/Boost-1.74.0/BoostConfig.cmake (found version "1.74.0") found components: system filesystem date_time program_options thread chrono 
-- Found Boost: /usr/lib/x86_64-linux-gnu/cmake/Boost-1.74.0/BoostConfig.cmake (found version "1.74.0") found components: thread system filesystem regex date_time program_options 
-- Found Boost: /usr/lib/x86_64-linux-gnu/cmake/Boost-1.74.0/BoostConfig.cmake (found version "1.74.0") found components: system filesystem date_time program_options thread 
-- Found robot_interfaces: 0.0.0 (/home/dky/Projects/dky_robot/install/robot_interfaces/share/robot_interfaces/cmake)
-- Found ament_lint_auto: 0.12.10 (/opt/ros/humble/share/ament_lint_auto/cmake)
-- Added test 'cppcheck' to perform static code analysis on C / C++ code
-- Configured cppcheck include dirs: 
-- Configured cppcheck exclude dirs and/or files: 
-- Added test 'flake8' to check Python code syntax and style conventions
-- Added test 'lint_cmake' to check CMake code style
-- Added test 'pep257' to check Python code against some of the docstring style conventions in PEP 257
-- Added test 'uncrustify' to check C / C++ code style
-- Configured uncrustify additional arguments: 
-- Added test 'xmllint' to check XML markup files
-- Configuring done
-- Generating done
-- Build files have been written to: /home/dky/Projects/dky_robot/build/robot_cartesian
[35m[1mConsolidate compiler generated dependencies of target robot_cartesian[0m
[ 50%] [32mBuilding CXX object CMakeFiles/robot_cartesian.dir/src/robot_cartesian.cpp.o[0m
[100%] [32m[1mLinking CXX executable robot_cartesian[0m
[100%] Built target robot_cartesian
-- Install configuration: ""
-- Installing: /home/dky/Projects/dky_robot/install/robot_cartesian/lib/robot_cartesian/robot_cartesian
-- Set runtime path of "/home/dky/Projects/dky_robot/install/robot_cartesian/lib/robot_cartesian/robot_cartesian" to ""
-- Up-to-date: /home/dky/Projects/dky_robot/install/robot_cartesian/share/robot_cartesian/launch
-- Up-to-date: /home/dky/Projects/dky_robot/install/robot_cartesian/share/robot_cartesian/launch/robot_cartesian.launch.py
-- Up-to-date: /home/dky/Projects/dky_robot/install/robot_cartesian/share/ament_index/resource_index/package_run_dependencies/robot_cartesian
-- Up-to-date: /home/dky/Projects/dky_robot/install/robot_cartesian/share/ament_index/resource_index/parent_prefix_path/robot_cartesian
-- Up-to-date: /home/dky/Projects/dky_robot/install/robot_cartesian/share/robot_cartesian/environment/ament_prefix_path.sh
-- Installing: /home/dky/Projects/dky_robot/install/robot_cartesian/share/robot_cartesian/environment/ament_prefix_path.dsv
-- Up-to-date: /home/dky/Projects/dky_robot/install/robot_cartesian/share/robot_cartesian/environment/path.sh
-- Installing: /home/dky/Projects/dky_robot/install/robot_cartesian/share/robot_cartesian/environment/path.dsv
-- Up-to-date: /home/dky/Projects/dky_robot/install/robot_cartesian/share/robot_cartesian/local_setup.bash
-- Up-to-date: /home/dky/Projects/dky_robot/install/robot_cartesian/share/robot_cartesian/local_setup.sh
-- Up-to-date: /home/dky/Projects/dky_robot/install/robot_cartesian/share/robot_cartesian/local_setup.zsh
-- Installing: /home/dky/Projects/dky_robot/install/robot_cartesian/share/robot_cartesian/local_setup.dsv
-- Installing: /home/dky/Projects/dky_robot/install/robot_cartesian/share/robot_cartesian/package.dsv
-- Up-to-date: /home/dky/Projects/dky_robot/install/robot_cartesian/share/ament_index/resource_index/packages/robot_cartesian
-- Up-to-date: /home/dky/Projects/dky_robot/install/robot_cartesian/share/robot_cartesian/cmake/robot_cartesianConfig.cmake
-- Up-to-date: /home/dky/Projects/dky_robot/install/robot_cartesian/share/robot_cartesian/cmake/robot_cartesianConfig-version.cmake
-- Up-to-date: /home/dky/Projects/dky_robot/install/robot_cartesian/share/robot_cartesian/package.xml
