[0.009s] Invoking command in '/home/dky/Projects/dky_robot/build/robot_interfaces': CMAKE_PREFIX_PATH=${CMAKE_PREFIX_PATH}:/opt/ros/humble /usr/bin/cmake --build /home/dky/Projects/dky_robot/build/robot_interfaces -- -j20 -l20
[0.031s] -- Found ament_cmake: 1.3.8 (/opt/ros/humble/share/ament_cmake/cmake)
[0.146s] -- Found rosidl_default_generators: 1.2.0 (/opt/ros/humble/share/rosidl_default_generators/cmake)
[0.148s] -- Using all available rosidl_typesupport_c: rosidl_typesupport_fastrtps_c;rosidl_typesupport_introspection_c
[0.150s] -- Found rosidl_adapter: 3.1.5 (/opt/ros/humble/share/rosidl_adapter/cmake)
[0.171s] -- Using all available rosidl_typesupport_cpp: rosidl_typesupport_fastrtps_cpp;rosidl_typesupport_introspection_cpp
[0.188s] -- Found geometry_msgs: 4.2.3 (/opt/ros/humble/share/geometry_msgs/cmake)
[0.268s] -- Found tf2_ros: 0.25.8 (/opt/ros/humble/share/tf2_ros/cmake)
[0.337s] -- Found rmw_implementation_cmake: 6.1.1 (/opt/ros/humble/share/rmw_implementation_cmake/cmake)
[0.338s] -- Found rmw_fastrtps_cpp: 6.2.6 (/opt/ros/humble/share/rmw_fastrtps_cpp/cmake)
[0.423s] -- Using RMW implementation 'rmw_fastrtps_cpp' as default
[0.693s] -- Found tf2_geometry_msgs: 0.25.6 (/opt/ros/humble/share/tf2_geometry_msgs/cmake)
[0.695s] -- Found eigen3_cmake_module: 0.1.1 (/opt/ros/humble/share/eigen3_cmake_module/cmake)
[0.696s] -- Ensuring Eigen3 include directory is part of orocos-kdl CMake target
[0.925s] -- Found ament_cmake_ros: 0.10.0 (/opt/ros/humble/share/ament_cmake_ros/cmake)
[1.130s] -- Using all available rosidl_typesupport_c: rosidl_typesupport_fastrtps_c;rosidl_typesupport_introspection_c
[1.386s] -- Using all available rosidl_typesupport_cpp: rosidl_typesupport_fastrtps_cpp;rosidl_typesupport_introspection_cpp
[1.403s] -- Found python_cmake_module: 0.10.0 (/opt/ros/humble/share/python_cmake_module/cmake)
[1.419s] -- Using PYTHON_EXECUTABLE: /usr/bin/python3
[1.419s] -- Using PYTHON_INCLUDE_DIRS: /usr/include/python3.10
[1.419s] -- Using PYTHON_LIBRARIES: /usr/lib/x86_64-linux-gnu/libpython3.10.so
[1.454s] -- Found ament_lint_auto: 0.12.10 (/opt/ros/humble/share/ament_lint_auto/cmake)
[1.459s] -- Added test 'lint_cmake' to check CMake code style
[1.459s] -- Added test 'xmllint' to check XML markup files
[1.460s] -- Configuring done
[1.485s] -- Generating done
[1.488s] -- Build files have been written to: /home/dky/Projects/dky_robot/build/robot_interfaces
[1.507s] [  2%] [34m[1mGenerating C code for ROS interfaces[0m
[1.517s] [  5%] [34m[1mGenerating C++ code for ROS interfaces[0m
[1.521s] [  5%] Built target ament_cmake_python_copy_robot_interfaces
[1.683s] running egg_info
[1.683s] writing robot_interfaces.egg-info/PKG-INFO
[1.683s] writing dependency_links to robot_interfaces.egg-info/dependency_links.txt
[1.683s] writing top-level names to robot_interfaces.egg-info/top_level.txt
[1.685s] reading manifest file 'robot_interfaces.egg-info/SOURCES.txt'
[1.685s] writing manifest file 'robot_interfaces.egg-info/SOURCES.txt'
[1.703s] [  5%] Built target ament_cmake_python_build_robot_interfaces_egg
[1.749s] [35m[1mConsolidate compiler generated dependencies of target robot_interfaces__rosidl_generator_c[0m
[1.751s] [  5%] Built target robot_interfaces__cpp
[1.758s] [ 10%] [34m[1mGenerating C++ type support dispatch for ROS interfaces[0m
[1.758s] [ 10%] [32mBuilding C object CMakeFiles/robot_interfaces__rosidl_generator_c.dir/rosidl_generator_c/robot_interfaces/msg/detail/line_msg__functions.c.o[0m
[1.758s] [ 12%] [34m[1mGenerating C++ type support for eProsima Fast-RTPS[0m
[1.758s] [ 15%] [34m[1mGenerating C++ introspection for ROS interfaces[0m
[1.758s] [ 17%] [32mBuilding C object CMakeFiles/robot_interfaces__rosidl_generator_c.dir/rosidl_generator_c/robot_interfaces/msg/detail/qt_recv__functions.c.o[0m
[1.770s] In file included from [01m[K/home/dky/Projects/dky_robot/build/robot_interfaces/rosidl_generator_c/robot_interfaces/msg/detail/qt_recv__functions.h:19[m[K,
[1.771s]                  from [01m[K/home/dky/Projects/dky_robot/build/robot_interfaces/rosidl_generator_c/robot_interfaces/msg/detail/qt_recv__functions.c:4[m[K:
[1.771s] [01m[K/home/dky/Projects/dky_robot/build/robot_interfaces/rosidl_generator_c/robot_interfaces/msg/detail/qt_recv__struct.h:29:10:[m[K [01;31m[Kfatal error: [m[Ktf2/msg/detail/quaternion__struct.h: No such file or directory
[1.771s]    29 | #include [01;31m[K"tf2/msg/detail/quaternion__struct.h"[m[K
[1.771s]       |          [01;31m[K^~~~~~~~~~~~~~~~~~~~~~~~~~~~~~~~~~~~~[m[K
[1.771s] compilation terminated.
[1.771s] gmake[2]: *** [CMakeFiles/robot_interfaces__rosidl_generator_c.dir/build.make:203: CMakeFiles/robot_interfaces__rosidl_generator_c.dir/rosidl_generator_c/robot_interfaces/msg/detail/qt_recv__functions.c.o] Error 1
[1.771s] gmake[2]: *** Waiting for unfinished jobs....
[1.787s] gmake[1]: *** [CMakeFiles/Makefile2:213: CMakeFiles/robot_interfaces__rosidl_generator_c.dir/all] Error 2
[1.787s] gmake[1]: *** Waiting for unfinished jobs....
[1.959s] [35m[1mConsolidate compiler generated dependencies of target robot_interfaces__rosidl_typesupport_cpp[0m
[1.972s] [ 23%] [32mBuilding CXX object CMakeFiles/robot_interfaces__rosidl_typesupport_cpp.dir/rosidl_typesupport_cpp/robot_interfaces/msg/line_msg__type_support.cpp.o[0m
[1.972s] [ 23%] [32mBuilding CXX object CMakeFiles/robot_interfaces__rosidl_typesupport_cpp.dir/rosidl_typesupport_cpp/robot_interfaces/msg/qt_recv__type_support.cpp.o[0m
[1.981s] [35m[1mConsolidate compiler generated dependencies of target robot_interfaces__rosidl_typesupport_introspection_cpp[0m
[1.991s] [ 25%] [32mBuilding CXX object CMakeFiles/robot_interfaces__rosidl_typesupport_introspection_cpp.dir/rosidl_typesupport_introspection_cpp/robot_interfaces/msg/detail/line_msg__type_support.cpp.o[0m
[1.994s] [ 28%] [32mBuilding CXX object CMakeFiles/robot_interfaces__rosidl_typesupport_introspection_cpp.dir/rosidl_typesupport_introspection_cpp/robot_interfaces/msg/detail/qt_recv__type_support.cpp.o[0m
[1.998s] [35m[1mConsolidate compiler generated dependencies of target robot_interfaces__rosidl_typesupport_fastrtps_cpp[0m
[2.008s] In file included from [01m[K/home/dky/Projects/dky_robot/build/robot_interfaces/rosidl_typesupport_cpp/robot_interfaces/msg/qt_recv__type_support.cpp:7[m[K:
[2.008s] [01m[K/home/dky/Projects/dky_robot/build/robot_interfaces/rosidl_generator_cpp/robot_interfaces/msg/detail/qt_recv__struct.hpp:26:10:[m[K [01;31m[Kfatal error: [m[Ktf2/msg/detail/quaternion__struct.hpp: No such file or directory
[2.008s]    26 | #include [01;31m[K"tf2/msg/detail/quaternion__struct.hpp"[m[K
[2.008s]       |          [01;31m[K^~~~~~~~~~~~~~~~~~~~~~~~~~~~~~~~~~~~~~~[m[K
[2.008s] compilation terminated.
[2.008s] gmake[2]: *** [CMakeFiles/robot_interfaces__rosidl_typesupport_cpp.dir/build.make:172: CMakeFiles/robot_interfaces__rosidl_typesupport_cpp.dir/rosidl_typesupport_cpp/robot_interfaces/msg/qt_recv__type_support.cpp.o] Error 1
[2.009s] gmake[2]: *** Waiting for unfinished jobs....
[2.009s] [ 30%] [32mBuilding CXX object CMakeFiles/robot_interfaces__rosidl_typesupport_fastrtps_cpp.dir/rosidl_typesupport_fastrtps_cpp/robot_interfaces/msg/detail/dds_fastrtps/qt_recv__type_support.cpp.o[0m
[2.011s] [ 33%] [32mBuilding CXX object CMakeFiles/robot_interfaces__rosidl_typesupport_fastrtps_cpp.dir/rosidl_typesupport_fastrtps_cpp/robot_interfaces/msg/detail/dds_fastrtps/line_msg__type_support.cpp.o[0m
[2.045s] In file included from [01m[K/home/dky/Projects/dky_robot/build/robot_interfaces/rosidl_typesupport_fastrtps_cpp/robot_interfaces/msg/detail/qt_recv__rosidl_typesupport_fastrtps_cpp.hpp:11[m[K,
[2.045s]                  from [01m[K/home/dky/Projects/dky_robot/build/robot_interfaces/rosidl_typesupport_fastrtps_cpp/robot_interfaces/msg/detail/dds_fastrtps/qt_recv__type_support.cpp:4[m[K:
[2.045s] [01m[K/home/dky/Projects/dky_robot/build/robot_interfaces/rosidl_generator_cpp/robot_interfaces/msg/detail/qt_recv__struct.hpp:26:10:[m[K [01;31m[Kfatal error: [m[Ktf2/msg/detail/quaternion__struct.hpp: No such file or directory
[2.045s]    26 | #include [01;31m[K"tf2/msg/detail/quaternion__struct.hpp"[m[K
[2.045s]       |          [01;31m[K^~~~~~~~~~~~~~~~~~~~~~~~~~~~~~~~~~~~~~~[m[K
[2.045s] compilation terminated.
[2.046s] gmake[2]: *** [CMakeFiles/robot_interfaces__rosidl_typesupport_fastrtps_cpp.dir/build.make:180: CMakeFiles/robot_interfaces__rosidl_typesupport_fastrtps_cpp.dir/rosidl_typesupport_fastrtps_cpp/robot_interfaces/msg/detail/dds_fastrtps/qt_recv__type_support.cpp.o] Error 1
[2.046s] gmake[2]: *** Waiting for unfinished jobs....
[2.053s] In file included from [01m[K/home/dky/Projects/dky_robot/build/robot_interfaces/rosidl_typesupport_introspection_cpp/robot_interfaces/msg/detail/qt_recv__type_support.cpp:12[m[K:
[2.053s] [01m[K/home/dky/Projects/dky_robot/build/robot_interfaces/rosidl_generator_cpp/robot_interfaces/msg/detail/qt_recv__struct.hpp:26:10:[m[K [01;31m[Kfatal error: [m[Ktf2/msg/detail/quaternion__struct.hpp: No such file or directory
[2.053s]    26 | #include [01;31m[K"tf2/msg/detail/quaternion__struct.hpp"[m[K
[2.053s]       |          [01;31m[K^~~~~~~~~~~~~~~~~~~~~~~~~~~~~~~~~~~~~~~[m[K
[2.053s] compilation terminated.
[2.054s] gmake[2]: *** [CMakeFiles/robot_interfaces__rosidl_typesupport_introspection_cpp.dir/build.make:180: CMakeFiles/robot_interfaces__rosidl_typesupport_introspection_cpp.dir/rosidl_typesupport_introspection_cpp/robot_interfaces/msg/detail/qt_recv__type_support.cpp.o] Error 1
[2.054s] gmake[2]: *** Waiting for unfinished jobs....
[2.126s] gmake[1]: *** [CMakeFiles/Makefile2:395: CMakeFiles/robot_interfaces__rosidl_typesupport_cpp.dir/all] Error 2
[2.216s] gmake[1]: *** [CMakeFiles/Makefile2:369: CMakeFiles/robot_interfaces__rosidl_typesupport_introspection_cpp.dir/all] Error 2
[2.236s] gmake[1]: *** [CMakeFiles/Makefile2:343: CMakeFiles/robot_interfaces__rosidl_typesupport_fastrtps_cpp.dir/all] Error 2
[2.237s] gmake: *** [Makefile:146: all] Error 2
[2.239s] Invoked command in '/home/dky/Projects/dky_robot/build/robot_interfaces' returned '2': CMAKE_PREFIX_PATH=${CMAKE_PREFIX_PATH}:/opt/ros/humble /usr/bin/cmake --build /home/dky/Projects/dky_robot/build/robot_interfaces -- -j20 -l20
