[0.046s] Invoking command in '/home/dky/Projects/dky_robot/build/robot_qtrecv': CMAKE_PREFIX_PATH=/opt/ros/humble /usr/bin/cmake /home/dky/Projects/dky_robot/src/robot_qtrecv -DCMAKE_INSTALL_PREFIX=/home/dky/Projects/dky_robot/install/robot_qtrecv
[0.060s] -- Found ament_cmake: 1.3.8 (/opt/ros/humble/share/ament_cmake/cmake)
[0.192s] -- Found rclcpp: 16.0.8 (/opt/ros/humble/share/rclcpp/cmake)
[0.229s] -- Found rosidl_generator_c: 3.1.5 (/opt/ros/humble/share/rosidl_generator_c/cmake)
[0.232s] -- Found rosidl_adapter: 3.1.5 (/opt/ros/humble/share/rosidl_adapter/cmake)
[0.239s] -- Found rosidl_generator_cpp: 3.1.5 (/opt/ros/humble/share/rosidl_generator_cpp/cmake)
[0.253s] -- Using all available rosidl_typesupport_c: rosidl_typesupport_fastrtps_c;rosidl_typesupport_introspection_c
[0.271s] -- Using all available rosidl_typesupport_cpp: rosidl_typesupport_fastrtps_cpp;rosidl_typesupport_introspection_cpp
[0.312s] -- Found rmw_implementation_cmake: 6.1.1 (/opt/ros/humble/share/rmw_implementation_cmake/cmake)
[0.312s] -- Found rmw_fastrtps_cpp: 6.2.6 (/opt/ros/humble/share/rmw_fastrtps_cpp/cmake)
[0.408s] -- Using RMW implementation 'rmw_fastrtps_cpp' as default
[0.515s] -- Found serial: 1.2.1 (/usr/local/share/serial/cmake)
[0.516s] -- Found message_filters: 4.3.3 (/opt/ros/humble/share/message_filters/cmake)
[0.520s] -- Found geometry_msgs: 4.2.3 (/opt/ros/humble/share/geometry_msgs/cmake)
[0.548s] -- Found robot_interfaces: 0.0.0 (/home/dky/Projects/dky_robot/install/robot_interfaces/share/robot_interfaces/cmake)
[0.595s] [31mCMake Error at /opt/ros/humble/share/ament_cmake_target_dependencies/cmake/ament_target_dependencies.cmake:77 (message):
[0.595s]   ament_target_dependencies() the passed package name 'tf2_ros' was not found
[0.595s]   before
[0.595s] Call Stack (most recent call first):
[0.595s]   CMakeLists.txt:20 (ament_target_dependencies)
[0.595s] 
[0.595s] [0m
[0.595s] -- Configuring incomplete, errors occurred!
[0.596s] See also "/home/dky/Projects/dky_robot/build/robot_qtrecv/CMakeFiles/CMakeOutput.log".
[0.601s] Invoked command in '/home/dky/Projects/dky_robot/build/robot_qtrecv' returned '1': CMAKE_PREFIX_PATH=/opt/ros/humble /usr/bin/cmake /home/dky/Projects/dky_robot/src/robot_qtrecv -DCMAKE_INSTALL_PREFIX=/home/dky/Projects/dky_robot/install/robot_qtrecv
