[0.028s] Invoking command in '/home/dky/Projects/dky_robot/build/robot_interfaces': CMAKE_PREFIX_PATH=${CMAKE_PREFIX_PATH}:/opt/ros/humble /usr/bin/cmake --build /home/dky/Projects/dky_robot/build/robot_interfaces -- -j20 -l20
[0.062s] [ 10%] Built target robot_interfaces__rosidl_generator_c
[0.070s] [ 12%] Built target robot_interfaces__cpp
[0.078s] [ 12%] Built target ament_cmake_python_copy_robot_interfaces
[0.084s] [ 25%] Built target robot_interfaces__rosidl_typesupport_fastrtps_c
[0.084s] [ 34%] Built target robot_interfaces__rosidl_typesupport_c
[0.094s] [ 44%] Built target robot_interfaces__rosidl_typesupport_introspection_c
[0.099s] [ 55%] Built target robot_interfaces__rosidl_typesupport_cpp
[0.101s] [ 76%] Built target robot_interfaces__rosidl_typesupport_fastrtps_cpp
[0.102s] [ 76%] Built target robot_interfaces__rosidl_typesupport_introspection_cpp
[0.110s] [ 76%] Built target robot_interfaces
[0.127s] [ 78%] Built target robot_interfaces__py
[0.144s] [ 87%] Built target robot_interfaces__rosidl_generator_py
[0.158s] [ 91%] Built target robot_interfaces__rosidl_typesupport_introspection_c__pyext
[0.163s] [ 95%] Built target robot_interfaces__rosidl_typesupport_fastrtps_c__pyext
[0.164s] [100%] Built target robot_interfaces__rosidl_typesupport_c__pyext
[0.319s] running egg_info
[0.319s] writing robot_interfaces.egg-info/PKG-INFO
[0.319s] writing dependency_links to robot_interfaces.egg-info/dependency_links.txt
[0.319s] writing top-level names to robot_interfaces.egg-info/top_level.txt
[0.321s] reading manifest file 'robot_interfaces.egg-info/SOURCES.txt'
[0.321s] writing manifest file 'robot_interfaces.egg-info/SOURCES.txt'
[0.342s] [100%] Built target ament_cmake_python_build_robot_interfaces_egg
[0.352s] Invoked command in '/home/dky/Projects/dky_robot/build/robot_interfaces' returned '0': CMAKE_PREFIX_PATH=${CMAKE_PREFIX_PATH}:/opt/ros/humble /usr/bin/cmake --build /home/dky/Projects/dky_robot/build/robot_interfaces -- -j20 -l20
[0.440s] Invoking command in '/home/dky/Projects/dky_robot/build/robot_interfaces': CMAKE_PREFIX_PATH=${CMAKE_PREFIX_PATH}:/opt/ros/humble /usr/bin/cmake --install /home/dky/Projects/dky_robot/build/robot_interfaces
[0.447s] -- Install configuration: ""
[0.447s] -- Up-to-date: /home/dky/Projects/dky_robot/install/robot_interfaces/share/ament_index/resource_index/rosidl_interfaces/robot_interfaces
[0.447s] -- Up-to-date: /home/dky/Projects/dky_robot/install/robot_interfaces/include/robot_interfaces/robot_interfaces
[0.447s] -- Up-to-date: /home/dky/Projects/dky_robot/install/robot_interfaces/include/robot_interfaces/robot_interfaces/msg
[0.447s] -- Up-to-date: /home/dky/Projects/dky_robot/install/robot_interfaces/include/robot_interfaces/robot_interfaces/msg/detail
[0.448s] -- Up-to-date: /home/dky/Projects/dky_robot/install/robot_interfaces/include/robot_interfaces/robot_interfaces/msg/detail/arm_state__struct.h
[0.448s] -- Up-to-date: /home/dky/Projects/dky_robot/install/robot_interfaces/include/robot_interfaces/robot_interfaces/msg/detail/line_msg__functions.c
[0.448s] -- Up-to-date: /home/dky/Projects/dky_robot/install/robot_interfaces/include/robot_interfaces/robot_interfaces/msg/detail/arm_state__functions.c
[0.448s] -- Up-to-date: /home/dky/Projects/dky_robot/install/robot_interfaces/include/robot_interfaces/robot_interfaces/msg/detail/qt_recv__type_support.h
[0.448s] -- Up-to-date: /home/dky/Projects/dky_robot/install/robot_interfaces/include/robot_interfaces/robot_interfaces/msg/detail/line_msg__struct.h
[0.448s] -- Up-to-date: /home/dky/Projects/dky_robot/install/robot_interfaces/include/robot_interfaces/robot_interfaces/msg/detail/line_msg__type_support.h
[0.448s] -- Up-to-date: /home/dky/Projects/dky_robot/install/robot_interfaces/include/robot_interfaces/robot_interfaces/msg/detail/qt_recv__functions.h
[0.448s] -- Up-to-date: /home/dky/Projects/dky_robot/install/robot_interfaces/include/robot_interfaces/robot_interfaces/msg/detail/line_msg__functions.h
[0.448s] -- Up-to-date: /home/dky/Projects/dky_robot/install/robot_interfaces/include/robot_interfaces/robot_interfaces/msg/detail/qt_recv__struct.h
[0.449s] -- Up-to-date: /home/dky/Projects/dky_robot/install/robot_interfaces/include/robot_interfaces/robot_interfaces/msg/detail/arm_state__type_support.h
[0.449s] -- Up-to-date: /home/dky/Projects/dky_robot/install/robot_interfaces/include/robot_interfaces/robot_interfaces/msg/detail/arm_state__functions.h
[0.449s] -- Up-to-date: /home/dky/Projects/dky_robot/install/robot_interfaces/include/robot_interfaces/robot_interfaces/msg/detail/qt_recv__functions.c
[0.449s] -- Up-to-date: /home/dky/Projects/dky_robot/install/robot_interfaces/include/robot_interfaces/robot_interfaces/msg/rosidl_generator_c__visibility_control.h
[0.449s] -- Up-to-date: /home/dky/Projects/dky_robot/install/robot_interfaces/include/robot_interfaces/robot_interfaces/msg/qt_recv.h
[0.449s] -- Up-to-date: /home/dky/Projects/dky_robot/install/robot_interfaces/include/robot_interfaces/robot_interfaces/msg/arm_state.h
[0.449s] -- Up-to-date: /home/dky/Projects/dky_robot/install/robot_interfaces/include/robot_interfaces/robot_interfaces/msg/line_msg.h
[0.449s] -- Up-to-date: /home/dky/Projects/dky_robot/install/robot_interfaces/share/robot_interfaces/environment/library_path.sh
[0.450s] -- Up-to-date: /home/dky/Projects/dky_robot/install/robot_interfaces/share/robot_interfaces/environment/library_path.dsv
[0.450s] -- Up-to-date: /home/dky/Projects/dky_robot/install/robot_interfaces/lib/librobot_interfaces__rosidl_generator_c.so
[0.450s] -- Up-to-date: /home/dky/Projects/dky_robot/install/robot_interfaces/include/robot_interfaces/robot_interfaces
[0.450s] -- Up-to-date: /home/dky/Projects/dky_robot/install/robot_interfaces/include/robot_interfaces/robot_interfaces/msg
[0.450s] -- Up-to-date: /home/dky/Projects/dky_robot/install/robot_interfaces/include/robot_interfaces/robot_interfaces/msg/detail
[0.450s] -- Up-to-date: /home/dky/Projects/dky_robot/install/robot_interfaces/include/robot_interfaces/robot_interfaces/msg/detail/qt_recv__rosidl_typesupport_fastrtps_c.h
[0.450s] -- Up-to-date: /home/dky/Projects/dky_robot/install/robot_interfaces/include/robot_interfaces/robot_interfaces/msg/detail/arm_state__rosidl_typesupport_fastrtps_c.h
[0.450s] -- Up-to-date: /home/dky/Projects/dky_robot/install/robot_interfaces/include/robot_interfaces/robot_interfaces/msg/detail/line_msg__rosidl_typesupport_fastrtps_c.h
[0.450s] -- Up-to-date: /home/dky/Projects/dky_robot/install/robot_interfaces/include/robot_interfaces/robot_interfaces/msg/rosidl_typesupport_fastrtps_c__visibility_control.h
[0.450s] -- Up-to-date: /home/dky/Projects/dky_robot/install/robot_interfaces/lib/librobot_interfaces__rosidl_typesupport_fastrtps_c.so
[0.451s] -- Up-to-date: /home/dky/Projects/dky_robot/install/robot_interfaces/include/robot_interfaces/robot_interfaces
[0.451s] -- Up-to-date: /home/dky/Projects/dky_robot/install/robot_interfaces/include/robot_interfaces/robot_interfaces/msg
[0.451s] -- Up-to-date: /home/dky/Projects/dky_robot/install/robot_interfaces/include/robot_interfaces/robot_interfaces/msg/detail
[0.451s] -- Up-to-date: /home/dky/Projects/dky_robot/install/robot_interfaces/include/robot_interfaces/robot_interfaces/msg/detail/qt_recv__rosidl_typesupport_introspection_c.h
[0.451s] -- Up-to-date: /home/dky/Projects/dky_robot/install/robot_interfaces/include/robot_interfaces/robot_interfaces/msg/detail/line_msg__type_support.c
[0.451s] -- Up-to-date: /home/dky/Projects/dky_robot/install/robot_interfaces/include/robot_interfaces/robot_interfaces/msg/detail/arm_state__type_support.c
[0.451s] -- Up-to-date: /home/dky/Projects/dky_robot/install/robot_interfaces/include/robot_interfaces/robot_interfaces/msg/detail/arm_state__rosidl_typesupport_introspection_c.h
[0.451s] -- Up-to-date: /home/dky/Projects/dky_robot/install/robot_interfaces/include/robot_interfaces/robot_interfaces/msg/detail/qt_recv__type_support.c
[0.451s] -- Up-to-date: /home/dky/Projects/dky_robot/install/robot_interfaces/include/robot_interfaces/robot_interfaces/msg/detail/line_msg__rosidl_typesupport_introspection_c.h
[0.451s] -- Up-to-date: /home/dky/Projects/dky_robot/install/robot_interfaces/include/robot_interfaces/robot_interfaces/msg/rosidl_typesupport_introspection_c__visibility_control.h
[0.451s] -- Up-to-date: /home/dky/Projects/dky_robot/install/robot_interfaces/lib/librobot_interfaces__rosidl_typesupport_introspection_c.so
[0.451s] -- Up-to-date: /home/dky/Projects/dky_robot/install/robot_interfaces/lib/librobot_interfaces__rosidl_typesupport_c.so
[0.452s] -- Up-to-date: /home/dky/Projects/dky_robot/install/robot_interfaces/include/robot_interfaces/robot_interfaces
[0.452s] -- Up-to-date: /home/dky/Projects/dky_robot/install/robot_interfaces/include/robot_interfaces/robot_interfaces/msg
[0.452s] -- Up-to-date: /home/dky/Projects/dky_robot/install/robot_interfaces/include/robot_interfaces/robot_interfaces/msg/detail
[0.452s] -- Up-to-date: /home/dky/Projects/dky_robot/install/robot_interfaces/include/robot_interfaces/robot_interfaces/msg/detail/line_msg__struct.hpp
[0.452s] -- Up-to-date: /home/dky/Projects/dky_robot/install/robot_interfaces/include/robot_interfaces/robot_interfaces/msg/detail/qt_recv__struct.hpp
[0.452s] -- Up-to-date: /home/dky/Projects/dky_robot/install/robot_interfaces/include/robot_interfaces/robot_interfaces/msg/detail/arm_state__traits.hpp
[0.452s] -- Up-to-date: /home/dky/Projects/dky_robot/install/robot_interfaces/include/robot_interfaces/robot_interfaces/msg/detail/arm_state__builder.hpp
[0.452s] -- Up-to-date: /home/dky/Projects/dky_robot/install/robot_interfaces/include/robot_interfaces/robot_interfaces/msg/detail/qt_recv__traits.hpp
[0.452s] -- Up-to-date: /home/dky/Projects/dky_robot/install/robot_interfaces/include/robot_interfaces/robot_interfaces/msg/detail/qt_recv__builder.hpp
[0.452s] -- Up-to-date: /home/dky/Projects/dky_robot/install/robot_interfaces/include/robot_interfaces/robot_interfaces/msg/detail/line_msg__traits.hpp
[0.452s] -- Up-to-date: /home/dky/Projects/dky_robot/install/robot_interfaces/include/robot_interfaces/robot_interfaces/msg/detail/arm_state__struct.hpp
[0.452s] -- Up-to-date: /home/dky/Projects/dky_robot/install/robot_interfaces/include/robot_interfaces/robot_interfaces/msg/detail/line_msg__builder.hpp
[0.453s] -- Up-to-date: /home/dky/Projects/dky_robot/install/robot_interfaces/include/robot_interfaces/robot_interfaces/msg/line_msg.hpp
[0.453s] -- Up-to-date: /home/dky/Projects/dky_robot/install/robot_interfaces/include/robot_interfaces/robot_interfaces/msg/arm_state.hpp
[0.453s] -- Up-to-date: /home/dky/Projects/dky_robot/install/robot_interfaces/include/robot_interfaces/robot_interfaces/msg/qt_recv.hpp
[0.453s] -- Up-to-date: /home/dky/Projects/dky_robot/install/robot_interfaces/include/robot_interfaces/robot_interfaces
[0.453s] -- Up-to-date: /home/dky/Projects/dky_robot/install/robot_interfaces/include/robot_interfaces/robot_interfaces/msg
[0.453s] -- Up-to-date: /home/dky/Projects/dky_robot/install/robot_interfaces/include/robot_interfaces/robot_interfaces/msg/detail
[0.453s] -- Up-to-date: /home/dky/Projects/dky_robot/install/robot_interfaces/include/robot_interfaces/robot_interfaces/msg/detail/qt_recv__rosidl_typesupport_fastrtps_cpp.hpp
[0.453s] -- Up-to-date: /home/dky/Projects/dky_robot/install/robot_interfaces/include/robot_interfaces/robot_interfaces/msg/detail/line_msg__rosidl_typesupport_fastrtps_cpp.hpp
[0.453s] -- Up-to-date: /home/dky/Projects/dky_robot/install/robot_interfaces/include/robot_interfaces/robot_interfaces/msg/detail/arm_state__rosidl_typesupport_fastrtps_cpp.hpp
[0.453s] -- Up-to-date: /home/dky/Projects/dky_robot/install/robot_interfaces/include/robot_interfaces/robot_interfaces/msg/detail/dds_fastrtps
[0.453s] -- Up-to-date: /home/dky/Projects/dky_robot/install/robot_interfaces/include/robot_interfaces/robot_interfaces/msg/rosidl_typesupport_fastrtps_cpp__visibility_control.h
[0.453s] -- Up-to-date: /home/dky/Projects/dky_robot/install/robot_interfaces/lib/librobot_interfaces__rosidl_typesupport_fastrtps_cpp.so
[0.454s] -- Up-to-date: /home/dky/Projects/dky_robot/install/robot_interfaces/include/robot_interfaces/robot_interfaces
[0.454s] -- Up-to-date: /home/dky/Projects/dky_robot/install/robot_interfaces/include/robot_interfaces/robot_interfaces/msg
[0.454s] -- Up-to-date: /home/dky/Projects/dky_robot/install/robot_interfaces/include/robot_interfaces/robot_interfaces/msg/detail
[0.454s] -- Up-to-date: /home/dky/Projects/dky_robot/install/robot_interfaces/include/robot_interfaces/robot_interfaces/msg/detail/arm_state__rosidl_typesupport_introspection_cpp.hpp
[0.454s] -- Up-to-date: /home/dky/Projects/dky_robot/install/robot_interfaces/include/robot_interfaces/robot_interfaces/msg/detail/qt_recv__type_support.cpp
[0.454s] -- Up-to-date: /home/dky/Projects/dky_robot/install/robot_interfaces/include/robot_interfaces/robot_interfaces/msg/detail/line_msg__rosidl_typesupport_introspection_cpp.hpp
[0.454s] -- Up-to-date: /home/dky/Projects/dky_robot/install/robot_interfaces/include/robot_interfaces/robot_interfaces/msg/detail/qt_recv__rosidl_typesupport_introspection_cpp.hpp
[0.454s] -- Up-to-date: /home/dky/Projects/dky_robot/install/robot_interfaces/include/robot_interfaces/robot_interfaces/msg/detail/line_msg__type_support.cpp
[0.454s] -- Up-to-date: /home/dky/Projects/dky_robot/install/robot_interfaces/include/robot_interfaces/robot_interfaces/msg/detail/arm_state__type_support.cpp
[0.454s] -- Up-to-date: /home/dky/Projects/dky_robot/install/robot_interfaces/lib/librobot_interfaces__rosidl_typesupport_introspection_cpp.so
[0.454s] -- Up-to-date: /home/dky/Projects/dky_robot/install/robot_interfaces/lib/librobot_interfaces__rosidl_typesupport_cpp.so
[0.454s] -- Up-to-date: /home/dky/Projects/dky_robot/install/robot_interfaces/share/robot_interfaces/environment/pythonpath.sh
[0.455s] -- Up-to-date: /home/dky/Projects/dky_robot/install/robot_interfaces/share/robot_interfaces/environment/pythonpath.dsv
[0.455s] -- Up-to-date: /home/dky/Projects/dky_robot/install/robot_interfaces/local/lib/python3.10/dist-packages/robot_interfaces-0.0.0-py3.10.egg-info
[0.455s] -- Installing: /home/dky/Projects/dky_robot/install/robot_interfaces/local/lib/python3.10/dist-packages/robot_interfaces-0.0.0-py3.10.egg-info/top_level.txt
[0.455s] -- Installing: /home/dky/Projects/dky_robot/install/robot_interfaces/local/lib/python3.10/dist-packages/robot_interfaces-0.0.0-py3.10.egg-info/PKG-INFO
[0.455s] -- Installing: /home/dky/Projects/dky_robot/install/robot_interfaces/local/lib/python3.10/dist-packages/robot_interfaces-0.0.0-py3.10.egg-info/SOURCES.txt
[0.455s] -- Installing: /home/dky/Projects/dky_robot/install/robot_interfaces/local/lib/python3.10/dist-packages/robot_interfaces-0.0.0-py3.10.egg-info/dependency_links.txt
[0.455s] -- Up-to-date: /home/dky/Projects/dky_robot/install/robot_interfaces/local/lib/python3.10/dist-packages/robot_interfaces
[0.455s] -- Up-to-date: /home/dky/Projects/dky_robot/install/robot_interfaces/local/lib/python3.10/dist-packages/robot_interfaces/_robot_interfaces_s.ep.rosidl_typesupport_fastrtps_c.c
[0.455s] -- Up-to-date: /home/dky/Projects/dky_robot/install/robot_interfaces/local/lib/python3.10/dist-packages/robot_interfaces/librobot_interfaces__rosidl_generator_py.so
[0.455s] -- Up-to-date: /home/dky/Projects/dky_robot/install/robot_interfaces/local/lib/python3.10/dist-packages/robot_interfaces/msg
[0.455s] -- Up-to-date: /home/dky/Projects/dky_robot/install/robot_interfaces/local/lib/python3.10/dist-packages/robot_interfaces/msg/_line_msg_s.c
[0.455s] -- Up-to-date: /home/dky/Projects/dky_robot/install/robot_interfaces/local/lib/python3.10/dist-packages/robot_interfaces/msg/_arm_state_s.c
[0.456s] -- Up-to-date: /home/dky/Projects/dky_robot/install/robot_interfaces/local/lib/python3.10/dist-packages/robot_interfaces/msg/_arm_state.py
[0.456s] -- Up-to-date: /home/dky/Projects/dky_robot/install/robot_interfaces/local/lib/python3.10/dist-packages/robot_interfaces/msg/_qt_recv.py
[0.456s] -- Up-to-date: /home/dky/Projects/dky_robot/install/robot_interfaces/local/lib/python3.10/dist-packages/robot_interfaces/msg/__init__.py
[0.456s] -- Up-to-date: /home/dky/Projects/dky_robot/install/robot_interfaces/local/lib/python3.10/dist-packages/robot_interfaces/msg/_line_msg.py
[0.456s] -- Up-to-date: /home/dky/Projects/dky_robot/install/robot_interfaces/local/lib/python3.10/dist-packages/robot_interfaces/msg/_qt_recv_s.c
[0.456s] -- Up-to-date: /home/dky/Projects/dky_robot/install/robot_interfaces/local/lib/python3.10/dist-packages/robot_interfaces/_robot_interfaces_s.ep.rosidl_typesupport_c.c
[0.456s] -- Up-to-date: /home/dky/Projects/dky_robot/install/robot_interfaces/local/lib/python3.10/dist-packages/robot_interfaces/__init__.py
[0.456s] -- Up-to-date: /home/dky/Projects/dky_robot/install/robot_interfaces/local/lib/python3.10/dist-packages/robot_interfaces/robot_interfaces_s__rosidl_typesupport_fastrtps_c.cpython-310-x86_64-linux-gnu.so
[0.456s] -- Up-to-date: /home/dky/Projects/dky_robot/install/robot_interfaces/local/lib/python3.10/dist-packages/robot_interfaces/_robot_interfaces_s.ep.rosidl_typesupport_introspection_c.c
[0.456s] -- Up-to-date: /home/dky/Projects/dky_robot/install/robot_interfaces/local/lib/python3.10/dist-packages/robot_interfaces/robot_interfaces_s__rosidl_typesupport_c.cpython-310-x86_64-linux-gnu.so
[0.456s] -- Up-to-date: /home/dky/Projects/dky_robot/install/robot_interfaces/local/lib/python3.10/dist-packages/robot_interfaces/robot_interfaces_s__rosidl_typesupport_introspection_c.cpython-310-x86_64-linux-gnu.so
[0.472s] Listing '/home/dky/Projects/dky_robot/install/robot_interfaces/local/lib/python3.10/dist-packages/robot_interfaces'...
[0.472s] Listing '/home/dky/Projects/dky_robot/install/robot_interfaces/local/lib/python3.10/dist-packages/robot_interfaces/msg'...
[0.475s] -- Up-to-date: /home/dky/Projects/dky_robot/install/robot_interfaces/local/lib/python3.10/dist-packages/robot_interfaces/robot_interfaces_s__rosidl_typesupport_fastrtps_c.cpython-310-x86_64-linux-gnu.so
[0.475s] -- Up-to-date: /home/dky/Projects/dky_robot/install/robot_interfaces/local/lib/python3.10/dist-packages/robot_interfaces/robot_interfaces_s__rosidl_typesupport_introspection_c.cpython-310-x86_64-linux-gnu.so
[0.475s] -- Up-to-date: /home/dky/Projects/dky_robot/install/robot_interfaces/local/lib/python3.10/dist-packages/robot_interfaces/robot_interfaces_s__rosidl_typesupport_c.cpython-310-x86_64-linux-gnu.so
[0.475s] -- Up-to-date: /home/dky/Projects/dky_robot/install/robot_interfaces/lib/librobot_interfaces__rosidl_generator_py.so
[0.475s] -- Up-to-date: /home/dky/Projects/dky_robot/install/robot_interfaces/share/robot_interfaces/msg/QtRecv.idl
[0.476s] -- Up-to-date: /home/dky/Projects/dky_robot/install/robot_interfaces/share/robot_interfaces/msg/LineMsg.idl
[0.476s] -- Up-to-date: /home/dky/Projects/dky_robot/install/robot_interfaces/share/robot_interfaces/msg/ArmState.idl
[0.476s] -- Up-to-date: /home/dky/Projects/dky_robot/install/robot_interfaces/share/robot_interfaces/msg/QtRecv.msg
[0.476s] -- Up-to-date: /home/dky/Projects/dky_robot/install/robot_interfaces/share/robot_interfaces/msg/LineMsg.msg
[0.476s] -- Up-to-date: /home/dky/Projects/dky_robot/install/robot_interfaces/share/robot_interfaces/msg/ArmState.msg
[0.476s] -- Up-to-date: /home/dky/Projects/dky_robot/install/robot_interfaces/share/ament_index/resource_index/package_run_dependencies/robot_interfaces
[0.476s] -- Up-to-date: /home/dky/Projects/dky_robot/install/robot_interfaces/share/ament_index/resource_index/parent_prefix_path/robot_interfaces
[0.477s] -- Up-to-date: /home/dky/Projects/dky_robot/install/robot_interfaces/share/robot_interfaces/environment/ament_prefix_path.sh
[0.477s] -- Up-to-date: /home/dky/Projects/dky_robot/install/robot_interfaces/share/robot_interfaces/environment/ament_prefix_path.dsv
[0.477s] -- Up-to-date: /home/dky/Projects/dky_robot/install/robot_interfaces/share/robot_interfaces/environment/path.sh
[0.477s] -- Up-to-date: /home/dky/Projects/dky_robot/install/robot_interfaces/share/robot_interfaces/environment/path.dsv
[0.477s] -- Up-to-date: /home/dky/Projects/dky_robot/install/robot_interfaces/share/robot_interfaces/local_setup.bash
[0.477s] -- Up-to-date: /home/dky/Projects/dky_robot/install/robot_interfaces/share/robot_interfaces/local_setup.sh
[0.477s] -- Up-to-date: /home/dky/Projects/dky_robot/install/robot_interfaces/share/robot_interfaces/local_setup.zsh
[0.477s] -- Up-to-date: /home/dky/Projects/dky_robot/install/robot_interfaces/share/robot_interfaces/local_setup.dsv
[0.477s] -- Installing: /home/dky/Projects/dky_robot/install/robot_interfaces/share/robot_interfaces/package.dsv
[0.478s] -- Up-to-date: /home/dky/Projects/dky_robot/install/robot_interfaces/share/ament_index/resource_index/packages/robot_interfaces
[0.478s] -- Up-to-date: /home/dky/Projects/dky_robot/install/robot_interfaces/share/robot_interfaces/cmake/export_robot_interfaces__rosidl_generator_cExport.cmake
[0.478s] -- Up-to-date: /home/dky/Projects/dky_robot/install/robot_interfaces/share/robot_interfaces/cmake/export_robot_interfaces__rosidl_generator_cExport-noconfig.cmake
[0.478s] -- Up-to-date: /home/dky/Projects/dky_robot/install/robot_interfaces/share/robot_interfaces/cmake/export_robot_interfaces__rosidl_typesupport_fastrtps_cExport.cmake
[0.478s] -- Up-to-date: /home/dky/Projects/dky_robot/install/robot_interfaces/share/robot_interfaces/cmake/export_robot_interfaces__rosidl_typesupport_fastrtps_cExport-noconfig.cmake
[0.478s] -- Up-to-date: /home/dky/Projects/dky_robot/install/robot_interfaces/share/robot_interfaces/cmake/robot_interfaces__rosidl_typesupport_introspection_cExport.cmake
[0.478s] -- Up-to-date: /home/dky/Projects/dky_robot/install/robot_interfaces/share/robot_interfaces/cmake/robot_interfaces__rosidl_typesupport_introspection_cExport-noconfig.cmake
[0.479s] -- Up-to-date: /home/dky/Projects/dky_robot/install/robot_interfaces/share/robot_interfaces/cmake/robot_interfaces__rosidl_typesupport_cExport.cmake
[0.480s] -- Up-to-date: /home/dky/Projects/dky_robot/install/robot_interfaces/share/robot_interfaces/cmake/robot_interfaces__rosidl_typesupport_cExport-noconfig.cmake
[0.480s] -- Up-to-date: /home/dky/Projects/dky_robot/install/robot_interfaces/share/robot_interfaces/cmake/export_robot_interfaces__rosidl_generator_cppExport.cmake
[0.480s] -- Up-to-date: /home/dky/Projects/dky_robot/install/robot_interfaces/share/robot_interfaces/cmake/export_robot_interfaces__rosidl_typesupport_fastrtps_cppExport.cmake
[0.480s] -- Up-to-date: /home/dky/Projects/dky_robot/install/robot_interfaces/share/robot_interfaces/cmake/export_robot_interfaces__rosidl_typesupport_fastrtps_cppExport-noconfig.cmake
[0.480s] -- Up-to-date: /home/dky/Projects/dky_robot/install/robot_interfaces/share/robot_interfaces/cmake/robot_interfaces__rosidl_typesupport_introspection_cppExport.cmake
[0.481s] -- Up-to-date: /home/dky/Projects/dky_robot/install/robot_interfaces/share/robot_interfaces/cmake/robot_interfaces__rosidl_typesupport_introspection_cppExport-noconfig.cmake
[0.481s] -- Up-to-date: /home/dky/Projects/dky_robot/install/robot_interfaces/share/robot_interfaces/cmake/robot_interfaces__rosidl_typesupport_cppExport.cmake
[0.481s] -- Up-to-date: /home/dky/Projects/dky_robot/install/robot_interfaces/share/robot_interfaces/cmake/robot_interfaces__rosidl_typesupport_cppExport-noconfig.cmake
[0.481s] -- Up-to-date: /home/dky/Projects/dky_robot/install/robot_interfaces/share/robot_interfaces/cmake/export_robot_interfaces__rosidl_generator_pyExport.cmake
[0.481s] -- Up-to-date: /home/dky/Projects/dky_robot/install/robot_interfaces/share/robot_interfaces/cmake/export_robot_interfaces__rosidl_generator_pyExport-noconfig.cmake
[0.481s] -- Up-to-date: /home/dky/Projects/dky_robot/install/robot_interfaces/share/robot_interfaces/cmake/rosidl_cmake-extras.cmake
[0.482s] -- Up-to-date: /home/dky/Projects/dky_robot/install/robot_interfaces/share/robot_interfaces/cmake/ament_cmake_export_dependencies-extras.cmake
[0.482s] -- Up-to-date: /home/dky/Projects/dky_robot/install/robot_interfaces/share/robot_interfaces/cmake/ament_cmake_export_include_directories-extras.cmake
[0.482s] -- Up-to-date: /home/dky/Projects/dky_robot/install/robot_interfaces/share/robot_interfaces/cmake/ament_cmake_export_libraries-extras.cmake
[0.482s] -- Up-to-date: /home/dky/Projects/dky_robot/install/robot_interfaces/share/robot_interfaces/cmake/ament_cmake_export_targets-extras.cmake
[0.482s] -- Up-to-date: /home/dky/Projects/dky_robot/install/robot_interfaces/share/robot_interfaces/cmake/rosidl_cmake_export_typesupport_targets-extras.cmake
[0.482s] -- Up-to-date: /home/dky/Projects/dky_robot/install/robot_interfaces/share/robot_interfaces/cmake/rosidl_cmake_export_typesupport_libraries-extras.cmake
[0.482s] -- Up-to-date: /home/dky/Projects/dky_robot/install/robot_interfaces/share/robot_interfaces/cmake/robot_interfacesConfig.cmake
[0.482s] -- Up-to-date: /home/dky/Projects/dky_robot/install/robot_interfaces/share/robot_interfaces/cmake/robot_interfacesConfig-version.cmake
[0.482s] -- Up-to-date: /home/dky/Projects/dky_robot/install/robot_interfaces/share/robot_interfaces/package.xml
[0.482s] Invoked command in '/home/dky/Projects/dky_robot/build/robot_interfaces' returned '0': CMAKE_PREFIX_PATH=${CMAKE_PREFIX_PATH}:/opt/ros/humble /usr/bin/cmake --install /home/dky/Projects/dky_robot/build/robot_interfaces
