[0.028s] Invoking command in '/home/dky/Projects/dky_robot/build/robot_bringup': CMAKE_PREFIX_PATH=${CMAKE_PREFIX_PATH}:/opt/ros/humble /usr/bin/cmake --build /home/dky/Projects/dky_robot/build/robot_bringup -- -j20 -l20
[0.049s] Invoked command in '/home/dky/Projects/dky_robot/build/robot_bringup' returned '0': CMAKE_PREFIX_PATH=${CMAKE_PREFIX_PATH}:/opt/ros/humble /usr/bin/cmake --build /home/dky/Projects/dky_robot/build/robot_bringup -- -j20 -l20
[0.070s] Invoking command in '/home/dky/Projects/dky_robot/build/robot_bringup': CMAKE_PREFIX_PATH=${CMAKE_PREFIX_PATH}:/opt/ros/humble /usr/bin/cmake --install /home/dky/Projects/dky_robot/build/robot_bringup
[0.077s] -- Install configuration: ""
[0.078s] -- Up-to-date: /home/dky/Projects/dky_robot/install/robot_bringup/share/robot_bringup/launch
[0.078s] -- Up-to-date: /home/dky/Projects/dky_robot/install/robot_bringup/share/robot_bringup/launch/robot_real_cartesian.launch.py
[0.078s] -- Up-to-date: /home/dky/Projects/dky_robot/install/robot_bringup/share/robot_bringup/launch/robot_real_grasp.launch.py
[0.078s] -- Up-to-date: /home/dky/Projects/dky_robot/install/robot_bringup/share/robot_bringup/launch/robot_qt_control.launch.py
[0.078s] -- Up-to-date: /home/dky/Projects/dky_robot/install/robot_bringup/share/robot_bringup/launch/robot_real.launch.py
[0.078s] -- Up-to-date: /home/dky/Projects/dky_robot/install/robot_bringup/share/robot_bringup/launch/robot_gazebo_grasp.launch.py
[0.079s] -- Up-to-date: /home/dky/Projects/dky_robot/install/robot_bringup/share/robot_bringup/launch/robot_gazebo_cartesian.launch.py
[0.079s] -- Installing: /home/dky/Projects/dky_robot/install/robot_bringup/share/robot_bringup/launch/robot_gazebo.launch.py
[0.079s] -- Up-to-date: /home/dky/Projects/dky_robot/install/robot_bringup/share/ament_index/resource_index/package_run_dependencies/robot_bringup
[0.079s] -- Up-to-date: /home/dky/Projects/dky_robot/install/robot_bringup/share/ament_index/resource_index/parent_prefix_path/robot_bringup
[0.083s] -- Up-to-date: /home/dky/Projects/dky_robot/install/robot_bringup/share/robot_bringup/environment/ament_prefix_path.sh
[0.083s] -- Up-to-date: /home/dky/Projects/dky_robot/install/robot_bringup/share/robot_bringup/environment/ament_prefix_path.dsv
[0.084s] -- Up-to-date: /home/dky/Projects/dky_robot/install/robot_bringup/share/robot_bringup/environment/path.sh
[0.084s] -- Up-to-date: /home/dky/Projects/dky_robot/install/robot_bringup/share/robot_bringup/environment/path.dsv
[0.084s] -- Up-to-date: /home/dky/Projects/dky_robot/install/robot_bringup/share/robot_bringup/local_setup.bash
[0.085s] -- Up-to-date: /home/dky/Projects/dky_robot/install/robot_bringup/share/robot_bringup/local_setup.sh
[0.086s] -- Up-to-date: /home/dky/Projects/dky_robot/install/robot_bringup/share/robot_bringup/local_setup.zsh
[0.086s] -- Up-to-date: /home/dky/Projects/dky_robot/install/robot_bringup/share/robot_bringup/local_setup.dsv
[0.086s] -- Installing: /home/dky/Projects/dky_robot/install/robot_bringup/share/robot_bringup/package.dsv
[0.086s] -- Up-to-date: /home/dky/Projects/dky_robot/install/robot_bringup/share/ament_index/resource_index/packages/robot_bringup
[0.086s] -- Up-to-date: /home/dky/Projects/dky_robot/install/robot_bringup/share/robot_bringup/cmake/robot_bringupConfig.cmake
[0.086s] -- Up-to-date: /home/dky/Projects/dky_robot/install/robot_bringup/share/robot_bringup/cmake/robot_bringupConfig-version.cmake
[0.086s] -- Up-to-date: /home/dky/Projects/dky_robot/install/robot_bringup/share/robot_bringup/package.xml
[0.089s] Invoked command in '/home/dky/Projects/dky_robot/build/robot_bringup' returned '0': CMAKE_PREFIX_PATH=${CMAKE_PREFIX_PATH}:/opt/ros/humble /usr/bin/cmake --install /home/dky/Projects/dky_robot/build/robot_bringup
