[0.038s] Invoking command in '/home/dky/Projects/dky_robot/build/robot_kinematics': CMAKE_PREFIX_PATH=${CMAKE_PREFIX_PATH}:/opt/ros/humble /usr/bin/cmake --build /home/dky/Projects/dky_robot/build/robot_kinematics -- -j20 -l20
[0.127s] [ 25%] Built target robot_func
[0.127s] [ 50%] Built target robot_fk
[0.128s] [ 75%] Built target robot_state_get
[0.132s] [ 87%] [32mBuilding CXX object CMakeFiles/robot_ik.dir/src/robot_ik.cpp.o[0m
[10.473s] [100%] [32m[1mLinking CXX executable robot_ik[0m
[11.082s] [100%] Built target robot_ik
[11.091s] Invoked command in '/home/dky/Projects/dky_robot/build/robot_kinematics' returned '0': CMAKE_PREFIX_PATH=${CMAKE_PREFIX_PATH}:/opt/ros/humble /usr/bin/cmake --build /home/dky/Projects/dky_robot/build/robot_kinematics -- -j20 -l20
[11.128s] Invoking command in '/home/dky/Projects/dky_robot/build/robot_kinematics': CMAKE_PREFIX_PATH=${CMAKE_PREFIX_PATH}:/opt/ros/humble /usr/bin/cmake --install /home/dky/Projects/dky_robot/build/robot_kinematics
[11.134s] -- Install configuration: ""
[11.134s] -- Installing: /home/dky/Projects/dky_robot/install/robot_kinematics/lib/robot_kinematics/robot_ik
[11.138s] -- Set runtime path of "/home/dky/Projects/dky_robot/install/robot_kinematics/lib/robot_kinematics/robot_ik" to ""
[11.139s] -- Up-to-date: /home/dky/Projects/dky_robot/install/robot_kinematics/lib/robot_kinematics/robot_fk
[11.139s] -- Up-to-date: /home/dky/Projects/dky_robot/install/robot_kinematics/lib/robot_kinematics/robot_state_get
[11.139s] -- Up-to-date: /home/dky/Projects/dky_robot/install/robot_kinematics/lib/robot_kinematics/robot_func
[11.139s] -- Up-to-date: /home/dky/Projects/dky_robot/install/robot_kinematics/share/robot_kinematics/launch
[11.139s] -- Up-to-date: /home/dky/Projects/dky_robot/install/robot_kinematics/share/robot_kinematics/launch/robot_state_get.launch.py
[11.139s] -- Up-to-date: /home/dky/Projects/dky_robot/install/robot_kinematics/share/robot_kinematics/launch/robot_func.launch.py
[11.139s] -- Up-to-date: /home/dky/Projects/dky_robot/install/robot_kinematics/share/robot_kinematics/launch/robot_ik.launch.py
[11.139s] -- Up-to-date: /home/dky/Projects/dky_robot/install/robot_kinematics/share/robot_kinematics/launch/robot_fk.launch.py
[11.139s] -- Up-to-date: /home/dky/Projects/dky_robot/install/robot_kinematics/share/ament_index/resource_index/package_run_dependencies/robot_kinematics
[11.139s] -- Up-to-date: /home/dky/Projects/dky_robot/install/robot_kinematics/share/ament_index/resource_index/parent_prefix_path/robot_kinematics
[11.139s] -- Up-to-date: /home/dky/Projects/dky_robot/install/robot_kinematics/share/robot_kinematics/environment/ament_prefix_path.sh
[11.139s] -- Up-to-date: /home/dky/Projects/dky_robot/install/robot_kinematics/share/robot_kinematics/environment/ament_prefix_path.dsv
[11.139s] -- Up-to-date: /home/dky/Projects/dky_robot/install/robot_kinematics/share/robot_kinematics/environment/path.sh
[11.139s] -- Up-to-date: /home/dky/Projects/dky_robot/install/robot_kinematics/share/robot_kinematics/environment/path.dsv
[11.139s] -- Up-to-date: /home/dky/Projects/dky_robot/install/robot_kinematics/share/robot_kinematics/local_setup.bash
[11.139s] -- Up-to-date: /home/dky/Projects/dky_robot/install/robot_kinematics/share/robot_kinematics/local_setup.sh
[11.139s] -- Up-to-date: /home/dky/Projects/dky_robot/install/robot_kinematics/share/robot_kinematics/local_setup.zsh
[11.140s] -- Up-to-date: /home/dky/Projects/dky_robot/install/robot_kinematics/share/robot_kinematics/local_setup.dsv
[11.140s] -- Installing: /home/dky/Projects/dky_robot/install/robot_kinematics/share/robot_kinematics/package.dsv
[11.140s] -- Up-to-date: /home/dky/Projects/dky_robot/install/robot_kinematics/share/ament_index/resource_index/packages/robot_kinematics
[11.140s] -- Up-to-date: /home/dky/Projects/dky_robot/install/robot_kinematics/share/robot_kinematics/cmake/robot_kinematicsConfig.cmake
[11.140s] -- Up-to-date: /home/dky/Projects/dky_robot/install/robot_kinematics/share/robot_kinematics/cmake/robot_kinematicsConfig-version.cmake
[11.140s] -- Up-to-date: /home/dky/Projects/dky_robot/install/robot_kinematics/share/robot_kinematics/package.xml
[11.141s] Invoked command in '/home/dky/Projects/dky_robot/build/robot_kinematics' returned '0': CMAKE_PREFIX_PATH=${CMAKE_PREFIX_PATH}:/opt/ros/humble /usr/bin/cmake --install /home/dky/Projects/dky_robot/build/robot_kinematics
