[0.020s] Invoking command in '/home/dky/Projects/dky_robot/build/robot_driver': CMAKE_PREFIX_PATH=${CMAKE_PREFIX_PATH}:/opt/ros/humble /usr/bin/cmake /home/dky/Projects/dky_robot/src/robot_driver -DCMAKE_INSTALL_PREFIX=/home/dky/Projects/dky_robot/install/robot_driver
[0.112s] -- The C compiler identification is GNU 11.4.0
[0.155s] -- The CXX compiler identification is GNU 11.4.0
[0.161s] -- Detecting C compiler ABI info
[0.213s] -- Detecting C compiler ABI info - done
[0.219s] -- Check for working C compiler: /usr/bin/cc - skipped
[0.219s] -- Detecting C compile features
[0.219s] -- Detecting C compile features - done
[0.222s] -- Detecting CXX compiler ABI info
[0.284s] -- Detecting CXX compiler ABI info - done
[0.294s] -- Check for working CXX compiler: /usr/bin/c++ - skipped
[0.294s] -- Detecting CXX compile features
[0.295s] -- Detecting CXX compile features - done
[0.298s] -- Found ament_cmake: 1.3.8 (/opt/ros/humble/share/ament_cmake/cmake)
[0.443s] -- Found Python3: /usr/bin/python3 (found version "3.10.12") found components: Interpreter 
[0.527s] -- Found rclcpp: 16.0.8 (/opt/ros/humble/share/rclcpp/cmake)
[0.578s] -- Found rosidl_generator_c: 3.1.5 (/opt/ros/humble/share/rosidl_generator_c/cmake)
[0.580s] -- Found rosidl_adapter: 3.1.5 (/opt/ros/humble/share/rosidl_adapter/cmake)
[0.586s] -- Found rosidl_generator_cpp: 3.1.5 (/opt/ros/humble/share/rosidl_generator_cpp/cmake)
[0.597s] -- Using all available rosidl_typesupport_c: rosidl_typesupport_fastrtps_c;rosidl_typesupport_introspection_c
[0.612s] -- Using all available rosidl_typesupport_cpp: rosidl_typesupport_fastrtps_cpp;rosidl_typesupport_introspection_cpp
[0.668s] -- Found rmw_implementation_cmake: 6.1.1 (/opt/ros/humble/share/rmw_implementation_cmake/cmake)
[0.670s] -- Found rmw_fastrtps_cpp: 6.2.6 (/opt/ros/humble/share/rmw_fastrtps_cpp/cmake)
[0.761s] -- Found OpenSSL: /usr/lib/x86_64-linux-gnu/libcrypto.so (found version "3.0.2")  
[0.792s] -- Found FastRTPS: /opt/ros/humble/include  
[0.828s] -- Using RMW implementation 'rmw_fastrtps_cpp' as default
[0.836s] -- Looking for pthread.h
[0.903s] -- Looking for pthread.h - found
[0.904s] -- Performing Test CMAKE_HAVE_LIBC_PTHREAD
[0.973s] -- Performing Test CMAKE_HAVE_LIBC_PTHREAD - Success
[0.974s] -- Found Threads: TRUE  
[1.109s] -- Found message_filters: 4.3.3 (/opt/ros/humble/share/message_filters/cmake)
[1.114s] -- Found serial: 1.2.1 (/usr/local/share/serial/cmake)
[1.117s] -- Found sensor_msgs: 4.2.3 (/opt/ros/humble/share/sensor_msgs/cmake)
[1.210s] -- Found ament_lint_auto: 0.12.10 (/opt/ros/humble/share/ament_lint_auto/cmake)
[1.273s] -- Added test 'cppcheck' to perform static code analysis on C / C++ code
[1.273s] -- Configured cppcheck include dirs: 
[1.273s] -- Configured cppcheck exclude dirs and/or files: 
[1.275s] -- Added test 'flake8' to check Python code syntax and style conventions
[1.275s] -- Added test 'lint_cmake' to check CMake code style
[1.275s] -- Added test 'pep257' to check Python code against some of the docstring style conventions in PEP 257
[1.275s] -- Added test 'uncrustify' to check C / C++ code style
[1.275s] -- Configured uncrustify additional arguments: 
[1.275s] -- Added test 'xmllint' to check XML markup files
[1.276s] -- Configuring done
[1.282s] -- Generating done
[1.283s] -- Build files have been written to: /home/dky/Projects/dky_robot/build/robot_driver
[1.292s] Invoked command in '/home/dky/Projects/dky_robot/build/robot_driver' returned '0': CMAKE_PREFIX_PATH=${CMAKE_PREFIX_PATH}:/opt/ros/humble /usr/bin/cmake /home/dky/Projects/dky_robot/src/robot_driver -DCMAKE_INSTALL_PREFIX=/home/dky/Projects/dky_robot/install/robot_driver
[1.294s] Invoking command in '/home/dky/Projects/dky_robot/build/robot_driver': CMAKE_PREFIX_PATH=${CMAKE_PREFIX_PATH}:/opt/ros/humble /usr/bin/cmake --build /home/dky/Projects/dky_robot/build/robot_driver -- -j20 -l20
[1.342s] [ 50%] [32mBuilding CXX object CMakeFiles/robot_driver.dir/src/robot_driver.cpp.o[0m
[7.325s] [100%] [32m[1mLinking CXX executable robot_driver[0m
[7.779s] [100%] Built target robot_driver
[7.791s] Invoked command in '/home/dky/Projects/dky_robot/build/robot_driver' returned '0': CMAKE_PREFIX_PATH=${CMAKE_PREFIX_PATH}:/opt/ros/humble /usr/bin/cmake --build /home/dky/Projects/dky_robot/build/robot_driver -- -j20 -l20
[7.821s] Invoking command in '/home/dky/Projects/dky_robot/build/robot_driver': CMAKE_PREFIX_PATH=${CMAKE_PREFIX_PATH}:/opt/ros/humble /usr/bin/cmake --install /home/dky/Projects/dky_robot/build/robot_driver
[7.830s] -- Install configuration: ""
[7.830s] -- Installing: /home/dky/Projects/dky_robot/install/robot_driver/lib/robot_driver/robot_driver
[7.836s] -- Set runtime path of "/home/dky/Projects/dky_robot/install/robot_driver/lib/robot_driver/robot_driver" to ""
[7.837s] -- Installing: /home/dky/Projects/dky_robot/install/robot_driver/share/robot_driver/launch
[7.837s] -- Installing: /home/dky/Projects/dky_robot/install/robot_driver/share/robot_driver/launch/robot_driver.launch.py
[7.837s] -- Installing: /home/dky/Projects/dky_robot/install/robot_driver/share/ament_index/resource_index/package_run_dependencies/robot_driver
[7.837s] -- Installing: /home/dky/Projects/dky_robot/install/robot_driver/share/ament_index/resource_index/parent_prefix_path/robot_driver
[7.837s] -- Installing: /home/dky/Projects/dky_robot/install/robot_driver/share/robot_driver/environment/ament_prefix_path.sh
[7.837s] -- Installing: /home/dky/Projects/dky_robot/install/robot_driver/share/robot_driver/environment/ament_prefix_path.dsv
[7.838s] -- Installing: /home/dky/Projects/dky_robot/install/robot_driver/share/robot_driver/environment/path.sh
[7.838s] -- Installing: /home/dky/Projects/dky_robot/install/robot_driver/share/robot_driver/environment/path.dsv
[7.838s] -- Installing: /home/dky/Projects/dky_robot/install/robot_driver/share/robot_driver/local_setup.bash
[7.838s] -- Installing: /home/dky/Projects/dky_robot/install/robot_driver/share/robot_driver/local_setup.sh
[7.838s] -- Installing: /home/dky/Projects/dky_robot/install/robot_driver/share/robot_driver/local_setup.zsh
[7.838s] -- Installing: /home/dky/Projects/dky_robot/install/robot_driver/share/robot_driver/local_setup.dsv
[7.839s] -- Installing: /home/dky/Projects/dky_robot/install/robot_driver/share/robot_driver/package.dsv
[7.839s] -- Installing: /home/dky/Projects/dky_robot/install/robot_driver/share/ament_index/resource_index/packages/robot_driver
[7.839s] -- Installing: /home/dky/Projects/dky_robot/install/robot_driver/share/robot_driver/cmake/robot_driverConfig.cmake
[7.839s] -- Installing: /home/dky/Projects/dky_robot/install/robot_driver/share/robot_driver/cmake/robot_driverConfig-version.cmake
[7.839s] -- Installing: /home/dky/Projects/dky_robot/install/robot_driver/share/robot_driver/package.xml
[7.842s] Invoked command in '/home/dky/Projects/dky_robot/build/robot_driver' returned '0': CMAKE_PREFIX_PATH=${CMAKE_PREFIX_PATH}:/opt/ros/humble /usr/bin/cmake --install /home/dky/Projects/dky_robot/build/robot_driver
