[0.022s] Invoking command in '/home/dky/Projects/dky_robot/build/robot_interfaces': CMAKE_PREFIX_PATH=${CMAKE_PREFIX_PATH}:/opt/ros/humble /usr/bin/cmake /home/dky/Projects/dky_robot/src/robot_interfaces -DCMAKE_INSTALL_PREFIX=/home/dky/Projects/dky_robot/install/robot_interfaces
[0.103s] -- The C compiler identification is GNU 11.4.0
[0.149s] -- The CXX compiler identification is GNU 11.4.0
[0.157s] -- Detecting C compiler ABI info
[0.217s] -- Detecting C compiler ABI info - done
[0.227s] -- Check for working C compiler: /usr/bin/cc - skipped
[0.227s] -- Detecting C compile features
[0.227s] -- Detecting C compile features - done
[0.231s] -- Detecting CXX compiler ABI info
[0.294s] -- Detecting CXX compiler ABI info - done
[0.300s] -- Check for working CXX compiler: /usr/bin/c++ - skipped
[0.300s] -- Detecting CXX compile features
[0.301s] -- Detecting CXX compile features - done
[0.302s] -- Found ament_cmake: 1.3.8 (/opt/ros/humble/share/ament_cmake/cmake)
[0.436s] -- Found Python3: /usr/bin/python3 (found version "3.10.12") found components: Interpreter 
[0.516s] -- Found rosidl_default_generators: 1.2.0 (/opt/ros/humble/share/rosidl_default_generators/cmake)
[0.520s] -- Using all available rosidl_typesupport_c: rosidl_typesupport_fastrtps_c;rosidl_typesupport_introspection_c
[0.526s] -- Found rosidl_adapter: 3.1.5 (/opt/ros/humble/share/rosidl_adapter/cmake)
[0.557s] -- Using all available rosidl_typesupport_cpp: rosidl_typesupport_fastrtps_cpp;rosidl_typesupport_introspection_cpp
[0.589s] -- Found geometry_msgs: 4.2.3 (/opt/ros/humble/share/geometry_msgs/cmake)
[0.956s] -- Found ament_cmake_ros: 0.10.0 (/opt/ros/humble/share/ament_cmake_ros/cmake)
[1.155s] -- Using all available rosidl_typesupport_c: rosidl_typesupport_fastrtps_c;rosidl_typesupport_introspection_c
[1.417s] -- Using all available rosidl_typesupport_cpp: rosidl_typesupport_fastrtps_cpp;rosidl_typesupport_introspection_cpp
[1.437s] -- Found PythonInterp: /usr/bin/python3 (found suitable version "3.10.12", minimum required is "3.6") 
[1.440s] -- Found python_cmake_module: 0.10.0 (/opt/ros/humble/share/python_cmake_module/cmake)
[1.468s] -- Found PythonLibs: /usr/lib/x86_64-linux-gnu/libpython3.10.so (found suitable version "3.10.12", minimum required is "3.5") 
[1.468s] -- Using PYTHON_EXECUTABLE: /usr/bin/python3
[1.468s] -- Using PYTHON_INCLUDE_DIRS: /usr/include/python3.10
[1.468s] -- Using PYTHON_LIBRARIES: /usr/lib/x86_64-linux-gnu/libpython3.10.so
[1.496s] -- Found PythonExtra: .so  
[1.556s] -- Found ament_lint_auto: 0.12.10 (/opt/ros/humble/share/ament_lint_auto/cmake)
[1.570s] -- Added test 'lint_cmake' to check CMake code style
[1.571s] -- Added test 'xmllint' to check XML markup files
[1.572s] -- Configuring done
[1.598s] -- Generating done
[1.602s] -- Build files have been written to: /home/dky/Projects/dky_robot/build/robot_interfaces
[1.611s] Invoked command in '/home/dky/Projects/dky_robot/build/robot_interfaces' returned '0': CMAKE_PREFIX_PATH=${CMAKE_PREFIX_PATH}:/opt/ros/humble /usr/bin/cmake /home/dky/Projects/dky_robot/src/robot_interfaces -DCMAKE_INSTALL_PREFIX=/home/dky/Projects/dky_robot/install/robot_interfaces
[1.612s] Invoking command in '/home/dky/Projects/dky_robot/build/robot_interfaces': CMAKE_PREFIX_PATH=${CMAKE_PREFIX_PATH}:/opt/ros/humble /usr/bin/cmake --build /home/dky/Projects/dky_robot/build/robot_interfaces -- -j20 -l20
[1.659s] [  3%] [34m[1mGenerating C code for ROS interfaces[0m
[1.667s] [  6%] [34m[1mGenerating C++ code for ROS interfaces[0m
[1.669s] [  6%] Built target ament_cmake_python_copy_robot_interfaces
[1.859s] running egg_info
[1.860s] creating robot_interfaces.egg-info
[1.860s] writing robot_interfaces.egg-info/PKG-INFO
[1.860s] writing dependency_links to robot_interfaces.egg-info/dependency_links.txt
[1.860s] writing top-level names to robot_interfaces.egg-info/top_level.txt
[1.860s] writing manifest file 'robot_interfaces.egg-info/SOURCES.txt'
[1.862s] reading manifest file 'robot_interfaces.egg-info/SOURCES.txt'
[1.862s] writing manifest file 'robot_interfaces.egg-info/SOURCES.txt'
[1.870s] [  9%] [32mBuilding C object CMakeFiles/robot_interfaces__rosidl_generator_c.dir/rosidl_generator_c/robot_interfaces/msg/detail/line_msg__functions.c.o[0m
[1.882s] [  9%] Built target ament_cmake_python_build_robot_interfaces_egg
[1.907s] [ 12%] [32m[1mLinking C shared library librobot_interfaces__rosidl_generator_c.so[0m
[1.936s] [ 12%] Built target robot_interfaces__rosidl_generator_c
[1.943s] [ 16%] [34m[1mGenerating C introspection for ROS interfaces[0m
[1.948s] [ 22%] [34m[1mGenerating C type support for eProsima Fast-RTPS[0m
[1.948s] [ 22%] [34m[1mGenerating C type support dispatch for ROS interfaces[0m
[1.977s] [ 22%] Built target robot_interfaces__cpp
[1.985s] [ 25%] [34m[1mGenerating C++ type support dispatch for ROS interfaces[0m
[1.986s] [ 29%] [34m[1mGenerating C++ introspection for ROS interfaces[0m
[1.987s] [ 32%] [34m[1mGenerating C++ type support for eProsima Fast-RTPS[0m
[2.142s] [ 35%] [32mBuilding CXX object CMakeFiles/robot_interfaces__rosidl_typesupport_fastrtps_c.dir/rosidl_typesupport_fastrtps_c/robot_interfaces/msg/detail/line_msg__type_support_c.cpp.o[0m
[2.155s] [ 38%] [32mBuilding C object CMakeFiles/robot_interfaces__rosidl_typesupport_introspection_c.dir/rosidl_typesupport_introspection_c/robot_interfaces/msg/detail/line_msg__type_support.c.o[0m
[2.167s] [ 41%] [32mBuilding CXX object CMakeFiles/robot_interfaces__rosidl_typesupport_cpp.dir/rosidl_typesupport_cpp/robot_interfaces/msg/line_msg__type_support.cpp.o[0m
[2.182s] [ 45%] [32mBuilding CXX object CMakeFiles/robot_interfaces__rosidl_typesupport_fastrtps_cpp.dir/rosidl_typesupport_fastrtps_cpp/robot_interfaces/msg/detail/dds_fastrtps/line_msg__type_support.cpp.o[0m
[2.184s] [ 48%] [32m[1mLinking C shared library librobot_interfaces__rosidl_typesupport_introspection_c.so[0m
[2.219s] [ 48%] Built target robot_interfaces__rosidl_typesupport_introspection_c
[2.229s] [ 51%] [32mBuilding CXX object CMakeFiles/robot_interfaces__rosidl_typesupport_introspection_cpp.dir/rosidl_typesupport_introspection_cpp/robot_interfaces/msg/detail/line_msg__type_support.cpp.o[0m
[2.259s] [ 54%] [32mBuilding CXX object CMakeFiles/robot_interfaces__rosidl_typesupport_c.dir/rosidl_typesupport_c/robot_interfaces/msg/line_msg__type_support.cpp.o[0m
[2.280s] [ 58%] [32m[1mLinking CXX shared library librobot_interfaces__rosidl_typesupport_c.so[0m
[2.317s] [ 58%] Built target robot_interfaces__rosidl_typesupport_c
[2.327s] [ 61%] [32m[1mLinking CXX shared library librobot_interfaces__rosidl_typesupport_cpp.so[0m
[2.358s] [ 64%] [32m[1mLinking CXX shared library librobot_interfaces__rosidl_typesupport_fastrtps_c.so[0m
[2.365s] [ 64%] Built target robot_interfaces__rosidl_typesupport_cpp
[2.417s] [ 67%] [32m[1mLinking CXX shared library librobot_interfaces__rosidl_typesupport_fastrtps_cpp.so[0m
[2.419s] [ 67%] Built target robot_interfaces__rosidl_typesupport_fastrtps_c
[2.472s] [ 67%] Built target robot_interfaces__rosidl_typesupport_fastrtps_cpp
[2.599s] [ 70%] [32m[1mLinking CXX shared library librobot_interfaces__rosidl_typesupport_introspection_cpp.so[0m
[2.668s] [ 70%] Built target robot_interfaces__rosidl_typesupport_introspection_cpp
[2.690s] [ 70%] Built target robot_interfaces
[2.713s] [ 74%] [34m[1mGenerating Python code for ROS interfaces[0m
[2.955s] [ 74%] Built target robot_interfaces__py
[2.976s] [ 77%] [32mBuilding C object CMakeFiles/robot_interfaces__rosidl_generator_py.dir/rosidl_generator_py/robot_interfaces/msg/_line_msg_s.c.o[0m
[3.087s] [ 80%] [32m[1mLinking C shared library rosidl_generator_py/robot_interfaces/librobot_interfaces__rosidl_generator_py.so[0m
[3.127s] [ 80%] Built target robot_interfaces__rosidl_generator_py
[3.149s] [ 83%] [32mBuilding C object CMakeFiles/robot_interfaces__rosidl_typesupport_fastrtps_c__pyext.dir/rosidl_generator_py/robot_interfaces/_robot_interfaces_s.ep.rosidl_typesupport_fastrtps_c.c.o[0m
[3.150s] [ 90%] [32mBuilding C object CMakeFiles/robot_interfaces__rosidl_typesupport_introspection_c__pyext.dir/rosidl_generator_py/robot_interfaces/_robot_interfaces_s.ep.rosidl_typesupport_introspection_c.c.o[0m
[3.150s] [ 90%] [32mBuilding C object CMakeFiles/robot_interfaces__rosidl_typesupport_c__pyext.dir/rosidl_generator_py/robot_interfaces/_robot_interfaces_s.ep.rosidl_typesupport_c.c.o[0m
[3.223s] [ 93%] [32m[1mLinking C shared library rosidl_generator_py/robot_interfaces/robot_interfaces_s__rosidl_typesupport_c.cpython-310-x86_64-linux-gnu.so[0m
[3.257s] [100%] [32m[1mLinking C shared library rosidl_generator_py/robot_interfaces/robot_interfaces_s__rosidl_typesupport_introspection_c.cpython-310-x86_64-linux-gnu.so[0m
[3.257s] [100%] [32m[1mLinking C shared library rosidl_generator_py/robot_interfaces/robot_interfaces_s__rosidl_typesupport_fastrtps_c.cpython-310-x86_64-linux-gnu.so[0m
[3.267s] [100%] Built target robot_interfaces__rosidl_typesupport_c__pyext
[3.305s] [100%] Built target robot_interfaces__rosidl_typesupport_fastrtps_c__pyext
[3.305s] [100%] Built target robot_interfaces__rosidl_typesupport_introspection_c__pyext
[3.315s] Invoked command in '/home/dky/Projects/dky_robot/build/robot_interfaces' returned '0': CMAKE_PREFIX_PATH=${CMAKE_PREFIX_PATH}:/opt/ros/humble /usr/bin/cmake --build /home/dky/Projects/dky_robot/build/robot_interfaces -- -j20 -l20
[3.374s] Invoking command in '/home/dky/Projects/dky_robot/build/robot_interfaces': CMAKE_PREFIX_PATH=${CMAKE_PREFIX_PATH}:/opt/ros/humble /usr/bin/cmake --install /home/dky/Projects/dky_robot/build/robot_interfaces
[3.383s] -- Install configuration: ""
[3.383s] -- Installing: /home/dky/Projects/dky_robot/install/robot_interfaces/share/ament_index/resource_index/rosidl_interfaces/robot_interfaces
[3.383s] -- Installing: /home/dky/Projects/dky_robot/install/robot_interfaces/include/robot_interfaces/robot_interfaces
[3.384s] -- Installing: /home/dky/Projects/dky_robot/install/robot_interfaces/include/robot_interfaces/robot_interfaces/msg
[3.384s] -- Installing: /home/dky/Projects/dky_robot/install/robot_interfaces/include/robot_interfaces/robot_interfaces/msg/detail
[3.384s] -- Installing: /home/dky/Projects/dky_robot/install/robot_interfaces/include/robot_interfaces/robot_interfaces/msg/detail/line_msg__functions.c
[3.384s] -- Installing: /home/dky/Projects/dky_robot/install/robot_interfaces/include/robot_interfaces/robot_interfaces/msg/detail/line_msg__struct.h
[3.384s] -- Installing: /home/dky/Projects/dky_robot/install/robot_interfaces/include/robot_interfaces/robot_interfaces/msg/detail/line_msg__type_support.h
[3.384s] -- Installing: /home/dky/Projects/dky_robot/install/robot_interfaces/include/robot_interfaces/robot_interfaces/msg/detail/line_msg__functions.h
[3.384s] -- Installing: /home/dky/Projects/dky_robot/install/robot_interfaces/include/robot_interfaces/robot_interfaces/msg/rosidl_generator_c__visibility_control.h
[3.384s] -- Installing: /home/dky/Projects/dky_robot/install/robot_interfaces/include/robot_interfaces/robot_interfaces/msg/line_msg.h
[3.385s] -- Installing: /home/dky/Projects/dky_robot/install/robot_interfaces/share/robot_interfaces/environment/library_path.sh
[3.385s] -- Installing: /home/dky/Projects/dky_robot/install/robot_interfaces/share/robot_interfaces/environment/library_path.dsv
[3.385s] -- Installing: /home/dky/Projects/dky_robot/install/robot_interfaces/lib/librobot_interfaces__rosidl_generator_c.so
[3.385s] -- Set runtime path of "/home/dky/Projects/dky_robot/install/robot_interfaces/lib/librobot_interfaces__rosidl_generator_c.so" to ""
[3.386s] -- Up-to-date: /home/dky/Projects/dky_robot/install/robot_interfaces/include/robot_interfaces/robot_interfaces
[3.386s] -- Up-to-date: /home/dky/Projects/dky_robot/install/robot_interfaces/include/robot_interfaces/robot_interfaces/msg
[3.386s] -- Up-to-date: /home/dky/Projects/dky_robot/install/robot_interfaces/include/robot_interfaces/robot_interfaces/msg/detail
[3.386s] -- Installing: /home/dky/Projects/dky_robot/install/robot_interfaces/include/robot_interfaces/robot_interfaces/msg/detail/line_msg__rosidl_typesupport_fastrtps_c.h
[3.386s] -- Installing: /home/dky/Projects/dky_robot/install/robot_interfaces/include/robot_interfaces/robot_interfaces/msg/rosidl_typesupport_fastrtps_c__visibility_control.h
[3.386s] -- Installing: /home/dky/Projects/dky_robot/install/robot_interfaces/lib/librobot_interfaces__rosidl_typesupport_fastrtps_c.so
[3.386s] -- Set runtime path of "/home/dky/Projects/dky_robot/install/robot_interfaces/lib/librobot_interfaces__rosidl_typesupport_fastrtps_c.so" to ""
[3.386s] -- Up-to-date: /home/dky/Projects/dky_robot/install/robot_interfaces/include/robot_interfaces/robot_interfaces
[3.386s] -- Up-to-date: /home/dky/Projects/dky_robot/install/robot_interfaces/include/robot_interfaces/robot_interfaces/msg
[3.387s] -- Up-to-date: /home/dky/Projects/dky_robot/install/robot_interfaces/include/robot_interfaces/robot_interfaces/msg/detail
[3.387s] -- Installing: /home/dky/Projects/dky_robot/install/robot_interfaces/include/robot_interfaces/robot_interfaces/msg/detail/line_msg__type_support.c
[3.387s] -- Installing: /home/dky/Projects/dky_robot/install/robot_interfaces/include/robot_interfaces/robot_interfaces/msg/detail/line_msg__rosidl_typesupport_introspection_c.h
[3.387s] -- Installing: /home/dky/Projects/dky_robot/install/robot_interfaces/include/robot_interfaces/robot_interfaces/msg/rosidl_typesupport_introspection_c__visibility_control.h
[3.387s] -- Installing: /home/dky/Projects/dky_robot/install/robot_interfaces/lib/librobot_interfaces__rosidl_typesupport_introspection_c.so
[3.387s] -- Set runtime path of "/home/dky/Projects/dky_robot/install/robot_interfaces/lib/librobot_interfaces__rosidl_typesupport_introspection_c.so" to ""
[3.387s] -- Installing: /home/dky/Projects/dky_robot/install/robot_interfaces/lib/librobot_interfaces__rosidl_typesupport_c.so
[3.388s] -- Set runtime path of "/home/dky/Projects/dky_robot/install/robot_interfaces/lib/librobot_interfaces__rosidl_typesupport_c.so" to ""
[3.388s] -- Up-to-date: /home/dky/Projects/dky_robot/install/robot_interfaces/include/robot_interfaces/robot_interfaces
[3.388s] -- Up-to-date: /home/dky/Projects/dky_robot/install/robot_interfaces/include/robot_interfaces/robot_interfaces/msg
[3.388s] -- Up-to-date: /home/dky/Projects/dky_robot/install/robot_interfaces/include/robot_interfaces/robot_interfaces/msg/detail
[3.388s] -- Installing: /home/dky/Projects/dky_robot/install/robot_interfaces/include/robot_interfaces/robot_interfaces/msg/detail/line_msg__struct.hpp
[3.388s] -- Installing: /home/dky/Projects/dky_robot/install/robot_interfaces/include/robot_interfaces/robot_interfaces/msg/detail/line_msg__traits.hpp
[3.388s] -- Installing: /home/dky/Projects/dky_robot/install/robot_interfaces/include/robot_interfaces/robot_interfaces/msg/detail/line_msg__builder.hpp
[3.388s] -- Installing: /home/dky/Projects/dky_robot/install/robot_interfaces/include/robot_interfaces/robot_interfaces/msg/line_msg.hpp
[3.388s] -- Up-to-date: /home/dky/Projects/dky_robot/install/robot_interfaces/include/robot_interfaces/robot_interfaces
[3.389s] -- Up-to-date: /home/dky/Projects/dky_robot/install/robot_interfaces/include/robot_interfaces/robot_interfaces/msg
[3.389s] -- Up-to-date: /home/dky/Projects/dky_robot/install/robot_interfaces/include/robot_interfaces/robot_interfaces/msg/detail
[3.389s] -- Installing: /home/dky/Projects/dky_robot/install/robot_interfaces/include/robot_interfaces/robot_interfaces/msg/detail/line_msg__rosidl_typesupport_fastrtps_cpp.hpp
[3.389s] -- Installing: /home/dky/Projects/dky_robot/install/robot_interfaces/include/robot_interfaces/robot_interfaces/msg/detail/dds_fastrtps
[3.389s] -- Installing: /home/dky/Projects/dky_robot/install/robot_interfaces/include/robot_interfaces/robot_interfaces/msg/rosidl_typesupport_fastrtps_cpp__visibility_control.h
[3.389s] -- Installing: /home/dky/Projects/dky_robot/install/robot_interfaces/lib/librobot_interfaces__rosidl_typesupport_fastrtps_cpp.so
[3.389s] -- Set runtime path of "/home/dky/Projects/dky_robot/install/robot_interfaces/lib/librobot_interfaces__rosidl_typesupport_fastrtps_cpp.so" to ""
[3.390s] -- Up-to-date: /home/dky/Projects/dky_robot/install/robot_interfaces/include/robot_interfaces/robot_interfaces
[3.390s] -- Up-to-date: /home/dky/Projects/dky_robot/install/robot_interfaces/include/robot_interfaces/robot_interfaces/msg
[3.390s] -- Up-to-date: /home/dky/Projects/dky_robot/install/robot_interfaces/include/robot_interfaces/robot_interfaces/msg/detail
[3.390s] -- Installing: /home/dky/Projects/dky_robot/install/robot_interfaces/include/robot_interfaces/robot_interfaces/msg/detail/line_msg__rosidl_typesupport_introspection_cpp.hpp
[3.390s] -- Installing: /home/dky/Projects/dky_robot/install/robot_interfaces/include/robot_interfaces/robot_interfaces/msg/detail/line_msg__type_support.cpp
[3.390s] -- Installing: /home/dky/Projects/dky_robot/install/robot_interfaces/lib/librobot_interfaces__rosidl_typesupport_introspection_cpp.so
[3.390s] -- Set runtime path of "/home/dky/Projects/dky_robot/install/robot_interfaces/lib/librobot_interfaces__rosidl_typesupport_introspection_cpp.so" to ""
[3.390s] -- Installing: /home/dky/Projects/dky_robot/install/robot_interfaces/lib/librobot_interfaces__rosidl_typesupport_cpp.so
[3.391s] -- Set runtime path of "/home/dky/Projects/dky_robot/install/robot_interfaces/lib/librobot_interfaces__rosidl_typesupport_cpp.so" to ""
[3.391s] -- Installing: /home/dky/Projects/dky_robot/install/robot_interfaces/share/robot_interfaces/environment/pythonpath.sh
[3.391s] -- Installing: /home/dky/Projects/dky_robot/install/robot_interfaces/share/robot_interfaces/environment/pythonpath.dsv
[3.391s] -- Installing: /home/dky/Projects/dky_robot/install/robot_interfaces/local/lib/python3.10/dist-packages/robot_interfaces-0.0.0-py3.10.egg-info
[3.391s] -- Installing: /home/dky/Projects/dky_robot/install/robot_interfaces/local/lib/python3.10/dist-packages/robot_interfaces-0.0.0-py3.10.egg-info/top_level.txt
[3.391s] -- Installing: /home/dky/Projects/dky_robot/install/robot_interfaces/local/lib/python3.10/dist-packages/robot_interfaces-0.0.0-py3.10.egg-info/PKG-INFO
[3.391s] -- Installing: /home/dky/Projects/dky_robot/install/robot_interfaces/local/lib/python3.10/dist-packages/robot_interfaces-0.0.0-py3.10.egg-info/SOURCES.txt
[3.391s] -- Installing: /home/dky/Projects/dky_robot/install/robot_interfaces/local/lib/python3.10/dist-packages/robot_interfaces-0.0.0-py3.10.egg-info/dependency_links.txt
[3.392s] -- Installing: /home/dky/Projects/dky_robot/install/robot_interfaces/local/lib/python3.10/dist-packages/robot_interfaces
[3.392s] -- Installing: /home/dky/Projects/dky_robot/install/robot_interfaces/local/lib/python3.10/dist-packages/robot_interfaces/_robot_interfaces_s.ep.rosidl_typesupport_fastrtps_c.c
[3.392s] -- Installing: /home/dky/Projects/dky_robot/install/robot_interfaces/local/lib/python3.10/dist-packages/robot_interfaces/librobot_interfaces__rosidl_generator_py.so
[3.392s] -- Installing: /home/dky/Projects/dky_robot/install/robot_interfaces/local/lib/python3.10/dist-packages/robot_interfaces/msg
[3.392s] -- Installing: /home/dky/Projects/dky_robot/install/robot_interfaces/local/lib/python3.10/dist-packages/robot_interfaces/msg/_line_msg_s.c
[3.392s] -- Installing: /home/dky/Projects/dky_robot/install/robot_interfaces/local/lib/python3.10/dist-packages/robot_interfaces/msg/__init__.py
[3.392s] -- Installing: /home/dky/Projects/dky_robot/install/robot_interfaces/local/lib/python3.10/dist-packages/robot_interfaces/msg/_line_msg.py
[3.392s] -- Installing: /home/dky/Projects/dky_robot/install/robot_interfaces/local/lib/python3.10/dist-packages/robot_interfaces/_robot_interfaces_s.ep.rosidl_typesupport_c.c
[3.392s] -- Installing: /home/dky/Projects/dky_robot/install/robot_interfaces/local/lib/python3.10/dist-packages/robot_interfaces/__init__.py
[3.392s] -- Installing: /home/dky/Projects/dky_robot/install/robot_interfaces/local/lib/python3.10/dist-packages/robot_interfaces/robot_interfaces_s__rosidl_typesupport_fastrtps_c.cpython-310-x86_64-linux-gnu.so
[3.392s] -- Installing: /home/dky/Projects/dky_robot/install/robot_interfaces/local/lib/python3.10/dist-packages/robot_interfaces/_robot_interfaces_s.ep.rosidl_typesupport_introspection_c.c
[3.392s] -- Installing: /home/dky/Projects/dky_robot/install/robot_interfaces/local/lib/python3.10/dist-packages/robot_interfaces/robot_interfaces_s__rosidl_typesupport_c.cpython-310-x86_64-linux-gnu.so
[3.393s] -- Installing: /home/dky/Projects/dky_robot/install/robot_interfaces/local/lib/python3.10/dist-packages/robot_interfaces/robot_interfaces_s__rosidl_typesupport_introspection_c.cpython-310-x86_64-linux-gnu.so
[3.421s] Listing '/home/dky/Projects/dky_robot/install/robot_interfaces/local/lib/python3.10/dist-packages/robot_interfaces'...
[3.421s] Compiling '/home/dky/Projects/dky_robot/install/robot_interfaces/local/lib/python3.10/dist-packages/robot_interfaces/__init__.py'...
[3.421s] Listing '/home/dky/Projects/dky_robot/install/robot_interfaces/local/lib/python3.10/dist-packages/robot_interfaces/msg'...
[3.421s] Compiling '/home/dky/Projects/dky_robot/install/robot_interfaces/local/lib/python3.10/dist-packages/robot_interfaces/msg/__init__.py'...
[3.421s] Compiling '/home/dky/Projects/dky_robot/install/robot_interfaces/local/lib/python3.10/dist-packages/robot_interfaces/msg/_line_msg.py'...
[3.424s] -- Installing: /home/dky/Projects/dky_robot/install/robot_interfaces/local/lib/python3.10/dist-packages/robot_interfaces/robot_interfaces_s__rosidl_typesupport_fastrtps_c.cpython-310-x86_64-linux-gnu.so
[3.425s] -- Set runtime path of "/home/dky/Projects/dky_robot/install/robot_interfaces/local/lib/python3.10/dist-packages/robot_interfaces/robot_interfaces_s__rosidl_typesupport_fastrtps_c.cpython-310-x86_64-linux-gnu.so" to ""
[3.425s] -- Installing: /home/dky/Projects/dky_robot/install/robot_interfaces/local/lib/python3.10/dist-packages/robot_interfaces/robot_interfaces_s__rosidl_typesupport_introspection_c.cpython-310-x86_64-linux-gnu.so
[3.425s] -- Set runtime path of "/home/dky/Projects/dky_robot/install/robot_interfaces/local/lib/python3.10/dist-packages/robot_interfaces/robot_interfaces_s__rosidl_typesupport_introspection_c.cpython-310-x86_64-linux-gnu.so" to ""
[3.425s] -- Installing: /home/dky/Projects/dky_robot/install/robot_interfaces/local/lib/python3.10/dist-packages/robot_interfaces/robot_interfaces_s__rosidl_typesupport_c.cpython-310-x86_64-linux-gnu.so
[3.426s] -- Set runtime path of "/home/dky/Projects/dky_robot/install/robot_interfaces/local/lib/python3.10/dist-packages/robot_interfaces/robot_interfaces_s__rosidl_typesupport_c.cpython-310-x86_64-linux-gnu.so" to ""
[3.426s] -- Installing: /home/dky/Projects/dky_robot/install/robot_interfaces/lib/librobot_interfaces__rosidl_generator_py.so
[3.426s] -- Set runtime path of "/home/dky/Projects/dky_robot/install/robot_interfaces/lib/librobot_interfaces__rosidl_generator_py.so" to ""
[3.426s] -- Installing: /home/dky/Projects/dky_robot/install/robot_interfaces/share/robot_interfaces/msg/LineMsg.idl
[3.427s] -- Installing: /home/dky/Projects/dky_robot/install/robot_interfaces/share/robot_interfaces/msg/LineMsg.msg
[3.427s] -- Installing: /home/dky/Projects/dky_robot/install/robot_interfaces/share/ament_index/resource_index/package_run_dependencies/robot_interfaces
[3.427s] -- Installing: /home/dky/Projects/dky_robot/install/robot_interfaces/share/ament_index/resource_index/parent_prefix_path/robot_interfaces
[3.427s] -- Installing: /home/dky/Projects/dky_robot/install/robot_interfaces/share/robot_interfaces/environment/ament_prefix_path.sh
[3.427s] -- Installing: /home/dky/Projects/dky_robot/install/robot_interfaces/share/robot_interfaces/environment/ament_prefix_path.dsv
[3.427s] -- Installing: /home/dky/Projects/dky_robot/install/robot_interfaces/share/robot_interfaces/environment/path.sh
[3.428s] -- Installing: /home/dky/Projects/dky_robot/install/robot_interfaces/share/robot_interfaces/environment/path.dsv
[3.428s] -- Installing: /home/dky/Projects/dky_robot/install/robot_interfaces/share/robot_interfaces/local_setup.bash
[3.428s] -- Installing: /home/dky/Projects/dky_robot/install/robot_interfaces/share/robot_interfaces/local_setup.sh
[3.428s] -- Installing: /home/dky/Projects/dky_robot/install/robot_interfaces/share/robot_interfaces/local_setup.zsh
[3.428s] -- Installing: /home/dky/Projects/dky_robot/install/robot_interfaces/share/robot_interfaces/local_setup.dsv
[3.428s] -- Installing: /home/dky/Projects/dky_robot/install/robot_interfaces/share/robot_interfaces/package.dsv
[3.428s] -- Installing: /home/dky/Projects/dky_robot/install/robot_interfaces/share/ament_index/resource_index/packages/robot_interfaces
[3.428s] -- Installing: /home/dky/Projects/dky_robot/install/robot_interfaces/share/robot_interfaces/cmake/export_robot_interfaces__rosidl_generator_cExport.cmake
[3.428s] -- Installing: /home/dky/Projects/dky_robot/install/robot_interfaces/share/robot_interfaces/cmake/export_robot_interfaces__rosidl_generator_cExport-noconfig.cmake
[3.429s] -- Installing: /home/dky/Projects/dky_robot/install/robot_interfaces/share/robot_interfaces/cmake/export_robot_interfaces__rosidl_typesupport_fastrtps_cExport.cmake
[3.429s] -- Installing: /home/dky/Projects/dky_robot/install/robot_interfaces/share/robot_interfaces/cmake/export_robot_interfaces__rosidl_typesupport_fastrtps_cExport-noconfig.cmake
[3.429s] -- Installing: /home/dky/Projects/dky_robot/install/robot_interfaces/share/robot_interfaces/cmake/robot_interfaces__rosidl_typesupport_introspection_cExport.cmake
[3.429s] -- Installing: /home/dky/Projects/dky_robot/install/robot_interfaces/share/robot_interfaces/cmake/robot_interfaces__rosidl_typesupport_introspection_cExport-noconfig.cmake
[3.429s] -- Installing: /home/dky/Projects/dky_robot/install/robot_interfaces/share/robot_interfaces/cmake/robot_interfaces__rosidl_typesupport_cExport.cmake
[3.429s] -- Installing: /home/dky/Projects/dky_robot/install/robot_interfaces/share/robot_interfaces/cmake/robot_interfaces__rosidl_typesupport_cExport-noconfig.cmake
[3.429s] -- Installing: /home/dky/Projects/dky_robot/install/robot_interfaces/share/robot_interfaces/cmake/export_robot_interfaces__rosidl_generator_cppExport.cmake
[3.429s] -- Installing: /home/dky/Projects/dky_robot/install/robot_interfaces/share/robot_interfaces/cmake/export_robot_interfaces__rosidl_typesupport_fastrtps_cppExport.cmake
[3.429s] -- Installing: /home/dky/Projects/dky_robot/install/robot_interfaces/share/robot_interfaces/cmake/export_robot_interfaces__rosidl_typesupport_fastrtps_cppExport-noconfig.cmake
[3.429s] -- Installing: /home/dky/Projects/dky_robot/install/robot_interfaces/share/robot_interfaces/cmake/robot_interfaces__rosidl_typesupport_introspection_cppExport.cmake
[3.430s] -- Installing: /home/dky/Projects/dky_robot/install/robot_interfaces/share/robot_interfaces/cmake/robot_interfaces__rosidl_typesupport_introspection_cppExport-noconfig.cmake
[3.430s] -- Installing: /home/dky/Projects/dky_robot/install/robot_interfaces/share/robot_interfaces/cmake/robot_interfaces__rosidl_typesupport_cppExport.cmake
[3.430s] -- Installing: /home/dky/Projects/dky_robot/install/robot_interfaces/share/robot_interfaces/cmake/robot_interfaces__rosidl_typesupport_cppExport-noconfig.cmake
[3.430s] -- Installing: /home/dky/Projects/dky_robot/install/robot_interfaces/share/robot_interfaces/cmake/export_robot_interfaces__rosidl_generator_pyExport.cmake
[3.430s] -- Installing: /home/dky/Projects/dky_robot/install/robot_interfaces/share/robot_interfaces/cmake/export_robot_interfaces__rosidl_generator_pyExport-noconfig.cmake
[3.430s] -- Installing: /home/dky/Projects/dky_robot/install/robot_interfaces/share/robot_interfaces/cmake/rosidl_cmake-extras.cmake
[3.430s] -- Installing: /home/dky/Projects/dky_robot/install/robot_interfaces/share/robot_interfaces/cmake/ament_cmake_export_dependencies-extras.cmake
[3.430s] -- Installing: /home/dky/Projects/dky_robot/install/robot_interfaces/share/robot_interfaces/cmake/ament_cmake_export_include_directories-extras.cmake
[3.430s] -- Installing: /home/dky/Projects/dky_robot/install/robot_interfaces/share/robot_interfaces/cmake/ament_cmake_export_libraries-extras.cmake
[3.430s] -- Installing: /home/dky/Projects/dky_robot/install/robot_interfaces/share/robot_interfaces/cmake/ament_cmake_export_targets-extras.cmake
[3.430s] -- Installing: /home/dky/Projects/dky_robot/install/robot_interfaces/share/robot_interfaces/cmake/rosidl_cmake_export_typesupport_targets-extras.cmake
[3.431s] -- Installing: /home/dky/Projects/dky_robot/install/robot_interfaces/share/robot_interfaces/cmake/rosidl_cmake_export_typesupport_libraries-extras.cmake
[3.431s] -- Installing: /home/dky/Projects/dky_robot/install/robot_interfaces/share/robot_interfaces/cmake/robot_interfacesConfig.cmake
[3.431s] -- Installing: /home/dky/Projects/dky_robot/install/robot_interfaces/share/robot_interfaces/cmake/robot_interfacesConfig-version.cmake
[3.431s] -- Installing: /home/dky/Projects/dky_robot/install/robot_interfaces/share/robot_interfaces/package.xml
[3.432s] Invoked command in '/home/dky/Projects/dky_robot/build/robot_interfaces' returned '0': CMAKE_PREFIX_PATH=${CMAKE_PREFIX_PATH}:/opt/ros/humble /usr/bin/cmake --install /home/dky/Projects/dky_robot/build/robot_interfaces
